12
 energy: -21.492070178523 gnorm: 0.156838166480 xtb: 6.2.3 (830e466)
C         0.68973000000000    2.28197000000000   -1.06700000000000
C        -0.04401000000000    1.19337000000000   -0.84307000000000
C         1.98042000000000   -1.40014000000000   -1.75800000000000
O         0.29106000000000    3.19254000000000   -1.98010000000000
O         0.98875000000000    4.26077000000000   -2.19371000000000
O         2.87405000000000   -1.15234000000000   -0.96617000000000
H         1.52551000000000    4.05598000000000   -3.00140000000000
H         1.61083000000000    2.43392000000000   -0.51101000000000
H         1.99299000000000   -0.95489000000000   -2.74661000000000
H         1.16856000000000   -2.05909000000000   -1.47051000000000
H        -0.96658000000000    1.02514000000000   -1.38978000000000
H         0.27769000000000    0.46237000000000   -0.10842000000000
12
 energy: -21.503550832706 gnorm: 0.058476459985 xtb: 6.2.3 (830e466)
C         0.67660239216968    2.26678092578029   -1.06784351525995
C        -0.04309389391050    1.17987616708870   -0.83908434564651
C         1.97839304113722   -1.37679033272761   -1.73958718544564
O         0.25288894395038    3.17272813029644   -1.98700015334106
O         1.02948033090277    4.27038744992163   -2.19102492315693
O         2.87501851317115   -1.15508766049896   -0.97158462996684
H         1.54778791891067    4.08499538291130   -3.00219138005214
H         1.60285616077620    2.45139858201494   -0.53182811309179
H         1.98820843710018   -0.96149530190212   -2.75141373065675
H         1.16904145456045   -2.06440444744453   -1.47763500731662
H        -0.96448040787872    1.00918760489640   -1.36953490340090
H         0.27629710911054    0.46202349966354   -0.10705211266490
12
 energy: -21.480418496158 gnorm: 0.116251242194 xtb: 6.2.3 (830e466)
C         0.66043715671116    2.25203330262503   -1.07082958531668
C        -0.04356961322391    1.16464385589678   -0.83453787969560
C         2.12160261324072   -1.56377417428570   -1.81156247787248
O         0.20851517568952    3.15524980740195   -1.99362836335097
O         1.09669355850195    4.26986696721488   -2.17095068447724
O         2.82774151939520   -1.07301441216595   -0.94045142078359
H         1.56176218938642    4.10410292091377   -3.00267857357006
H         1.59334831101382    2.48361596134437   -0.56712877080873
H         1.92676729348944   -0.90062068739738   -2.72678459314999
H         1.12167495312800   -1.99659694486590   -1.46137182992107
H        -0.96442816466287    0.98711220503457   -1.34877024303877
H         0.27845500733054    0.45698119828352   -0.10708557801478
12
 energy: -21.505882295015 gnorm: 0.039033323768 xtb: 6.2.3 (830e466)
C         0.65807998259190    2.25381912582128   -1.07372102095014
C        -0.04584557387797    1.16421438662900   -0.83417097133939
C         2.02130502509489   -1.40674931892640   -1.74131049234485
O         0.20914330770338    3.15588396640658   -1.99842910794324
O         1.10947951776505    4.26319414444489   -2.15947747254492
O         2.86404955287017   -1.12586491686572   -0.96345887720443
H         1.55667815681549    4.10160528241292   -3.00132292392087
H         1.58950222653013    2.49509792724295   -0.57591145484495
H         1.95759514908095   -0.95393617519443   -2.74609468024896
H         1.15740953563126   -2.04441896967905   -1.48773775735993
H        -0.96772036136790    0.98182256052361   -1.34943704254917
H         0.27932348116266    0.45493198718437   -0.10470819874919
12
 energy: -21.506900182494 gnorm: 0.017948249535 xtb: 6.2.3 (830e466)
C         0.66809927047243    2.25511759249670   -1.07410576967900
C        -0.03996209395595    1.16428770067317   -0.83545534659239
C         1.98954275121928   -1.38012886855011   -1.73691166887099
O         0.23908935142570    3.15459143892915   -2.00269079940090
O         1.09043744008787    4.25918242718614   -2.15943012576784
O         2.85684002541875   -1.10933191637041   -0.95395551889954
H         1.54571810089247    4.10927391279386   -3.00640133127790
H         1.59064181281281    2.48870724770480   -0.56060828785245
H         1.96521433272602   -0.96899807589911   -2.75915730207953
H         1.16385020984773   -2.06867588540890   -1.49378415376899
H        -0.96386831975134    0.98081742756311   -1.35512925342578
H         0.28339711880423    0.45475699888161   -0.09815044238473
12
 energy: -21.507184849839 gnorm: 0.006822120181 xtb: 6.2.3 (830e466)
C         0.66281672301964    2.25163754617494   -1.07542262955756
C        -0.04142836796046    1.16066233309134   -0.83259769992672
C         1.99019694062114   -1.37418770718089   -1.73417716233206
O         0.23534752001451    3.14882357855075   -2.00913237109663
O         1.11039152693631    4.25228251958414   -2.14965385270154
O         2.85524928817895   -1.10415775578819   -0.95701646788252
H         1.54598304002203    4.11305946016882   -3.00704452310799
H         1.58632083275627    2.49789286716114   -0.56894557783140
H         1.95741344607590   -0.96460680988169   -2.75845814235376
H         1.16363002580357   -2.06506738705360   -1.49481000796114
H        -0.96083592481206    0.96797536085995   -1.35457236569202
H         0.28391494934423    0.45528599431331   -0.09394919955675
12
 energy: -21.507315126345 gnorm: 0.006513767926 xtb: 6.2.3 (830e466)
C         0.66144871161440    2.24658243345345   -1.07725092453025
C        -0.03930528890666    1.15461671131590   -0.83118806199324
C         1.98663861201042   -1.36757986030149   -1.73462734720134
O         0.24367910667007    3.13799991671438   -2.02161351215778
O         1.12125767500011    4.24260285402333   -2.14310084837221
O         2.85191079311642   -1.09802251425781   -0.96200389672773
H         1.54514969361594    4.12175544008079   -3.00818732433543
H         1.58000533155582    2.50450177955238   -0.56727319892479
H         1.94687761832855   -0.95408204855381   -2.75637845814784
H         1.16158554570063   -2.05833702761917   -1.49339622637870
H        -0.95462614510898    0.95229430411775   -1.35666844789742
H         0.28437834640331    0.45726801147434   -0.08409175333340
12
 energy: -21.507529333574 gnorm: 0.009793715978 xtb: 6.2.3 (830e466)
C         0.65991330740491    2.23279119642807   -1.07917336632860
C        -0.03477662889943    1.13972214448859   -0.82519830002749
C         1.97323999809852   -1.34621019516618   -1.73616954046853
O         0.27124806765049    3.10758977875667   -2.05416518219943
O         1.14710067237517    4.21671842162002   -2.12913053362694
O         2.84467617779347   -1.07505534274172   -0.97398216529254
H         1.54158444589177    4.14682056516043   -3.01485442550175
H         1.56461004518318    2.51504470029727   -0.55655256176611
H         1.91647260617454   -0.92674501238942   -2.75419917424065
H         1.15689452559509   -2.04402732552669   -1.48930040992694
H        -0.93503925236786    0.91044198093736   -1.36676811404430
H         0.28307603510019    0.46250908813568   -0.05628622657704
12
 energy: -21.507698985969 gnorm: 0.009557336839 xtb: 6.2.3 (830e466)
C         0.66160123073329    2.21665481206335   -1.08015566553943
C        -0.02886565375340    1.12291335613878   -0.81946933282177
C         1.95792429247689   -1.32159994487773   -1.73991005700900
O         0.30516665341653    3.06946478818879   -2.09082486192779
O         1.16574846403545    4.18970046215720   -2.12350790808223
O         2.84121618005833   -1.04723918775949   -0.99122863764740
H         1.54407313173516    4.17126359970823   -3.01763173324768
H         1.54693093960416    2.52209614955261   -0.53586294796109
H         1.87847135478614   -0.89393129730403   -2.75329416910093
H         1.15236803937256   -2.02741510425114   -1.48196824805512
H        -0.91237140460064    0.86792110856345   -1.37872622556298
H         0.27673677213557    0.46977125782010   -0.02320021304511
12
 energy: -21.507874104073 gnorm: 0.011468474613 xtb: 6.2.3 (830e466)
C         0.66850037878885    2.19543489048456   -1.08043731292445
C        -0.02471162631222    1.10473129522360   -0.81512888103065
C         1.94116990823393   -1.29025622106375   -1.74194556659198
O         0.34641644649771    3.02762013130557   -2.12158598833754
O         1.18617893848190    4.16140568749855   -2.11990911872083
O         2.84278604367544   -1.01323115466183   -1.01183051309786
H         1.54023811072925    4.19584567755975   -3.02567340046350
H         1.53216927741818    2.51583772115774   -0.51164537928348
H         1.83299377745277   -0.85372360007511   -2.74993127899449
H         1.14873269112227   -2.00561927528232   -1.46787191807848
H        -0.88715768092634    0.82725702834933   -1.39658348563298
H         0.26168373483830    0.47429781950411    0.00676284315545
12
 energy: -21.508083154467 gnorm: 0.014552641022 xtb: 6.2.3 (830e466)
C         0.68048604787858    2.16988189337418   -1.07850685977123
C        -0.01943692648136    1.08280685478078   -0.81234098884054
C         1.92137648989254   -1.24761059369049   -1.74398114574001
O         0.39578610244472    2.97513704597036   -2.15045622778801
O         1.20127634668959    4.13011347104439   -2.12675720565576
O         2.84752975066234   -0.97068519360791   -1.03786048331457
H         1.53903655749866    4.21056653974718   -3.02872457180472
H         1.51926679043997    2.50048223616248   -0.48118075066124
H         1.77859471165205   -0.80118645163178   -2.74444996413194
H         1.14290660956153   -1.97165784285206   -1.44864441598556
H        -0.85814568117810    0.78671707447112   -1.41695349325739
H         0.24032320093954    0.47503496623205    0.03407610694986
12
 energy: -21.508246805888 gnorm: 0.023144618592 xtb: 6.2.3 (830e466)
C         0.70433147877621    2.12755947806317   -1.07922905275331
C        -0.00932872916611    1.04801762662684   -0.81384729891180
C         1.89384181803824   -1.18473371225737   -1.74119578816311
O         0.46463769129550    2.90548990160414   -2.17771577997149
O         1.23589122510816    4.08691801989840   -2.12342835343144
O         2.84195890916729   -0.91176452804743   -1.05886489492664
H         1.50958796324238    4.24167051341199   -3.05335702731194
H         1.51189536263158    2.47064040742711   -0.44717120412916
H         1.71837640253467   -0.73080765283844   -2.73260915175107
H         1.12794734704202   -1.91684204367509   -1.42797958213487
H        -0.82116013401969    0.73584298764961   -1.44360225097578
H         0.21102066534981    0.46760900213748    0.06322038445907
12
 energy: -21.508555717068 gnorm: 0.011928767583 xtb: 6.2.3 (830e466)
C         0.71692618988473    2.11674494042682   -1.07263676303432
C        -0.00383559460954    1.03880515675398   -0.81362504150132
C         1.88545055649433   -1.15693463965082   -1.73974083607320
O         0.47939546320786    2.88608395041331   -2.16503557066659
O         1.23804230552004    4.07755223590894   -2.13445534505527
O         2.82541043777269   -0.89125226036399   -1.05064785269244
H         1.49207146960675    4.22168059050306   -3.06188385604786
H         1.52389468359360    2.45220691175882   -0.44273372608293
H         1.72351809834485   -0.70884707747039   -2.72928580963476
H         1.11260457123668   -1.88294631521007   -1.43442922348567
H        -0.81045518479252    0.73154301845374   -1.44783388460233
H         0.20597700374059    0.45496348847707    0.05652790887500
12
 energy: -21.508818584869 gnorm: 0.011970631832 xtb: 6.2.3 (830e466)
C         0.73062899168162    2.08650737764310   -1.05479037718046
C         0.01418041245343    1.00279100170714   -0.80314965612231
C         1.85167196629002   -1.08110731472574   -1.74467380308373
O         0.54267974241165    2.80028006148893   -2.20268245339940
O         1.26488196811940    4.02686950277312   -2.15119725970978
O         2.80721961533069   -0.82919478015449   -1.07681541324860
H         1.48442866442132    4.20800941721080   -3.07015956561176
H         1.50793503524415    2.45519952406809   -0.39329447867282
H         1.66804562672053   -0.63048418436095   -2.72884638495698
H         1.08376277735982   -1.80859163273980   -1.43069652356649
H        -0.75602367978524    0.66050265296664   -1.48002968504234
H         0.18958887975269    0.44881837412379    0.10055560059232
12
 energy: -21.509089857192 gnorm: 0.009729033044 xtb: 6.2.3 (830e466)
C         0.74327115953463    2.05766368875959   -1.05021059132460
C         0.01814427516377    0.97760772998205   -0.80680533884156
C         1.83505237474891   -1.02680846958961   -1.73965302323598
O         0.58409332585206    2.75897376479295   -2.20556109971193
O         1.29841632085758    3.99176978840054   -2.15175806537544
O         2.80805502104131   -0.78794526430397   -1.08875343317145
H         1.46027052447924    4.19627321180074   -3.08917790609356
H         1.50768115089206    2.42838723011989   -0.37889070197603
H         1.63681256861801   -0.57134362313386   -2.72089024661452
H         1.06973846054259   -1.75359921278988   -1.41683422118296
H        -0.74047131041741    0.63903902112928   -1.49139667746975
H         0.16793612868732    0.42958213483300    0.10415130499507
12
 energy: -21.509228565035 gnorm: 0.008722969803 xtb: 6.2.3 (830e466)
C         0.74617119971332    2.04014327820893   -1.04729567053861
C         0.01580849654977    0.96309926113213   -0.80855329026808
C         1.83011200210016   -0.98853581534237   -1.73766005582225
O         0.59907169658155    2.74223445373325   -2.19570168449765
O         1.32309484729700    3.96535755524237   -2.15648192800503
O         2.81966219416376   -0.76874907877702   -1.10091702270681
H         1.45385970925893    4.15464182863975   -3.09756378999940
H         1.50605536181470    2.41385292535889   -0.37544090654461
H         1.63010083153391   -0.52891044659303   -2.72032893309991
H         1.05796017316701   -1.70370594819089   -1.40763181218558
H        -0.74216920902961    0.63798475105831   -1.49068520790761
H         0.14927269684955    0.41218723553052    0.10248030157251
12
 energy: -21.509362287887 gnorm: 0.009491057429 xtb: 6.2.3 (830e466)
C         0.75908379823155    2.00430152299455   -1.03413345121273
C         0.02138493445366    0.93153812818730   -0.79446331548025
C         1.80497187506122   -0.91115926116748   -1.74272824141527
O         0.65525963118059    2.67406047794472   -2.21117829144700
O         1.36013176750848    3.90775950480133   -2.17077305862211
O         2.80861662835503   -0.70940235207593   -1.12231100433415
H         1.44032117758887    4.12276160424609   -3.11638675210019
H         1.49559086724041    2.39592833166206   -0.34373290410251
H         1.60103533448428   -0.44830200249407   -2.72126297173361
H         1.02647043289457   -1.61279998808925   -1.40200648489934
H        -0.70753313548258    0.58800676050217   -1.50844984180179
H         0.12366668848394    0.39690727348955    0.13164631714525
12
 energy: -21.509434076122 gnorm: 0.006679300415 xtb: 6.2.3 (830e466)
C         0.75570056424426    2.00514581061003   -1.03386799312771
C         0.02037273238256    0.93257339749273   -0.78688671088675
C         1.80739149598317   -0.91123459098399   -1.74875544375016
O         0.64971039092322    2.66992397600007   -2.21557312469867
O         1.35582608396511    3.90184313076805   -2.17586535532539
O         2.80073026032832   -0.70960963091050   -1.11916353434689
H         1.45397686269153    4.11486371319171   -3.11156722852422
H         1.49142337673936    2.40408772972129   -0.34698684474083
H         1.62118983781014   -0.45323497437504   -2.73043829143832
H         1.02077879310647   -1.60585182852844   -1.41337898882774
H        -0.71282195985042    0.58828248864802   -1.49394125751807
H         0.12472156167630    0.40281077836713    0.14064477318094
12
 energy: -21.509497228079 gnorm: 0.004278824257 xtb: 6.2.3 (830e466)
C         0.75454992798084    1.99976100998884   -1.03415062493586
C         0.01719013095795    0.92919985004342   -0.78423934690322
C         1.80780933638342   -0.89927496121227   -1.75004433730583
O         0.65226285987777    2.66101838987295   -2.21587679752341
O         1.36458926449924    3.88914662842143   -2.17733202421117
O         2.81021413579505   -0.71403111786459   -1.12525434322195
H         1.45743385264949    4.10556451212335   -3.11256859215400
H         1.48757607281199    2.40300127176199   -0.34900001641642
H         1.62283644908813   -0.43798935406135   -2.73210954070423
H         1.01455293195025   -1.58642247547250   -1.41336255455759
H        -0.71488758319927    0.58203688271773   -1.49129367215352
H         0.11487262120514    0.40758936368211    0.14945185008327
12
 energy: -21.509581693011 gnorm: 0.004325458119 xtb: 6.2.3 (830e466)
C         0.75081145315406    1.98770377807963   -1.02995487692003
C         0.00796184866026    0.92290348726451   -0.77069404853352
C         1.80949251985278   -0.86991541535596   -1.75782372182044
O         0.66068170606247    2.63696902928467   -2.21651002871048
O         1.39305996781934    3.85214483301070   -2.18528594636829
O         2.81711715687269   -0.71417653692955   -1.13187433458888
H         1.46279198774862    4.07757455138672   -3.12476064161348
H         1.47549687238667    2.40401037946363   -0.34547090553879
H         1.63696930955133   -0.39949347599060   -2.74004974101610
H         1.00146615384294   -1.54415990816803   -1.42758002779292
H        -0.72156578629036    0.56772520657514   -1.47563732200370
H         0.09471681033917    0.41831407138037    0.16986159490231
12
 energy: -21.509634316892 gnorm: 0.005817152937 xtb: 6.2.3 (830e466)
C         0.74623640121790    1.97826431849200   -1.02315656811219
C        -0.00002280838991    0.91786180706830   -0.75552794553327
C         1.81244896865374   -0.84531749947328   -1.77055466406280
O         0.66998839236999    2.61057480826589   -2.22095207786947
O         1.41852867789343    3.81596749580659   -2.19836802789711
O         2.81947056884428   -0.71107667294583   -1.13950875179777
H         1.47336845221288    4.04966786208279   -3.13748947854675
H         1.46085023289842    2.40756137819038   -0.33554219801582
H         1.64858657859395   -0.36049910054496   -2.74918885222010
H         0.99490688665158   -1.51324387527791   -1.45008868757560
H        -0.72438790760740    0.55135391027694   -1.46064222205083
H         0.06902555666107    0.43848556806044    0.20523947367695
12
 energy: -21.509274136938 gnorm: 0.013119480524 xtb: 6.2.3 (830e466)
C         0.73736574964234    1.98433827862756   -1.01681716661969
C        -0.01059525588161    0.92569004296905   -0.74811948115529
C         1.83023849846478   -0.87246603896513   -1.79045363701951
O         0.66202059674978    2.61404954492456   -2.21630146293294
O         1.43120884479924    3.80814366924536   -2.20517546946878
O         2.81414262875896   -0.69722509326089   -1.13237544969500
H         1.47515052413767    4.04323108697307   -3.14283971834813
H         1.46231754291025    2.40381768708863   -0.33302510171433
H         1.64739504843990   -0.34556732185645   -2.74298812335607
H         0.99838470290429   -1.51429378997953   -1.45534579512181
H        -0.72835851011286    0.55275591683019   -1.45600074529275
H         0.06972962918719    0.43712601740494    0.20366215071954
12
 energy: -21.509682752290 gnorm: 0.005298011969 xtb: 6.2.3 (830e466)
C         0.72677818907251    1.99156299008600   -1.00898766988674
C        -0.02190278653948    0.93399959224922   -0.73967140974472
C         1.81978741277035   -0.84541172204565   -1.77754458040929
O         0.65174747351298    2.61851428617464   -2.21032862853719
O         1.44794213829201    3.79789295293203   -2.21417527034383
O         2.81681810715806   -0.69989958640883   -1.13595996155980
H         1.47671489340953    4.03541298759990   -3.14974185665286
H         1.46353025383111    2.39946653575805   -0.32921497995936
H         1.65546198854309   -0.34807200355649   -2.74485658343886
H         1.01426393175833   -1.53361464509191   -1.47661126764595
H        -0.73287364986415    0.55425373602135   -1.45015753036301
H         0.07073204805557    0.43549487628305    0.20146973853685
12
 energy: -21.509728961413 gnorm: 0.002652250490 xtb: 6.2.3 (830e466)
C         0.74192157743037    1.97852345853788   -1.01748177267925
C        -0.00897707381861    0.92254464215084   -0.74695315240253
C         1.81955824935524   -0.84278244911103   -1.77680538809157
O         0.65671534388994    2.61457322432351   -2.21285021069244
O         1.44505926515622    3.79683268394521   -2.21065429679467
O         2.81806561432822   -0.70154196855473   -1.13513601449671
H         1.47028527993263    4.03858067846900   -3.14708851293686
H         1.45810901068612    2.40375329178345   -0.32868523854032
H         1.65725188904645   -0.34655290487336   -2.74737296065218
H         1.01220552681371   -1.53066627928936   -1.47607583428861
H        -0.74153645518022    0.56260775482328   -1.44647630354201
H         0.06034177235984    0.44372786779667    0.20979968511239
12
 energy: -21.509781605655 gnorm: 0.001429141512 xtb: 6.2.3 (830e466)
C         0.73371728473474    1.98350508677673   -1.01193850898640
C        -0.01769575450401    0.92804145768168   -0.74091350543998
C         1.82406859024917   -0.84378286392440   -1.78121156595051
O         0.65001566449281    2.61710356475107   -2.20871801757193
O         1.45653287657518    3.78848025561980   -2.21605606830248
O         2.81764138972883   -0.69746178993701   -1.13317433398676
H         1.47115767085732    4.03175124112553   -3.15194745272968
H         1.46021640375415    2.39962170296286   -0.32784812035196
H         1.66066147242324   -0.33892227838237   -2.74653161588278
H         1.01678143051471   -1.53300668496906   -1.48447682851221
H        -0.74431093698177    0.56241838600835   -1.44341637143648
H         0.06021390815556    0.44185192228818    0.21045238914642
12
 energy: -21.509812752726 gnorm: 0.002706107176 xtb: 6.2.3 (830e466)
C         0.72674102263781    1.98443341675868   -1.00597795795601
C        -0.02747625030551    0.93153316987115   -0.73285598548664
C         1.83059630517210   -0.83793036523982   -1.78699897761077
O         0.64069639989000    2.61814865762575   -2.20239163313598
O         1.47775406026914    3.76933594171180   -2.22520042557121
O         2.81821172423112   -0.69202503984259   -1.12988180114123
H         1.46869126436469    4.01910132976618   -3.15985964219257
H         1.46128659129311    2.39345154933975   -0.32590333933543
H         1.67021625166484   -0.32224309600023   -2.74710370320355
H         1.02401034318965   -1.53317515689209   -1.50202400629992
H        -0.75511660340590    0.56616281157162   -1.43462354016688
H         0.05338889099887    0.44280678133115    0.21704101209540
12
 energy: -21.509846330014 gnorm: 0.003191943278 xtb: 6.2.3 (830e466)
C         0.72237459824570    1.98117386760853   -1.00082300890583
C        -0.03620490073721    0.93230090158141   -0.72425007456604
C         1.83705064403201   -0.82650370719687   -1.79315680673832
O         0.63389976404462    2.61499933725105   -2.19685951206495
O         1.49951532854621    3.74490786688005   -2.23549981102246
O         2.81906418705314   -0.68691386649492   -1.12648494951589
H         1.46509419674902    4.00347683752280   -3.16774527688789
H         1.46145098650630    2.38668611536656   -0.32383253934545
H         1.68294893236351   -0.29975445548112   -2.74862903428589
H         1.02926577082276   -1.52646156378769   -1.52260411462073
H        -0.76858005634378    0.57031535357610   -1.42303874534889
H         0.04312054871766    0.44537331317545    0.22714387329756
12
 energy: -21.509892916565 gnorm: 0.004113514074 xtb: 6.2.3 (830e466)
C         0.71571662268630    1.97163350623282   -0.99152322138068
C        -0.05242484913061    0.93188160325419   -0.70670920780775
C         1.84825503918271   -0.79946742317120   -1.80524081494561
O         0.62530686891289    2.60289571890932   -2.18869950913307
O         1.53599912620310    3.69583578622673   -2.25555537521671
O         2.82032733872180   -0.67743011559804   -1.12052970547518
H         1.46055722239732    3.97085413531378   -3.18154067854313
H         1.46212131584531    2.37281710502538   -0.32042824267150
H         1.70901775593989   -0.25152940832643   -2.75199605920484
H         1.03494628355918   -1.50413039080947   -1.56265394246791
H        -0.79331555877823    0.57548446889355   -1.39968021870993
H         0.02249283446031    0.45075501405068    0.24877697555151
12
 energy: -21.509933351486 gnorm: 0.001845182704 xtb: 6.2.3 (830e466)
C         0.71277439358181    1.96174114847538   -0.98581071093303
C        -0.06305850286437    0.92977299028971   -0.69356296284707
C         1.85465985510652   -0.77557328327561   -1.81398631471285
O         0.62427440225273    2.58767484656206   -2.18607784077217
O         1.55333477536430    3.66063238586386   -2.26914233147215
O         2.82092579995955   -0.67073350536586   -1.11829054939959
H         1.46228546531117    3.94473183447411   -3.18913794848324
H         1.46265964512310    2.36239887554679   -0.31858685422742
H         1.72789839820784   -0.21358457401358   -2.75460358091362
H         1.03465179122668   -1.47858334802569   -1.58995363731158
H        -0.80900738247755    0.57609436218857   -1.38250848062908
H         0.00760135920819    0.45502826728156    0.26588121169697
12
 energy: -21.509967029981 gnorm: 0.004622152546 xtb: 6.2.3 (830e466)
C         0.70799732257063    1.93491027734781   -0.97609627872944
C        -0.08963408339926    0.92470699648365   -0.66521026766547
C         1.86838307880329   -0.71858365249804   -1.83047615886741
O         0.61680001159238    2.55425326920415   -2.18049584377975
O         1.59998046141359    3.57676930625560   -2.29887876069769
O         2.82165201314295   -0.65207808021272   -1.11150985973228
H         1.46052914511208    3.89188673827784   -3.20497253472148
H         1.46972515282991    2.33087302761124   -0.31882529560298
H         1.77145377768048   -0.12724150081184   -2.75668338016346
H         1.03214075783575   -1.41427081896311   -1.64654340087456
H        -0.84674949132821    0.57767586317072   -1.34498476714047
H        -0.02327814625360    0.46069857413596    0.29889654797011
12
 energy: -21.509984187134 gnorm: 0.003154928079 xtb: 6.2.3 (830e466)
C         0.70955435592312    1.92478728949461   -0.97735826468181
C        -0.09341503081830    0.92104773984002   -0.66131557977017
C         1.86808891968520   -0.70191277671985   -1.83130742643311
O         0.62034502997740    2.54025136094844   -2.18442885303936
O         1.59734622304473    3.56211587523918   -2.30157875455388
O         2.82123067331883   -0.64647025393245   -1.11318652021385
H         1.46617494653829    3.88215075773586   -3.20327178123485
H         1.47424585207417    2.31982765194700   -0.32264060857262
H         1.77832765469949   -0.10882014730233   -2.75486826874792
H         1.02569289572905   -1.38803042450401   -1.64977781612524
H        -0.85242517409233    0.57522077513487   -1.33911446623501
H        -0.02616634607964    0.45943215211992    0.30306833960293
12
 energy: -21.509997011882 gnorm: 0.000915671317 xtb: 6.2.3 (830e466)
C         0.70722657277121    1.92351679954595   -0.97645900716748
C        -0.09638526700530    0.92109241980423   -0.65906970257631
C         1.87036768515776   -0.69774712803390   -1.83205553467455
O         0.61704997051910    2.53915375005831   -2.18322580484824
O         1.60361999543330    3.55426420607198   -2.30545717343984
O         2.82074865922088   -0.64619797249797   -1.10920852218778
H         1.46423820559076    3.87846873056560   -3.20555638337726
H         1.47742930955505    2.31358649341641   -0.32513088241660
H         1.78477615463630   -0.09842220656427   -2.75302018370182
H         1.02616106562816   -1.38467379054457   -1.65714167294421
H        -0.85940597601281    0.57836354697066   -1.33447889672504
H        -0.02682637549441    0.45819515120884    0.30502376405423
12
 energy: -21.510005459372 gnorm: 0.002127052348 xtb: 6.2.3 (830e466)
C         0.70705683076759    1.91742225860576   -0.97833549316365
C        -0.10209223697695    0.92085713899846   -0.65609553015990
C         1.87327840124817   -0.68866990241864   -1.83124326009146
O         0.61355129223199    2.53511622941869   -2.18364073769248
O         1.61014628068704    3.54180522867627   -2.31046334338823
O         2.81883466429007   -0.64522475513267   -1.10131046296953
H         1.45924948225411    3.87612748002953   -3.20651630313304
H         1.48699720806400    2.29811159117613   -0.33318586001851
H         1.79692601704683   -0.08180632195688   -2.74819844699624
H         1.02467035136723   -1.37327276801146   -1.66656517597331
H        -0.87230704279629    0.58422061058641   -1.32677985594478
H        -0.02731124818378    0.45491321002966    0.30655446952623
12
 energy: -21.510014221242 gnorm: 0.002097835091 xtb: 6.2.3 (830e466)
C         0.70872457005497    1.91371937835341   -0.98175588822759
C        -0.10390547123418    0.92098384796495   -0.65632380455900
C         1.87422348996577   -0.68622248717864   -1.82847685912980
O         0.61135533254415    2.53471790998432   -2.18497396183082
O         1.60868012776622    3.54083107651403   -2.31187833852734
O         2.81621533805529   -0.64755081285690   -1.09337727696506
H         1.45496224691537    3.87985191034484   -3.20542998421540
H         1.49554582872558    2.28713500156256   -0.34092551880812
H         1.80497140574238   -0.07649489363230   -2.74390032579012
H         1.02255822704345   -1.36871447729671   -1.67015447047714
H        -0.88016604795144    0.58980291301809   -1.32284334770537
H        -0.02416504762754    0.45154063322360    0.30425977623088
12
 energy: -21.510033783862 gnorm: 0.002430300766 xtb: 6.2.3 (830e466)
C         0.71707079154847    1.90205700202424   -0.99506143443692
C        -0.10719421300802    0.92173579639276   -0.66025968082238
C         1.87655535015553   -0.68374500414843   -1.81693131442382
O         0.60537985038944    2.53741913071517   -2.18945848904630
O         1.60046518351319    3.54562821487197   -2.31452331479316
O         2.80546413742731   -0.65809215618749   -1.06449280958581
H         1.43528502829545    3.90022940802847   -3.20015185889433
H         1.52572188993722    2.25123920854303   -0.36776910135709
H         1.83128769286554   -0.06938852660304   -2.72982982988774
H         1.01540236927828   -1.35798606804351   -1.67779272070714
H        -0.90464257661636    0.61102036490464   -1.31219826167854
H        -0.01179550378600    0.43948262950346    0.29268881562838
12
 energy: -21.510041954718 gnorm: 0.002407595858 xtb: 6.2.3 (830e466)
C         0.72025045889402    1.89763593381106   -0.99893754456272
C        -0.10820451208994    0.92225960778926   -0.66013872905390
C         1.87806211693389   -0.68238920037833   -1.81378667193966
O         0.60247634066960    2.53845134285181   -2.18988713352662
O         1.59810426960449    3.54609456186508   -2.31742064736472
O         2.79958382342612   -0.66388700316492   -1.05153337881476
H         1.42677217352509    3.90528712571098   -3.19930096043283
H         1.53601435823233    2.23917267200154   -0.37713814659682
H         1.84540566083696   -0.06562992238775   -2.72609823801453
H         1.01199396293104   -1.35281828739007   -1.68562515045896
H        -0.91335311526327    0.61959605320989   -1.30580033968530
H        -0.00810553770024    0.43582711608273    0.28988694044597
12
 energy: -21.510054208438 gnorm: 0.001285466786 xtb: 6.2.3 (830e466)
C         0.72559825454983    1.89222024194784   -1.00441592750383
C        -0.10838429619170    0.92375481015694   -0.66078216799052
C         1.88053878382559   -0.68354819994650   -1.80887480814212
O         0.59824617252809    2.54232673722359   -2.18937847915849
O         1.59489265220844    3.54860972900097   -2.32173867563768
O         2.78871703591036   -0.67406361945317   -1.03157571071203
H         1.41022053661387    3.91550219848089   -3.19713325369260
H         1.55086729729306    2.22336236090706   -0.39079941269023
H         1.86817363261037   -0.06686725886356   -2.72180474318561
H         1.00736033835413   -1.34647458161695   -1.69672788772808
H        -0.92464317266291    0.63437022071597   -1.29699295319940
H        -0.00258723503905    0.43040736144822    0.28444401963577
12
 energy: -21.510023130205 gnorm: 0.009019960047 xtb: 6.2.3 (830e466)
C         0.73398088416474    1.87541754054258   -1.01246885248349
C        -0.11608503585143    0.92586144895401   -0.65334465998575
C         1.88978443373870   -0.67013270850649   -1.80379171976386
O         0.58720550002040    2.53918515366059   -2.18821115591129
O         1.59810265792665    3.52828505789250   -2.33959222097468
O         2.76562141640176   -0.69478277511112   -0.98549996981950
H         1.37566578345306    3.92115539531353   -3.19722466270825
H         1.58577817872293    2.18319318430844   -0.41998660704937
H         1.93127175737555   -0.03968745825199   -2.71151670833820
H         0.99381443185462   -1.31408123819258   -1.74005005315092
H        -0.95910128305245    0.66419961004505   -1.26848162948141
H         0.00296127524560    0.42098678934680    0.28438823966191
12
 energy: -21.510067698217 gnorm: 0.002693293482 xtb: 6.2.3 (830e466)
C         0.72915707611135    1.88546541322890   -1.00667753654735
C        -0.11209162752163    0.92604649428538   -0.65532310702070
C         1.88655289225775   -0.67838746533510   -1.80779381907003
O         0.59103629486748    2.54185409032105   -2.18706539684130
O         1.59776151124786    3.53570546931462   -2.33330771679113
O         2.77436247368458   -0.68889428140642   -1.00635049569019
H         1.38987809446115    3.91688635389957   -3.19764389728645
H         1.56751480980337    2.20680612079649   -0.40464362956177
H         1.90611259579699   -0.05385923556356   -2.71744297318113
H         1.00004945238712   -1.32946379752140   -1.72463257030384
H        -0.94106446742040    0.65080285456970   -1.28107768323613
H        -0.00026910567550    0.42663798341206    0.28617882552519
12
 energy: -21.510077506131 gnorm: 0.001475553600 xtb: 6.2.3 (830e466)
C         0.72848403406123    1.88666604099801   -1.00609208133178
C        -0.11222675873461    0.92703444368690   -0.65458621520442
C         1.88753045664083   -0.68002833152610   -1.80805751088156
O         0.58837507120566    2.54364503773298   -2.18610028649416
O         1.59884079036929    3.53380879524511   -2.33559998150802
O         2.77247827857831   -0.69274701066902   -1.00505086971309
H         1.38800333494747    3.91823499450565   -3.19747805311040
H         1.56766923251446    2.20770677527587   -0.40503947406488
H         1.91026250075992   -0.05426892941726   -2.71566051683150
H         1.00040567604873   -1.32942904980296   -1.72818360626679
H        -0.94154874802002    0.65230726694481   -1.28032719273926
H         0.00072613162885    0.42666996702731    0.28639578814104
12
 energy: -21.510098554154 gnorm: 0.003101400766 xtb: 6.2.3 (830e466)
C         0.72611830505994    1.89125461942022   -1.00170851255388
C        -0.11116825152992    0.93028384109814   -0.64791048714866
C         1.89052347133868   -0.68343635528786   -1.81207475017014
O         0.58176498963018    2.54556855757811   -2.18286346639463
O         1.60278617850740    3.52142083292483   -2.34752078185044
O         2.76216419309136   -0.71349179270419   -0.99682315299283
H         1.37871511820332    3.91907043054886   -3.19951161613948
H         1.56430074456632    2.21624754987336   -0.40387053494803
H         1.93208041912410   -0.04623776897521   -2.70974453953469
H         0.99648375170369   -1.32455526894219   -1.75275725322660
H        -0.93760766556528    0.65261164661548   -1.27450549207628
H         0.00283874587032    0.43086370785177    0.29351058703082
12
 energy: -21.510135771273 gnorm: 0.003113516815 xtb: 6.2.3 (830e466)
C         0.72555808046051    1.89023823490831   -1.00088598124752
C        -0.11333636165342    0.93441643552317   -0.63736593358819
C         1.89790781818099   -0.68143158458429   -1.81368422849337
O         0.56542357426169    2.54835297687684   -2.17895357837424
O         1.61027258239198    3.49576610588589   -2.37118113927995
O         2.74037396761069   -0.75007900885945   -0.96876838827787
H         1.35485574681233    3.92439175060304   -3.20114118849671
H         1.57593618853983    2.20819043278947   -0.41587252503054
H         1.98417111601136   -0.02104011481224   -2.69247776043160
H         0.98803007803386   -1.30534870845361   -1.80153858259488
H        -0.94955884349107    0.66401433009849   -1.25545288746085
H         0.00936605284138    0.43212915002569    0.30154219327087
12
 energy: -21.510099129442 gnorm: 0.012012940027 xtb: 6.2.3 (830e466)
C         0.72720474968711    1.88913208389060   -1.00323859652607
C        -0.11255889248218    0.93746466796673   -0.62851722060056
C         1.90394226891812   -0.68123005042601   -1.81251457241555
O         0.54968347264080    2.55215906365085   -2.17721573546325
O         1.61174769352207    3.47329889448498   -2.39656900427935
O         2.71253802937182   -0.79690879961108   -0.93398756687481
H         1.32608889917391    3.93693171179500   -3.20057561306524
H         1.59255172459384    2.19864400998962   -0.43247392519535
H         2.04270873294381    0.00642230499986   -2.66812778484090
H         0.97633699814274   -1.28406483011002   -1.85548736732443
H        -0.96244075199464    0.67482779662819   -1.23521913470383
H         0.02119707548276    0.43292314674262    0.30814652128450
12
 energy: -21.510115272570 gnorm: 0.005625303231 xtb: 6.2.3 (830e466)
C         0.73045819316351    1.88550857331235   -1.00643923140829
C        -0.10931794773100    0.93450348706880   -0.63035784955979
C         1.89484905998345   -0.66880727350354   -1.80351697259126
O         0.55197068870276    2.55061677469351   -2.17841681629484
O         1.61221755383715    3.47220955416250   -2.40002390120589
O         2.70689979574559   -0.80006674104291   -0.93634720431768
H         1.32341103973577    3.93879856304129   -3.19761976152180
H         1.59201499496474    2.19862339544396   -0.43329283146034
H         2.04382654004829    0.00493951540168   -2.66367467383699
H         0.97984197080142   -1.28251691013830   -1.86038531103256
H        -0.96032488436612    0.67245350996769   -1.23349762743260
H         0.02315299511460    0.43333755159428    0.30779218065723
12
 energy: -21.508386873131 gnorm: 0.046057248944 xtb: 6.2.3 (830e466)
C         0.74209138276001    1.87255195549819   -1.01857195220348
C        -0.09840282126829    0.92505344273560   -0.63609706170163
C         1.91282473884247   -0.70134533581983   -1.82744451777174
O         0.56088572407291    2.54493938310744   -2.18293903903494
O         1.61472376097316    3.46651974579651   -2.41538772751536
O         2.66629027756661   -0.78676707193736   -0.92561499655546
H         1.31231596521798    3.94640796117817   -3.18510736627174
H         1.58969190999202    2.19814047714306   -0.43698004663902
H         2.03345593527084    0.02755933910155   -2.62693249599430
H         0.97602550679590   -1.25148087905268   -1.86158581221727
H        -0.95218718975741    0.66259110284304   -1.22561856641753
H         0.03128480953397    0.43542987940764    0.30649958231763
12
 energy: -21.510202799473 gnorm: 0.001619679510 xtb: 6.2.3 (830e466)
C         0.73228877279689    1.88447111019504   -1.00837404449758
C        -0.10624000729999    0.93309951582506   -0.63025899717048
C         1.89840711517438   -0.67675662933994   -1.80958107865359
O         0.55333110789819    2.54859859852262   -2.18023471890717
O         1.61387275126531    3.46815409562186   -2.40601440891724
O         2.69256846167787   -0.79749474309712   -0.92549965378648
H         1.31801037471999    3.94270740784822   -3.19464969900557
H         1.59454934647621    2.19695128969419   -0.43650635339329
H         2.04426956488926    0.01538289382278   -2.65355827750046
H         0.97471668580003   -1.27436478963266   -1.86658345849538
H        -0.95627830789057    0.66668799362971   -1.23191853097225
H         0.02950413449258    0.43216325691154    0.30739922129468
12
 energy: -21.510211570774 gnorm: 0.000823884168 xtb: 6.2.3 (830e466)
C         0.73270854353759    1.88416421786873   -1.00962934116482
C        -0.10448739366554    0.93168259879237   -0.63102265407521
C         1.89524911349174   -0.67237576928264   -1.80566972012728
O         0.55329774008148    2.54755614185542   -2.18167477175511
O         1.61470796996645    3.46569904985464   -2.40908567973586
O         2.69107487641323   -0.80393235834025   -0.92372829641317
H         1.31510450541907    3.94544289571872   -3.19344615137752
H         1.59497431435173    2.19713276112879   -0.43765076594686
H         2.04723613442737    0.01927138314298   -2.64979021137480
H         0.97248922334589   -1.27176931556273   -1.87022294340482
H        -0.95555048391732    0.66466542812259   -1.23122476701553
H         0.03219545654845    0.43206296670267    0.30736530238621
12
 energy: -21.510220121302 gnorm: 0.000675739724 xtb: 6.2.3 (830e466)
C         0.73341663778019    1.88382496319814   -1.01104218122040
C        -0.10263082128033    0.93073699433904   -0.63111009154327
C         1.89404604876287   -0.67146752082634   -1.80442468702448
O         0.55310885399945    2.54653803228134   -2.18309479783887
O         1.61612536627162    3.46190082673708   -2.41386999868761
O         2.68549453087044   -0.80890620362442   -0.91926464145453
H         1.31065698253447    3.94948440060262   -3.19121614202330
H         1.59604726433532    2.19690854060924   -0.43959683775151
H         2.05109202939603    0.02445741296995   -2.64415037723811
H         0.96954876345727   -1.26748218121844   -1.87537451888337
H        -0.95374141648750    0.66151255203904   -1.23021986318599
H         0.03583576036030    0.43209218289403    0.30758413684670
12
 energy: -21.510238055279 gnorm: 0.001787152029 xtb: 6.2.3 (830e466)
C         0.73697384494032    1.88096412280442   -1.01633283538572
C        -0.09598745376287    0.92663942365911   -0.63218689937554
C         1.89004804699840   -0.66825563810922   -1.80035767767980
O         0.55279519764437    2.54270590699407   -2.18792831485327
O         1.62147859436825    3.44863832095091   -2.42968060512011
O         2.66817811404450   -0.82199890985167   -0.90592641925440
H         1.29581586559167    3.96427767975608   -3.18178816333130
H         1.59896549370490    2.19680336495185   -0.44531616715782
H         2.06252023144584    0.03849528818299   -2.62786685608301
H         0.96155187790567   -1.25538488307156   -1.89028411105473
H        -0.94883636711655    0.65358614287202   -1.22694414947505
H         0.04549655423561    0.43312918086227    0.30883219876604
12
 energy: -21.510249143454 gnorm: 0.002254849417 xtb: 6.2.3 (830e466)
C         0.73799561954260    1.88138718603043   -1.01865107864280
C        -0.09187769726030    0.92562563849011   -0.63085435831903
C         1.88710513102716   -0.66577430841163   -1.79728528945702
O         0.55136569241519    2.53971733748947   -2.19161538819331
O         1.62464112042282    3.43734265235282   -2.44399115236123
O         2.65217755802471   -0.83545778681200   -0.89421271188325
H         1.28372171760414    3.97499010321117   -3.17395332132516
H         1.60221768410212    2.19713468402465   -0.45098070011814
H         2.07567316526821    0.04930989844823   -2.61407531612919
H         0.95543306167227   -1.24478734628524   -1.90608644785374
H        -0.94374535078591    0.64669810141636   -1.22419188962257
H         0.05429229796710    0.43341384004692    0.31011765390077
12
 energy: -21.510257503741 gnorm: 0.001271218689 xtb: 6.2.3 (830e466)
C         0.73906470165894    1.88097098222406   -1.01976338958002
C        -0.08980465129304    0.92515301713827   -0.62993999859603
C         1.88679461822827   -0.66568761724770   -1.79686808718194
O         0.55046985650847    2.53791888813467   -2.19326758133352
O         1.62413830947657    3.43363062108699   -2.44976665943886
O         2.64468013646010   -0.84267397545732   -0.88907223290758
H         1.27875348554280    3.97840831561137   -3.17076770618580
H         1.60316860775118    2.19869053128281   -0.45295148343743
H         2.08380088852147    0.05291307710928   -2.60851915330076
H         0.95365623645266   -1.24047423750287   -1.91516867615369
H        -0.94260306668681    0.64577539695808   -1.22171392686402
H         0.05688087737949    0.43497500066364    0.31201889497499
12
 energy: -21.510275140529 gnorm: 0.001601972735 xtb: 6.2.3 (830e466)
C         0.74164081045995    1.87989815325621   -1.02283676796064
C        -0.08626809644055    0.92613315121965   -0.62626465389180
C         1.88789940881383   -0.66652073332537   -1.79534333816602
O         0.54597854263727    2.53420373303249   -2.19711128748383
O         1.62402917485057    3.41998806884885   -2.46851387883147
O         2.62517305410580   -0.86595905150129   -0.87492820960803
H         1.26183298091192    3.99137931992977   -3.15989503330412
H         1.60703368237724    2.20173228413140   -0.46016435369308
H         2.11047028208930    0.06109185701102   -2.59256575496387
H         0.95091327438641   -1.22904307870760   -1.94168276834421
H        -0.94188502975224    0.64667048550526   -1.21399505394734
H         0.06218191556060    0.44002581060088    0.31752110018975
12
 energy: -21.510289681180 gnorm: 0.003960641175 xtb: 6.2.3 (830e466)
C         0.74233088717624    1.88149178493380   -1.02484300836175
C        -0.08505559174364    0.93221127964278   -0.61734145460978
C         1.89372204853606   -0.67030589135792   -1.79444274782444
O         0.53623356909348    2.52995142865683   -2.20162145998583
O         1.62204766760970    3.39794333682812   -2.49923694173315
O         2.59527234872266   -0.90671452308203   -0.85423382408929
H         1.23538714736070    4.00974545692283   -3.14349115874206
H         1.61471703729090    2.20417622802887   -0.47359704727426
H         2.15947027173190    0.07068294202578   -2.56699198250406
H         0.95106465738526   -1.21075479411799   -1.98698334326064
H        -0.94483339959179    0.65337661387416   -1.19931414311391
H         0.06864335642859    0.44779613764606    0.32631711149449
12
 energy: -21.510297829974 gnorm: 0.002429679839 xtb: 6.2.3 (830e466)
C         0.74065171201634    1.88323044472401   -1.02300166840662
C        -0.08860505161201    0.93678504756337   -0.61346417036941
C         1.89843364081922   -0.67359630219127   -1.79660800771794
O         0.53306914241726    2.53036260951195   -2.20070430058590
O         1.61785419205177    3.39792826021096   -2.50099152268325
O         2.59360659334685   -0.91440014419354   -0.85480343073352
H         1.23454072849543    4.00752220754204   -3.14358762352496
H         1.61599144789433    2.20412408137191   -0.47558422832239
H         2.17088414670547    0.06703427535019   -2.56542828333920
H         0.95612960970391   -1.20982114278580   -1.99530207817361
H        -0.94927860137899    0.66019880844404   -1.19518182546913
H         0.06572243954049    0.45023185445344    0.32887713932119
12
 energy: -21.510304594950 gnorm: 0.000546120224 xtb: 6.2.3 (830e466)
C         0.74139420346906    1.88170097643156   -1.02492333288105
C        -0.08854640693984    0.93697288580943   -0.61276590349853
C         1.90002570492657   -0.67360801246352   -1.79628766934383
O         0.53155554241343    2.52938370777695   -2.20192195458085
O         1.61846435117684    3.39258465046182   -2.50707883004711
O         2.58892990811431   -0.92069722766162   -0.85132422448240
H         1.22956904371424    4.01203283298402   -3.13964562149459
H         1.61768743528622    2.20219007754399   -0.47884141522286
H         2.17877557837498    0.07004518605069   -2.55991707959405
H         0.95652107448641   -1.20497108133806   -2.00194460993163
H        -0.95186570137756    0.66205784954561   -1.19147066615503
H         0.06648926635539    0.45190815486043    0.33034130722720
12
 energy: -21.510305366969 gnorm: 0.003416952465 xtb: 6.2.3 (830e466)
C         0.74166763298789    1.87946785951111   -1.02794662540735
C        -0.09019176001533    0.93999934203801   -0.60782511126763
C         1.90600810062778   -0.67410637175068   -1.79685983195280
O         0.52590258263081    2.52636094235611   -2.20459617521105
O         1.61630559275547    3.38028482252935   -2.52258045527261
O         2.57467307042374   -0.94282699711911   -0.84175534169257
H         1.21806085272457    4.01866064439862   -3.13242872932201
H         1.62257487693994    2.19761007040608   -0.48789194022962
H         2.20679721555317    0.07878271723070   -2.54434980821848
H         0.95839366644677   -1.19012808603614   -2.02608511137004
H        -0.95964587535897    0.66866914620572   -1.17926078847224
H         0.06845404428421    0.45682591023156    0.33579991841161
12
 energy: -21.510310903084 gnorm: 0.001385258481 xtb: 6.2.3 (830e466)
C         0.74132355098128    1.87862642307577   -1.02806226020690
C        -0.09123744845120    0.93956374972002   -0.60846328216419
C         1.90602141107369   -0.67293177403042   -1.79704742691299
O         0.52656529570660    2.52670035196227   -2.20404080880053
O         1.61673858132755    3.38157612382240   -2.51966121680926
O         2.57804169909987   -0.93810675852963   -0.84434656389364
H         1.22140281791402    4.01609845427814   -3.13422438558134
H         1.62219540754042    2.19543718053588   -0.48722608810646
H         2.20232533349072    0.07867555617803   -2.54645079831077
H         0.95917584069294   -1.19081091522795   -2.02158785313611
H        -0.96101660787945    0.66885073012603   -1.17958904769361
H         0.06746411850363    0.45592087809079    0.33491973161102
12
 energy: -21.510315387408 gnorm: 0.000737733926 xtb: 6.2.3 (830e466)
C         0.74016298192143    1.87646291949443   -1.02885680013662
C        -0.09441123053594    0.94079757075707   -0.60576631343652
C         1.90849871044862   -0.66946289322056   -1.79765575507210
O         0.52419304118788    2.52543562018364   -2.20397159021104
O         1.61633322902475    3.37649607032663   -2.52290770397703
O         2.57488299790358   -0.94073982372851   -0.84352833941329
H         1.22237916334454    4.01259631509401   -3.13480961929405
H         1.62441029378341    2.18895655078073   -0.49089256189405
H         2.21050735897277    0.08439361034919   -2.54175126835876
H         0.96144767393383   -1.18323822520202   -2.02880432520589
H        -0.96690182015866    0.67185077758834   -1.17330234497401
H         0.06749760017384    0.45605150757839    0.33646662196852
