12
 energy: -21.490318149101 gnorm: 0.164931393360 xtb: 6.2.3 (830e466)
C         1.66568000000000    1.43392000000000   -1.23686000000000
C         1.13524000000000    0.21006000000000   -1.35345000000000
C         1.83997000000000   -1.00926000000000   -0.90985000000000
O         0.96957000000000    2.50951000000000   -1.65986000000000
O         1.46559000000000    3.70002000000000   -1.55754000000000
O         2.95278000000000   -0.95512000000000   -0.40942000000000
H         1.60807000000000    3.99332000000000   -2.49317000000000
H         2.65319000000000    1.57087000000000   -0.80327000000000
H        -1.61731000000000    1.82948000000000   -2.73542000000000
H         1.35747000000000   -1.97330000000000   -1.03084000000000
H         0.14741000000000    0.09783000000000   -1.78997000000000
H        -1.78866000000000    1.93227000000000   -2.05615000000000
12
 energy: -21.504011323793 gnorm: 0.060288274482 xtb: 6.2.3 (830e466)
C         1.65663216290407    1.41938337325220   -1.24326614946302
C         1.13216091462791    0.19255262130436   -1.35124572882420
C         1.85628240925318   -0.99157099767892   -0.90049257450791
O         0.94104081711009    2.47978879521659   -1.66375007932704
O         1.50705756869963    3.71123569604141   -1.55846938169781
O         2.96432918575940   -0.95464775624649   -0.40771100247572
H         1.62538787999550    4.02113449144606   -2.48062278494278
H         2.64084339340937    1.57823498566129   -0.81104111260687
H        -1.62652420304438    1.82606842248843   -2.76694664431863
H         1.34775539558209   -1.95185179678229   -1.03732691866812
H         0.14836570405776    0.07147681773029   -1.78164556850840
H        -1.80433122835462    1.93779534756708   -2.03328205465950
12
 energy: -21.507160439093 gnorm: 0.012147262480 xtb: 6.2.3 (830e466)
C         1.64179468447242    1.41470377259453   -1.24436849386169
C         1.12644210496978    0.18165292867232   -1.34908842633473
C         1.87693779503759   -0.97726478147047   -0.90203662717614
O         0.92512011100990    2.46819712159955   -1.66304528279002
O         1.57272361000689    3.70739180230143   -1.55083223079919
O         2.97786396599635   -0.94883447310963   -0.40527097661913
H         1.64112077859158    4.03483875146051   -2.46432367621936
H         2.62559766785141    1.59018013799508   -0.82299096464966
H        -1.66507270521173    1.81976926451249   -2.78932886681338
H         1.34335486138895   -1.93464750701528   -1.03725468447135
H         0.14494682470443    0.04567064263416   -1.77282895713531
H        -1.82182969881754    1.93794233982530   -2.03443081313004
12
 energy: -21.507606245543 gnorm: 0.011241977126 xtb: 6.2.3 (830e466)
C         1.63733663312812    1.41211563593978   -1.25325047141464
C         1.12249864551128    0.17655953515229   -1.34445099655518
C         1.87855769200317   -0.97129409764238   -0.87954720859177
O         0.93061813617233    2.46793164815552   -1.67017334416183
O         1.62407862813010    3.70076131785318   -1.54103132539828
O         2.99084423410041   -0.94345381778775   -0.41150964951803
H         1.64909718149331    4.05354729635030   -2.44771435799868
H         2.61785793989479    1.59372848573659   -0.83001516412222
H        -1.71161012120666    1.81548744108317   -2.80793641004476
H         1.35450958165123   -1.93330359731326   -1.04385852430641
H         0.13978602762150    0.02852718984385   -1.76007317512158
H        -1.84457457849957    1.93899296262869   -2.04623937276660
12
 energy: -21.507872601377 gnorm: 0.015570584946 xtb: 6.2.3 (830e466)
C         1.63269832059494    1.41003201861268   -1.25556343322184
C         1.12330022871972    0.17186116199160   -1.34603226288051
C         1.89586664686170   -0.97203213041093   -0.89494463233872
O         0.94276144060638    2.46930399389248   -1.68234700653303
O         1.66574149416685    3.69348224585531   -1.53104086718243
O         2.99869992728985   -0.93621862253904   -0.40834907174917
H         1.65945125251985    4.07393412846766   -2.42751929331755
H         2.61288102553177    1.59351490942564   -0.83365010808075
H        -1.76336669569428    1.81414135430566   -2.82277542936010
H         1.35668005723470   -1.93297013163743   -1.01940954183878
H         0.13953817393401    0.01226837296192   -1.75520806498231
H        -1.87525187176546    1.94228269907443   -2.05896028851479
12
 energy: -21.508151928413 gnorm: 0.008809462485 xtb: 6.2.3 (830e466)
C         1.63556378586493    1.40777033651269   -1.25945051075158
C         1.12500959023048    0.17043658169571   -1.34450457532263
C         1.89644146486655   -0.97322602727404   -0.88777171688925
O         0.95742514868048    2.46977080100686   -1.69890073300686
O         1.67334582111615    3.68901540018818   -1.52719393735081
O         3.00331084449673   -0.93226464875663   -0.40889254178171
H         1.66852663385380    4.08749809534132   -2.41245209185155
H         2.61574767813218    1.58797989975414   -0.83445822098100
H        -1.79487827245580    1.81689172386651   -2.82779432345958
H         1.36432153670008   -1.93657045382188   -1.01195623931705
H         0.14253181254045    0.00621608010754   -1.75544762853839
H        -1.89834604402600    1.94608221137956   -2.06697748074958
12
 energy: -21.508503730942 gnorm: 0.010613590400 xtb: 6.2.3 (830e466)
C         1.64863252969705    1.39829293193050   -1.27598127192003
C         1.12974624626521    0.16493114017905   -1.34366920685392
C         1.89925953517266   -0.97435139454067   -0.86923829199363
O         0.99952116551212    2.47132002542748   -1.73475625021569
O         1.71552043904666    3.67328129098320   -1.51079650901513
O         3.01332321839445   -0.92151291373186   -0.40471315383233
H         1.66541748685953    4.13681572675623   -2.36986834287288
H         2.62852093744915    1.56705701099322   -0.84191239674661
H        -1.89771081234370    1.81793308171891   -2.85344590259068
H         1.37811302096170   -1.94240417344479   -0.98396463312774
H         0.15072788532766   -0.00923061538974   -1.75910227332263
H        -1.94207165234245    1.95746788911843   -2.08835176750869
12
 energy: -21.508650466571 gnorm: 0.006356361039 xtb: 6.2.3 (830e466)
C         1.65584507120641    1.39378843117493   -1.28534073623187
C         1.13447867861642    0.16153270915657   -1.34813107073002
C         1.90548888145187   -0.97213253193420   -0.86283971125448
O         1.02274420779166    2.47013941859738   -1.76106381435820
O         1.73506146915181    3.66478603734035   -1.50231630116756
O         3.01921592369676   -0.91302748646535   -0.39844132396611
H         1.68249693179729    4.15664249544596   -2.33780720537506
H         2.63425473644176    1.55709201612632   -0.84407483965495
H        -1.97157349876024    1.81795239274565   -2.86600761942640
H         1.38497905869948   -1.94189024378629   -0.96390993431750
H         0.15870997934415   -0.01773231499053   -1.76879760661729
H        -1.97270143943732    1.96244907658914   -2.09706983690050
12
 energy: -21.508735189361 gnorm: 0.007600092291 xtb: 6.2.3 (830e466)
C         1.67082134381369    1.38735989064237   -1.30064753718456
C         1.14286837527785    0.15743877231341   -1.35809692085232
C         1.91149956932595   -0.96949138556780   -0.85503771017785
O         1.05191093821090    2.46841563968399   -1.78363671474794
O         1.76675267438558    3.65470117143002   -1.49177230043285
O         3.02278562356782   -0.90641389036878   -0.38683739290653
H         1.68285690212222    4.18423434177422   -2.30269924552883
H         2.64699847630800    1.54360174535234   -0.85162030218638
H        -2.02833958029665    1.82279626722812   -2.87189633037407
H         1.38607898946842   -1.93941238486223   -0.93657625763747
H         0.16962257532673   -0.02341520928511   -1.78294758160762
H        -2.03485588751041    1.95978504165935   -2.11403170636353
12
 energy: -21.508827457741 gnorm: 0.008750497456 xtb: 6.2.3 (830e466)
C         1.68645425558574    1.38331605870732   -1.31079048941190
C         1.15290754808366    0.15533931157887   -1.36892600278635
C         1.91391281945402   -0.96796592206231   -0.84756603006403
O         1.07494025536355    2.46694769215794   -1.79392832738383
O         1.79140967463391    3.64904991240150   -1.48469604789229
O         3.02198384537647   -0.90537179425333   -0.37298813603815
H         1.67448662872349    4.20317576307086   -2.27798094911935
H         2.65982142468075    1.53476337792238   -0.85515420249734
H        -2.10085971162085    1.81936953076418   -2.88593162917442
H         1.38287380613588   -1.93662105016423   -0.91833176248404
H         0.18221690407893   -0.02300418902541   -1.79957812364624
H        -2.05114745049545    1.96060130890209   -2.11992829950199
12
 energy: -21.508894288607 gnorm: 0.006617163638 xtb: 6.2.3 (830e466)
C         1.70141974397307    1.38427834050779   -1.31038138072340
C         1.16502457332528    0.15730199438868   -1.38015487180209
C         1.91235404195079   -0.96744770287961   -0.84515410350997
O         1.08541838554636    2.46577058708140   -1.78788125113922
O         1.79635205797799    3.65210684214205   -1.48865284373597
O         3.01566087701302   -0.91268713361062   -0.35917306860621
H         1.66570856860796    4.19840339867378   -2.27376213222847
H         2.67189141221009    1.53446367879302   -0.85063250449601
H        -2.13216613875031    1.81625195687105   -2.88579056825708
H         1.37268730667351   -1.93176299518341   -0.91563795713195
H         0.19729684765804   -0.01163139548350   -1.82053107749887
H        -2.06264767618565    1.95455242869922   -2.11804824087068
12
 energy: -21.508997222376 gnorm: 0.004680362609 xtb: 6.2.3 (830e466)
C         1.71801994815116    1.38247825797568   -1.31223112324970
C         1.17806137229872    0.15699510959496   -1.38891476778265
C         1.91207563007528   -0.96938152558985   -0.83945470712802
O         1.10893352223664    2.46520986329102   -1.79585449305982
O         1.82072362631391    3.65092031874394   -1.49127636406548
O         3.01248855158217   -0.91949124594852   -0.34540473209204
H         1.65058359285740    4.21690840879771   -2.25990781433352
H         2.68522067695091    1.52956900511719   -0.84478816578785
H        -2.17695863784345    1.81335163733231   -2.88773790611929
H         1.36524997470723   -1.93006233983241   -0.90630733476449
H         0.21382923593245   -0.00694320157545   -1.83926546363427
H        -2.09922749326224    1.95004571209327   -2.12465712798280
12
 energy: -21.509073702564 gnorm: 0.011546905454 xtb: 6.2.3 (830e466)
C         1.75016899734963    1.38146265712557   -1.31105378235428
C         1.20568155974866    0.15829107848485   -1.40324538042045
C         1.91020053303396   -0.97556283221731   -0.83080785171743
O         1.15429064276483    2.46380931130200   -1.81445680090615
O         1.86546431909537    3.65253126746955   -1.50512517944704
O         3.00351049791306   -0.93871732952101   -0.31769913536193
H         1.62474649768154    4.25053624998456   -2.24011779201827
H         2.70604477269848    1.52692691119665   -0.81875834849260
H        -2.26852741972001    1.80502563461855   -2.88784264558905
H         1.34880031343101   -1.92735660037593   -0.89863074062087
H         0.25007202940824    0.00435319409643   -1.87751070511237
H        -2.16145274340451    1.93830045783584   -2.13055163795950
12
 energy: -21.509135743620 gnorm: 0.005415905080 xtb: 6.2.3 (830e466)
C         1.74745199150864    1.38541716490240   -1.30189772885362
C         1.20684565969929    0.16128426371383   -1.39836223391730
C         1.90709226819490   -0.97891558249647   -0.83467567702909
O         1.14891637113026    2.46402486343580   -1.81255513548548
O         1.85781135297042    3.65883309470234   -1.51699096524231
O         2.99904083901523   -0.94701002934742   -0.31803422037898
H         1.62710202601839    4.24382408974168   -2.25593564328657
H         2.69960121878632    1.53656214388649   -0.80383597227517
H        -2.24835635261578    1.80203250703553   -2.87744486287104
H         1.34581174941213   -1.92858322987736   -0.91576826252839
H         0.25334052965075    0.00843238628260   -1.87782432297026
H        -2.15565765377028    1.93369832802034   -2.12247497516172
12
 energy: -21.509188113842 gnorm: 0.003423668563 xtb: 6.2.3 (830e466)
C         1.75676162936319    1.38676098671940   -1.29937053180743
C         1.21517638293398    0.16382314198724   -1.39971315176176
C         1.90567973449398   -0.98097124511718   -0.83274917245569
O         1.16248358082075    2.46350310150630   -1.81819757307143
O         1.86968550139799    3.66002443990077   -1.52529631103917
O         2.99232008415237   -0.95463899506783   -0.30498612641674
H         1.62270509090591    4.24971561744257   -2.25336395226209
H         2.70317218220033    1.53959559174247   -0.79161453993876
H        -2.28748801572759    1.79936396390827   -2.87727045767202
H         1.34187159230787   -1.92784447823429   -0.92246825864640
H         0.26767769123176    0.01356054314550   -1.89237620304417
H        -2.16104545408025    1.92670733206652   -2.11839372188426
12
 energy: -21.509229265844 gnorm: 0.004844769763 xtb: 6.2.3 (830e466)
C         1.77415019359678    1.38801194906079   -1.29813548785241
C         1.22955405195237    0.16722566173110   -1.40475617626620
C         1.90386873199423   -0.98341310419027   -0.82866581499944
O         1.18774685784686    2.46276587965650   -1.82801664737061
O         1.89517144080759    3.66028909599389   -1.53779102498102
O         2.98137870448288   -0.96579260283992   -0.28201725325926
H         1.61137661536957    4.26204782900518   -2.24510973876293
H         2.71153450674377    1.54224166148560   -0.77474037986217
H        -2.34012166222341    1.79347437437593   -2.87294855026098
H         1.33529499173804   -1.92601775379656   -0.93079022898974
H         0.29071102748675    0.02175551513671   -1.91587967340223
H        -2.19166545979509    1.91701149438075   -2.11694902399294
12
 energy: -21.509273960946 gnorm: 0.004635860878 xtb: 6.2.3 (830e466)
C         1.78719595870828    1.38931552258127   -1.29909863959518
C         1.23989302441548    0.17047594729746   -1.40917189834858
C         1.90254833533917   -0.98337862399024   -0.82486045921281
O         1.21096596670365    2.46273410180571   -1.84019336461445
O         1.92135031822748    3.65824434144753   -1.54933070567362
O         2.96813165254795   -0.97073105546755   -0.25622130256032
H         1.60777072016189    4.27150478231699   -2.23442072519501
H         2.71600104748354    1.54482851633329   -0.76248109817475
H        -2.38693610500589    1.78668101303332   -2.86582641875394
H         1.33459987542118   -1.92465635153347   -0.94445215434180
H         0.30992095548065    0.02694203164637   -1.93524277783781
H        -2.22244174948297    1.90763977452897   -2.11450045569163
12
 energy: -21.509323694005 gnorm: 0.002768543453 xtb: 6.2.3 (830e466)
C         1.79613221716469    1.39041718035303   -1.30254021312981
C         1.24683175800767    0.17287861747317   -1.41548046821628
C         1.90101301986359   -0.98094619237001   -0.82098377173438
O         1.23383811256737    2.46396828047453   -1.85747187530385
O         1.94887346341319    3.65445556109328   -1.56076822379457
O         2.95095140423105   -0.96780522671584   -0.22444189492023
H         1.61331941028610    4.28065641624506   -2.22040062398491
H         2.71672012362850    1.54617748632818   -0.75278791913209
H        -2.43423904911282    1.77951746049581   -2.85473330846314
H         1.34036107809396   -1.92442731932629   -0.96296988916030
H         0.32590786366905    0.02829091538847   -1.95494817197601
H        -2.25070940181187    1.89641682056021   -2.10827364018431
12
 energy: -21.509353317500 gnorm: 0.005156511785 xtb: 6.2.3 (830e466)
C         1.80911473222243    1.39097376438236   -1.30789618637580
C         1.25744081341808    0.17470013129238   -1.42832089359114
C         1.89750592440927   -0.97764142474054   -0.81520117447401
O         1.26568182792121    2.46645419825094   -1.87992172959472
O         1.98741002990815    3.65047855652265   -1.57514207521658
O         2.92682026912156   -0.96118875763564   -0.18188600281101
H         1.61830796089817    4.29636730131762   -2.19965187736760
H         2.72002087339861    1.54456077128154   -0.74053347250052
H        -2.50060962586462    1.76983473556240   -2.83979118710284
H         1.34697295821696   -1.92422944331565   -0.98121206800247
H         0.34760760245637    0.02951116242504   -1.98714331449845
H        -2.28727336610563    1.87977900465646   -2.09910001846473
12
 energy: -21.509380046297 gnorm: 0.003138969846 xtb: 6.2.3 (830e466)
C         1.80663101024786    1.39120953766316   -1.31505711780060
C         1.25492684265693    0.17470772326775   -1.43784143151588
C         1.89274847894427   -0.97144397507977   -0.81381243272540
O         1.27442009213928    2.47061375418271   -1.88982238897574
O         2.00517790093372    3.64702704414587   -1.58149642208899
O         2.90631742553450   -0.94275736229408   -0.15783891362937
H         1.63069354790429    4.29919205180537   -2.18780305649948
H         2.71470574695569    1.54103379943304   -0.74267528130437
H        -2.51357883600561    1.76249369445831   -2.82407786615809
H         1.35945700144855   -1.92556359462708   -0.99489110861850
H         0.34986094355542    0.02521086667359   -2.00235186956117
H        -2.29236015431432    1.86787646037066   -2.08813211112228
12
 energy: -21.509400714685 gnorm: 0.001820670694 xtb: 6.2.3 (830e466)
C         1.81333453082080    1.39138142264192   -1.31932526623526
C         1.26124708096486    0.17564475766760   -1.44722210745088
C         1.88937107895826   -0.97007454423186   -0.81190160298395
O         1.28709211422936    2.47155295462815   -1.89749360754097
O         2.02071013260019    3.64654527166647   -1.58800098233717
O         2.89390528641878   -0.94024807175226   -0.14180349315798
H         1.62979555987296    4.30765989133162   -2.17800707220268
H         2.71620371258818    1.53941069371919   -0.73673898416698
H        -2.53958569838309    1.75763335390080   -2.81638608890906
H         1.35845045774279   -1.92421618812118   -0.99631604987355
H         0.36078993282965    0.02743223423013   -2.02029706211304
H        -2.30231418864210    1.85687822431892   -2.08230768302834
12
 energy: -21.509420938335 gnorm: 0.001165267653 xtb: 6.2.3 (830e466)
C         1.81202027335539    1.39157389848645   -1.31903866908587
C         1.26200914508392    0.17569568334108   -1.44929184696355
C         1.88860224332297   -0.97016031908722   -0.81366267165462
O         1.28215535925225    2.47255725958637   -1.89229104105215
O         2.02448084358338    3.64610374589961   -1.59467287840137
O         2.89138625871331   -0.94055743846393   -0.14184598084011
H         1.62377962790512    4.31074735139290   -2.17324779317749
H         2.71641657407170    1.53778063075093   -0.73916406597772
H        -2.53988808796622    1.75705618463112   -2.81298733092345
H         1.35352454317852   -1.92220076738077   -0.99135380949062
H         0.36256468923989    0.02768899023912   -2.02387296510925
H        -2.28805146973966    1.85331478060382   -2.08437094732369
12
 energy: -21.509431881906 gnorm: 0.003295900419 xtb: 6.2.3 (830e466)
C         1.81102078840434    1.39192583743327   -1.32133371061242
C         1.26205812725670    0.17625149274196   -1.45262951606932
C         1.87992259335021   -0.96865925486052   -0.80777949417544
O         1.27323500099184    2.47472716149518   -1.88332690937221
O         2.03492359555853    3.64435863640905   -1.61168546644083
O         2.88760035852251   -0.94182628477529   -0.14393003908894
H         1.60704276704213    4.31829852072975   -2.16002941936579
H         2.71646602262173    1.53494813581955   -0.74337690588307
H        -2.54246061073707    1.75509183862851   -2.80520610653976
H         1.34655327748019   -1.91950527381782   -0.98807938832140
H         0.36309111073283    0.02924711538717   -2.02825470674272
H        -2.25045303122361    1.84474207480864   -2.09016833738813
12
 energy: -21.509452136010 gnorm: 0.002166434317 xtb: 6.2.3 (830e466)
C         1.81021389764483    1.39258154965862   -1.32136038506328
C         1.26121394451463    0.17653987108149   -1.45360118464801
C         1.88032458240233   -0.96901196159909   -0.81048921649511
O         1.27335202905665    2.47519949333711   -1.88409651984512
O         2.03653857692076    3.64385639521819   -1.61481534173016
O         2.88729720606963   -0.94207837682395   -0.14472773104392
H         1.60217338667460    4.31949226981429   -2.15634051081056
H         2.71543244368736    1.53562392781932   -0.74255229401922
H        -2.54334448709987    1.75405376917958   -2.80263278949776
H         1.34215942504121   -1.91892315363892   -0.98485456051731
H         0.36142066410527    0.02988372622597   -2.02826607021088
H        -2.23778166901718    1.84238248972685   -2.09206339611877
12
 energy: -21.509470550049 gnorm: 0.001194313545 xtb: 6.2.3 (830e466)
C         1.80840970764391    1.39350236944242   -1.32123324156773
C         1.25795244767721    0.17749372575604   -1.45311049350938
C         1.87932969580663   -0.96884884117584   -0.81305118081301
O         1.27556242491274    2.47538278950877   -1.88855515286462
O         2.03708058366444    3.64332602543945   -1.61830973212350
O         2.88646168405898   -0.94211528169843   -0.14679776686399
H         1.59481051066528    4.32078105643164   -2.15042177734056
H         2.71411440678628    1.53681689087070   -0.74243877411910
H        -2.53992809349626    1.75112131693871   -2.79768595579953
H         1.33669962988432   -1.91821000234917   -0.98247656244328
H         0.35747547535467    0.03111931055523   -2.02693235919821
H        -2.21896847295812    1.83923064027989   -2.09478700335728
12
 energy: -21.509487908691 gnorm: 0.002926561431 xtb: 6.2.3 (830e466)
C         1.80642571801707    1.39416589752813   -1.32344902594392
C         1.25249811978798    0.17915778945193   -1.45221566906396
C         1.87453955558531   -0.96779461130137   -0.81385332778263
O         1.27677953867872    2.47583196442688   -1.89395131560684
O         2.04020135442628    3.64224100844215   -1.62714698505981
O         2.88350934719163   -0.94229649021672   -0.15021390816157
H         1.57867865140576    4.32543908937390   -2.13625499278770
H         2.71301478462300    1.53725745037466   -0.74554244188605
H        -2.53768794675427    1.74556486781222   -2.78807795165013
H         1.32779255641619   -1.91624129659270   -0.97887296849976
H         0.35083882202995    0.03356953120859   -2.02434683155499
H        -2.17759050140787    1.83270479949162   -2.10187458200307
12
 energy: -21.509510173379 gnorm: 0.002836579528 xtb: 6.2.3 (830e466)
C         1.80403650837854    1.39461171570142   -1.32743526419008
C         1.24546660621470    0.18111128764372   -1.45086343406102
C         1.86769679059178   -0.96618140143505   -0.81327770662832
O         1.27749090612072    2.47612888098073   -1.90146137108317
O         2.04073346640716    3.64186801425909   -1.63457956496218
O         2.87926192667105   -0.94209402381291   -0.15359638189306
H         1.56283451937787    4.33019667989439   -2.12176056292637
H         2.71187301619829    1.53770545575079   -0.75129181361899
H        -2.52318443217279    1.73802091182417   -2.77756735293561
H         1.31938371721574   -1.91425599712579   -0.97713293984576
H         0.34206159338238    0.03635414221893   -2.02034784479688
H        -2.13865461838596    1.82613433409962   -2.10648576305913
12
 energy: -21.509533185385 gnorm: 0.004923053595 xtb: 6.2.3 (830e466)
C         1.79825710750724    1.39565380470981   -1.33544176452949
C         1.23269953556844    0.18468074692153   -1.44983909494336
C         1.85331958909281   -0.96291997031135   -0.81131738371606
O         1.27402952609915    2.47733137030364   -1.91225548466876
O         2.03986910721169    3.64212421910792   -1.64794316710392
O         2.86921272783859   -0.94133202227746   -0.15852473033167
H         1.53482859534796    4.33927689957447   -2.09513581124420
H         2.71014181868599    1.53775341075550   -0.76563264529623
H        -2.49781054974919    1.72294545964746   -2.75527855505797
H         1.30343379114332   -1.91010322260439   -0.97393508765506
H         0.32595735801786    0.04146480598836   -2.01429354532628
H        -2.05493860676499    1.81272449818332   -2.11620273012793
12
 energy: -21.509564276505 gnorm: 0.001612755995 xtb: 6.2.3 (830e466)
C         1.79338793765242    1.39629841940481   -1.34183419641409
C         1.22390077336323    0.18694625897910   -1.44980029032765
C         1.84359782620849   -0.96051017685575   -0.81024770605676
O         1.26908399077064    2.47815264045519   -1.91925186071173
O         2.03329547313372    3.64383410309059   -1.65115182679267
O         2.86137353701010   -0.93981298741655   -0.16089745625569
H         1.52327959319648    4.34271143734486   -2.08409921482876
H         2.70806625259107    1.53808932648706   -0.77683240507664
H        -2.46230784631807    1.71299472446011   -2.74262633433580
H         1.29491990367525   -1.90766044187528   -0.97417158140437
H         0.31458204527245    0.04444783030085   -2.01018285586559
H        -2.01417948655702    1.80410886562360   -2.11470427193111
12
 energy: -21.509580268037 gnorm: 0.006823122928 xtb: 6.2.3 (830e466)
C         1.78170485209036    1.39866101402091   -1.35547620119737
C         1.20554023140494    0.19187858638485   -1.45315902757207
C         1.82199492905474   -0.95598691713345   -0.81092833841605
O         1.25158185395578    2.48237235584637   -1.92472618876571
O         2.03037290473548    3.64462419377357   -1.67301942277413
O         2.84373659737574   -0.93761556942373   -0.16776560785771
H         1.48192574154104    4.35558745064261   -2.04826839351049
H         2.70390749135546    1.53745250576563   -0.80238453459956
H        -2.39623996477239    1.68796183232283   -2.70889718426967
H         1.26705459304901   -1.90052275444855   -0.96619663929013
H         0.28934458198671    0.05192931681294   -2.00338441665446
H        -1.89192381177879    1.78325798543405   -2.12159404509379
12
 energy: -21.509617097245 gnorm: 0.004047226723 xtb: 6.2.3 (830e466)
C         1.77645822220497    1.39990213298611   -1.35658904654546
C         1.20245039275836    0.19246579587821   -1.45575743239238
C         1.81904381146565   -0.95542897403100   -0.81355941864755
O         1.24232709208998    2.48414934436136   -1.92082045319443
O         2.02292961860623    3.64647477122484   -1.67203166887304
O         2.83993229719852   -0.93642200762920   -0.16903598594613
H         1.48251223053100    4.35445671735370   -2.05084764270076
H         2.70035352367665    1.53774711423441   -0.80638855638241
H        -2.38107557718948    1.68205003716826   -2.69968906240185
H         1.26215123240320   -1.89923087329268   -0.96529743316956
H         0.28501693083182    0.05262212509786   -2.00403801253535
H        -1.86309977457903    1.78081381664600   -2.12174528721236
12
 energy: -21.509614864564 gnorm: 0.005296688610 xtb: 6.2.3 (830e466)
C         1.77097513709852    1.40111953774779   -1.35334811652834
C         1.20254089855283    0.19150659085349   -1.45865194832863
C         1.82099542398287   -0.95637458128092   -0.81823044328712
O         1.23002119685686    2.48650334992284   -1.90772823713995
O         2.01928821906502    3.64670506913111   -1.67355782129494
O         2.84017557214096   -0.93570100720912   -0.17073611140932
H         1.48644659019712    4.35210801441014   -2.06157101161383
H         2.69679809878113    1.53737231170019   -0.80615463973086
H        -2.35919421100471    1.68292610495879   -2.70022607198944
H         1.26085211998077   -1.89921094628192   -0.96399476994597
H         0.28501547113857    0.05114522332379   -2.00658893291932
H        -1.86491451679188    1.78150033272169   -2.11501189581331
12
 energy: -21.509653907423 gnorm: 0.002384724706 xtb: 6.2.3 (830e466)
C         1.76397647563197    1.40224165379074   -1.35767536554306
C         1.19146005598543    0.19386584798693   -1.45741078267939
C         1.81102140965598   -0.95416970623893   -0.81855430726714
O         1.22509563153826    2.48752935494035   -1.91437962499064
O         2.01351052648780    3.64738274564223   -1.68129571580612
O         2.83340447893590   -0.93466283791022   -0.17622906110571
H         1.46935918206681    4.35692996522960   -2.04816275400605
H         2.69251852617980    1.53818079182241   -0.81480272601395
H        -2.33064597393083    1.67062145795864   -2.68253006869170
H         1.25014169299410   -1.89665965105836   -0.96333984174205
H         0.27155025755619    0.05410508285626   -2.00148541022192
H        -1.80239226310379    1.77423529497790   -2.11993434193358
12
 energy: -21.509663321501 gnorm: 0.003616259721 xtb: 6.2.3 (830e466)
C         1.75231971615366    1.40399632211085   -1.36192722330778
C         1.17718707424998    0.19626048326316   -1.45676497426347
C         1.79948256729523   -0.95185943327282   -0.82096675050222
O         1.21156558900163    2.48979568975892   -1.91571394994513
O         2.00438266767533    3.64782862205286   -1.69272370384675
O         2.82582573498533   -0.93307062702073   -0.18490854415392
H         1.44873697520012    4.36159274318506   -2.03669249094181
H         2.68443659793118    1.53920898062809   -0.82493451532100
H        -2.28197710101875    1.65650195117206   -2.66059662022127
H         1.23688011709736   -1.89379302202114   -0.96233164078322
H         0.25372732914393    0.05689107292367   -1.99495572116911
H        -1.72356726771784    1.76624721721717   -2.12328386554583
12
 energy: -21.509677775666 gnorm: 0.001676066392 xtb: 6.2.3 (830e466)
C         1.74979510304583    1.40385006980463   -1.35944910807051
C         1.17573139213191    0.19550981929067   -1.45484300021270
C         1.80090923342391   -0.95240997232898   -0.82172292394195
O         1.20832157602201    2.48950798631891   -1.91245068843682
O         2.00193045889720    3.64685843488462   -1.69418324929948
O         2.82866592229941   -0.93318691190319   -0.18796531339820
H         1.44872836712586    4.36036356766623   -2.04197579111288
H         2.68140402252510    1.53975288483168   -0.82184689710301
H        -2.27596626088570    1.65973406364009   -2.66146955168899
H         1.23989113563585   -1.89509378046519   -0.96422469565549
H         0.25235065983583    0.05530988963977   -1.99271860791713
H        -1.72276161006003    1.76940394861791   -2.12295017316430
12
 energy: -21.509695888445 gnorm: 0.001659207750 xtb: 6.2.3 (830e466)
C         1.73242937542420    1.40465459352032   -1.35436959807894
C         1.16181142458032    0.19447348375955   -1.44870733249400
C         1.79811835480760   -0.95296280238204   -0.82596480328615
O         1.18257087289538    2.49055272885770   -1.89843156647569
O         1.98702284493716    3.64412442255926   -1.70645728013382
O         2.83251081779536   -0.93223669661149   -0.20289865235582
H         1.43352122820421    4.35825762487006   -2.05116441054339
H         2.66783881153121    1.54171057035033   -0.82320543528863
H        -2.22414123933804    1.66039015609796   -2.64788531595601
H         1.24093357665761   -1.89797268510018   -0.96891822444528
H         0.23520298870629    0.05171185038133   -1.98009189613093
H        -1.65881905620442    1.77689675369403   -2.12770548481294
12
 energy: -21.509709878094 gnorm: 0.001434036753 xtb: 6.2.3 (830e466)
C         1.72570854145713    1.40355821767337   -1.35172996130431
C         1.15752913315307    0.19219826977889   -1.44416418239769
C         1.80063588834968   -0.95470601459772   -0.82722937906058
O         1.16935189449059    2.48922387483205   -1.89033368966124
O         1.97763745334276    3.64207300014588   -1.70964347368892
O         2.83766240918046   -0.93202571406980   -0.20893183172777
H         1.42478296535093    4.35545186192603   -2.05691267323231
H         2.66377255351543    1.54239775687152   -0.82563278417977
H        -2.20921076095290    1.66600390359650   -2.64445431163554
H         1.24678649136695   -1.90181261589890   -0.97112100631021
H         0.22800773540244    0.04748662705461   -1.97012362392462
H        -1.63366430465996    1.78975083268426   -2.13552308287889
12
 energy: -21.509738963971 gnorm: 0.006684250061 xtb: 6.2.3 (830e466)
C         1.69144416796952    1.39101003145581   -1.32860124485948
C         1.14207262275985    0.17060328419752   -1.40714926081693
C         1.83519671366144   -0.97157273225343   -0.83157437232465
O         1.09186168269278    2.47273252254667   -1.83495806443004
O         1.91336910426537    3.62605888142528   -1.71572839363776
O         2.88853881148190   -0.93262855612090   -0.24273308047869
H         1.37315177093105    4.32885739723575   -2.10683780109988
H         2.64947062250111    1.54482944848330   -0.84106938537126
H        -2.16037395665776    1.73454591646988   -2.64786040921749
H         1.30822880772639   -1.93453932446599   -0.98590576740739
H         0.19351693810037    0.01087694639504   -1.89637171970157
H        -1.53747728543694    1.89882618462723   -2.19701050065826
12
 energy: -21.509778281127 gnorm: 0.003520491294 xtb: 6.2.3 (830e466)
C         1.70237784917592    1.39048740050982   -1.33115684247207
C         1.15156927613279    0.17104834897473   -1.41134312814180
C         1.83752947914173   -0.97077732164224   -0.82927361087995
O         1.10902922790093    2.47168215658603   -1.84365009696875
O         1.92246869276019    3.62743869641024   -1.70745834521538
O         2.88666642163509   -0.93245822884857   -0.23405887438736
H         1.38463258302959    4.32825801496683   -2.10497879593771
H         2.65570037212883    1.54394162027615   -0.83672331928050
H        -2.19113956186874    1.74339256813448   -2.65902247994954
H         1.30816692342066   -1.93199187469495   -0.98304943210240
H         0.20603037574998    0.01264760166888   -1.90541401731837
H        -1.58403163921128    1.88593101765520   -2.18967105734906
12
 energy: -21.509811044315 gnorm: 0.002833468855 xtb: 6.2.3 (830e466)
C         1.70080101804780    1.38856276248312   -1.33492268649459
C         1.14838703541778    0.16933998924794   -1.40901700482454
C         1.83694714957514   -0.97076712784019   -0.82884684078265
O         1.10797416773101    2.46802449878754   -1.84889265111539
O         1.91113427967109    3.62812994485183   -1.70314847451879
O         2.88825557079140   -0.93090931174508   -0.23693216304852
H         1.36985702918220    4.32522816659335   -2.10035417053783
H         2.65706067677961    1.54295225033737   -0.84749807218950
H        -2.17702432618950    1.75814421885503   -2.65696143224192
H         1.30572925107498   -1.93051845979622   -0.97798810872402
H         0.20042410928633    0.01070417038077   -1.89730454216661
H        -1.56054596137183    1.88070889784130   -2.19393385335818
12
 energy: -21.509874195932 gnorm: 0.003090397821 xtb: 6.2.3 (830e466)
C         1.69070483675186    1.37778416778965   -1.33376303529048
C         1.14406201982252    0.15464552686437   -1.39015743767770
C         1.85628941579946   -0.97926060538020   -0.82790218158669
O         1.07797393074203    2.45182828714268   -1.83438925849356
O         1.86459223817818    3.62376783577151   -1.69052123905008
O         2.91843604477577   -0.92898699952137   -0.25442167342528
H         1.32203362199327    4.30487423790740   -2.11447696168441
H         2.66018418673289    1.53975884958880   -0.87547045796740
H        -2.14992811540454    1.83519237464430   -2.66792664447663
H         1.33025111894441   -1.94191187680843   -0.96758909573136
H         0.18355070662622   -0.01040552726078   -1.85143855053816
H        -1.50915000496550    1.91231372925939   -2.22774346408029
12
 energy: -21.509905877059 gnorm: 0.005865243612 xtb: 6.2.3 (830e466)
C         1.67585084073109    1.36490067870328   -1.32864368907091
C         1.14023218128313    0.13568195009548   -1.36713682356765
C         1.88263674604516   -0.99104430161520   -0.82740770902854
O         1.03572165971598    2.43218326288892   -1.81074388493168
O         1.80637128716057    3.61719060243744   -1.67764009395859
O         2.95841169150255   -0.92796014517218   -0.27909569701593
H         1.26818732889493    4.27975178048772   -2.13970676934306
H         2.65838024925795    1.53678882871854   -0.90134980125855
H        -2.11665820060903    1.92307288555658   -2.68107254752836
H         1.36594147021217   -1.96013807875014   -0.95649994528023
H         0.16602314254436   -0.03887662216701   -1.79717441732991
H        -1.45209839674202    1.96804915881433   -2.26932862168844
12
 energy: -21.509925640225 gnorm: 0.003097975087 xtb: 6.2.3 (830e466)
C         1.67663950103524    1.36417706164762   -1.32899812489958
C         1.14375065690320    0.13408284159441   -1.36874203292094
C         1.88474869357543   -0.99170135988022   -0.82690611364267
O         1.03493730950307    2.43021258950424   -1.81035514689873
O         1.80321297227387    3.61744597922742   -1.67464766543209
O         2.96067267395074   -0.92827561320101   -0.28069919826782
H         1.26740989026808    4.27759823021245   -2.14132266479410
H         2.65734672739593    1.53612893697456   -0.90042007133582
H        -2.11780704536191    1.92298316278461   -2.68286606414954
H         1.36732206509990   -1.96121934232200   -0.95188748873487
H         0.17163239095669   -0.04146776376208   -1.79979200273924
H        -1.46086583560359    1.97963527721767   -2.26916342618666
12
 energy: -21.509958614093 gnorm: 0.001246980010 xtb: 6.2.3 (830e466)
C         1.67674285470423    1.36403434552527   -1.32831267435663
C         1.14382999192476    0.13411543214183   -1.36760145776567
C         1.88452145043936   -0.99128124996297   -0.82473303928400
O         1.03510313821820    2.42959273812133   -1.81018679680344
O         1.80350285722665    3.61655641078030   -1.67569191052283
O         2.96350691105490   -0.92875410831796   -0.28603951192917
H         1.26687184880893    4.27718228368759   -2.13788195739983
H         2.65653563685105    1.53639051617995   -0.89759688902784
H        -2.12868529677051    1.92612328616283   -2.67178416671945
H         1.36750616672629   -1.96132848780819   -0.94887199040594
H         0.17195287684374   -0.04202387123331   -1.79894262910902
H        -1.45238843603088    1.97899270472084   -2.28815697667828
12
 energy: -21.509982508304 gnorm: 0.005276824421 xtb: 6.2.3 (830e466)
C         1.67517628549096    1.36373949144836   -1.32524823583400
C         1.14477038424182    0.13316679626108   -1.36767298300108
C         1.88856879106332   -0.99177221716054   -0.82812808714208
O         1.03456167919559    2.42760870779945   -1.81096893909299
O         1.80283547504084    3.61423517453170   -1.67863062784309
O         2.97110725029737   -0.92972670479383   -0.29897748548385
H         1.26303669548566    4.27681467031569   -2.12885633844758
H         2.65299510328305    1.53730531067102   -0.89011470480145
H        -2.14728762740405    1.93556406432470   -2.64902445258137
H         1.36262663039047   -1.96038100568168   -0.93090627211399
H         0.17432582732317   -0.04531056876715   -1.80132639418291
H        -1.43371649441132    1.97835628104840   -2.32594547947779
12
 energy: -21.510009132627 gnorm: 0.003164977627 xtb: 6.2.3 (830e466)
C         1.67531799600786    1.36297450553838   -1.32596316077775
C         1.14466302256631    0.13238546055995   -1.36690712454484
C         1.88793193151749   -0.99167795571815   -0.82452773550515
O         1.03463390540937    2.42672861418817   -1.81195948594098
O         1.80279500138612    3.61346251938217   -1.67934363319711
O         2.97531151313388   -0.93037609034885   -0.30413243664328
H         1.25988559206416    4.27779255529742   -2.12428221214856
H         2.65288880292572    1.53682970093144   -0.89047107747534
H        -2.14846919580775    1.93868794587498   -2.64642344958166
H         1.36225847666253   -1.96043638503980   -0.92701661352562
H         0.17403017999267   -0.04661258035822   -1.79992037982938
H        -1.43224722586147    1.97984170968964   -2.33485269083252
12
 energy: -21.510031013162 gnorm: 0.000781309092 xtb: 6.2.3 (830e466)
C         1.67584160665536    1.36126612363765   -1.32783921055367
C         1.14524786574613    0.13040774221665   -1.36637763335598
C         1.88896520687631   -0.99227947930308   -0.82173238583046
O         1.03451548191828    2.42489480982004   -1.81356251987175
O         1.80226659652137    3.61201089268592   -1.68012134996397
O         2.98236288420524   -0.93133958393845   -0.31292265859716
H         1.25203935128445    4.27974604770718   -2.11344408942032
H         2.65363494724836    1.53562347286780   -0.89326900001630
H        -2.15084958572980    1.94564055350303   -2.64159367788932
H         1.35972443169441   -1.95994689417880   -0.91473425305486
H         0.17379849314412   -0.04952066289304   -1.79706102952322
H        -1.42854727956731    1.98309697787214   -2.35314219192523
12
 energy: -21.510027008748 gnorm: 0.005287062793 xtb: 6.2.3 (830e466)
C         1.67654493436196    1.35764978400913   -1.33163475896437
C         1.14658707850479    0.12618545263029   -1.36543863781438
C         1.89151461838071   -0.99356783688483   -0.81632219200028
O         1.03398372180314    2.42056455274893   -1.81771234441232
O         1.79953177082977    3.60903317998229   -1.68086799820259
O         2.99583975243004   -0.93291711824324   -0.32948012449103
H         1.23463835337403    4.28291628435702   -2.08964390450027
H         2.65527423319617    1.53318506410548   -0.89988146562268
H        -2.16375580953517    1.96364629057205   -2.62062558731177
H         1.35492867875251   -1.95898174000605   -0.88857354976743
H         0.17359295412064   -0.05589614701080   -1.79162838718476
H        -1.40968028622152    1.98778223373642   -2.40399104973046
12
 energy: -21.510051488693 gnorm: 0.001773205259 xtb: 6.2.3 (830e466)
C         1.67688318691957    1.35741975497405   -1.33244902368387
C         1.14689508395723    0.12599196017403   -1.36556104709174
C         1.89263706492796   -0.99402403278098   -0.81832706153544
O         1.03375606996359    2.42037992695582   -1.81778020452192
O         1.79847084521437    3.60931219093350   -1.67972530327027
O         2.99425398347472   -0.93267029764189   -0.32704184166282
H         1.23386516043103    4.28222306504412   -2.08939945134925
H         2.65693208500038    1.53273292929904   -0.90355239838145
H        -2.15844576740628    1.96328292673856   -2.62723110140830
H         1.35518052751678   -1.95886617116975   -0.88819745351393
H         0.17304445752855   -0.05567504901922   -1.78999840825540
H        -1.41447269753086    1.98949279648949   -2.39653670532793
12
 energy: -21.510057036901 gnorm: 0.000459502964 xtb: 6.2.3 (830e466)
C         1.67723064751238    1.35626009868760   -1.33440104353278
C         1.14707741971843    0.12496371680423   -1.36463036700036
C         1.89415316863755   -0.99463844938806   -0.81829319082409
O         1.03299658197482    2.41867543264178   -1.81934810279663
O         1.79509301687985    3.60888026817777   -1.67819330589542
O         2.99559123343445   -0.93269875256785   -0.32775964099647
H         1.22916827477173    4.28093510278048   -2.08454610348632
H         2.65861447403086    1.53199941325523   -0.90853002188442
H        -2.15738307498515    1.96949429801501   -2.62557537080472
H         1.35601372290443   -1.95901481893830   -0.88410306859011
H         0.17170264487022   -0.05677270092045   -1.78561895467420
H        -1.41125810975253    1.99151639144928   -2.40480082951682
12
 energy: -21.510061305186 gnorm: 0.000435383126 xtb: 6.2.3 (830e466)
C         1.67750413534446    1.35449250508241   -1.33656622247595
C         1.14675808544200    0.12340345917871   -1.36206322192740
C         1.89574971015659   -0.99548697865240   -0.81670216205467
O         1.03140169561488    2.41626554477085   -1.82033963303191
O         1.79154381954601    3.60758848290093   -1.67851316720679
O         2.99899937781828   -0.93289694622601   -0.33031091075105
H         1.22041246517245    4.28020378167537   -2.07602020689263
H         2.66101485910001    1.53073048090408   -0.91569288308252
H        -2.15665513670695    1.97973597157407   -2.62233146715886
H         1.35741398490010   -1.95980449482029   -0.87887196460722
H         0.16936040645825   -0.05863312577103   -1.77828396203537
H        -1.40450340284901    1.99400131937996   -2.42010419877800
