12
 energy: -21.621716354187 gnorm: 0.082324015731 xtb: 6.2.3 (830e466)
C         1.46758000000000    2.10450000000000   -2.25666000000000
C         0.26216000000000    0.49118000000000   -1.07503000000000
C         1.08885000000000   -0.74153000000000   -0.86808000000000
O         0.52726000000000    1.05361000000000   -2.34687000000000
O         0.83470000000000    3.27362000000000   -1.81363000000000
O         2.30745000000000   -0.67338000000000   -0.83387000000000
H         1.48756000000000    4.00909000000000   -1.94816000000000
H         2.32824000000000    1.84461000000000   -1.59735000000000
H         1.87645000000000    2.26733000000000   -3.27818000000000
H         0.60463000000000   -1.70404000000000   -0.74179000000000
H        -0.81151000000000    0.20957000000000   -1.04465000000000
H         0.41563000000000    1.20504000000000   -0.23153000000000
12
 energy: -21.626547033137 gnorm: 0.032081621250 xtb: 6.2.3 (830e466)
C         1.48201912358721    2.10435463504064   -2.26631019808611
C         0.23963943697157    0.48796562703896   -1.06736863414230
C         1.11259741766624   -0.72565877397029   -0.83860744275123
O         0.54409141337388    1.06876909802608   -2.32152107279501
O         0.85795621099878    3.26941610606651   -1.78819709045269
O         2.31746011977726   -0.66982469199066   -0.82927470451339
H         1.47066823757224    4.00991338131566   -1.92972853659221
H         2.33321146745832    1.82309137052924   -1.61749841324882
H         1.84877054442819    2.24423118773954   -3.29926809240696
H         0.61008140563304   -1.69730218601331   -0.75600128993121
H        -0.82765695654561    0.21667485439951   -1.07290313447664
H         0.40016157907888    1.20796939181814   -0.24912139060343
12
 energy: -21.627479702586 gnorm: 0.012608916026 xtb: 6.2.3 (830e466)
C         1.48805387484290    2.10018372350741   -2.27373497224355
C         0.22514524375796    0.48653252060552   -1.07185671689659
C         1.13196261081119   -0.71746255632962   -0.85717670686843
O         0.54497418049515    1.08387793602004   -2.31656283590807
O         0.88847418416689    3.26456935312356   -1.75088339623423
O         2.32462359587287   -0.65636035208140   -0.79860944620566
H         1.47206535647957    4.00915130899598   -1.90287367047284
H         2.35448957455289    1.80403508483074   -1.65818931164066
H         1.80620187735069    2.24124463852703   -3.31687273185276
H         0.60748820958288   -1.68122657727988   -0.71949756206967
H        -0.82811236619230    0.20035030933829   -1.11072647818595
H         0.37363365827930    1.20470461074234   -0.25881617142158
12
 energy: -21.627957746833 gnorm: 0.009826146398 xtb: 6.2.3 (830e466)
C         1.49004569852035    2.09188315851148   -2.27882086666498
C         0.22061160051654    0.48924140572193   -1.07243013775770
C         1.13704146309497   -0.70496616818217   -0.82438718854340
O         0.54472378307184    1.08153307598183   -2.32133522024528
O         0.90658913635882    3.25267794239593   -1.72338415892841
O         2.32944473828030   -0.64565840717386   -0.79427255091348
H         1.47657526917483    4.00511501415939   -1.88687462108362
H         2.37470298213831    1.79208946908586   -1.68924326715433
H         1.78114740881221    2.25021656116616   -3.32646852624291
H         0.60682212250165   -1.67434709319342   -0.72383202381830
H        -0.82440352309921    0.18462182164272   -1.13101990753031
H         0.34569932062939    1.21719321988415   -0.26373153111726
12
 energy: -21.628238097040 gnorm: 0.006315680692 xtb: 6.2.3 (830e466)
C         1.49115010818290    2.08611832032080   -2.28625775360713
C         0.21702917464324    0.48949328982891   -1.08008824958702
C         1.13881102044013   -0.69668331165427   -0.81386609232382
O         0.54112890464130    1.08068385134526   -2.33127301816938
O         0.92561996432378    3.23837933786534   -1.68899883500374
O         2.33304877677276   -0.63153309964526   -0.78530819317546
H         1.48552962000773    3.99950886728204   -1.86803861551695
H         2.39191521292090    1.77430975498538   -1.72371987911534
H         1.75926294057849    2.27213862382762   -3.33690355319357
H         0.60990330296851   -1.66470251131753   -0.69782204435592
H        -0.82267799147064    0.16710569577434   -1.15154348639345
H         0.31827896599091    1.22478118138738   -0.27198027955823
12
 energy: -21.628553273738 gnorm: 0.008532600677 xtb: 6.2.3 (830e466)
C         1.49152988747676    2.07964822348880   -2.29533694758820
C         0.21164951863844    0.48802859555119   -1.09621929316399
C         1.14128356335746   -0.68412901242698   -0.80443925413491
O         0.53535554158686    1.08106311645562   -2.34797626238454
O         0.95301817885108    3.21750671654845   -1.64154887029094
O         2.33705490795219   -0.61161116066671   -0.78332756940758
H         1.49902309160427    3.98711741781988   -1.83890898875658
H         2.40788421775025    1.74718399223568   -1.76876436004600
H         1.73222250015356    2.30574292414051   -3.34528412620951
H         0.61690555775114   -1.64722726299464   -0.64174706932573
H        -0.82072560699727    0.14402651195744   -1.18122987404232
H         0.28379864187525    1.23224993789076   -0.29101738464970
12
 energy: -21.628917943661 gnorm: 0.012302206907 xtb: 6.2.3 (830e466)
C         1.49211118366704    2.07229702111393   -2.30556504140865
C         0.20144499190426    0.48447550451541   -1.12170734036512
C         1.14592906639340   -0.66356063020647   -0.79288542309495
O         0.52603616307218    1.08405724370736   -2.37073516429018
O         0.99060885261308    3.18899714341061   -1.58248929006111
O         2.34289537439139   -0.58225005298877   -0.79691187246481
H         1.51983253304829    3.96634777697090   -1.79497228976169
H         2.42259497899567    1.70975440602492   -1.82441982167391
H         1.69978497249213    2.34702692622136   -3.35141687855054
H         0.63092977372157   -1.61868170540689   -0.55130060482043
H        -0.82102026009872    0.11361627189890   -1.22284321617504
H         0.23785236979972    1.23752009473877   -0.32055305733356
12
 energy: -21.629336166416 gnorm: 0.016035282286 xtb: 6.2.3 (830e466)
C         1.49305561993189    2.06570345991088   -2.31495081767823
C         0.18674885101263    0.47807917667634   -1.15396314834956
C         1.15208289886537   -0.63496955016303   -0.78147660060660
O         0.51237707295559    1.09087885615330   -2.39520209074884
O         1.03548036655901    3.15455042765208   -1.52276227127504
O         2.34949035463865   -0.54708652413442   -0.83310257546598
H         1.54887524604853    3.93825968181594   -1.74082993314552
H         2.43197919892131    1.66855466389445   -1.88371833606377
H         1.66802837372351    2.38977679016039   -3.35133954666835
H         0.65265391881436   -1.57511258847761   -0.43134949099393
H        -0.82308592017663    0.07571835806919   -1.27269412940855
H         0.18131401870579    1.23524724844254   -0.35441105959562
12
 energy: -21.629842662188 gnorm: 0.012639050677 xtb: 6.2.3 (830e466)
C         1.49533665959998    2.06457243007545   -2.31873341006270
C         0.17546684524029    0.47136444415076   -1.17467331173806
C         1.15705744531910   -0.61057550801035   -0.77332295102408
O         0.50244618921089    1.09943136119133   -2.40466220702541
O         1.06733410185137    3.12908088090447   -1.49095491341881
O         2.35154925494616   -0.52809782318629   -0.86555375697809
H         1.57033572306549    3.91679079656848   -1.70683836405723
H         2.43464689998433    1.64508009463393   -1.92268862153889
H         1.64824811191627    2.41201602966238   -3.34686095196623
H         0.67179930180004   -1.53035793877248   -0.35253330393994
H        -0.82390611615655    0.04765422435962   -1.30762838176064
H         0.13868558322264    1.22264100842275   -0.37134982648990
12
 energy: -21.630391332453 gnorm: 0.009924359934 xtb: 6.2.3 (830e466)
C         1.50304569027944    2.06586649877521   -2.32685902247168
C         0.16155635303823    0.46117578795861   -1.20321920127513
C         1.16589431760327   -0.57598542427318   -0.75060736240252
O         0.49449678479215    1.11277905123399   -2.41428568466656
O         1.11763012803318    3.08949491831480   -1.42864161790235
O         2.35278568058188   -0.51417674433332   -0.89244792239539
H         1.59174964639526    3.89303108403138   -1.65701740221135
H         2.45642613508582    1.60915270631619   -1.99822492058510
H         1.60380788212112    2.44738897729523   -3.35407980135095
H         0.69356657999118   -1.45698254027111   -0.24708173018578
H        -0.81962332831062    0.00449743188610   -1.37093663895314
H         0.06766413038909    1.20335825306615   -0.39239869560002
12
 energy: -21.630716463652 gnorm: 0.015042854225 xtb: 6.2.3 (830e466)
C         1.50450422619254    2.07400041480616   -2.32725732110904
C         0.15898966616961    0.45162259840528   -1.21863621003034
C         1.17020593455137   -0.55750680553782   -0.74239686297412
O         0.48789914304082    1.12273704819319   -2.41328619594313
O         1.13987803040391    3.07151905341421   -1.42198921582475
O         2.35088872384890   -0.53405806225557   -0.93861311057038
H         1.60397531258562    3.88315327157981   -1.63043052378069
H         2.44900307094563    1.60879393587584   -2.02336955278003
H         1.59683218959932    2.45507063728278   -3.34531189370911
H         0.70291326979354   -1.38752303508631   -0.17327516562857
H        -0.80589525648437   -0.02410438914498   -1.40405153329898
H         0.02980568935313    1.17589533246747   -0.39718241435082
12
 energy: -21.630138185639 gnorm: 0.037144359049 xtb: 6.2.3 (830e466)
C         1.50666524336260    2.07523359301218   -2.33786309427223
C         0.14833303219892    0.43850370278460   -1.26182765786833
C         1.17821580512338   -0.52368731867102   -0.72545153948704
O         0.47409987658713    1.13503571266916   -2.43890116783228
O         1.19594221389174    3.02839071194765   -1.35664741254563
O         2.35367985002040   -0.53564377610508   -1.00805296470176
H         1.63177995040457    3.85799423066306   -1.56015694540689
H         2.45739824131839    1.57594705356169   -2.09898175958145
H         1.56185065645118    2.50842562287099   -3.34236631415251
H         0.71968994774348   -1.28824333206705    0.00946416634257
H        -0.78950828323662   -0.08485095781668   -1.48084037519636
H        -0.04914653386515    1.15249475715057   -0.43417493529804
12
 energy: -21.631206227290 gnorm: 0.013702771908 xtb: 6.2.3 (830e466)
C         1.50275346383292    2.07049869639583   -2.33881068277807
C         0.15296322344670    0.44565392629742   -1.24327386761544
C         1.17597322470625   -0.53768520069435   -0.73145658473668
O         0.47583597799936    1.12833293445084   -2.43223813593165
O         1.18117234658604    3.04501118746792   -1.37042426454333
O         2.34858787798488   -0.53707233562131   -0.94968270968786
H         1.62373926626394    3.86829673638178   -1.58628122669889
H         2.46059970285055    1.58467196916023   -2.08343448220427
H         1.56425616025230    2.49845566233097   -3.35100735188339
H         0.71364837015094   -1.32059439876004   -0.07642819149168
H        -0.78987768829980   -0.06955174382664   -1.45093780918890
H        -0.02065192577408    1.16358256641742   -0.42182469323981
12
 energy: -21.631385141490 gnorm: 0.008996935658 xtb: 6.2.3 (830e466)
C         1.50410649022049    2.06906152741036   -2.33399758975119
C         0.15256629711461    0.44638576330878   -1.24025315029115
C         1.17591344115524   -0.53479056996312   -0.72928562762761
O         0.47840629867473    1.12733180151745   -2.42914153131212
O         1.17967660307647    3.04059602885436   -1.37444347864578
O         2.34931138479210   -0.54919424914824   -0.97442440068508
H         1.61856440919124    3.86698590292961   -1.59322145565893
H         2.45820400357053    1.58652375419556   -2.07548154043465
H         1.57153395786363    2.49661130844782   -3.34193646664275
H         0.71394326561809   -1.29978821579907   -0.07069288534708
H        -0.78585141589470   -0.07345677700567   -1.45147775113122
H        -0.02737473538241    1.16333372525225   -0.42144412247241
12
 energy: -21.631627229810 gnorm: 0.009183876781 xtb: 6.2.3 (830e466)
C         1.50335014432336    2.06897737601219   -2.33507462433645
C         0.15161176382083    0.44334594143331   -1.25078211690055
C         1.17788015295869   -0.52823085883084   -0.73002550818475
O         0.47484383207636    1.13178620601882   -2.43642228693859
O         1.19149873301130    3.02957148094958   -1.36141630204543
O         2.34599638088469   -0.56601223995998   -0.99746246244045
H         1.62106952654311    3.86132408810603   -1.57902995331511
H         2.45758828164217    1.58080264720595   -2.08960376971320
H         1.56737145831534    2.51072833973688   -3.33566359669168
H         0.71933378054764   -1.25513176600446   -0.01882438067905
H        -0.77479884979881   -0.09139545809900   -1.46873923399986
H        -0.04674520432467    1.15383424343160   -0.43275576475486
12
 energy: -21.631774604969 gnorm: 0.017125135648 xtb: 6.2.3 (830e466)
C         1.50228996734915    2.06403945614225   -2.34032426564609
C         0.14442434060109    0.43788554417416   -1.27373500197606
C         1.18427260854497   -0.50551290134927   -0.72279989974856
O         0.46375947362384    1.14091154918718   -2.45313366750104
O         1.22895831913644    2.99829374056769   -1.31902741857653
O         2.33829091153482   -0.59555028724508   -1.05028187587350
H         1.63407441776487    3.84086623304712   -1.53856036523130
H         2.46130348195555    1.55751663464282   -2.13399247152983
H         1.54860743124270    2.54554143930660   -3.32580584320156
H         0.74396770716750   -1.14153615014308    0.09739513558315
H        -0.75263834021203   -0.14170359621751   -1.51637635595389
H        -0.10831031870890    1.13884833788720   -0.45915797034474
12
 energy: -21.631975783531 gnorm: 0.004883896012 xtb: 6.2.3 (830e466)
C         1.50163499221900    2.06268752088081   -2.33821613950606
C         0.14566221079551    0.44046055607223   -1.26673123274388
C         1.18158936671702   -0.51414524962453   -0.72947512451573
O         0.46548524536460    1.13818621266438   -2.45034586902399
O         1.21518298356954    3.00786267847315   -1.33352276530221
O         2.33526868750668   -0.59242702607448   -1.03784473274045
H         1.62827430534807    3.84607732859173   -1.55025145442844
H         2.45790159263170    1.56277925978817   -2.11403368595390
H         1.55850522284164    2.53306249817252   -3.32657202600973
H         0.74549396679627   -1.16460593049882    0.06393202298285
H        -0.75831551713841   -0.12451695565323   -1.49814492915838
H        -0.08768305665160    1.14417910720815   -0.45459406360005
12
 energy: -21.632072682067 gnorm: 0.005268010054 xtb: 6.2.3 (830e466)
C         1.50423274612290    2.06064594407517   -2.33665263380449
C         0.14362433345624    0.44028313877331   -1.26850725043358
C         1.18130294374157   -0.50993946540559   -0.72937701064089
O         0.46668791942473    1.13858201742466   -2.45079322747149
O         1.21784173542647    3.00038072326863   -1.32851546708527
O         2.32973390264288   -0.60230495481209   -1.05694783874888
H         1.62436040921695    3.84278754937386   -1.54734875030445
H         2.45919039972093    1.55937068371572   -2.11414789484664
H         1.56003673291025    2.53498012545114   -3.32314807630082
H         0.75514793465266   -1.13898658908453    0.08233218890697
H        -0.75688992001174   -0.12900400057582   -1.50479977572746
H        -0.09626913730383    1.14280482779563   -0.45789426354295
12
 energy: -21.632226162801 gnorm: 0.010686384704 xtb: 6.2.3 (830e466)
C         1.50790840758572    2.05416739700897   -2.33398087710009
C         0.13570006480934    0.43851352082092   -1.27864988965948
C         1.18279905877160   -0.49494591291194   -0.72919865325979
O         0.46449840799879    1.13988401877487   -2.45716726800733
O         1.22873626134668    2.98046150110195   -1.31135318032801
O         2.31246555714104   -0.62875763184628   -1.11480947110875
H         1.62091777024240    3.82955774078938   -1.52630258106250
H         2.46054513086102    1.54351803789276   -2.11982009961243
H         1.56363988211094    2.54021545628792   -3.31318165410896
H         0.79269533125116   -1.05710532665133    0.14858485132655
H        -0.75431282635811   -0.14585285108902   -1.52730412593873
H        -0.12659304576056    1.13994404982189   -0.47261705114044
12
 energy: -21.632308109689 gnorm: 0.006039216830 xtb: 6.2.3 (830e466)
C         1.51021264302629    2.05166452748433   -2.33167179806328
C         0.13416652387203    0.43919178364693   -1.27833942926902
C         1.18168394769834   -0.49468196365604   -0.73109507064506
O         0.46724343703171    1.13692461936706   -2.45778460990722
O         1.22486690372279    2.97891178604805   -1.30966568920310
O         2.30455936826505   -0.63588603215047   -1.12629711496676
H         1.61389045147178    3.82982345521107   -1.52855914829822
H         2.46205392263547    1.54124758314630   -2.11196663308469
H         1.56958451428589    2.53739150639484   -3.31236622213285
H         0.80411513573546   -1.04769483673490    0.15155428426497
H        -0.75928809313044   -0.14137494929287   -1.52580427082708
H        -0.12408875461436    1.14408252053580   -0.47380429786764
12
 energy: -21.632394455596 gnorm: 0.005176222266 xtb: 6.2.3 (830e466)
C         1.51301600818155    2.04855000138871   -2.32614700958781
C         0.13332690758734    0.43952599234288   -1.28105923498533
C         1.18032387039052   -0.49529930646153   -0.73704650459072
O         0.47242796320744    1.13207798480078   -2.46200706489666
O         1.21432810276264    2.97762520088108   -1.31088138266583
O         2.28806349351153   -0.66376422076124   -1.16083536172893
H         1.59807125132416    3.83104994812898   -1.52912015939620
H         2.46105987528192    1.54016486251620   -2.09227528578975
H         1.58602983640679    2.53224064406446   -3.30685585379737
H         0.82445014111192   -1.01641947478811    0.17471699311473
H        -0.76391626278908   -0.13487996608850   -1.52413140862319
H        -0.11818118697671    1.14872833397638   -0.48015772705290
12
 energy: -21.632450797542 gnorm: 0.004089931897 xtb: 6.2.3 (830e466)
C         1.51371484284802    2.05123804718532   -2.32354886172395
C         0.13746321464137    0.44249333928998   -1.27688525982587
C         1.18427438408262   -0.49307720183763   -0.73180836230064
O         0.47600777941247    1.13094567171221   -2.46047421410215
O         1.20561299842127    2.98931367991598   -1.31754578953873
O         2.28201962690723   -0.68201640595970   -1.17085913246489
H         1.58835096693069    3.84121799552024   -1.53990257466857
H         2.46243837916232    1.54600401182606   -2.07906383252617
H         1.59385531299796    2.52576486732721   -3.30864981197478
H         0.81874212175427   -1.03493594588506    0.16548527436557
H        -0.76192670743206   -0.13213879648561   -1.51619364645259
H        -0.11155291972613    1.15479073739109   -0.47635378878717
12
 energy: -21.632519122057 gnorm: 0.001523840649 xtb: 6.2.3 (830e466)
C         1.51437619654522    2.05321070595365   -2.32025227956114
C         0.13944563479356    0.44276070336765   -1.27560364769034
C         1.18212873154673   -0.50294039091133   -0.73837910960386
O         0.47813966953897    1.13127852147103   -2.45912299675077
O         1.19892945270392    2.99840826314404   -1.32181618642415
O         2.27725022583645   -0.69533716818405   -1.18064158428697
H         1.58127319609179    3.84899487716825   -1.54756295563430
H         2.46269552298963    1.54958118709200   -2.06630870670849
H         1.60167990728108    2.52090909543373   -3.30840538601014
H         0.82194096648467   -1.03291343421737    0.16851782908200
H        -0.76267550291019   -0.12924912379081   -1.51359488381447
H        -0.10618400090181    1.15489676347330   -0.47263009259733
12
 energy: -21.632592926320 gnorm: 0.002892610419 xtb: 6.2.3 (830e466)
C         1.51626267525307    2.05604556138025   -2.31247441537890
C         0.14325223346111    0.44401262555858   -1.27182049038916
C         1.17987633462815   -0.51861463937158   -0.75001125573697
O         0.48333710204287    1.13166420513192   -2.45501954913114
O         1.18320577820033    3.01631258047851   -1.33277339738114
O         2.26642229067057   -0.72446475427860   -1.20677047097194
H         1.56325693361753    3.86514673558218   -1.56785272682038
H         2.46114026937201    1.55699250395606   -2.03298687302850
H         1.62174995310882    2.50939510319372   -3.30586596020220
H         0.82864688745817   -1.03201096655700    0.17089340123513
H        -0.76531365191133   -0.12078571342367   -1.50557957148340
H        -0.09283680590129    1.15590675834973   -0.46553869071134
12
 energy: -21.632632170093 gnorm: 0.002346668497 xtb: 6.2.3 (830e466)
C         1.51746626747881    2.05672623911305   -2.30848885844731
C         0.14495212091932    0.44480358472015   -1.26978262598859
C         1.17943420510290   -0.52319818452547   -0.75351529167181
O         0.48578555227668    1.13206191658444   -2.45284207835146
O         1.17656938779732    3.02358373905968   -1.33806236493617
O         2.26065271464148   -0.73687527547443   -1.21940882701793
H         1.55336840681095    3.87246800552812   -1.57902779227325
H         2.45969003287935    1.56002569241358   -2.01707493324967
H         1.63180379627367    2.50368479951520   -3.30344137942761
H         0.83161341650600   -1.03417953691528    0.16978630354946
H        -0.76655868981663   -0.11590016146848   -1.50157005737864
H        -0.08577721086981    1.15639918144953   -0.46237209480697
12
 energy: -21.632682122254 gnorm: 0.001184309632 xtb: 6.2.3 (830e466)
C         1.51963214772468    2.05711362529092   -2.30301226330265
C         0.14676954311954    0.44582703968275   -1.26701225325437
C         1.17887629937056   -0.52780566444644   -0.75729166738628
O         0.48875782727579    1.13301134008487   -2.44979344814580
O         1.17021653425497    3.03167762879628   -1.34408049232497
O         2.25305399920317   -0.75066533804204   -1.23516702469114
H         1.53836969521550    3.88194071477502   -1.59491211582088
H         2.45760427852183    1.56275118037461   -1.99737567549990
H         1.64513771541488    2.49620185237623   -3.29944122237116
H         0.83563486817083   -1.03852798222964    0.16711182600461
H        -0.76855425835031   -0.10882303851481   -1.49682612632062
H        -0.07649864992140    1.15689864185234   -0.45799953688677
12
 energy: -21.632761466176 gnorm: 0.002946226120 xtb: 6.2.3 (830e466)
C         1.52507835101945    2.05794859650574   -2.29173666694653
C         0.15022774980138    0.44800644602588   -1.26122380712515
C         1.17733631980340   -0.53762853768767   -0.76521222816406
O         0.49449484990537    1.13552249319722   -2.44344153076544
O         1.16131229508008    3.04723810259371   -1.35418882695247
O         2.23838694021735   -0.77679022408487   -1.26518024788981
H         1.50388946123244    3.90219126776120   -1.62878279358421
H         2.45453875992681    1.56654040296069   -1.95981148392477
H         1.67189069519809    2.48145681068265   -3.29132950459024
H         0.84283246354559   -1.04891866390796    0.16097502354845
H        -0.77297958377663   -0.09409705614516   -1.48750619689233
H        -0.05800830195331    1.15813036209865   -0.44836173671337
12
 energy: -21.632830648405 gnorm: 0.004840137568 xtb: 6.2.3 (830e466)
C         1.53037676070923    2.05917947908385   -2.28238018455680
C         0.15343604701936    0.44990627361734   -1.25625757840374
C         1.17532107594557   -0.54746947841725   -0.77271048635116
O         0.49918903584070    1.13826170409798   -2.43777461217770
O         1.15744819606794    3.05996435247198   -1.36121574371275
O         2.22654655642818   -0.79766166294139   -1.28783235558611
H         1.47147035685769    3.91955913110753   -1.65943891074146
H         2.45276858726464    1.56928935665174   -1.93029104895468
H         1.69397192409722    2.47018294723882   -3.28422576175612
H         0.84715880430123   -1.05889480899909    0.15518323210113
H        -0.77656826454867   -0.08157864370775   -1.47934702700173
H        -0.04211907998305    1.15886134979634   -0.43950952285881
12
 energy: -21.632842656208 gnorm: 0.024657603106 xtb: 6.2.3 (830e466)
C         1.55113798602546    2.06470677286643   -2.24731879331435
C         0.16639901870487    0.45759374308321   -1.23734727517167
C         1.16719083947430   -0.58566234665971   -0.80144954648002
O         0.51692815203441    1.14934756521143   -2.41618757385687
O         1.14721639972663    3.10763496232665   -1.38610125829112
O         2.18279575577275   -0.87577749364150   -1.37030482015404
H         1.34404497892872    3.98380979497836   -1.77768274295224
H         2.44656738647940    1.57948102988496   -1.82134692567312
H         1.77686492739922    2.42901859245696   -3.25694718324465
H         0.86018144722529   -1.09840268778646    0.13182136474312
H        -0.78934327619748   -0.03385695468270   -1.44748222350105
H         0.01901638442648    1.16170702196246   -0.40545302210387
12
 energy: -21.633012402285 gnorm: 0.006724018456 xtb: 6.2.3 (830e466)
C         1.54132443383857    2.06399120674603   -2.26217023285922
C         0.16204365940084    0.45433857377577   -1.24486080039939
C         1.17020166041628   -0.57142431360475   -0.79073173482230
O         0.50882090731967    1.14521646848609   -2.42524611542205
O         1.14897108177755    3.09161473507239   -1.37991223566346
O         2.20054361092008   -0.84222050883453   -1.33479687769067
H         1.39871152319836    3.95445924711254   -1.72963866051134
H         2.44604122322197    1.57758538338840   -1.86259657228428
H         1.74508418505035    2.44467338055753   -3.26840279260212
H         0.85389724243710   -1.08556933507548    0.13908328357404
H        -0.78359742790723   -0.05274760245077   -1.45841607463302
H        -0.00304209967349    1.15968276482687   -0.41811118668608
12
 energy: -21.633108678752 gnorm: 0.007226394739 xtb: 6.2.3 (830e466)
C         1.54586656549351    2.06654610074519   -2.25422967690007
C         0.16607574670026    0.45626029586016   -1.24022143409411
C         1.16783069278547   -0.58145512427321   -0.79812825431682
O         0.51313230200128    1.14787824415233   -2.42014075293162
O         1.14720549606480    3.10392165340373   -1.38712475900452
O         2.19080609703682   -0.85990248994411   -1.35195776715587
H         1.36853899172981    3.96588124439658   -1.75858632654918
H         2.44356177895060    1.58244007515107   -1.83729933873224
H         1.76432289553513    2.43560774280520   -3.26113897691364
H         0.85429043759974   -1.09648985760761    0.13217831335982
H        -0.78564491124492   -0.04118588819336   -1.44934528967958
H         0.01301390734755    1.16009800350409   -0.40980573708206
12
 energy: -21.632650878044 gnorm: 0.044893617886 xtb: 6.2.3 (830e466)
C         1.57798791951628    2.08386755319163   -2.20233411318606
C         0.19310671154583    0.46972238211003   -1.20971943082871
C         1.15143788430233   -0.64599493286211   -0.84596396962740
O         0.54242253680747    1.16620809905194   -2.38569776605224
O         1.14703143571409    3.17971302810410   -1.42804608885019
O         2.12982760577320   -0.97116491331866   -1.45829073004630
H         1.16200317542950    4.03485956166143   -1.95217361633321
H         2.43039724153578    1.61344670258584   -1.68101759925277
H         1.88531917232624    2.38058289694286   -3.21168973736195
H         0.84986036227081   -1.16896315470710    0.08488553202308
H        -0.79745885995009    0.03437065223847   -1.38965622188127
H         0.11706481472861    1.16295212500165   -0.35609625860283
12
 energy: -21.633589212128 gnorm: 0.005074445679 xtb: 6.2.3 (830e466)
C         1.56238966838453    2.07997648203195   -2.22405034529956
C         0.18440450062860    0.46497987907519   -1.22170787295901
C         1.15803327835810   -0.62182310814351   -0.82973121128283
O         0.52992143376417    1.15793787179690   -2.40088921936961
O         1.13962335144100    3.15521759935664   -1.41922021444056
O         2.15633220908743   -0.92650450836482   -1.41564760594445
H         1.25122072051695    3.99638667849152   -1.87088897635775
H         2.43086407257922    1.60665483000393   -1.73812762610285
H         1.83947536669527    2.40076281970439   -3.23189134812199
H         0.84793088225631   -1.14037246877870    0.10187866243703
H        -0.79054162620890    0.00386513248306   -1.40806672191458
H         0.07934614249738    1.16251879234354   -0.37745752064370
12
 energy: -21.633783021410 gnorm: 0.012428183495 xtb: 6.2.3 (830e466)
C         1.56763580284248    2.08411909966790   -2.22067843312945
C         0.18874417492329    0.46588486108857   -1.21839488725543
C         1.15384863079226   -0.62915800744102   -0.83242561315142
O         0.53407874015336    1.16118078828608   -2.39551987648103
O         1.15593805917524    3.15760667323120   -1.41775812909740
O         2.15465904367857   -0.92891114486479   -1.41006701777505
H         1.22460376847810    3.99417888505397   -1.89593472596951
H         2.43314340657555    1.61406163847894   -1.73971375554379
H         1.84124499658861    2.40364196738810   -3.22377449099011
H         0.83459015093647   -1.15400198646935    0.09285692430860
H        -0.78863991750073    0.01072485426839   -1.40210144449202
H         0.08915314335686    1.16027237131210   -0.37228855042325
12
 energy: -21.634088401205 gnorm: 0.033843497000 xtb: 6.2.3 (830e466)
C         1.58497787023594    2.09544234222990   -2.19762144057988
C         0.20254284875836    0.47420183934924   -1.20321941897653
C         1.14473334571970   -0.65466076320406   -0.85540274362301
O         0.54455929589479    1.17496240653498   -2.37679950323186
O         1.17756541055217    3.19107731678780   -1.43201189600219
O         2.13591200015504   -0.95874643736700   -1.44411629483983
H         1.11464599023353    4.00230860812842   -1.99220933269142
H         2.42657158271048    1.62637194580706   -1.67805087584540
H         1.89366896514875    2.38131708704473   -3.20054251407384
H         0.81586953314878   -1.19745082851063    0.05812723795267
H        -0.79075577808258    0.04583225170649   -1.36897434703301
H         0.13870893552511    1.15894423149315   -0.34497887105554
12
 energy: -21.634561480142 gnorm: 0.019071386283 xtb: 6.2.3 (830e466)
C         1.58483158382852    2.09455112971789   -2.19630380339712
C         0.20174059293223    0.47570922013141   -1.20273024297842
C         1.14593419224695   -0.65203427157316   -0.85815398848308
O         0.54185376632863    1.17666016537960   -2.37677334542709
O         1.17287345857238    3.19602366978213   -1.43701052650570
O         2.13718256868191   -0.95465365647348   -1.45082257088066
H         1.11242460454692    3.99616814699889   -1.99006265992443
H         2.42332501134895    1.62243419374659   -1.66770056785523
H         1.90144978639874    2.37469006480000   -3.20204122668248
H         0.81881401668020   -1.19719925555878    0.05460069176637
H        -0.79243486651682    0.04751470802689   -1.36561478934521
H         0.14100528495147    1.15973588502211   -0.34318697028679
12
 energy: -21.635527558728 gnorm: 0.015443626749 xtb: 6.2.3 (830e466)
C         1.60068544495078    2.10000039485093   -2.17800538902957
C         0.20954332402009    0.48618401173850   -1.19052061632602
C         1.14076326833924   -0.66200581494268   -0.87877278894426
O         0.54317358918774    1.19274719795143   -2.36221774652518
O         1.19264547664766    3.22832533495076   -1.45616376093074
O         2.13037944348456   -0.96034326345799   -1.48412732776544
H         1.01376516631783    3.97410229741655   -2.05327690052390
H         2.41595038982627    1.62311492391907   -1.61125550010974
H         1.95240363493048    2.34648933501770   -3.18637539463967
H         0.80610428713833   -1.22884866422787    0.01957548364869
H        -0.79774575605609    0.07912063612203   -1.33482047820123
H         0.18133173121319    1.16071361066165   -0.31983958065278
12
 energy: -21.636591686507 gnorm: 0.030230432641 xtb: 6.2.3 (830e466)
C         1.62396323524139    2.10285993548568   -2.16845466347744
C         0.21386966854262    0.49916547255803   -1.17896954198434
C         1.13311336952714   -0.65994366097105   -0.89031342723226
O         0.54118546921381    1.21604655927451   -2.34514240421952
O         1.25612112340440    3.24709592968669   -1.46504026911553
O         2.13997897800571   -0.93154265812655   -1.48527469063249
H         0.89048718606539    3.90834074928340   -2.09855929949712
H         2.42191765727721    1.62067035646523   -1.59671883070465
H         1.98188225412149    2.32808539310825   -3.17448495827001
H         0.77616843994915   -1.26461167326757   -0.02411270876483
H        -0.80247250408940    0.11307730208194   -1.31011672490798
H         0.21278512274116    1.16035629442154   -0.29861248119365
12
 energy: -21.637091889158 gnorm: 0.026316049951 xtb: 6.2.3 (830e466)
C         1.62970796211044    2.09236470804672   -2.18228846725871
C         0.20237844676389    0.50309182898036   -1.18182339289687
C         1.13431285402518   -0.63555903073375   -0.87884215122397
O         0.52916925584696    1.22724571644424   -2.34414074757864
O         1.29736898014419    3.23275855434212   -1.46084911238287
O         2.16511638077280   -0.87134463825624   -1.44797947933703
H         0.87954666380725    3.84579878901644   -2.04899195535567
H         2.43506889981045    1.60419705246242   -1.64157082300349
H         1.95867845646266    2.32945883435318   -3.18915072233168
H         0.77183129446792   -1.26223388804806   -0.03544033454975
H        -0.80808261556644    0.11452242190254   -1.32307221525372
H         0.19390342135478    1.15929965149011   -0.30165059882743
12
 energy: -21.637668796889 gnorm: 0.026677227066 xtb: 6.2.3 (830e466)
C         1.65098476539888    2.08872697888963   -2.17711348012940
C         0.20295366520049    0.51794081161679   -1.16949091076076
C         1.12954015524508   -0.63768097088597   -0.89400652009504
O         0.52773317722886    1.25097722769420   -2.32728480224109
O         1.33711583608442    3.25496342365321   -1.48455274608935
O         2.16428231591049   -0.84896338072052   -1.45564142712875
H         0.76293406289988    3.80207080804784   -2.07087747721394
H         2.43812403435932    1.59384967168025   -1.60662482406078
H         2.00029856014969    2.29495220769950   -3.19331512374633
H         0.76779545212796   -1.29652911870087   -0.07911375446006
H        -0.82117389447849    0.15678978461906   -1.30226428399278
H         0.22841186987348    1.16250255640697   -0.27551465008155
12
 energy: -21.637955598233 gnorm: 0.007938532182 xtb: 6.2.3 (830e466)
C         1.64215330674371    2.08973600109706   -2.17902048326317
C         0.20569158549534    0.51499707739483   -1.17131452891781
C         1.13233788204860   -0.64673566261520   -0.89199290876656
O         0.53660205520401    1.23733500451657   -2.33405558834991
O         1.30088110830055    3.25122341278706   -1.48499462561202
O         2.15069421596660   -0.88673314845216   -1.46780839188147
H         0.80396667776788    3.84385913959083   -2.05801104310131
H         2.43750243527198    1.60284755177847   -1.60282110980349
H         1.99403941597586    2.29994302088014   -3.19748214861811
H         0.78068698842602   -1.28129768190623   -0.05749573414938
H        -0.81576142812576    0.14593497124007   -1.30731222173524
H         0.22020575692528    1.16849031368865   -0.28349121580135
12
 energy: -21.638199226925 gnorm: 0.009775255095 xtb: 6.2.3 (830e466)
C         1.64547847839649    2.08959712103604   -2.18492210341789
C         0.20661425025817    0.51813096704852   -1.17110448972078
C         1.13114126540583   -0.64218052562813   -0.88600545466226
O         0.54017195196585    1.23642007618612   -2.33524833130897
O         1.32155220967591    3.24491519387117   -1.48011617961935
O         2.15391187753730   -0.88826828255119   -1.46148337425008
H         0.78572623186723    3.82146811210923   -2.03901917233813
H         2.44908003864856    1.60860365661456   -1.62606992568409
H         1.98149439181193    2.30602429356334   -3.20197084422728
H         0.77071827420362   -1.27351678182775   -0.05200639831053
H        -0.81018909982466    0.14446941339450   -1.30917938238730
H         0.21330013005382    1.17393675618367   -0.28867434407318
12
 energy: -21.638376758642 gnorm: 0.015067756238 xtb: 6.2.3 (830e466)
C         1.65235816748073    2.08872616622574   -2.19145176228336
C         0.20857777683626    0.52394361136685   -1.16881371667732
C         1.12906301479499   -0.63976952711390   -0.88371135004664
O         0.54224728942588    1.24258927551574   -2.33314977913474
O         1.34823639526648    3.24851338574987   -1.48536371806401
O         2.15332044830246   -0.88438947449221   -1.45632287015137
H         0.74090861415135    3.79278450497528   -2.01943999398074
H         2.46005048906585    1.60892137540499   -1.63674494639726
H         1.98159260947172    2.30215092940859   -3.21283620637987
H         0.76280130025347   -1.27599744612250   -0.05529291062049
H        -0.80906417939603    0.15318547988880   -1.30770920323224
H         0.21890807434693    1.17894171919283   -0.28496354303179
12
 energy: -21.638614189985 gnorm: 0.005167280671 xtb: 6.2.3 (830e466)
C         1.65785897454462    2.09101662157238   -2.19676421841322
C         0.21205559071476    0.52517445265740   -1.17289529769580
C         1.12496121961357   -0.64299354590627   -0.88219451674080
O         0.54937301395323    1.24172884374806   -2.33758650324375
O         1.35094235325877    3.24776253145161   -1.48338938023033
O         2.14737946380354   -0.89496273711079   -1.45021705106179
H         0.72418901169279    3.78007960283344   -1.99451196700308
H         2.47310667416329    1.60748602265450   -1.65019744532730
H         1.97940448201881    2.31231893536687   -3.22141692410405
H         0.75947387256205   -1.26445159775303   -0.04013033746613
H        -0.80596744512824    0.15334741872389   -1.31688999646146
H         0.21622278880287    1.18309345176205   -0.28960636225212
12
 energy: -21.638754366964 gnorm: 0.004490111667 xtb: 6.2.3 (830e466)
C         1.66627568243236    2.09311952827404   -2.20661831390072
C         0.21849782770381    0.52936447154510   -1.17849367377255
C         1.12737972522972   -0.63692129041178   -0.86769117069619
O         0.56222021926867    1.23740503542718   -2.34659432638164
O         1.35622659436858    3.24120576613242   -1.47723803365990
O         2.13763677662945   -0.91509948692950   -1.44238037489137
H         0.69443077132289    3.75527934124045   -1.95288877789239
H         2.49361284127265    1.60669904568156   -1.67504616265139
H         1.97487365154425    2.33030206906536   -3.23449010906512
H         0.74523160336140   -1.25099879792213   -0.02491443270628
H        -0.79902651859623    0.15370138310276   -1.32930463578432
H         0.21164082546253    1.19554293479461   -0.30013998859796
12
 energy: -21.638848161184 gnorm: 0.003711040964 xtb: 6.2.3 (830e466)
C         1.67290567710137    2.09309346363799   -2.21433316349293
C         0.22098896508748    0.53223182143017   -1.18691287158883
C         1.12176224066326   -0.63791153480579   -0.86649356156375
O         0.57201831075200    1.23439837971701   -2.35639498173168
O         1.36401585298671    3.23070738664606   -1.46740667123190
O         2.13082593380013   -0.92958874820943   -1.43643878958306
H         0.67040562882659    3.73105399598557   -1.91452263293595
H         2.50823783999371    1.60463758261232   -1.69653752985536
H         1.97110552898775    2.34587845026161   -3.24242279638750
H         0.74564704112017   -1.22373908866455    0.00136272718315
H        -0.79592614913509    0.15634769466373   -1.34411322991054
H         0.20701312981600    1.20249059672539   -0.31158649890147
12
 energy: -21.638892120180 gnorm: 0.002281199520 xtb: 6.2.3 (830e466)
C         1.67554410905517    2.09163741069435   -2.21862642304413
C         0.22154533786848    0.53480638048969   -1.19249410171275
C         1.12108050302768   -0.63336879396143   -0.86243183301475
O         0.57678339127164    1.23210338509144   -2.36371996815070
O         1.36888979975372    3.22098051777532   -1.45949115134794
O         2.12632963844776   -0.93587593332343   -1.43390396160607
H         0.65922335049070    3.71359327002019   -1.89201014593438
H         2.51392870958950    1.60264826862438   -1.70890224377844
H         1.96809401122365    2.35435794734584   -3.24495266939983
H         0.74714024764429   -1.20732553065183    0.01348281388024
H        -0.79401408158997    0.15759371251949   -1.35209240319295
H         0.20445498321745    1.20844936537606   -0.32065791269813
12
 energy: -21.638921639090 gnorm: 0.000841625415 xtb: 6.2.3 (830e466)
C         1.67668446576412    2.08882798093318   -2.22202927463094
C         0.22038192523052    0.53701885628649   -1.19879479845942
C         1.12141362866414   -0.62657122713068   -0.85793849767737
O         0.57967898674747    1.22942475259674   -2.37197422960051
O         1.37182725340566    3.20810281088870   -1.44877306908061
O         2.12238740304950   -0.93868828734310   -1.43219194702206
H         0.65533245515097    3.69714839238537   -1.87162733052171
H         2.51748607050636    1.59781606076124   -1.72108503603173
H         1.96380877876996    2.36326061347789   -3.24561466748291
H         0.75277797042367   -1.18919511524799    0.02551215229275
H        -0.79328050232036    0.15747909748881   -1.35998224960340
H         0.20050156460806    1.21497606490343   -0.33130105218190
12
 energy: -21.638932446338 gnorm: 0.000863550411 xtb: 6.2.3 (830e466)
C         1.67817661195124    2.08633252642577   -2.22551149291821
C         0.21881854750699    0.53811697634016   -1.20428306655145
C         1.12187532175231   -0.62081931894997   -0.85336976433560
O         0.58185106268139    1.22685935214815   -2.37885224198475
O         1.37440439644810    3.19656272182203   -1.43843851163265
O         2.11986719130390   -0.93969271331300   -1.42907402720405
H         0.65346056782334    3.68635767245512   -1.85262811762232
H         2.52291927736064    1.59086965176488   -1.73463122710877
H         1.95884580082475    2.37249279411095   -3.24775009447406
H         0.75788413272628   -1.17376198546984    0.03730331208455
H        -0.79315824838101    0.15542312559144   -1.36799955339847
H         0.19405533800215    1.22085919707440   -0.34056521485403
12
 energy: -21.638938279530 gnorm: 0.001212423790 xtb: 6.2.3 (830e466)
C         1.67707423792012    2.08522039199513   -2.22595097870887
C         0.21704123730094    0.53709756739171   -1.20527481951280
C         1.12271316931521   -0.61898984716133   -0.85254358093322
O         0.57989151394513    1.22618536621076   -2.37970540063994
O         1.37513993486729    3.19310323903115   -1.43503237686927
O         2.12136199449465   -0.93610674591554   -1.42769621867729
H         0.66061418957575    3.68972943105061   -1.85082469871248
H         2.52253384662416    1.58712744181280   -1.73853774577255
H         1.95605563755469    2.37415753204954   -3.24766466435409
H         0.76129839760939   -1.17056060352088    0.03983689231636
H        -0.79385606730669    0.15178372419088   -1.37018606198959
H         0.18913190809944    1.22085250286523   -0.34222034614609
12
 energy: -21.638943929118 gnorm: 0.000486525593 xtb: 6.2.3 (830e466)
C         1.67585980472551    2.08414197837537   -2.22699771820733
C         0.21512512295990    0.53564648949382   -1.20632197720581
C         1.12427335722832   -0.61665582562426   -0.85069227448541
O         0.57716717527338    1.22575734369112   -2.38032169531150
O         1.37760728658497    3.18934081347721   -1.43117739165419
O         2.12404507755539   -0.93228670815325   -1.42510151317778
H         0.66956936313226    3.69646232726011   -1.84766348999924
H         2.52235833443812    1.58247685887211   -1.74446601581847
H         1.95147527119006    2.37608124190080   -3.24879340949520
H         0.76404627602730   -1.16712568655574    0.04322017379041
H        -0.79385506345737    0.14574931823696   -1.37379714475554
H         0.18132799434223    1.22001184902582   -0.34368754367974
12
 energy: -21.638945476796 gnorm: 0.000286716300 xtb: 6.2.3 (830e466)
C         1.67482989349526    2.08340472320651   -2.22762450402434
C         0.21397754738169    0.53509178989751   -1.20729165373167
C         1.12520158525524   -0.61495599240762   -0.84979410960166
O         0.57537224658797    1.22595801378605   -2.38092352079313
O         1.37954230427406    3.18685445090540   -1.42882072001507
O         2.12548334318345   -0.93028128837439   -1.42358215647077
H         0.67518200941197    3.69902292815647   -1.84527885731560
H         2.52139824172923    1.58040914139137   -1.74759812343820
H         1.94852362498548    2.37690793085187   -3.24936807793818
H         0.76589235890450   -1.16403498775049    0.04549781160858
H        -0.79349235608875    0.14223311072662   -1.37629011447242
H         0.17708920087999    1.21899017961079   -0.34472597380735
