12
 energy: -21.603793698379 gnorm: 0.097399197303 xtb: 6.2.3 (830e466)
C         0.78577000000000    1.17743000000000   -1.77339000000000
C         0.29303000000000    0.20443000000000   -0.74652000000000
C         1.18939000000000   -0.99400000000000   -0.68985000000000
O         0.08090000000000    1.48991000000000   -2.71968000000000
O         2.19559000000000    4.24632000000000   -2.70537000000000
O         2.36843000000000   -0.87446000000000   -0.39512000000000
H         1.32788000000000    4.27873000000000   -2.22915000000000
H         1.77554000000000    1.61184000000000   -1.67586000000000
H         2.04887000000000    3.60479000000000   -3.44539000000000
H         0.78891000000000   -1.97969000000000   -0.90297000000000
H        -0.73821000000000   -0.12461000000000   -1.00002000000000
H         0.27290000000000    0.69889000000000    0.24753000000000
12
 energy: -21.609164292814 gnorm: 0.039587787725 xtb: 6.2.3 (830e466)
C         0.76885208648120    1.17928596452492   -1.77334754641260
C         0.27837763628747    0.19720998430841   -0.74824178250768
C         1.20943245995484   -0.98303705566975   -0.66929521077538
O         0.10276127307072    1.51001664439475   -2.72210882025100
O         2.19207794233373    4.19680170280202   -2.68192207404297
O         2.37975113655108   -0.87792936643007   -0.40450001892261
H         1.32159377310813    4.29437565029736   -2.26111091506969
H         1.78156478452284    1.57567321162708   -1.63985779631073
H         2.03065299148584    3.62448518418517   -3.45030721950594
H         0.78650997200794   -1.96279631812453   -0.91560597900142
H        -0.74464290568823   -0.10844628710089   -1.00040720153821
H         0.28206884988439    0.69394068518547    0.23091456433824
12
 energy: -21.610023980837 gnorm: 0.022986154581 xtb: 6.2.3 (830e466)
C         0.76498944568033    1.18366784053928   -1.78069076377259
C         0.26884486774238    0.19214253178482   -0.75874820561300
C         1.23408236587112   -0.97059471863356   -0.69660984272158
O         0.12349075927492    1.56404492741157   -2.71579290143186
O         2.15503476704854    4.21036892923238   -2.71600793812657
O         2.38231599473341   -0.88612540307413   -0.39238182499179
H         1.32401092161657    4.27365076933905   -2.26239695902805
H         1.79287115684195    1.55063096968087   -1.58911144486076
H         2.02744155113006    3.59672884740930   -3.43043593151703
H         0.76377109871565   -1.95066287607680   -0.90269586524926
H        -0.74394968616263   -0.11092981702069   -1.00371385179660
H         0.29609675750762    0.68665799940783    0.21279552910912
12
 energy: -21.610730657417 gnorm: 0.007858863232 xtb: 6.2.3 (830e466)
C         0.77414117517106    1.19040619635903   -1.77106879671682
C         0.26843139746766    0.19650476649351   -0.75451741398686
C         1.22608532472415   -0.97161531557369   -0.67831747721410
O         0.14301858121231    1.57592210157865   -2.71357079519052
O         2.15762470591986    4.17335430372613   -2.69653045508524
O         2.38386932791227   -0.88337677911329   -0.40306577920785
H         1.30143488739339    4.29436702736777   -2.28039899473961
H         1.80854055123110    1.53616596189208   -1.57605865207684
H         2.01458391578593    3.59287349750823   -3.44410054055159
H         0.76340953893354   -1.94445622457849   -0.93257944561003
H        -0.74310451791028   -0.11618494718413   -1.00182461167426
H         0.29096511215890    0.69561941152410    0.21624296205377
12
 energy: -21.610429823788 gnorm: 0.031456827775 xtb: 6.2.3 (830e466)
C         0.78982535768370    1.20046231644064   -1.76180430235097
C         0.27173064036833    0.20081126832813   -0.75605112857890
C         1.22508557769624   -0.97118283466008   -0.68798000977352
O         0.16550353065289    1.60484034702729   -2.70191614389527
O         2.16349897727254    4.10140503730022   -2.65502112967065
O         2.38278477086121   -0.88535724966580   -0.40207248087060
H         1.26827393360471    4.32313190285090   -2.31435283435208
H         1.82645005106197    1.52773307663399   -1.55737137567382
H         1.98924575278509    3.59658330090111   -3.46783885558722
H         0.75797711351806   -1.94143392986393   -0.94155871595357
H        -0.73979300062324   -0.11648798455291   -1.00675082078216
H         0.28841729511834    0.69907474926025    0.21692779748885
12
 energy: -21.610988887419 gnorm: 0.004167331511 xtb: 6.2.3 (830e466)
C         0.79337773870140    1.20257576646304   -1.76001794871554
C         0.27136191836157    0.20224825437854   -0.75673033350541
C         1.22340463190877   -0.97083107486310   -0.68694713073347
O         0.17204132423719    1.61011644859125   -2.69981142462340
O         2.14199685508907    4.13904683728927   -2.68770992864195
O         2.38105864750710   -0.88673845531185   -0.40171048666122
H         1.27871096867548    4.28922691608997   -2.29421267792306
H         1.83043043578476    1.52594445577969   -1.55357877631748
H         1.99439654442551    3.57931492905105   -3.45510933017604
H         0.75633167578781   -1.93968169073613   -0.94595021858873
H        -0.74026298112945   -0.11195458342693   -1.00999401350647
H         0.28615224065063    0.70031219669506    0.21598226939281
12
 energy: -21.611104667817 gnorm: 0.003565406144 xtb: 6.2.3 (830e466)
C         0.80680003144580    1.20920972311358   -1.75396417295701
C         0.27362513601727    0.20587078361187   -0.75855823370846
C         1.22168079867274   -0.97027445188940   -0.68950866353282
O         0.19021922153337    1.63358957256581   -2.68925980104495
O         2.12881778902567    4.12009150424233   -2.68714267891162
O         2.37870086124765   -0.89012877335874   -0.40119514124987
H         1.26386542832120    4.28706219484744   -2.30414897255376
H         1.84460057716057    1.52161622297706   -1.53887932064535
H         1.98132971268856    3.56088192037937   -3.45338712392275
H         0.75304112993399   -1.93576241087935   -0.95760473773592
H        -0.73789686848174   -0.10386298528555   -1.01772934760488
H         0.28421618243471    0.70128669967540    0.21558819386746
12
 energy: -21.611308977379 gnorm: 0.005965524779 xtb: 6.2.3 (830e466)
C         0.83975894671176    1.23321192459021   -1.73293830514492
C         0.28053145574251    0.21586730354646   -0.76399410344311
C         1.21764570676583   -0.96829772946667   -0.70137612969245
O         0.23661896241689    1.69128067054872   -2.65980822895213
O         2.09579124627405    4.06968185487868   -2.68339302735175
O         2.37115886307602   -0.89932599720721   -0.39505475329840
H         1.22646989273486    4.28707311804841   -2.33102631064414
H         1.88505634863886    1.50562509896027   -1.51130189839268
H         1.94311921457859    3.51139438492438   -3.44746084483879
H         0.74609848669827   -1.92655894163057   -0.98342768988348
H        -0.73067501448213   -0.07951477069831   -1.04284047829139
H         0.27742589084423    0.69914308350540    0.21683176993331
12
 energy: -21.611357895351 gnorm: 0.004976964092 xtb: 6.2.3 (830e466)
C         0.86667465648352    1.24123055716506   -1.72392350264940
C         0.28686269948582    0.22231704035196   -0.76888318401402
C         1.21286491179985   -0.96903121270813   -0.70408495557792
O         0.26604168852784    1.72909076559759   -2.63834905421650
O         2.07284569407098    4.04102649482431   -2.68241666776438
O         2.36487438999490   -0.90978938131130   -0.38823103580305
H         1.20530099395650    4.28182138712955   -2.34555924886023
H         1.90922848300846    1.50492551652812   -1.49146663945663
H         1.91344358805330    3.48150987549671   -3.44635622489517
H         0.74003031252241   -1.92200764603536   -0.99958654592977
H        -0.72443443536019   -0.05855019216279   -1.06342254832228
H         0.27526701745629    0.69703679512402    0.21648960748939
12
 energy: -21.611394264686 gnorm: 0.002889992207 xtb: 6.2.3 (830e466)
C         0.86437257150728    1.24189300351563   -1.72264198531012
C         0.28724403300412    0.22224915406796   -0.76855688666303
C         1.21291989287711   -0.96928374936932   -0.70337963822556
O         0.26446540688913    1.72217570197632   -2.63935711328925
O         2.07322994449074    4.04831495682820   -2.68612231010099
O         2.36424797969155   -0.91200572066924   -0.38660229809815
H         1.20846854347039    4.28946810384271   -2.34615038593574
H         1.90943435063416    1.50445092791192   -1.49555120622171
H         1.91242142353578    3.47704586194387   -3.44017090268281
H         0.73924810237417   -1.92217811598861   -1.00001830983063
H        -0.72301026685706   -0.05761670174578   -1.06444209693880
H         0.27595801838229    0.69506657768609    0.21720313329685
12
 energy: -21.611435632167 gnorm: 0.003464278463 xtb: 6.2.3 (830e466)
C         0.86782668150992    1.24329722268395   -1.71884834862293
C         0.28925539024033    0.22189873905421   -0.76981768941179
C         1.21196286131454   -0.97183624256075   -0.70395427637946
O         0.26946653668487    1.72377831221388   -2.63655174463128
O         2.06957731922896    4.05611987373150   -2.69548692557927
O         2.36158918825782   -0.92014452426305   -0.38135509424844
H         1.20935217000377    4.31471133602956   -2.35470899012155
H         1.91606277802464    1.50346088180114   -1.49498307446159
H         1.90047159740913    3.45558316805152   -3.42450164508930
H         0.73606290529677   -1.92360501481358   -1.00276865143099
H        -0.71984240871210   -0.05323103060019   -1.07077001107113
H         0.27721498074101    0.68954727867157    0.21795645104778
12
 energy: -21.611434449775 gnorm: 0.012428404812 xtb: 6.2.3 (830e466)
C         0.88326935387357    1.24437699632961   -1.70899890764629
C         0.29586566417509    0.22048748002701   -0.77370030399948
C         1.20716123666792   -0.98197658789665   -0.70424773609664
O         0.29070305404263    1.72785245953997   -2.62971015482598
O         2.05956889599485    4.08214184441895   -2.72700222926897
O         2.35252632885314   -0.94636976402473   -0.36556485451582
H         1.21844603213499    4.38917179202847   -2.37734847759715
H         1.93485732613649    1.50459773851948   -1.48733574292648
H         1.85372668147687    3.39513809363701   -3.38101925429982
H         0.72485422557978   -1.92924251310045   -1.01125586265758
H        -0.71099870986930   -0.04224313645370   -1.08913208718046
H         0.27901991093361    0.67564559697480    0.21952561101470
12
 energy: -21.611507034516 gnorm: 0.002659016229 xtb: 6.2.3 (830e466)
C         0.87810504849781    1.24244844794065   -1.71361533678087
C         0.29278002668149    0.22055271692758   -0.77156526436273
C         1.20843063023504   -0.97888953188596   -0.70315586801680
O         0.28460002770324    1.72608084272440   -2.63418856895551
O         2.06489463408596    4.06965811503831   -2.71213416955460
O         2.35589820204106   -0.93636216766779   -0.37241143989714
H         1.21500601144296    4.35436561597750   -2.36892579878661
H         1.92723525144429    1.50329082804182   -1.48750993816076
H         1.87133147735874    3.43187468742106   -3.40484377847902
H         0.72797514721657   -1.92754419459398   -1.00670275468310
H        -0.71551172925780   -0.04849408170114   -1.07953775271348
H         0.27825527255028    0.68259872177731    0.21880067039065
12
 energy: -21.611549779916 gnorm: 0.003727077946 xtb: 6.2.3 (830e466)
C         0.88551969781339    1.24181348423463   -1.71105033280908
C         0.29467265932984    0.22011963245016   -0.77231965154143
C         1.20626193742608   -0.98275019696752   -0.70305705744166
O         0.29633226066776    1.72747231453295   -2.63338718913316
O         2.06207282943023    4.07261213830769   -2.72040515376700
O         2.35295172620641   -0.94467522385189   -0.36925369737203
H         1.21742087016011    4.37826371875561   -2.37730665537497
H         1.93346347291513    1.50245568568362   -1.48034206221832
H         1.85261712320626    3.41881927888044   -3.39418028018806
H         0.72308865849583   -1.92902490627670   -1.00995173092479
H        -0.71369082768913   -0.04612180160224   -1.08343407387423
H         0.27828959203771    0.68059587585303    0.21889788464475
12
 energy: -21.610412315769 gnorm: 0.045653009843 xtb: 6.2.3 (830e466)
C         0.94197698148316    1.23052155876300   -1.69272486164883
C         0.30814468951123    0.21403058050917   -0.77704298717929
C         1.18757936489710   -1.01627521850572   -0.70128737443398
O         0.39001537776301    1.72603870241945   -2.63592592153679
O         2.04142485278769    4.12071914915928   -2.79712119308517
O         2.32792664694230   -1.01364656134425   -0.34253970950758
H         1.24984851315256    4.56894941033689   -2.43749991516541
H         1.98079358936680    1.49185222078386   -1.42359703320911
H         1.70081539661268    3.32780510989817   -3.30895431683332
H         0.68156134184187   -1.94402810238879   -1.02874929692947
H        -0.70117424081273   -0.03015996536866   -1.11032797154581
H         0.28008748645384    0.66377311573744    0.21998058107462
12
 energy: -21.611694003039 gnorm: 0.004970854618 xtb: 6.2.3 (830e466)
C         0.92310878150166    1.23634109309444   -1.69929294799525
C         0.30362161585633    0.21919974351157   -0.77268159448556
C         1.19271651026623   -1.00209178917322   -0.70172820746726
O         0.35595701376212    1.73144592870639   -2.63103742145549
O         2.04129015550338    4.08956009787015   -2.74804178446996
O         2.33733780726343   -0.98682826611304   -0.35708369548768
H         1.21413462035636    4.45295772517487   -2.41617116216036
H         1.96605702426027    1.49037295671527   -1.44531676450339
H         1.78595772283672    3.40061007295631   -3.36977327100667
H         0.69335456246471   -1.93600453643458   -1.02095537895182
H        -0.70711422609172   -0.03165529455471   -1.09479758854217
H         0.28257841202006    0.67567226824636    0.22108981652551
12
 energy: -21.611740453943 gnorm: 0.003941783365 xtb: 6.2.3 (830e466)
C         0.91929982731711    1.22743247227216   -1.70411239056568
C         0.30273543203164    0.21629839752813   -0.77068388082822
C         1.19157780242085   -1.00515662156830   -0.70028096745689
O         0.35228105403895    1.71304068502736   -2.64063668772108
O         2.04648379860440    4.10908075265803   -2.75361658981806
O         2.33659359219883   -0.98916761328458   -0.36008801717190
H         1.22255544565668    4.46994679726904   -2.41665589154736
H         1.95901365316827    1.48988102036735   -1.44851035749025
H         1.78960628936225    3.40663286320967   -3.36124833202611
H         0.69126734149375   -1.93920083964374   -1.01404165015956
H        -0.70887530965988   -0.03524572363007   -1.08727137162895
H         0.28646107336669    0.67603780979478    0.22135613641394
12
 energy: -21.611828496313 gnorm: 0.005649183548 xtb: 6.2.3 (830e466)
C         0.92860091583960    1.21804457823900   -1.70426001079163
C         0.30348183996584    0.21455335241640   -0.76786316351954
C         1.18547084251766   -1.01236261884496   -0.69980260731422
O         0.37353815451912    1.69637479466252   -2.65210485599792
O         2.03954625815421    4.13228204765110   -2.76683564739530
O         2.33064158907499   -1.00307448620628   -0.36157328848602
H         1.22466785883229    4.51400320367099   -2.43166909348156
H         1.96801628328994    1.47436886505731   -1.44010671202241
H         1.77265590752205    3.40252741618169   -3.34030196501899
H         0.67875413307753   -1.94216167992236   -1.01274232944482
H        -0.70997729243509   -0.03067297266122   -1.08182225722787
H         0.29360350964139    0.67569749975568    0.22329193070007
12
 energy: -21.611881758675 gnorm: 0.016802181027 xtb: 6.2.3 (830e466)
C         0.96792331153125    1.19485591153139   -1.70182483233881
C         0.31040620232063    0.21367331763904   -0.76206052245378
C         1.16532491266706   -1.03394723593838   -0.69759209789887
O         0.44506365514798    1.65983109680598   -2.67451975783603
O         2.01259764764311    4.18004522396107   -2.79916139355695
O         2.31049132468499   -1.05069471381555   -0.35701893292332
H         1.22272862756979    4.63097930170590   -2.47823165409792
H         2.00377342746889    1.43552523120828   -1.41397112558830
H         1.70757569538671    3.39124498859234   -3.28687571521892
H         0.63854995676746   -1.94964133123660   -1.01610530836905
H        -0.70839987748230   -0.00757739568000   -1.07697124226247
H         0.31296511629388    0.67528560522653    0.22854258254399
12
 energy: -21.612018627034 gnorm: 0.006124337417 xtb: 6.2.3 (830e466)
C         0.96671542265265    1.20085800265682   -1.70060903598934
C         0.31054355949926    0.21573131912876   -0.76374836694187
C         1.16712319125432   -1.03002284370687   -0.69734621241445
O         0.43940447523906    1.67229127232606   -2.66714777320192
O         2.01217981856767    4.16244793225222   -2.78882146127110
O         2.31169938960979   -1.04477623630806   -0.35426747373886
H         1.21707016910935    4.59995216913844   -2.46974353497762
H         2.00484758357821    1.43901424273425   -1.41749152369693
H         1.71394970735132    3.40206182151380   -3.30528462288281
H         0.64290999314257   -1.94733529833650   -1.01739699026978
H        -0.70722492321866   -0.00683393553405   -1.08136760665903
H         0.30978161321391    0.67619155413512    0.22743460204331
12
 energy: -21.612132924292 gnorm: 0.004096572960 xtb: 6.2.3 (830e466)
C         0.99399552697011    1.19348242248122   -1.69702561952261
C         0.31737212671613    0.21831006281021   -0.76322586939780
C         1.15509739644211   -1.04060403943134   -0.69500311658888
O         0.48002757473161    1.66788790989862   -2.66923041777564
O         1.99111873514563    4.17358514181693   -2.79780823298422
O         2.29786269359078   -1.07248382242112   -0.34483529785187
H         1.20583386562946    4.63481787501184   -2.49222566781705
H         2.03257083599214    1.42042900543531   -1.40647193859451
H         1.67770814948966    3.40594931899826   -3.29093535283985
H         0.62016008934794   -1.95030205935187   -1.02133901509531
H        -0.70243673131096    0.01196131736845   -1.08658098430046
H         0.31968973725476    0.67654686738356    0.22889151276762
12
 energy: -21.612233756151 gnorm: 0.002481409790 xtb: 6.2.3 (830e466)
C         0.99765445789583    1.19186341112105   -1.69843620208106
C         0.31967056656157    0.21789067731874   -0.76601207767136
C         1.15476994319273   -1.04177172918805   -0.69575652297479
O         0.48271172495888    1.66992823066294   -2.66801776964686
O         1.98928528177672    4.17372295300194   -2.80727780542241
O         2.29523126220384   -1.07583965783855   -0.34092861249747
H         1.21539818702449    4.65357433386124   -2.50448085776335
H         2.03527183402734    1.42255403093348   -1.40710178886187
H         1.65832204299075    3.38969586637665   -3.26044086619883
H         0.61954390330165   -1.95117893295281   -1.02214055173124
H        -0.69921052593991    0.01303364933603   -1.09129821812298
H         0.32035132200547    0.67610716736739    0.22610127297168
12
 energy: -21.612363908141 gnorm: 0.012123940734 xtb: 6.2.3 (830e466)
C         1.00427907017439    1.19229836338251   -1.69576886335723
C         0.32496716414740    0.21534830372229   -0.77209270320693
C         1.15418726040070   -1.04639288302298   -0.69371369428578
O         0.49013809095518    1.67371908668942   -2.66438555545597
O         1.98507162545773    4.16847674247585   -2.82401654376519
O         2.28990175289535   -1.08550279467943   -0.32802812915681
H         1.24714259098683    4.72661179225993   -2.55614807578279
H         2.04664466490103    1.41550042233342   -1.41462170595604
H         1.59734960624844    3.34660104171865   -3.17252748043100
H         0.62126219759219   -1.95364871978359   -1.03014873681640
H        -0.69115934076808    0.01377722884273   -1.10474848414808
H         0.31921531700814    0.67279141606121    0.22040997236175
12
 energy: -21.612455637770 gnorm: 0.008310317705 xtb: 6.2.3 (830e466)
C         1.00877718087375    1.18852258523268   -1.69630132819798
C         0.32647873708809    0.21435355898946   -0.77239477074130
C         1.15362053279825   -1.04908047033883   -0.69357291799660
O         0.49320969795210    1.67685715078494   -2.66139520389131
O         1.98178069519670    4.15543312651831   -2.80533903588974
O         2.28856323668051   -1.09090703338325   -0.32445067991911
H         1.24758405868479    4.73761246355656   -2.57235880244285
H         2.04973907032325    1.41408208850063   -1.41201659075680
H         1.58980047831339    3.36045631604950   -3.18340421906363
H         0.61835124888086   -1.95533044628295   -1.02911905784831
H        -0.69034316882255    0.01555694218593   -1.10562290250576
H         0.32143823203017    0.67202371818704    0.22018550925292
12
 energy: -21.612525112155 gnorm: 0.002300269940 xtb: 6.2.3 (830e466)
C         1.01304780628183    1.18491474265404   -1.69507225520899
C         0.32688050269179    0.21192953328742   -0.77241106804791
C         1.15228835886044   -1.05343002876194   -0.69151428089935
O         0.49808049082564    1.67795833429855   -2.65897314684253
O         1.97913753932966    4.16845285130453   -2.81833961354262
O         2.28648309511520   -1.09772163581082   -0.31756744406896
H         1.25248906423816    4.74539852046609   -2.57874700862108
H         2.05451526175610    1.40649335758252   -1.40998539701030
H         1.57990880099036    3.36839961329516   -3.17589660336680
H         0.61570786925774   -1.95810389871873   -1.02974573832089
H        -0.69046963032757    0.01528220972964   -1.10774178764207
H         0.32093084097996    0.67000640067356    0.22020434357105
12
 energy: -21.612601053347 gnorm: 0.012277574281 xtb: 6.2.3 (830e466)
C         1.02876980976026    1.17486369825976   -1.69058013290543
C         0.33179791242673    0.20340312467727   -0.77601435822677
C         1.14907175636630   -1.06774746349421   -0.68728429751651
O         0.51467579980442    1.68569732605191   -2.64752753143596
O         1.97006893708478    4.17912512001307   -2.83866423577559
O         2.27776370420185   -1.12084891291389   -0.29498508742613
H         1.28625683613014    4.83002290976605   -2.64918859111107
H         2.07275713536718    1.38497948140910   -1.40661108587594
H         1.51198443083622    3.36234611579722   -3.10549367110630
H         0.61059155661886   -1.96748713596284   -1.03646941495928
H        -0.68499983783670    0.01399012476319   -1.12014789510605
H         0.32026195923923    0.66123561163336    0.21717630144466
12
 energy: -21.612695931026 gnorm: 0.003043171057 xtb: 6.2.3 (830e466)
C         1.02642963352721    1.17640809481714   -1.68696385167716
C         0.33100957200847    0.20254350400747   -0.77290020024660
C         1.14748482549437   -1.06861771729559   -0.68570872176686
O         0.51355631328981    1.68311371868329   -2.64510495138152
O         1.97009348216118    4.18315375610055   -2.83027685005178
O         2.27636871002377   -1.12055471549830   -0.29776801040083
H         1.27700111599057    4.82381268323115   -2.65227489709440
H         2.07364336431375    1.37789042270556   -1.40850462254666
H         1.52829036632600    3.37771294167283   -3.12332755216487
H         0.61047234430472   -1.96791410269154   -1.03734021265836
H        -0.68534889966339    0.01198087564930   -1.11573104816060
H         0.31999917222282    0.66005053861815    0.22011091814926
12
 energy: -21.612767766185 gnorm: 0.004636090770 xtb: 6.2.3 (830e466)
C         1.03409984693890    1.16910096497589   -1.68145562169849
C         0.33260653681010    0.19501277183702   -0.77163785221794
C         1.14406318290661   -1.07915593469946   -0.68341851273703
O         0.52172376137714    1.68884472074283   -2.63267199264887
O         1.96535148589456    4.19899857541988   -2.83822600744222
O         2.26988235778086   -1.13522578369762   -0.28833144922683
H         1.28563208814560    4.86536904448349   -2.69822867562734
H         2.08317405492988    1.36010408772056   -1.40313824597823
H         1.50951572133651    3.39197515338282   -3.10242601647032
H         0.60634207510792   -1.97561466562587   -1.04048565918968
H        -0.68334090100804    0.00864302715183   -1.11752495849855
H         0.31994978977923    0.65152803830862    0.22175499173520
12
 energy: -21.612833268097 gnorm: 0.009553614126 xtb: 6.2.3 (830e466)
C         1.05488537393602    1.14894060789116   -1.66229594670806
C         0.33502171207873    0.17156688770032   -0.76712505845116
C         1.13430350991604   -1.10966512424536   -0.67919052471471
O         0.54547103315443    1.71276626738465   -2.59048301314489
O         1.95361278507017    4.26054959607701   -2.88176214045781
O         2.25177409675573   -1.17677197175726   -0.26338265475017
H         1.30492304356950    4.96641991064899   -2.81767126459985
H         2.10819885674760    1.30877793244895   -1.38004752250279
H         1.46805722238018    3.43531708216214   -3.05073756556387
H         0.59485230816171   -1.99904866426113   -1.04943667746957
H        -0.67959844424818   -0.00223946299003   -1.12205761833328
H         0.31749850247730    0.62296693894046    0.22839998669610
12
 energy: -21.612896469068 gnorm: 0.003857177154 xtb: 6.2.3 (830e466)
C         1.05160690725044    1.15110038364025   -1.66102775509676
C         0.33366750946269    0.17229099015068   -0.76562643590444
C         1.13498397444438   -1.10749291805437   -0.68097651784977
O         0.54207600737859    1.71492775264280   -2.58804157766065
O         1.95578455606386    4.25825878782813   -2.87440822169173
O         2.25407119433092   -1.17387127109193   -0.26874531076210
H         1.29451656883794    4.94714414191679   -2.80840360617874
H         2.10392871289603    1.31326008444885   -1.37770265625060
H         1.48668354770631    3.44110910168905   -3.07322897198150
H         0.59549537256728   -1.99779994429839   -1.04908683826509
H        -0.68129780039194   -0.00176718962755   -1.11904692471787
H         0.31748344945273    0.62242008075559    0.23050481635920
12
 energy: -21.612902915118 gnorm: 0.010220065990 xtb: 6.2.3 (830e466)
C         1.05478883346619    1.15242871332982   -1.64770158631654
C         0.33429586666514    0.16630035284696   -0.76286135908653
C         1.13207856357283   -1.11536464784977   -0.67938215393705
O         0.54824047676703    1.72518475854984   -2.56980488499162
O         1.95194404643338    4.26887732020558   -2.87576081795540
O         2.25037549435073   -1.18645046480715   -0.26479541195354
H         1.29407718519468    4.97563109681143   -2.85905999674483
H         2.11357284353240    1.29507768929674   -1.37399070210700
H         1.48045086840344    3.45166525412119   -3.05822978561178
H         0.59379764661326   -2.00254469223175   -1.05876100120963
H        -0.67996357631810   -0.00336724537988   -1.12082865409115
H         0.31534175131826    0.61214186510685    0.23538635400511
12
 energy: -21.612964230308 gnorm: 0.002455913364 xtb: 6.2.3 (830e466)
C         1.05713416812762    1.15246166158685   -1.64054354905243
C         0.33378490642931    0.16295051033329   -0.76172016977559
C         1.13046867580993   -1.11921836371398   -0.67921159257714
O         0.55259966118825    1.73333180990611   -2.55858022727374
O         1.95118395636110    4.28147967267847   -2.89170969143459
O         2.24833997705790   -1.19149658641828   -0.26419097779399
H         1.29446187113580    4.98023215579760   -2.87226827757317
H         2.11675948024237    1.28881079163996   -1.36696415619435
H         1.47828688702905    3.45529728848452   -3.05256571690080
H         0.59340412789234   -2.00529593415675   -1.06320544770141
H        -0.67976115493831   -0.00500438342430   -1.12269198112035
H         0.31233744366385    0.60603137728632    0.23786178739768
12
 energy: -21.612998921942 gnorm: 0.004360459157 xtb: 6.2.3 (830e466)
C         1.06440123498271    1.14793923479690   -1.62734324528368
C         0.33395845893322    0.15369662967430   -0.75900547429466
C         1.12765823874557   -1.13027680994268   -0.68309207921061
O         0.56011777512506    1.75432242627420   -2.53099311425662
O         1.94805420280812    4.30462413768203   -2.90807903545495
O         2.24352409082802   -1.20787776393893   -0.26230470566747
H         1.29114014691850    5.00333546869814   -2.92462737012740
H         2.12339306419657    1.27557750620995   -1.34981078469678
H         1.47771165182504    3.47043243925933   -3.04183671412752
H         0.58843412084822   -2.01420636710432   -1.06790596960255
H        -0.67912048709113   -0.00815387989641   -1.12452433584041
H         0.30972750187927    0.59016697828721    0.24373282856293
12
 energy: -21.613045773847 gnorm: 0.003677909408 xtb: 6.2.3 (830e466)
C         1.06835641628738    1.14984578813595   -1.60914987793797
C         0.33348260542473    0.14707108094468   -0.75501283520196
C         1.12515348361726   -1.13817822211661   -0.68696864896685
O         0.56664491382115    1.77319683124408   -2.50199337585389
O         1.94654834862566    4.32186737561614   -2.92021501246302
O         2.24127290471918   -1.22029430344356   -0.26774186276817
H         1.28315439595946    5.01403008754382   -2.97487133505512
H         2.12880932579229    1.26615004814194   -1.33363364833110
H         1.48421516748485    3.48071453156765   -3.03438845712418
H         0.58532501817210   -2.01943605321132   -1.07731194421703
H        -0.67836934539607   -0.00995181701782   -1.12636122294645
H         0.30440676549113    0.57456465259469    0.25185822086620
12
 energy: -21.613102730086 gnorm: 0.003341943748 xtb: 6.2.3 (830e466)
C         1.07238374006284    1.15961762444895   -1.57663585092208
C         0.33222540909759    0.14018796230846   -0.74878555357303
C         1.12304939422088   -1.14619843001891   -0.69771093197991
O         0.57576979409481    1.80518504420153   -2.45447655860401
O         1.94565749160274    4.34090547072405   -2.93796766504828
O         2.24154241754226   -1.23449369360924   -0.28604306976794
H         1.26483807942287    5.01035612040933   -3.04610627160566
H         2.13472267060261    1.26083510242091   -1.30409694811896
H         1.50244214328743    3.48842206314317   -3.02734842734999
H         0.58021295033090   -2.02372659677437   -1.09206297953239
H        -0.67676792537226   -0.01010536393820   -1.13081755417695
H         0.29292383510638    0.54859469668380    0.26626181068002
12
 energy: -21.613096829855 gnorm: 0.008900232763 xtb: 6.2.3 (830e466)
C         1.08027642704804    1.16317807131533   -1.54779484867000
C         0.33172182242977    0.13101717931178   -0.74314684786959
C         1.11846692891037   -1.15831972380116   -0.70214809345841
O         0.58828179368177    1.83461658056792   -2.41025846549615
O         1.94123936511166    4.36777200540381   -2.96306005102341
O         2.23888687949735   -1.25232363809855   -0.29783596679627
H         1.25350118400647    5.02459394755767   -3.12279476334414
H         2.14509104708403    1.24648211012828   -1.27521164854415
H         1.50890721925801    3.50040598269778   -3.00866674912413
H         0.57377831106189   -2.03040990324843   -1.10742024539806
H        -0.67469763469915   -0.01092802856169   -1.13551453716790
H         0.28354665660878    0.52349541672657    0.27806221689330
12
 energy: -21.613134475596 gnorm: 0.005174265946 xtb: 6.2.3 (830e466)
C         1.07901234976757    1.16578106117929   -1.54965419787027
C         0.33139364491373    0.13477956146301   -0.74442986963311
C         1.11987310043707   -1.15382777625757   -0.70288391540543
O         0.58734938950117    1.83034963576847   -2.41616085031248
O         1.94217093044491    4.35757399260803   -2.96252772735599
O         2.24248069389746   -1.24498078842871   -0.30463153235794
H         1.25512642969074    5.00864889585970   -3.10290177845562
H         2.14162404609833    1.25654341075275   -1.27273074523737
H         1.50844765310263    3.49376444712864   -3.01420442010568
H         0.57395223370712   -2.02656148127096   -1.10477774466980
H        -0.67437838422028   -0.00850606210048   -1.13720014518413
H         0.28194791265854    0.52601510329715    0.27631292658889
12
 energy: -21.613157893854 gnorm: 0.002325936779 xtb: 6.2.3 (830e466)
C         1.08093217466793    1.16709271812048   -1.54353294761679
C         0.33164112188221    0.13287696718224   -0.74389446028422
C         1.12039317503709   -1.15603327213721   -0.70951777572144
O         0.59071939978957    1.83469129125281   -2.40829178363346
O         1.94055353647602    4.36263411494558   -2.96456342678394
O         2.24247469230876   -1.24894372470360   -0.30898511143157
H         1.25264344623300    5.01216036856231   -3.12158068059181
H         2.14358805997910    1.25456966325841   -1.26445108655230
H         1.51016577897146    3.49946142079668   -3.01076688102860
H         0.56884782444854   -2.02933912027922   -1.09992167040948
H        -0.67342476443091   -0.00829517686247   -1.13890673857048
H         0.28046555463621    0.51870474986326    0.27862256262520
12
 energy: -21.613186252474 gnorm: 0.003639663611 xtb: 6.2.3 (830e466)
C         1.08690911340330    1.16879939321612   -1.52612229587516
C         0.33161957044109    0.12804122974580   -0.74082792416344
C         1.11767191831361   -1.16312280840621   -0.71385657906805
O         0.60077896795099    1.84808834804762   -2.38435673427191
O         1.93697069833608    4.37626599186514   -2.97825317446095
O         2.24293007388919   -1.25866813412786   -0.32330440114836
H         1.24736287399341    5.01835247869319   -3.16888208918218
H         2.14809797058981    1.25144187173550   -1.24068086324511
H         1.51233453680864    3.50898420132201   -2.99850527814931
H         0.56118308448273   -2.03367777427464   -1.10374019167107
H        -0.67156213428011   -0.00731092859547   -1.14272587281928
H         0.27470332607020    0.50238613077799    0.28546540405612
12
 energy: -21.613205407332 gnorm: 0.007467879679 xtb: 6.2.3 (830e466)
C         1.09764755574009    1.17500007995396   -1.49262841451585
C         0.33161049355659    0.11995576538899   -0.73656373607187
C         1.11352449454578   -1.17485747534167   -0.72414081426537
O         0.62164013896692    1.87071053700096   -2.34354953148182
O         1.92968751542588    4.39882903871219   -3.00751572852267
O         2.24483494275696   -1.27464974826169   -0.35223618403319
H         1.24251710167389    5.02817723154373   -3.25151755567440
H         2.15707440247225    1.24693754114559   -1.19538945227450
H         1.50968775933935    3.52535356285845   -2.97141738345307
H         0.54569399805916   -2.04213027670762   -1.10533539272371
H        -0.66733998520944   -0.00526350758590   -1.15274697636577
H         0.26242158267142    0.47151725129203    0.29725116938381
12
 energy: -21.613248353612 gnorm: 0.002416894924 xtb: 6.2.3 (830e466)
C         1.09760591772300    1.17438575985457   -1.49644602662228
C         0.33177666518779    0.12204268234405   -0.73803021977933
C         1.11332455656799   -1.17287816197273   -0.72179182027188
O         0.62274261747818    1.86280046958441   -2.35382530696176
O         1.92946969505934    4.39051494734012   -3.00396768124143
O         2.24823397531773   -1.26963830044623   -0.36098779483845
H         1.24830902902567    5.02324549576612   -3.24173167133883
H         2.15371246057093    1.25549995229895   -1.19162417760344
H         1.50398735356929    3.52449694515432   -2.96952710451588
H         0.54394127250943   -2.04149648446962   -1.09874010498612
H        -0.66693825956054   -0.00382422541256   -1.15377124902330
H         0.26283471655005    0.47443091995765    0.29465315718428
12
 energy: -21.613272603922 gnorm: 0.001520135107 xtb: 6.2.3 (830e466)
C         1.09923029783553    1.17966151186320   -1.48299388715105
C         0.33130848668953    0.11984185181286   -0.73730438682691
C         1.11334674350119   -1.17502543270239   -0.72867618160934
O         0.62878935714713    1.87087471089050   -2.34090188295508
O         1.92916677220133    4.39399117356120   -3.01341294634259
O         2.25204267427386   -1.27226619463440   -0.37981398860123
H         1.24836765770582    5.01883754458636   -3.26974999153079
H         2.15321114658545    1.26149062658389   -1.17163019807053
H         1.50439226263490    3.52892629485195   -2.95869382672337
H         0.53796037152225   -2.04510642831659   -1.09294021659041
H        -0.66538363468620   -0.00379570628842   -1.15861957328919
H         0.25656786458802    0.46215004779082    0.29894707969218
12
 energy: -21.613256472349 gnorm: 0.009265550815 xtb: 6.2.3 (830e466)
C         1.10301718342656    1.19755797483941   -1.42899991449018
C         0.32861948221603    0.10923671962166   -0.73251552345238
C         1.11299127813692   -1.18468975310791   -0.75269272619588
O         0.64670359934469    1.90327601119680   -2.28406412448989
O         1.93148317112728    4.41420435664160   -3.05045399880207
O         2.26767321019621   -1.28347789715372   -0.45563133783068
H         1.24609067581121    5.00230234716816   -3.39039108016287
H         2.14868462786263    1.28368871387823   -1.09317002370224
H         1.51534402755577    3.54994634973024   -2.91455493856394
H         0.51734039705874   -2.05913760762311   -1.07521301252753
H        -0.66054143507387   -0.00600769522982   -1.17422972342438
H         0.23159378233650    0.41268048003712    0.31612640364426
12
 energy: -21.613321125905 gnorm: 0.002142319191 xtb: 6.2.3 (830e466)
C         1.10130495433979    1.19716208667272   -1.43050636966023
C         0.32914624317868    0.10922407115125   -0.73255945084796
C         1.11319304901564   -1.18436304194668   -0.75125137366758
O         0.64259468456859    1.90491300869235   -2.28207222048279
O         1.93082171056580    4.41531741727523   -3.04513106554420
O         2.26673126421157   -1.28255362830917   -0.45628061585101
H         1.25062508344136    4.99476922864651   -3.39668128738458
H         2.14753190236885    1.28311190507628   -1.09594220463781
H         1.51452449607101    3.55399975908231   -2.91055914420382
H         0.51996791288528   -2.05812638205977   -1.07705183981116
H        -0.66066947241813   -0.00674232470621   -1.17248476373126
H         0.23322817177022    0.41286790042385    0.31473033582461
12
 energy: -21.613331945028 gnorm: 0.001473349801 xtb: 6.2.3 (830e466)
C         1.09799805666644    1.19875840670341   -1.43058647721204
C         0.32909458008488    0.10892410329505   -0.73305990810509
C         1.11529794453430   -1.18327096236585   -0.75449226923906
O         0.63667384010185    1.90778086688741   -2.27948153186172
O         1.93128559840866    4.41675104823600   -3.03930270549553
O         2.26725639506828   -1.28134085433319   -0.45494096089159
H         1.25541421989691    4.98887559945056   -3.40563951971080
H         2.14671778030745    1.28078799955837   -1.10216322940283
H         1.51460714440851    3.55727845340423   -2.90352781583632
H         0.52184543004932   -2.05845383830902   -1.07499620267130
H        -0.66131545649393   -0.00814947322692   -1.17153004688026
H         0.23412446696601    0.41163865069861    0.31393066730875
12
 energy: -21.613347036801 gnorm: 0.001907768241 xtb: 6.2.3 (830e466)
C         1.09368354647738    1.19746264142919   -1.43451681189341
C         0.32856717247238    0.10824541777338   -0.73256673711606
C         1.11631210944282   -1.18311558072359   -0.75143520218340
O         0.62670133899357    1.91099504232237   -2.27659181211136
O         1.93217961828201    4.41906471802390   -3.02778189005234
O         2.26947307710589   -1.27881774142782   -0.45572867147923
H         1.26416678918002    4.98060211269765   -3.42338843266334
H         2.14405173120252    1.27943731426201   -1.11046606727275
H         1.51425667147668    3.56140661743327   -2.88987441100599
H         0.52640634485724   -2.05777137962261   -1.07951038309137
H        -0.66329569825553   -0.01101094724942   -1.16755136458810
H         0.23649729876367    0.41308178508034    0.31362178345956
12
 energy: -21.613361777700 gnorm: 0.003108731919 xtb: 6.2.3 (830e466)
C         1.08807124435496    1.19741712443241   -1.43821577877678
C         0.32776714483224    0.10718995394242   -0.73251183497318
C         1.11865745225536   -1.18223322287966   -0.75176405561339
O         0.61465027273195    1.91513093140781   -2.27325027658499
O         1.93283140742434    4.42151818920100   -3.01181698607517
O         2.27214740469832   -1.27479158075944   -0.45532017546452
H         1.27752397079670    4.97260985157473   -3.44800241225673
H         2.14182842878959    1.27608266050607   -1.12387688765788
H         1.51078616329076    3.56580939806373   -2.87010226138099
H         0.53136890505394   -2.05838345370232   -1.08105521527747
H        -0.66552929616480   -0.01514739511557   -1.16346477322942
H         0.23889690193530    0.41437754332747    0.31359065729275
12
 energy: -21.613372938723 gnorm: 0.002437381424 xtb: 6.2.3 (830e466)
C         1.08348624992833    1.19774513442485   -1.44018409925218
C         0.32683498991071    0.10590386849688   -0.73267872871217
C         1.12100812653667   -1.18137799032043   -0.75280155054611
O         0.60527193998894    1.91903775301159   -2.26947737011147
O         1.93536309605022    4.41999119238153   -3.00870584126289
O         2.27444954943309   -1.27080747124755   -0.45429720314891
H         1.28952952944640    4.96880239593427   -3.46090935273075
H         2.13953375980632    1.27405150511967   -1.13305688578094
H         1.50485963639415    3.56969465578471   -2.85369521264168
H         0.53621582477619   -2.05926981330131   -1.08239241475519
H        -0.66719221630566   -0.01892467544141   -1.16109878301956
H         0.23963951403331    0.41473344515584    0.31350744196409
12
 energy: -21.613382833925 gnorm: 0.002047378249 xtb: 6.2.3 (830e466)
C         1.07746488769586    1.19916740253552   -1.44110331145306
C         0.32570940077455    0.10417248223361   -0.73279793558264
C         1.12428135789027   -1.18007383982743   -0.75452386156784
O         0.59321337172582    1.92546913767120   -2.26254593567344
O         1.93791799307538    4.41640225847083   -3.00276923841811
O         2.27741631350690   -1.26534132989948   -0.45335780190499
H         1.30678847822443    4.96428712587455   -3.47541396988010
H         2.13643503771543    1.27178834132982   -1.14358424536069
H         1.49563362729353    3.57300223212345   -2.84004196334528
H         0.54307042550046   -2.06016451384310   -1.08472302869908
H        -0.66905320372466   -0.02342845764101   -1.15838305458838
H         0.24012231032068    0.41429916097068    0.31345434647584
12
 energy: -21.613391801425 gnorm: 0.001552763995 xtb: 6.2.3 (830e466)
C         1.07142544349567    1.20076156413529   -1.44137897785409
C         0.32467266587038    0.10234019878548   -0.73267337053384
C         1.12772926066960   -1.17867646637297   -0.75644564290321
O         0.58077961452908    1.93236970082740   -2.25425495595970
O         1.94008971562735    4.41168408518313   -2.99553871063796
O         2.28067417038165   -1.25978129674112   -0.45343693837619
H         1.32558446429735    4.96027697181252   -3.48779654405699
H         2.13258143178370    1.27121699502715   -1.15206041336731
H         1.48566613138772    3.57488549901901   -2.83276457535426
H         0.55014974851307   -2.06082479243284   -1.08735736926874
H        -0.67073030514123   -0.02776287860307   -1.15573025366939
H         0.24037765858427    0.41309041935866    0.31364775198390
12
 energy: -21.613399999128 gnorm: 0.001990650560 xtb: 6.2.3 (830e466)
C         1.05962888024749    1.20475454352298   -1.44009222817493
C         0.32280282283003    0.09934764063951   -0.73125493568189
C         1.13359689965136   -1.17613213773282   -0.75783883012270
O         0.55812172342403    1.94205509295679   -2.24074453868431
O         1.94399442432917    4.40328345829555   -2.98176377964976
O         2.28729472229371   -1.24977968289011   -0.45592366500304
H         1.36021078266726    4.95329495500016   -3.50952029832380
H         2.12520745377445    1.27112506871503   -1.16652145137492
H         1.46831495894623    3.57801149560572   -2.82249987226775
H         0.56327047370251   -2.06090896944593   -1.09409200513045
H        -0.67348813349103   -0.03569649378379   -1.15058816217210
H         0.24004499162339    0.41022502911552    0.31504976658790
12
 energy: -21.613395218363 gnorm: 0.004532241796 xtb: 6.2.3 (830e466)
C         1.05060277409616    1.20720563094347   -1.43874544841948
C         0.32145208602201    0.09660238422615   -0.72971167851116
C         1.13874877095516   -1.17412632659761   -0.76074591181968
O         0.53990404162168    1.94856291157761   -2.22944318564293
O         1.94975686777535    4.39278636330659   -2.98069500236422
O         2.29351262983272   -1.24236934137015   -0.46172026123031
H         1.38705428204976    4.95141606404420   -3.51343259615171
H         2.11567839956310    1.27981060952196   -1.16817312922573
H         1.45587766610224    3.57795238227906   -2.82555879391675
H         0.57260830322735   -2.06118011507850   -1.09745538705331
H        -0.67515443898781   -0.04217202788331   -1.14721969048393
H         0.23895861774083    0.40509146502913    0.31711108482144
12
 energy: -21.613400791504 gnorm: 0.002718472258 xtb: 6.2.3 (830e466)
C         1.04140411465315    1.20786348788808   -1.44151038017078
C         0.32033899611929    0.09415049462255   -0.72887695268551
C         1.14373538781878   -1.17242192939746   -0.76380128385636
O         0.52028815467607    1.95476716020835   -2.22117547224656
O         1.95364209901149    4.38809714800331   -2.96867323525284
O         2.29928514994900   -1.23568813203150   -0.46623893123080
H         1.41406324629967    4.94421509016441   -3.53496293938214
H         2.10747704121374    1.28494261146111   -1.17629742898443
H         1.44469167743287    3.58227202221406   -2.81144693023672
H         0.58093942644859   -2.06205642946472   -1.09912028296344
H        -0.67771324667237   -0.04889494679465   -1.14195259819804
H         0.24084795304825    0.40233342312505    0.31826643520985
12
 energy: -21.613412156917 gnorm: 0.000943782919 xtb: 6.2.3 (830e466)
C         1.04605509772632    1.20856525517027   -1.43938389616698
C         0.32092357961037    0.09654566418835   -0.72887311546521
C         1.14026450015699   -1.17323462978655   -0.76153721676516
O         0.53321768950508    1.94696656094817   -2.23139537523899
O         1.95131692972006    4.39367127265275   -2.97382900743312
O         2.29609863014313   -1.24000986378750   -0.46595137972226
H         1.39419055253217    4.94578029663426   -3.52559749144810
H         2.11265298305860    1.28199875445612   -1.17190177433442
H         1.45597016103149    3.58094848108466   -2.81404794096183
H         0.57447722763598   -2.06099361582142   -1.09740122815852
H        -0.67636141716594   -0.04482318339908   -1.14424282846410
H         0.24019406604429    0.40416500765858    0.31837125416093
12
 energy: -21.613416064341 gnorm: 0.000773138917 xtb: 6.2.3 (830e466)
C         1.04069191524689    1.21047782180088   -1.43870319909680
C         0.32014571124325    0.09551319040133   -0.72805552924508
C         1.14293398918487   -1.17200070186226   -0.76372971283503
O         0.52400561543319    1.94881817789168   -2.22859285150565
O         1.95440395958809    4.38952426078935   -2.97062142098606
O         2.29972059438894   -1.23588299316304   -0.47128059926057
H         1.40735734587567    4.94220751847839   -3.53221814881831
H         2.10731788973367    1.28729004093142   -1.17248358868055
H         1.45098745127189    3.58152684570785   -2.81018106567429
H         0.57848086499683   -2.06120228814043   -1.09807051851683
H        -0.67754816846160   -0.04820223256791   -1.14161162095017
H         0.24050283149685    0.40151035973134    0.31975825557155
