12
 energy: -21.489646336038 gnorm: 0.192491051778 xtb: 6.2.3 (830e466)
C         0.33107000000000    1.59934000000000   -2.46653000000000
C        -0.29400000000000    1.12868000000000   -1.38100000000000
C         2.48928000000000   -0.75266000000000   -0.83987000000000
O         0.80225000000000    2.86863000000000   -2.54485000000000
O         0.68767000000000    3.71605000000000   -1.57334000000000
O         2.94836000000000   -1.12893000000000    0.22518000000000
H         1.49737000000000    4.28289000000000   -1.64026000000000
H         2.82857000000000    0.17959000000000   -1.27787000000000
H         0.46690000000000    0.94248000000000   -3.31933000000000
H         1.73754000000000   -1.34739000000000   -1.34720000000000
H        -0.65381000000000    0.10461000000000   -1.36739000000000
H        -0.45220000000000    1.74630000000000   -0.50333000000000
12
 energy: -21.506160802893 gnorm: 0.075717009832 xtb: 6.2.3 (830e466)
C         0.32776378773904    1.59006468047903   -2.45450272660835
C        -0.28995127848137    1.12528483261791   -1.37311831754750
C         2.49110166622304   -0.75422160601788   -0.82356887921186
O         0.81599237605538    2.84981079353498   -2.60826002486483
O         0.68879871386574    3.71541585971411   -1.55846698478493
O         2.94744773567504   -1.12680868211738    0.22260706095702
H         1.48450889207158    4.27950358918394   -1.61859196654718
H         2.82670338128335    0.17818987222744   -1.28551767989416
H         0.46996268474904    0.96846108544271   -3.32319524628604
H         1.73952092846499   -1.34528929912522   -1.35370430051188
H        -0.66003236883947    0.11523581915955   -1.35206837035261
H        -0.45281651880637    1.74394305490081   -0.50740256434770
12
 energy: -21.507368590613 gnorm: 0.036855800774 xtb: 6.2.3 (830e466)
C         0.31145952696428    1.59085528762061   -2.44733577745897
C        -0.29539634778620    1.12942553270463   -1.37001265285845
C         2.56000392936840   -0.80061881116215   -0.85087478163761
O         0.82704214877879    2.83287047069833   -2.65365212212796
O         0.69379551676868    3.69392206929764   -1.53961928896281
O         2.92331017643011   -1.10734109559693    0.24792539412564
H         1.46981704633811    4.26491124281410   -1.61124723475960
H         2.80074559521535    0.18931868564233   -1.28296700858297
H         0.47781302780845    1.00445745047993   -3.33749245985595
H         1.72227170535567   -1.32473222339083   -1.34854978357061
H        -0.65664820235567    0.12163396191239   -1.33811485442851
H        -0.44521412288594    1.74488742897996   -0.50384942988216
12
 energy: -21.482121242332 gnorm: 0.148672800447 xtb: 6.2.3 (830e466)
C         0.27872146464354    1.59099872035429   -2.42109655920336
C        -0.31028395156219    1.13831763501017   -1.36034775171593
C         2.39475656676950   -0.68756245219397   -0.69190626935425
O         0.86016259530795    2.78903129328658   -2.75616685575019
O         0.70357649306245    3.65138361091477   -1.49848098282356
O         2.98695964371881   -1.14820173529034    0.22695870227737
H         1.43201994512612    4.24051941067198   -1.60653487936296
H         2.84473149374000    0.14209379280104   -1.34720120299332
H         0.50736618021391    1.08654917152187   -3.36430595755647
H         1.78630227724350   -1.34728748253023   -1.40934579657071
H        -0.65580416822689    0.13577119602910   -1.31232724145862
H        -0.43950854003670    1.74797683942469   -0.49503520548809
12
 energy: -21.509815256803 gnorm: 0.024459120484 xtb: 6.2.3 (830e466)
C         0.30476106076079    1.59037724125455   -2.45050349560216
C        -0.29856197516864    1.13336504405029   -1.36863346645283
C         2.48252773355998   -0.74641737350557   -0.78544223082867
O         0.83748396652651    2.81572488652707   -2.67223133964661
O         0.69829879847551    3.66935881902908   -1.52314879962515
O         2.95692967390773   -1.12783722884651    0.23412226355080
H         1.45514324832060    4.26092635667394   -1.61279924351340
H         2.81933131197947    0.16704656988875   -1.30268686369356
H         0.48260134832838    1.03310415695484   -3.35991945024091
H         1.75266611157916   -1.33376550309473   -1.36676737629499
H        -0.66210629897296    0.12644437050647   -1.32681500854546
H        -0.44007497929651    1.75126266056180   -0.50096498910710
12
 energy: -21.510661275417 gnorm: 0.007157492264 xtb: 6.2.3 (830e466)
C         0.30924426201079    1.58718593972730   -2.44871319410136
C        -0.29566296381698    1.12956288860687   -1.36921642041720
C         2.50459033300917   -0.75849628708957   -0.80646789303214
O         0.83757841193880    2.81850608528243   -2.64877912625834
O         0.70266302055437    3.67278436221321   -1.52399073819613
O         2.93735527898996   -1.11022103519065    0.25012377029508
H         1.45886729741180    4.26902384265695   -1.61932490760979
H         2.82409493311513    0.17091110593862   -1.30439382080196
H         0.46827040147054    1.02276829831859   -3.35715156586965
H         1.75511588407630   -1.33850453929796   -1.36844101318446
H        -0.67656831971736    0.12738355618690   -1.33709911766514
H        -0.43654853904248    1.74868578264730   -0.50233597315895
12
 energy: -21.510717177020 gnorm: 0.002142739125 xtb: 6.2.3 (830e466)
C         0.30611848576158    1.58617588164456   -2.44844632390673
C        -0.29981288050900    1.12759366302557   -1.37057219939414
C         2.50750941339967   -0.75782738630762   -0.80588968557719
O         0.84333147034928    2.81508348956494   -2.64677342975794
O         0.70915347402807    3.66997493536851   -1.51861192031150
O         2.93582142052803   -1.10645551018658    0.25093154834790
H         1.45804918467939    4.27368707369415   -1.62405315182564
H         2.82476875318669    0.17333771850493   -1.30301633279174
H         0.46370489768378    1.02459115450560   -3.35965124863300
H         1.75717909465712   -1.33758643037905   -1.36813084226063
H        -0.68475575646288    0.12706394632176   -1.34114076086940
H        -0.43206755730168    1.74395146424322   -0.50043565302003
12
 energy: -21.510784217809 gnorm: 0.005541690776 xtb: 6.2.3 (830e466)
C         0.30219673457844    1.58292467106417   -2.44736450291360
C        -0.30615881697589    1.12186137779965   -1.37209416023658
C         2.51179103379028   -0.75386965187316   -0.80512359745169
O         0.85699441409613    2.80683898962751   -2.63780592688728
O         0.72613969865763    3.66229581233104   -1.50553915456435
O         2.92984007698306   -1.09508117167332    0.25620914001459
H         1.45581769517619    4.28629428421628   -1.63680599184824
H         2.82965030775322    0.17741140137552   -1.30334658264314
H         0.44927652118975    1.02784723930666   -3.36526954780142
H         1.76525307373328   -1.33740950000581   -1.37043659245161
H        -0.70668513486428    0.12704515848415   -1.35167891430954
H        -0.42511560411771    1.73343138934728   -0.49653416890721
12
 energy: -21.510853097537 gnorm: 0.008425771003 xtb: 6.2.3 (830e466)
C         0.29532018437925    1.57837975234183   -2.44674839881456
C        -0.31795995155243    1.11503185938223   -1.37501166479715
C         2.51703726749255   -0.74547152870953   -0.80508692458059
O         0.87938611891572    2.79242426920452   -2.62253800582029
O         0.75267260851530    3.64838837706395   -1.48697207756745
O         2.91790502507641   -1.07410596303592    0.26658879371654
H         1.45212785677443    4.30138949239825   -1.65345131602576
H         2.83991334610358    0.18251063395163   -1.30738625265004
H         0.42729026202761    1.03171905174465   -3.37225433473614
H         1.78019593783499   -1.33705199972772   -1.37636112319979
H        -0.74002837170195    0.12858672370908   -1.36660120931594
H        -0.41486028386526    1.71778933167702   -0.48996748620892
12
 energy: -21.510928010652 gnorm: 0.006716747057 xtb: 6.2.3 (830e466)
C         0.29137088842497    1.57345319023669   -2.44543042233050
C        -0.32715404739149    1.11044721182396   -1.37618507206208
C         2.52098606265483   -0.73519009861618   -0.80651307530243
O         0.90088744664391    2.77694597213678   -2.60911504449667
O         0.77505672220791    3.63406292982167   -1.47384551893949
O         2.90533876374362   -1.05131897709738    0.27606980938624
H         1.44909064502522    4.30607722266980   -1.66198709640005
H         2.85196966409586    0.18654254658676   -1.31489491860923
H         0.40749995276942    1.03426783785469   -3.37709823839151
H         1.79548294842015   -1.33539949399008   -1.38343494864929
H        -0.77170918792618    0.13331274025407   -1.37818069200971
H        -0.40981985866794    1.70638891831918   -0.48517478219543
12
 energy: -21.511028751314 gnorm: 0.003761654520 xtb: 6.2.3 (830e466)
C         0.28805750667196    1.56634650298670   -2.44355173354887
C        -0.33908491079041    1.10720638259553   -1.37730153127021
C         2.52379051434504   -0.71818565068844   -0.81035865300255
O         0.92782039063949    2.75400537605888   -2.59281885668051
O         0.80416958546856    3.60946341366270   -1.45815151055468
O         2.88696963705300   -1.01902779454105    0.28571708438371
H         1.44445414685130    4.30372605639363   -1.66812338896644
H         2.86934736095498    0.19228444161215   -1.32775575390631
H         0.38682599713929    1.03555536351052   -3.38055411025816
H         1.81346606879583   -1.32874788896447   -1.39355386279211
H        -0.80935510584788    0.14271721735880   -1.38942492223379
H        -0.40746119128077    1.69424658001499   -0.47991276117028
12
 energy: -21.511077393371 gnorm: 0.009186490863 xtb: 6.2.3 (830e466)
C         0.28554602039401    1.55608861930467   -2.44077237472125
C        -0.35244912363139    1.10193922869002   -1.37883524364043
C         2.52593339167643   -0.69563430194600   -0.81492711178980
O         0.95801323785549    2.72554558466546   -2.57421058715635
O         0.84583752034952    3.57217886896856   -1.43278422988580
O         2.86757526997286   -0.98280684433571    0.29225402352735
H         1.43720009547384    4.30468191038466   -1.68061139343279
H         2.88665193837268    0.20398380701910   -1.33931482382760
H         0.36524437014815    1.03608419126440   -3.38540665495179
H         1.82875041789547   -1.31417530270175   -1.40365798487331
H        -0.85410398821122    0.15299346957585   -1.40351813406105
H        -0.40519915029528    1.67871076911065   -0.47400548518747
12
 energy: -21.511164849632 gnorm: 0.004613174782 xtb: 6.2.3 (830e466)
C         0.28373015946189    1.54665117492968   -2.43975114719267
C        -0.36630852619488    1.10224591721259   -1.38095772209970
C         2.52570261648501   -0.67163284902350   -0.82089990585042
O         0.97804671649198    2.70091556604471   -2.56585545231768
O         0.87446621914044    3.53961731477466   -1.42139154902409
O         2.85958370515910   -0.95532802036419    0.28782521234908
H         1.43914819482043    4.28192945990610   -1.67274668865538
H         2.89689404190093    0.22085282317940   -1.34741792875513
H         0.35865002351361    1.02920710630305   -3.38446077946403
H         1.83259448517474   -1.29126923691831   -1.40964154553389
H        -0.88323178070452    0.16356462223936   -1.40838724537368
H        -0.41027585524801    1.67283612171630   -0.47210524808277
12
 energy: -21.511243242435 gnorm: 0.006741246517 xtb: 6.2.3 (830e466)
C         0.27662388611926    1.53490832547774   -2.43823233310486
C        -0.38485261405924    1.09770185898367   -1.38364386637504
C         2.53066081984573   -0.64589395491448   -0.82879010167202
O         1.00380147463069    2.67262110588197   -2.55220925583628
O         0.91755672626125    3.50175830197849   -1.39883400338947
O         2.83849009656868   -0.91309086373067    0.29432934307471
H         1.44266354860445    4.26745187532145   -1.67244574431551
H         2.91332380859932    0.23971814628292   -1.35958216775583
H         0.34054444276192    1.02313374618596   -3.38763695946639
H         1.84473074755596   -1.27015084528531   -1.42230886632710
H        -0.92510380183652    0.17170335748325   -1.41920327482230
H        -0.40943913505063    1.65972894633482   -0.46723277001039
12
 energy: -21.511330938882 gnorm: 0.007317494699 xtb: 6.2.3 (830e466)
C         0.27139709419102    1.51981915783486   -2.43600566983468
C        -0.40032557386410    1.09047947909090   -1.38544577004471
C         2.53301279724864   -0.61477385552611   -0.83563133218952
O         1.02296149974102    2.64436022878475   -2.54233384452326
O         0.96702433651141    3.45939394054627   -1.37352643769249
O         2.82607337555001   -0.87548638134512    0.29190975474938
H         1.45227924809346    4.24681650132395   -1.66901565531200
H         2.92333609469620    0.26851936695156   -1.36572590441713
H         0.32539843831313    1.01265687284842   -3.39089146007600
H         1.84698316502997   -1.23820898671184   -1.43263055673398
H        -0.96357527799360    0.17729522884877   -1.42903048626468
H        -0.41556519751604    1.64871844735335   -0.46746263766151
12
 energy: -21.511408934681 gnorm: 0.006202661947 xtb: 6.2.3 (830e466)
C         0.26739659847559    1.50617994145363   -2.43406043051510
C        -0.41206907762565    1.08429576214262   -1.38629136131626
C         2.53258738734636   -0.58769118669454   -0.84325822860293
O         1.02394897210613    2.62733644705747   -2.54227136988635
O         1.00239722634202    3.42935634334909   -1.35911606355446
O         2.81701503521205   -0.84854442919578    0.28535775359697
H         1.47237832106919    4.21831103538862   -1.65472075569484
H         2.92722762080482    0.29751738718549   -1.36940264566166
H         0.32425859844508    0.99600330196507   -3.38853194540116
H         1.83815231912535   -1.20388107057750   -1.44249674624256
H        -0.97876152953159    0.17562865535574   -1.43006137279406
H        -0.42553147176808    1.64507781256981   -0.47093683392825
12
 energy: -21.511491979179 gnorm: 0.006375437547 xtb: 6.2.3 (830e466)
C         0.26607908792526    1.48580273207863   -2.42899506548238
C        -0.43298716236164    1.07618219837667   -1.38771775237719
C         2.52790793130835   -0.54495503514640   -0.85420829399606
O         1.04635157626635    2.59216820622380   -2.52955914023710
O         1.05708695795788    3.37961453609073   -1.33688496356424
O         2.79642123623497   -0.80470763482154    0.27716997581370
H         1.48336938728559    4.19287097274619   -1.64701106621146
H         2.94237638599802    0.33155202274998   -1.38170819456933
H         0.31904119458344    0.97609355088968   -3.38231181343975
H         1.83454905732379   -1.15726022186703   -1.45878589084038
H        -1.01857175830342    0.17978295097659   -1.43741232214685
H        -0.43262389421706    1.63244572170235   -0.46836547294974
12
 energy: -21.511564572807 gnorm: 0.005968933325 xtb: 6.2.3 (830e466)
C         0.26843632193730    1.46277688428243   -2.42086273246046
C        -0.44693562273090    1.06646531371623   -1.38454696246661
C         2.52071691018313   -0.49764021790927   -0.86887719070286
O         1.06971618373809    2.55400086276441   -2.51618868045913
O         1.10939263728350    3.32809745219760   -1.31970678570094
O         2.76397713101984   -0.75360223595586    0.27098042242046
H         1.49696735588653    4.16041045421820   -1.63406556029523
H         2.96132766605164    0.36576998524409   -1.39822151144177
H         0.31256132714966    0.95407543286591   -3.37439868441510
H         1.83333158380373   -1.10601475808682   -1.48275469759680
H        -1.05780202816813    0.18368965464979   -1.44181341155508
H        -0.44268946615256    1.62156117201288   -0.46533420532738
12
 energy: -21.511626062955 gnorm: 0.003253690664 xtb: 6.2.3 (830e466)
C         0.26625582670074    1.44829524414166   -2.41787314647010
C        -0.45458096610964    1.05962226875008   -1.38332975556849
C         2.50988629769741   -0.46173806251738   -0.87773285795600
O         1.08131596323844    2.52936481244649   -2.51046980922707
O         1.14303654142955    3.29274411440406   -1.31228820648611
O         2.74303021024910   -0.72363164981414    0.26204553965231
H         1.51363104897622    4.13089772209663   -1.62119471531054
H         2.96459148657101    0.39531240425605   -1.40110486942099
H         0.30796467905995    0.93890235810014   -3.37032799412072
H         1.82788665726441   -1.06475440810083   -1.50063652945963
H        -1.06451696858264    0.18041356200989   -1.43989396681553
H        -0.44950077649258    1.61416163422690   -0.46298368881812
12
 energy: -21.511661682376 gnorm: 0.004197565666 xtb: 6.2.3 (830e466)
C         0.25991717358051    1.43687796578573   -2.41793061373290
C        -0.46055315601139    1.05279971027845   -1.38294582516842
C         2.50579588991906   -0.43086666005068   -0.88422121221523
O         1.09201535531246    2.50595570118782   -2.50682824300883
O         1.17971431890945    3.25524268353813   -1.29803705942953
O         2.72130678506483   -0.69090132963849    0.26093144191585
H         1.52665915768819    4.10242918056432   -1.61241655315495
H         2.97015430835752    0.42296334525905   -1.40167640874979
H         0.29396497149975    0.93176294263997   -3.37405620478790
H         1.82955036821779   -1.03132885532804   -1.51612098251589
H        -1.08255070815594    0.18151121453340   -1.44370937820636
H        -0.44697446438007    1.60314410122986   -0.45877896094712
12
 energy: -21.511684880435 gnorm: 0.005009808415 xtb: 6.2.3 (830e466)
C         0.25835035767253    1.43113225392190   -2.41813368107984
C        -0.46114358608063    1.04873415973978   -1.38200690660205
C         2.50343989098383   -0.41420269813101   -0.88668138320094
O         1.10076892598216    2.49226167932087   -2.50671074137521
O         1.19490495334391    3.23535958791403   -1.29520563855176
O         2.71096245188619   -0.67617237557773    0.25901457666330
H         1.53309016197984    4.08484163653622   -1.60566267799140
H         2.97009160803318    0.44115317789341   -1.39657990839673
H         0.28241957413997    0.93134203668380   -3.37891303369419
H         1.83079288375743   -1.01257141087143   -1.52393821549445
H        -1.09598021037130    0.18313420152224   -1.44676089730349
H        -0.43869701132485    1.59457775104741   -0.45421149297434
12
 energy: -21.511657507420 gnorm: 0.005262107887 xtb: 6.2.3 (830e466)
C         0.25424119538743    1.43284227340162   -2.42055833575225
C        -0.46289351195897    1.04852732232354   -1.38272127318204
C         2.51441723718872   -0.41989411307522   -0.88845799987528
O         1.10049999909230    2.49022218644746   -2.50816512368158
O         1.19516187640355    3.23198516505379   -1.29635161446703
O         2.69963407724751   -0.66906888556982    0.26349803761511
H         1.53787452912800    4.08119381744860   -1.60502069731540
H         2.97021639875490    0.44681814641716   -1.39218609182548
H         0.27326101777140    0.93706417016270   -3.38216207486807
H         1.83580145286804   -1.01254893268087   -1.52474959340698
H        -1.09773784132274    0.18575284185795   -1.44612249690885
H        -0.43147643055789    1.58669600821257   -0.45279273633328
12
 energy: -21.511614814685 gnorm: 0.014006070091 xtb: 6.2.3 (830e466)
C         0.23656469104519    1.44020072551605   -2.43094522915225
C        -0.47041723863485    1.04769917522463   -1.38589985973961
C         2.50551641192815   -0.40220308625733   -0.87556571950138
O         1.09880349722003    2.48200399927008   -2.51449880035266
O         1.19635723014686    3.21787534883905   -1.30123253807793
O         2.67262261733843   -0.65464308192490    0.27597198822899
H         1.55792905168558    4.06593503391787   -1.60232549819283
H         2.98996641130089    0.45587385095443   -1.37965479681910
H         0.23389972603652    0.96151654197257   -3.39629782351204
H         1.87595195773347   -1.02617870356962   -1.53412400491810
H        -1.10607297649003    0.19702817905527   -1.44400315355856
H        -0.40212137930799    1.55448201700137   -0.44721456440564
12
 energy: -21.511775459651 gnorm: 0.002578016429 xtb: 6.2.3 (830e466)
C         0.24410968695015    1.43517219512740   -2.42649465020693
C        -0.46136959152109    1.04313111517384   -1.38277897985684
C         2.50745685520804   -0.40586836811236   -0.87914078084791
O         1.09663254047233    2.48632484709414   -2.51330195784787
O         1.20196116797583    3.22063940654787   -1.29845477163032
O         2.67954100173132   -0.65724011621762    0.27368401192223
H         1.55078023431382    4.07003114372347   -1.60263037039598
H         2.98370967459552    0.45206968276951   -1.38254724437513
H         0.24098512923720    0.95485644671334   -3.39497194957038
H         1.86500663767853   -1.01983886017424   -1.53294109030243
H        -1.10770398384143    0.19166693369867   -1.44779259138362
H        -0.41210935279797    1.56864557365545   -0.44841962550594
12
 energy: -21.511805948495 gnorm: 0.001465028875 xtb: 6.2.3 (830e466)
C         0.23697747920332    1.43749702986222   -2.43009176993861
C        -0.46160608171958    1.04141508318605   -1.38347864348126
C         2.50963406952775   -0.40303404370091   -0.87749644014415
O         1.09370920561611    2.48549073489307   -2.51614089358716
O         1.20788112807922    3.21459330713222   -1.29869271147041
O         2.66677500002751   -0.64917596046543    0.27920688414069
H         1.55829804558575    4.06367313778704   -1.60111984926904
H         2.98634266614026    0.45659976623672   -1.37651812167857
H         0.22737336883215    0.96077545723905   -3.40080472602548
H         1.87534715774170   -1.01938343504313   -1.53733465753710
H        -1.10959611784513    0.19017799158422   -1.44833296716931
H        -0.40213592118680    1.56096093128834   -0.44498610384072
12
 energy: -21.511799360331 gnorm: 0.016857499357 xtb: 6.2.3 (830e466)
C         0.19309801564126    1.44892123918994   -2.45371408144103
C        -0.45437878130521    1.02206157756289   -1.38483438500407
C         2.51686304321227   -0.37586518946570   -0.86147926034075
O         1.07135351278641    2.47982555475630   -2.53926806158008
O         1.25344764935850    3.16703902417978   -1.30168363396724
O         2.57598613838638   -0.59468744321733    0.31643447609579
H         1.60966704114181    4.01766286894801   -1.59070372529711
H         3.00745164733811    0.49144962058555   -1.33092990677362
H         0.12103399259631    1.01123287243965   -3.44538571424842
H         1.95251336461734   -1.01732091662992   -1.56760878012732
H        -1.12589859711456    0.18591259145820   -1.45171157728943
H        -0.33213702665634    1.50335820019206   -0.42490535002789
12
 energy: -21.511917902035 gnorm: 0.005189934216 xtb: 6.2.3 (830e466)
C         0.20113755790995    1.44659873151867   -2.44991886821372
C        -0.45549668792762    1.02485776233433   -1.38615071236587
C         2.51314164114457   -0.37795381678727   -0.86261539162359
O         1.07527039250786    2.48085717468207   -2.53569631644732
O         1.24750733771243    3.17302725083407   -1.30106145122964
O         2.60347233383950   -0.61039021844831    0.30503262498018
H         1.60207158599185    4.02356537791952   -1.59204676033137
H         2.99763779923443    0.48954459091379   -1.33675343163322
H         0.14152085552707    1.00181888514892   -3.43670893402483
H         1.93075744826327   -1.01077658571329   -1.55595542632788
H        -1.12177788108419    0.18506831452970   -1.45252796710726
H        -0.34624238311684    1.51337253306722   -0.43138736567663
12
 energy: -21.511972225905 gnorm: 0.002397725769 xtb: 6.2.3 (830e466)
C         0.19510058976044    1.44736179526300   -2.45315685321228
C        -0.45309809041919    1.02010864271919   -1.38673056849582
C         2.51049150579908   -0.36919658343569   -0.85888803527835
O         1.07061048852656    2.47998919306688   -2.54085434725033
O         1.25812941453243    3.16086462659716   -1.30249433214444
O         2.59216957855380   -0.60605074701940    0.30730157320802
H         1.61220061879609    4.01287998487690   -1.59048740627043
H         2.99771018709531    0.50083424754330   -1.32674632619651
H         0.12455913742682    1.01083480481715   -3.44160254063333
H         1.93825970735103   -1.00309725744236   -1.55839973495998
H        -1.12203583101455    0.18370490486692   -1.45215678368233
H        -0.33509730640554    1.50135638814638   -0.43157464508536
12
 energy: -21.512103811094 gnorm: 0.004753506756 xtb: 6.2.3 (830e466)
C         0.16918694768719    1.45116362025404   -2.46776017521142
C        -0.44289596894973    1.00082520011653   -1.38886735680294
C         2.50069003101783   -0.33506468566789   -0.84416580978755
O         1.05178463088408    2.47693886307391   -2.56166497181947
O         1.30255156255061    3.11387348327825   -1.30835967106714
O         2.53940631887315   -0.58459947737302    0.32045839436667
H         1.65208756806789    3.97181152600370   -1.58504237854473
H         2.99764287471659    0.54523801149738   -1.28444449548076
H         0.05324192013176    1.04689434012336   -3.46553699417445
H         1.97184011420083   -0.97413082956126   -1.57255820755004
H        -1.12447618970322    0.17606232916527   -1.45213512992503
H        -0.28205980947469    1.45057761908912   -0.42571320400427
12
 energy: -21.512123960386 gnorm: 0.016700284731 xtb: 6.2.3 (830e466)
C         0.12465610226987    1.45532302506218   -2.48977665710758
C        -0.42435225423836    0.96529152699797   -1.39100681461390
C         2.48372929391381   -0.27210042541054   -0.82231236042948
O         1.02269394275448    2.46670011133923   -2.59411229941460
O         1.38125125303187    3.02952030023855   -1.32128023272378
O         2.43190283839916   -0.54328986487352    0.34268861582413
H         1.72525692742061    3.89628517000546   -1.57890655690074
H         2.99775506087026    0.62872960570266   -1.20673349798483
H        -0.07320696112698    1.10868331265806   -3.50217805276466
H         2.03429724162976   -0.91511368033501   -1.60726147389061
H        -1.12995055442707    0.16158026055344   -1.45023295479066
H        -0.18503289049510    1.35798065806084   -0.41467771520443
12
 energy: -21.512292231764 gnorm: 0.003779679985 xtb: 6.2.3 (830e466)
C         0.14264856091247    1.44911933182760   -2.47769339662069
C        -0.42944569426116    0.97282417104407   -1.38981686646371
C         2.48357416210543   -0.28222937434692   -0.83310430119456
O         1.03760683312842    2.46351941238403   -2.57863112721313
O         1.35936862047376    3.04981761153938   -1.31965734009367
O         2.45936812727935   -0.55304583047988    0.32959325425937
H         1.70916695342475    3.91196616867694   -1.58304929338245
H         2.99063441865549    0.61364910868538   -1.23013274101667
H        -0.03024664583521    1.08670184859799   -3.48165299636471
H         2.00850711647282   -0.91683176796484   -1.60082966878684
H        -1.12936688105925    0.16411868464857   -1.45037253979355
H        -0.21281557129456    1.37998063538700   -0.42044298333053
12
 energy: -21.512376517319 gnorm: 0.002326118813 xtb: 6.2.3 (830e466)
C         0.12932866873140    1.44999365956602   -2.48447833452956
C        -0.42196456896357    0.95844522374568   -1.39145166736560
C         2.47447930049873   -0.25782628191466   -0.82680477143220
O         1.03260114230355    2.45763400768862   -2.58595253437448
O         1.38820191526426    3.01962446285380   -1.32446519294751
O         2.43322947898783   -0.53836045785009    0.33170044746452
H         1.73637868760392    3.88440358854070   -1.58050704764045
H         2.97621491368219    0.64754331489685   -1.20502303283450
H        -0.06737983480308    1.10533682360871   -3.49100801864180
H         2.01925143892359   -0.88983413596313   -1.60741210712321
H        -1.13095865960612    0.15606564827567   -1.45220585108744
H        -0.18038248262041    1.34656414655116   -0.41818188948894
12
 energy: -21.512374708163 gnorm: 0.012525939307 xtb: 6.2.3 (830e466)
C         0.09326450281625    1.44954864287332   -2.49814018757903
C        -0.39954955811064    0.91785574871508   -1.39195368877666
C         2.44776668156291   -0.18589576671700   -0.81239231317853
O         1.01658602608554    2.43936841161900   -2.60773232609903
O         1.47334272614523    2.93003904839413   -1.34195625029442
O         2.33665636357190   -0.50144472139499    0.33724673616194
H         1.81299416429778    3.80405689392219   -1.57768249947360
H         2.94323691921291    0.74930084945216   -1.12612410790328
H        -0.17404250376362    1.15565954249120   -3.50876214180162
H         2.06278538153948   -0.80884536141527   -1.64492666410191
H        -1.13073255764819    0.13306697775265   -1.44788248856303
H        -0.09330814570724    1.25687973430676   -0.41548406839201
12
 energy: -21.512483628721 gnorm: 0.001748668554 xtb: 6.2.3 (830e466)
C         0.11099286667087    1.44878351407096   -2.49010039500054
C        -0.40838264318487    0.93445835341496   -1.39180316048508
C         2.45648856218548   -0.21428820815945   -0.81963766946788
O         1.02541913814362    2.44608751542684   -2.59701610651510
O         1.43944179579053    2.96570091129656   -1.33648505217846
O         2.38047624707105   -0.51970495296401    0.33127033333070
H         1.78011968141543    3.83712921198043   -1.57937999415147
H         2.94985059597435    0.70952800031517   -1.15879959238476
H        -0.12474273518594    1.13250664227445   -3.49669384902142
H         2.03972175120926   -0.83703891893503   -1.62951931155379
H        -1.12761678441232    0.14045349133659   -1.44852047453283
H        -0.13276847567515    1.29597443994178   -0.41910472804053
12
 energy: -21.512515915637 gnorm: 0.002051861462 xtb: 6.2.3 (830e466)
C         0.10319891512658    1.44989331655426   -2.49301278020301
C        -0.40406798651675    0.92763777267433   -1.39314930376650
C         2.45125919847054   -0.20074463737663   -0.81393582600577
O         1.02004430411145    2.44403374223554   -2.60392442469385
O         1.45812419548476    2.94620907275981   -1.34429769213094
O         2.36312267394610   -0.52254400009574    0.33217960407160
H         1.79126560288472    3.82244947041921   -1.58118919563570
H         2.94188770342663    0.73163500882961   -1.13519889955943
H        -0.14906248920020    1.14497655526914   -3.49985860598132
H         2.05027812298753   -0.81716719445759   -1.63737928730364
H        -1.12706236072301    0.13727053394404   -1.44769824791797
H        -0.10998787999603    1.27594035924328   -0.41832534087462
12
 energy: -21.512535123279 gnorm: 0.007681620273 xtb: 6.2.3 (830e466)
C         0.08519056697635    1.45540951740346   -2.49981795647522
C        -0.39135654188465    0.91244788559916   -1.39369480649321
C         2.44379599913782   -0.17917896367360   -0.80125700081374
O         1.00442790384709    2.44523282058844   -2.62070289249318
O         1.50011624848290    2.90828166052976   -1.36242298168431
O         2.33301675475557   -0.53782801266242    0.33391745537152
H         1.80967210134052    3.79769225086953   -1.58559179003979
H         2.92349792518195    0.77364988704710   -1.08235385381008
H        -0.19795693369314    1.17052959939433   -3.50541931784650
H         2.07376606248964   -0.77902536452350   -1.65349178030211
H        -1.12148038510438    0.12840648016400   -1.44321347889502
H        -0.07368970152737    1.24397223926301   -0.42174159651952
12
 energy: -21.512584213841 gnorm: 0.003804039459 xtb: 6.2.3 (830e466)
C         0.08644839428798    1.45735225191434   -2.49909625761316
C        -0.39436615052376    0.91773008846342   -1.39473258831404
C         2.44856522397971   -0.18867963180730   -0.79948439100179
O         1.00563158517823    2.44722028055108   -2.61927606580983
O         1.49085201516675    2.91852535475967   -1.36548692210136
O         2.34348420396291   -0.54942036403703    0.33462046897420
H         1.80026339950676    3.80751901561774   -1.58879560351055
H         2.92583020221206    0.76417980915954   -1.08145326348228
H        -0.19464957013509    1.17021788454485   -3.50483947743166
H         2.07721099563508   -0.78808547758517   -1.65115711752204
H        -1.12361972589833    0.13324637244543   -1.44447669291740
H        -0.07665057336998    1.24978441597271   -0.42161208927126
12
 energy: -21.512649983978 gnorm: 0.004078478177 xtb: 6.2.3 (830e466)
C         0.07679412224377    1.46689329201829   -2.50316691540238
C        -0.39476757349235    0.92230429524288   -1.39895286673892
C         2.45670748771616   -0.20028657487278   -0.78792614456956
O         0.99411680169578    2.45734271057483   -2.62885386509217
O         1.50002899987462    2.91785162846845   -1.38045796323386
O         2.35504362548032   -0.58431822020795    0.33782448292499
H         1.78559289885486    3.81741900396786   -1.59551947846856
H         2.92169946625364    0.76204014134632   -1.05211537563935
H        -0.21161922353428    1.18218734659341   -3.50604574603084
H         2.09407261169444   -0.78683563925352   -1.64989549375638
H        -1.12266998574324    0.13714382137225   -1.44525723518538
H        -0.06599923104143    1.24784819474925   -0.42542339880876
12
 energy: -21.512707311113 gnorm: 0.013842545072 xtb: 6.2.3 (830e466)
C         0.04446698393121    1.49231669487589   -2.51591364334913
C        -0.38582636854358    0.92439932237457   -1.40686431489754
C         2.47501153613697   -0.22062359924083   -0.75130860063061
O         0.96125561148561    2.48025826011059   -2.66020785694460
O         1.53949942756472    2.90146507536661   -1.43181564688355
O         2.36613126321419   -0.68751590747745    0.34668514792822
H         1.75998277597580    3.82998097850483   -1.61902154228729
H         2.89810824802294    0.78461103056376   -0.94037129906404
H        -0.28858254497289    1.23000668418549   -3.51483002685548
H         2.15891164421512   -0.76782645310792   -1.66182474593523
H        -1.12015991878909    0.14479981535196   -1.44292990428075
H        -0.01979865823872    1.22771809849189   -0.43738756680118
12
 energy: -21.512800572258 gnorm: 0.004900979923 xtb: 6.2.3 (830e466)
C         0.04314972737120    1.49757755137753   -2.51843054452721
C        -0.38580504936508    0.92749208711288   -1.40855561379974
C         2.48168730636856   -0.23412521035715   -0.74961326471059
O         0.95662204161154    2.48936868443348   -2.66091899673840
O         1.53246794625310    2.91260725261160   -1.43024342651230
O         2.38396023452160   -0.68461467714123    0.35061487222362
H         1.75320417829294    3.83893620119100   -1.61312368437126
H         2.89898606920624    0.76332255704668   -0.95223178859879
H        -0.28420141766126    1.23249799504376   -3.51763017643216
H         2.15769946524534   -0.78619992989280   -1.64739035575431
H        -1.11814900133204    0.14524396227275   -1.44631363149480
H        -0.03062150050983    1.23748352630091   -0.44195338928521
12
 energy: -21.512844868327 gnorm: 0.003587959072 xtb: 6.2.3 (830e466)
C         0.02772035735250    1.50839301381306   -2.52449387376323
C        -0.38362780361476    0.92879873837570   -1.41198307231875
C         2.48763822626872   -0.24071122927787   -0.73718579723246
O         0.94185641800787    2.49949444680886   -2.67298861383421
O         1.54464305149727    2.90866061862624   -1.44901938062981
O         2.38824753352619   -0.71805514914836    0.35312633461072
H         1.75135084280968    3.83863196252238   -1.61843974998422
H         2.88570330165365    0.77194380126298   -0.91234740840719
H        -0.30844703813136    1.24725678377426   -3.51725404631846
H         2.18409642137482   -0.78109554458209   -1.65227958199161
H        -1.11663651803675    0.14641037546159   -1.44469473061817
H        -0.01354479270554    1.22986218236271   -0.44823007951378
12
 energy: -21.512852724074 gnorm: 0.009786100330 xtb: 6.2.3 (830e466)
C         0.00691708987998    1.52332147463572   -2.53444754941878
C        -0.37554442277987    0.92846782499749   -1.41954607894768
C         2.49707101056009   -0.24918754298050   -0.71300155202404
O         0.92065469894007    2.51404402176829   -2.69392790057403
O         1.57139727322135    2.89327695426419   -1.48120931083629
O         2.39542345515202   -0.77173827516326    0.35965378276931
H         1.74077757152620    3.83646931525113   -1.62618388287546
H         2.86274244066552    0.78591668792837   -0.84354918493179
H        -0.36604157495886    1.28432696106069   -3.52513024120156
H         2.22425622109090   -0.76505987844115   -1.65319751751883
H        -1.11361592977550    0.14968701383160   -1.44485141907771
H         0.02496216648037    1.21006544284692   -0.46039914536430
12
 energy: -21.512902942304 gnorm: 0.005873126802 xtb: 6.2.3 (830e466)
C         0.01620491842415    1.51614967649864   -2.53076978957673
C        -0.37692275850603    0.92995982809218   -1.41789236189947
C         2.49322074043805   -0.24545638562937   -0.72087578958016
O         0.93081989905154    2.50698116645209   -2.68668143186223
O         1.55931045580521    2.89755256801055   -1.47259042293864
O         2.39153532844897   -0.75349537361638    0.35681629747488
H         1.74176239674803    3.83353199011503   -1.62185537292166
H         2.86620550755087    0.78122258426566   -0.86363536081796
H        -0.35170977313372    1.27491004957168   -3.52169008802159
H         2.21394725913378   -0.76784614318696   -1.65313591770787
H        -1.11540356731291    0.15145897688747   -1.44390177049798
H         0.02002959335434    1.21462106253887   -0.45957799165176
12
 energy: -21.512810777687 gnorm: 0.006936555773 xtb: 6.2.3 (830e466)
C         0.01614196465968    1.51590079295995   -2.53186355686445
C        -0.37663631462796    0.93046818667784   -1.41738483008898
C         2.47604027524081   -0.23833130656911   -0.71839061954716
O         0.93356113460292    2.50351459499527   -2.68940052169707
O         1.56006452129339    2.89598124860225   -1.47391213135430
O         2.39547389460740   -0.75972476777191    0.35320941253091
H         1.73935557698905    3.83380806489838   -1.62338843160597
H         2.86663359090798    0.78149875386009   -0.85759038807842
H        -0.35400252305685    1.27672899688877   -3.52029398989429
H         2.22292608644181   -0.76559564187666   -1.65450547058097
H        -1.11677277945983    0.15456041445498   -1.44129622275040
H         0.02621457240388    1.21078066287964   -0.46097325007007
12
 energy: -21.512910371836 gnorm: 0.009099793396 xtb: 6.2.3 (830e466)
C         0.01673570830812    1.51485784377427   -2.53392475009057
C        -0.37461628842693    0.93060261088915   -1.41610767673868
C         2.49031815936846   -0.24212413038371   -0.71799732779291
O         0.93973463565052    2.49596088789941   -2.69494691966897
O         1.56205627832104    2.89265047025041   -1.47661110696054
O         2.38454676869463   -0.76521508063709    0.34676292154389
H         1.73401131256932    3.83448753506483   -1.62641281888016
H         2.84964262055817    0.78889877211457   -0.84407510355375
H        -0.35880825476193    1.28050645462491   -3.51702793608406
H         2.22346933202432   -0.75359460551051   -1.65624143109545
H        -1.11882328939555    0.16065968484727   -1.43544996598807
H         0.04073301709211    1.20189955706597   -0.46375788469188
12
 energy: -21.512947810647 gnorm: 0.001940836767 xtb: 6.2.3 (830e466)
C         0.01680990703393    1.51402894546932   -2.53253367003037
C        -0.37227377033017    0.92853903595510   -1.41689535826404
C         2.49140201798042   -0.24275488121403   -0.71812213963122
O         0.93690421813316    2.49849629390224   -2.69263445564804
O         1.56471099644497    2.89317227557631   -1.47813789277840
O         2.38491941229746   -0.76699521518958    0.35017975773792
H         1.73551056185208    3.83318979101353   -1.62610718827245
H         2.85248389734509    0.78957223590715   -0.84416790863686
H        -0.36123553864964    1.27968773663115   -3.51876103661025
H         2.22356568652093   -0.75400436601458   -1.65888732844616
H        -1.11844215857209    0.15840426423335   -1.43750162377968
H         0.03464476994615    1.20825388372951   -0.46222115564158
12
 energy: -21.512963865099 gnorm: 0.001182733448 xtb: 6.2.3 (830e466)
C         0.01526113739885    1.51472389395045   -2.53300478810851
C        -0.37216710571486    0.92998186890787   -1.41585031641704
C         2.48629948882912   -0.23980931955705   -0.71643923106281
O         0.94029440120859    2.49403774589659   -2.69592414649451
O         1.56824915402681    2.89054157778620   -1.48170890884727
O         2.38251179669199   -0.77466657734139    0.34603622975120
H         1.73238018944002    3.83254507491371   -1.62836472985690
H         2.84612625201657    0.79364204020029   -0.83320131114318
H        -0.36493340580085    1.28084491973991   -3.51755814577244
H         2.23063303227273   -0.74711331864621   -1.66235584211112
H        -1.11888694860216    0.16082171288150   -1.43413105447384
H         0.04323200823546    1.20404038126762   -0.46328775546474
12
 energy: -21.512979515355 gnorm: 0.001505826608 xtb: 6.2.3 (830e466)
C         0.01551539981258    1.51324495214470   -2.53336305879029
C        -0.36921835781010    0.92913895381702   -1.41482951029153
C         2.48466779162865   -0.23747559733260   -0.71508681311997
O         0.94415311953300    2.48867975658562   -2.69966090997143
O         1.57527334123416    2.88616557446393   -1.48746185492570
O         2.37734978406112   -0.78364860709646    0.34117299218884
H         1.72709800414340    3.83117330576158   -1.62983523559919
H         2.83734370124040    0.79984626874206   -0.81924767792440
H        -0.37134718269766    1.28303368818049   -3.51607822216550
H         2.23826575799633   -0.73704905349504   -1.66760961524790
H        -1.12094350834521    0.16481143457690   -1.42984822032028
H         0.05084214920561    1.20166932365129   -0.46394187383377
12
 energy: -21.513005131742 gnorm: 0.002167164432 xtb: 6.2.3 (830e466)
C         0.01406116229297    1.51132011785567   -2.53297500065506
C        -0.36614495549431    0.93034381549134   -1.41177886425743
C         2.48245670168638   -0.23215950899072   -0.71295459890001
O         0.95260904208557    2.47644233818541   -2.70764018740969
O         1.59317696250537    2.87517795817706   -1.50169520250642
O         2.36442822140075   -0.80385719069317    0.32986152706030
H         1.71504623619586    3.82648364651023   -1.63181126962695
H         2.81965943784304    0.81370816690699   -0.78767850965252
H        -0.38327026563884    1.28440359855699   -3.51315217618228
H         2.25635394900357   -0.71273580686572   -1.68115292732604
H        -1.12490538452033    0.17252979389190   -1.42050561121106
H         0.06552889264226    1.19793307097352   -0.46430717933394
12
 energy: -21.513018209540 gnorm: 0.002319527436 xtb: 6.2.3 (830e466)
C         0.01398655807657    1.50937993543168   -2.53308932081729
C        -0.36425435586766    0.93098236356922   -1.40996467246689
C         2.48170518031954   -0.22960565393535   -0.71158132336657
O         0.95609033361426    2.47029765103404   -2.71303999692560
O         1.60398215755387    2.86853257725469   -1.51130984900802
O         2.35684571158696   -0.81601752499104    0.32229656750991
H         1.70653405845836    3.82364642663443   -1.63181421641940
H         2.81228373940722    0.81937598204705   -0.76863053815358
H        -0.39010475196164    1.28505007817846   -3.51122636145299
H         2.26910016781675   -0.69849741734549   -1.68856511540805
H        -1.12832071735875    0.17838923556459   -1.41464895582857
H         0.07115191835683    1.19805634655722   -0.46421621766403
12
 energy: -21.513034437751 gnorm: 0.002407636088 xtb: 6.2.3 (830e466)
C         0.01265473086401    1.50733250074728   -2.53338399580731
C        -0.36385739069031    0.93426851218146   -1.40692898341244
C         2.48270761783706   -0.22702859363127   -0.70943673755939
O         0.96029736648517    2.46149239558420   -2.72170518698476
O         1.61871698334191    2.85929365067873   -1.52614827187069
O         2.34515103831822   -0.83559895335397    0.31000413233606
H         1.69359624195470    3.81890044897738   -1.63173480567872
H         2.80424677672999    0.82581156111235   -0.73894258725026
H        -0.39903142629251    1.28426830703931   -3.50848466024773
H         2.29048561416841   -0.67684358699797   -1.69950301762274
H        -1.13376606304700    0.18773625615719   -1.40574785025539
H         0.07779851033264    1.19995750150481   -0.46377803564769
12
 energy: -21.513050166580 gnorm: 0.001563429661 xtb: 6.2.3 (830e466)
C         0.01056050449802    1.50604588093106   -2.53383526315235
C        -0.36600957776861    0.93937998976143   -1.40417528670577
C         2.48593687544535   -0.22637671796275   -0.70741294536817
O         0.96231075008914    2.45474708490471   -2.72942188662597
O         1.62897252855973    2.85260575000799   -1.53898627697032
O         2.33559261711344   -0.85407708265824    0.29831282215950
H         1.68242876227970    3.81425888069990   -1.63158029265211
H         2.80244519257073    0.82796329157020   -0.71256893923365
H        -0.40539996046068    1.28157566849153   -3.50656434094257
H         2.31194365010242   -0.65837553058513   -1.70830919395016
H        -1.13953079047388    0.19680868174765   -1.39822392386706
H         0.07974944804694    1.20503410309116   -0.46302447269240
12
 energy: -21.513066322774 gnorm: 0.002644841823 xtb: 6.2.3 (830e466)
C         0.00610658658068    1.50430422703581   -2.53493243071058
C        -0.37284186082404    0.95143247155130   -1.39912758148671
C         2.49408020669980   -0.22725615700214   -0.70405657294732
O         0.96490933965709    2.44355641115666   -2.74255627946393
O         1.64457710942616    2.84192346245463   -1.56023374429018
O         2.31986896751682   -0.88791884718184    0.27698497150771
H         1.66068865920296    3.80725741563995   -1.63077881885964
H         2.80612732808012    0.82801302464522   -0.66749709101330
H        -0.41377284646330    1.27335718740637   -3.50414764572566
H         2.35124145812162   -0.62791279366857   -1.72289278221869
H        -1.15105624986634    0.21401997784882   -1.38523314010321
H         0.07907130187074    1.21881362011328   -0.46131888468951
12
 energy: -21.513063252204 gnorm: 0.004157859517 xtb: 6.2.3 (830e466)
C         0.00366728007179    1.50457846382532   -2.53571465693931
C        -0.38024773161901    0.95948262156834   -1.39786643690763
C         2.50223930775985   -0.23173291178154   -0.70356784777046
O         0.96278185579300    2.44259261920975   -2.74516176857657
O         1.64192272732738    2.84241455919127   -1.56342495931452
O         2.31871966935346   -0.89701004025108    0.26973000205803
H         1.65436419752724    3.80512513290464   -1.62947625169887
H         2.81922446161473    0.81950578138983   -0.65855733679437
H        -0.41155447243406    1.26640195672491   -3.50505479505164
H         2.36591781591241   -0.62389599336138   -1.72358905608581
H        -1.15706561565257    0.22095190324772   -1.38299002579946
H         0.06903050434810    1.23117590733172   -0.46011686712041
12
 energy: -21.513077293865 gnorm: 0.000786650127 xtb: 6.2.3 (830e466)
C         0.00367704920251    1.50277676959402   -2.53560961538972
C        -0.38043155161075    0.96136675669199   -1.39606741223772
C         2.50288819125798   -0.23035225934491   -0.70340304212259
O         0.96651584881606    2.43682539523491   -2.74840526951534
O         1.64787369618591    2.83830099645216   -1.56860022442311
O         2.31219713036537   -0.90612728249029    0.26301906683325
H         1.64740864176547    3.80341149508979   -1.62983554545494
H         2.81668911367472    0.82294260087892   -0.64533621171026
H        -0.41463765815251    1.26452967792209   -3.50382273954557
H         2.37615334173387   -0.61387672892940   -1.72986918945448
H        -1.16071543667220    0.22615232990400   -1.37824298050592
H         0.07138163343589    1.23364024899622   -0.45961683647459
12
 energy: -21.513080615357 gnorm: 0.001480779299 xtb: 6.2.3 (830e466)
C         0.00359040084840    1.50035044538249   -2.53545658648638
C        -0.38387955898794    0.96618084701028   -1.39364026144543
C         2.50674762087784   -0.23052842277525   -0.70415302145059
O         0.97063153824351    2.42984090352991   -2.75125373083929
O         1.65096737971499    2.83524140051788   -1.57242819601874
O         2.30538524959635   -0.91640784030109    0.25340520391096
H         1.63853498323238    3.80120746342556   -1.62986808135113
H         2.82025408756939    0.82261238428520   -0.63209452014917
H        -0.41468432236928    1.25890479767255   -3.50295986755655
H         2.39042795428740   -0.60356728295389   -1.73628284677850
H        -1.16723219458193    0.23415911069742   -1.37284568896873
H         0.06825686157123    1.24159619350844   -0.45821240286745
12
 energy: -21.513088132225 gnorm: 0.001345536096 xtb: 6.2.3 (830e466)
C         0.00570883216694    1.49510191970084   -2.53420601974503
C        -0.38975191387650    0.97247587787912   -1.38981147716141
C         2.51189203151002   -0.23027580658648   -0.70812269920420
O         0.97926620823143    2.41816021847406   -2.75147522082745
O         1.65065055379125    2.83331007023691   -1.57108471137262
O         2.29632035003846   -0.92475959539893    0.23985754566173
H         1.62793175212411    3.79923324326206   -1.63052753279922
H         2.82775591296795    0.82132634330165   -0.62245873729910
H        -0.40903898211003    1.24811768284362   -3.50184202484247
H         2.40609119005001   -0.59292659852221   -1.74515503017340
H        -1.17750050349678    0.24523210212444   -1.36597547478868
H         0.05967456860548    1.25459454268440   -0.45498861744915
12
 energy: -21.513100296120 gnorm: 0.001713786544 xtb: 6.2.3 (830e466)
C         0.01286191925866    1.48276597368696   -2.52951210871402
C        -0.40180175336356    0.98325383111357   -1.38122133826520
C         2.51878782655784   -0.22768421238136   -0.71970102642731
O         0.99802718011373    2.39438090455309   -2.74718381665021
O         1.64595742603261    2.83251539900453   -1.56173645214399
O         2.27848346555529   -0.93358425018677    0.21376304504263
H         1.61318809855133    3.79647071714956   -1.63371751753135
H         2.84166573204551    0.81993732186347   -0.61391055184755
H        -0.39026558194344    1.22361725636660   -3.49889168413280
H         2.42985105251880   -0.57523430675035   -1.76369596823168
H        -1.19632080121513    0.26391629084166   -1.35375198202161
H         0.03856543589072    1.27923507473845   -0.44623059907789
12
 energy: -21.513104314044 gnorm: 0.004042602832 xtb: 6.2.3 (830e466)
C         0.02460383350909    1.46730085246365   -2.52141746288487
C        -0.41451075664927    0.99403282146511   -1.37089853486286
C         2.52237494792296   -0.22335283825260   -0.73701498681336
O         1.02080444748103    2.36785398581426   -2.73714555974410
O         1.64277988226166    2.83214675368397   -1.54677078062178
O         2.25963910665567   -0.93313246321151    0.18526887792221
H         1.59662175974580    3.79647555927856   -1.63577100829998
H         2.85338545680080    0.81888017283838   -0.61768200843084
H        -0.36054173527697    1.19215713799220   -3.49406442346607
H         2.44757702764636   -0.56155233267064   -1.78370500753774
H        -1.21497842942707    0.28190802623998   -1.34234287722519
H         0.01124445933233    1.30687232435798   -0.43424622803639
12
 energy: -21.513114282463 gnorm: 0.003905278599 xtb: 6.2.3 (830e466)
C         0.03006736920589    1.45707369047814   -2.51563208593284
C        -0.42483499102965    1.00426898617386   -1.36245592836748
C         2.52674879945155   -0.22011532485728   -0.74710307795608
O         1.03374569665863    2.34883869070237   -2.73451206783257
O         1.64440944431221    2.82950458739862   -1.54494268513250
O         2.24045212464803   -0.94419419039212    0.15945667702067
H         1.58497084321870    3.79241297756990   -1.63860446398484
H         2.86129567645698    0.81924009102958   -0.60347826061579
H        -0.34459328782088    1.16883096664104   -3.48893581732552
H         2.47340199914819   -0.54127185342451   -1.80235259562399
H        -1.22938164711720    0.29687383894595   -1.33155951231224
H        -0.00728202713006    1.32812753973374   -0.42567018193774
12
 energy: -21.513122824322 gnorm: 0.003548181361 xtb: 6.2.3 (830e466)
C         0.03076998210005    1.45740247937942   -2.51217468337925
C        -0.42264750725063    1.00088631070616   -1.36261852610612
C         2.52115202534639   -0.21700651786718   -0.74893673560287
O         1.02883031442792    2.35382487220876   -2.73044508795089
O         1.64410733305391    2.83137008329647   -1.54457294719731
O         2.24023523674067   -0.93846600505007    0.16090790224937
H         1.59923950846533    3.79075985858449   -1.64116017341481
H         2.85295403300126    0.82390582378827   -0.60825218232474
H        -0.34169659697938    1.16731382227190   -3.48496165373161
H         2.46756469766675   -0.54265202215345   -1.80280294833793
H        -1.22309326074408    0.28861703083149   -1.33587722609243
H        -0.00841576582580    1.32363426400304   -0.42489573811234
12
 energy: -21.513135357069 gnorm: 0.001661766689 xtb: 6.2.3 (830e466)
C         0.03659391277928    1.45065295399999   -2.50897391188033
C        -0.42767215967784    1.00589879597044   -1.35777354189933
C         2.52196089863252   -0.21519248754961   -0.75584936564864
O         1.03852719769207    2.34318553930171   -2.72797706721635
O         1.64448871745276    2.83114843985223   -1.54087426535300
O         2.23257740784131   -0.94074476608076    0.14808056098381
H         1.59181076618182    3.79121669049460   -1.64112149806611
H         2.85452593057071    0.82415327328645   -0.60762379821583
H        -0.33014961066029    1.15385560328940   -3.48210465201906
H         2.47476822062121   -0.53486742146472   -1.81133033691245
H        -1.22946868735687    0.29509207495847   -1.33063861784589
H        -0.01896259407428    1.33519130394103   -0.41960350592776
12
 energy: -21.513139784379 gnorm: 0.005388282011 xtb: 6.2.3 (830e466)
C         0.05623832007667    1.42780131945963   -2.49448800639736
C        -0.44152641206972    1.02070787701023   -1.34072415751302
C         2.51976238356594   -0.20643534563740   -0.78126996520594
O         1.06804740354607    2.30939055266197   -2.71665054978552
O         1.64756839786954    2.83097986804589   -1.52939265618551
O         2.20201183350607   -0.94734747490293    0.10167116666414
H         1.57407597946882    3.79088850179493   -1.64350163269296
H         2.85280554841393    0.82829041934694   -0.60481238150702
H        -0.28759220999078    1.10336290589663   -3.46829420525778
H         2.50028558630847   -0.50608888842419   -1.84370122522159
H        -1.24694608980600    0.31346390954862   -1.31399146092187
H        -0.05573074088655    1.37457635519880   -0.40063492597649
12
 energy: -21.513152478298 gnorm: 0.002718711688 xtb: 6.2.3 (830e466)
C         0.05555702541577    1.43168216729347   -2.49554310331967
C        -0.43464696968817    1.01537619335545   -1.34350569240240
C         2.51423731427646   -0.20669300491463   -0.77798860667893
O         1.06216113328790    2.31877411932377   -2.71764933966133
O         1.64930027789408    2.83259791018854   -1.53189433628312
O         2.20827311297863   -0.94277554616412    0.11116680557660
H         1.58025823998711    3.79350074276963   -1.64224399599943
H         2.84283220662063    0.82979575439155   -0.61121603929551
H        -0.29260973932329    1.11099535751212   -3.46801104187588
H         2.48693302887436   -0.51297546316849   -1.83685327729526
H        -1.23674516998373    0.30417726525963   -1.31838912061046
H        -0.04655046033731    1.36513450415224   -0.40366225215553
12
 energy: -21.513161710002 gnorm: 0.000953155168 xtb: 6.2.3 (830e466)
C         0.05794286040292    1.42942969601357   -2.49278327519198
C        -0.43346262603124    1.01605136845542   -1.34120898953582
C         2.51088537227240   -0.20516894101632   -0.78122367080314
O         1.06315601567546    2.31734668286238   -2.71600314712828
O         1.64953783031560    2.83375651705040   -1.53167655778449
O         2.20252931878978   -0.94492885088105    0.10447782192409
H         1.58197088633481    3.79301058127688   -1.64418858296669
H         2.83676541867596    0.83196971549055   -0.60908665695398
H        -0.28694832450674    1.10344066525350   -3.46456560478054
H         2.48971090599727   -0.50854831599018   -1.84180132887385
H        -1.23422976395642    0.30348188624052   -1.31606631547497
H        -0.04885789396732    1.36974899524345   -0.40166369243126
12
 energy: -21.513176244884 gnorm: 0.001893410426 xtb: 6.2.3 (830e466)
C         0.07516822824327    1.41375887876185   -2.48018619708716
C        -0.43300883056568    1.02224781226726   -1.32871629895882
C         2.49836664505890   -0.19894257462849   -0.80027981380126
O         1.07934079080287    2.30168405349546   -2.70607685327491
O         1.64898888926040    2.84052220181086   -1.52330021756690
O         2.17899484909943   -0.95085629111733    0.07134433988884
H         1.57712060783797    3.79636881451361   -1.65028662184903
H         2.81654993820336    0.83793698754193   -0.61005588245623
H        -0.25234276054254    1.06403278311393   -3.45028302767752
H         2.49770605379367   -0.49061274333257   -1.86497875927720
H        -1.23092243558723    0.30649609627985   -1.30346598380410
H        -0.06696197560191    1.39695398129270   -0.38950468413658
12
 energy: -21.513186129201 gnorm: 0.004804924200 xtb: 6.2.3 (830e466)
C         0.10580117966683    1.38749546342970   -2.45970111954210
C        -0.43013723650769    1.03390905106641   -1.30745811491317
C         2.47685974316105   -0.19167360440102   -0.83069880867086
O         1.10790716570073    2.27616064563011   -2.69182441966974
O         1.64913415780253    2.85461766850293   -1.51283903823554
O         2.13781709174224   -0.96700213823241    0.01467497666421
H         1.55901949834632    3.80685268219387   -1.66184538189600
H         2.78094948947471    0.84368251300268   -0.60790139059011
H        -0.19485912990974    0.99942588572376   -3.42495599177048
H         2.51101387239951   -0.45939137479497   -1.90270929541509
H        -1.22250497200661    0.31208196647650   -1.27905916161102
H        -0.09200085986729    1.44343124140132   -0.37147225435090
12
 energy: -21.513210442726 gnorm: 0.001004472870 xtb: 6.2.3 (830e466)
C         0.10626569264950    1.38791508292231   -2.45938664087936
C        -0.42808324839123    1.03376941837504   -1.30711324955721
C         2.47669913224250   -0.19457300007957   -0.82961157871551
O         1.10743191662714    2.27789237970346   -2.69241466989823
O         1.64673492007627    2.85850152233153   -1.51476525545671
O         2.13519031760959   -0.97164908970587    0.01067606127338
H         1.55555108112971    3.80992721764995   -1.66659072070609
H         2.77971886054974    0.83883075224359   -0.60280946900715
H        -0.19489665298414    1.00077645838654   -3.42350155066288
H         2.51366794678200   -0.45825912093533   -1.90074601296708
H        -1.21961169295457    0.31113246885898   -1.27612646364064
H        -0.08966827333394    1.44532591024825   -0.37340044978336
12
 energy: -21.513190758358 gnorm: 0.004020456014 xtb: 6.2.3 (830e466)
C         0.10631741545232    1.38934811099086   -2.45951933951777
C        -0.42431024697238    1.03441345849369   -1.30606999144222
C         2.46744595053997   -0.19821642768911   -0.82820633677389
O         1.10584497021709    2.28165651610575   -2.69419568105437
O         1.64123289820572    2.86756042833875   -1.51883804782727
O         2.13117035276792   -0.98492604082535    0.00401576428332
H         1.54869744553159    3.81767136215809   -1.67646652779877
H         2.78036392230528    0.82892186048049   -0.59056530806063
H        -0.19447259457693    1.00150077700973   -3.42211607482816
H         2.52303455904440   -0.45655118645284   -1.89853474910450
H        -1.21317782570372    0.30915897535497   -1.26957874313553
H        -0.08314684680867    1.44905216603386   -0.37571496474102
12
 energy: -21.513186906298 gnorm: 0.006652579557 xtb: 6.2.3 (830e466)
C         0.10701859502046    1.39291332970879   -2.45987285731228
C        -0.41238884670334    1.03569619131449   -1.30263522839354
C         2.47446974540988   -0.21916880721856   -0.82060931306997
O         1.10142878316218    2.29228187545852   -2.69946311914060
O         1.62551669787199    2.89388639882025   -1.53067319562902
O         2.10605951693556   -1.01979489615662   -0.01703288193269
H         1.52904573377562    3.84027052934915   -1.70506478739757
H         2.76971305443967    0.80477983381208   -0.55582134318267
H        -0.19293599346198    1.00280554941156   -3.41832063402495
H         2.53794406435346   -0.44678974366185   -1.89439278623878
H        -1.19382238669041    0.30319029462357   -1.25012975183388
H        -0.06304896411051    1.45951944453752   -0.38177410184488
12
 energy: -21.513238906938 gnorm: 0.001889410526 xtb: 6.2.3 (830e466)
C         0.10786592669372    1.38922970252524   -2.45955389276143
C        -0.41525093539527    1.03448559968788   -1.30259146662573
C         2.47257466693896   -0.21022645909594   -0.82398111182976
O         1.10252190562439    2.28675656650505   -2.69863036636988
O         1.63327126342982    2.88269006173734   -1.52696863821005
O         2.11239979862274   -1.00779989144437   -0.01196792308116
H         1.53825127955773    3.83104314021369   -1.69309110284610
H         2.76994500242222    0.81664158463514   -0.56555685265047
H        -0.19449550641835    0.99937027173445   -3.42052340877421
H         2.53396497302513   -0.44649982385052   -1.89885562796030
H        -1.20124246421372    0.30686690806721   -1.25716889928440
H        -0.07080591028479    1.45703233928372   -0.37690070960733
12
 energy: -21.513245515626 gnorm: 0.000951362904 xtb: 6.2.3 (830e466)
C         0.10794741260113    1.38847549412185   -2.45906714661752
C        -0.41524201184015    1.03587051255282   -1.30120271197147
C         2.46962039741646   -0.20745162515915   -0.82549087858570
O         1.10225789263339    2.28500828994480   -2.69962424948960
O         1.63556591867067    2.88037196431868   -1.52717064408462
O         2.10979484739891   -1.00801581006942   -0.01514793653689
H         1.54202141183935    3.82944665977839   -1.69166584891330
H         2.76466237714471    0.82028028809308   -0.56352399757665
H        -0.19333149673741    0.99447116744135   -3.42016757295514
H         2.53550297297291   -0.44213752122158   -1.90193381436923
H        -1.19926306043203    0.30603255674359   -1.25680330159148
H        -0.07053666166536    1.45723802345450   -0.37399189730920
12
 energy: -21.513250491258 gnorm: 0.000858221790 xtb: 6.2.3 (830e466)
C         0.11004721250754    1.38693155661839   -2.45830515893055
C        -0.41119731318982    1.03459837770798   -1.29947395018967
C         2.46701908074763   -0.20849557480353   -0.82567913306460
O         1.10127446172519    2.28631537339265   -2.70089301959552
O         1.63497188502212    2.88331669064621   -1.52936568237023
O         2.10440852094695   -1.01306034597328   -0.02057383746401
H         1.54085024615281    3.83210847521531   -1.69512885884486
H         2.75963216940456    0.81841181252649   -0.55779750615604
H        -0.19254442259986    0.99259836795914   -3.41877410378832
H         2.53828558867373   -0.43813951479989   -1.90280691763284
H        -1.19520385359670    0.30488117515886   -1.25352893065531
H        -0.06854357579157    1.46012360635057   -0.37346290130887
