12
 energy: -21.487697292231 gnorm: 0.147918024765 xtb: 6.2.3 (830e466)
C         1.40498000000000    1.64666000000000   -2.52757000000000
C         0.96870000000000    0.40086000000000   -1.81916000000000
C         1.81668000000000   -0.23491000000000   -1.04792000000000
O         0.40182000000000    2.63392000000000   -2.47218000000000
O         0.71171000000000    3.43944000000000   -1.47169000000000
O         2.59140000000000   -0.81816000000000   -0.34683000000000
H         1.22882000000000    4.17863000000000   -1.88738000000000
H         2.38689000000000    2.01098000000000   -2.14343000000000
H         1.58122000000000    1.39448000000000   -3.59316000000000
H        -0.32991000000000   -1.10851000000000    0.27210000000000
H        -0.08915000000000    0.27936000000000   -1.60126000000000
H        -0.28416000000000   -0.48316000000000    0.60268000000000
12
 energy: -21.503389270474 gnorm: 0.043393917439 xtb: 6.2.3 (830e466)
C         1.42028355427282    1.62872647866317   -2.55785890679469
C         0.98866295153094    0.41782947342220   -1.76889676738179
C         1.80900041300131   -0.24730007478968   -1.01595963215546
O         0.43549432232384    2.63621397958765   -2.50197717465542
O         0.69613305965013    3.49325747441761   -1.46136712385616
O         2.60437137938389   -0.81980805049351   -0.38334083321997
H         1.22584895379727    4.22049783297991   -1.85062686870770
H         2.37622734772736    2.01140105356724   -2.16439271256088
H         1.56906065259539    1.38133915839701   -3.62183883878727
H        -0.35457877557611   -1.15024741285732    0.29409000031318
H        -0.07547312386354    0.24448034834693   -1.65423110823191
H        -0.30603073484328   -0.47680026124121    0.65059996603808
12
 energy: -21.506863537005 gnorm: 0.016067889547 xtb: 6.2.3 (830e466)
C         1.43581948629850    1.63504012906642   -2.58160041643753
C         1.02547525794308    0.43693128283254   -1.75535521157290
C         1.85998667311035   -0.22403556651174   -1.02508973983364
O         0.46642536378312    2.65886723696893   -2.54098370915695
O         0.67907261771308    3.52670236365557   -1.45622521331170
O         2.56892044932342   -0.87299978432804   -0.37401942290827
H         1.20233188760040    4.26180342617342   -1.81513112544188
H         2.39381265090184    2.01739525054826   -2.21369425069424
H         1.53489843046837    1.37661899976976   -3.64360608956931
H        -0.39616596125223   -1.19427607118835    0.35792644107838
H        -0.03565731719243    0.21900780547205   -1.70417518764803
H        -0.34591953869745   -0.50146507245885    0.71615392549608
12
 energy: -21.508242320580 gnorm: 0.023316943592 xtb: 6.2.3 (830e466)
C         1.45967490758581    1.63879512352645   -2.59231897888260
C         1.04083587756685    0.45289300843217   -1.74960845120847
C         1.83677828129484   -0.24407644912095   -1.00862206570458
O         0.51139929114928    2.68533358432004   -2.58557807813129
O         0.66850311305783    3.54011239252542   -1.45083803935439
O         2.62738156448906   -0.84924437625221   -0.41233658534977
H         1.17439207478691    4.29820433827691   -1.77502982686368
H         2.43080527297587    2.01145209677254   -2.25721705905614
H         1.51212137224124    1.36495452177985   -3.65266187293673
H        -0.45016341336690   -1.24121386022982    0.43651069492097
H        -0.01879836276438    0.21897153948074   -1.77291463002982
H        -0.40392997901635   -0.53659191951116    0.78481489259647
12
 energy: -21.509271370518 gnorm: 0.013510731478 xtb: 6.2.3 (830e466)
C         1.46802677281016    1.64659280591212   -2.60813362726149
C         1.05852249892542    0.46123977090828   -1.76266183643389
C         1.86524423366551   -0.22189766708629   -1.02098448763953
O         0.52585611251243    2.69499596614755   -2.59015196296086
O         0.67889424819631    3.52718017526335   -1.44158465223162
O         2.61617660744835   -0.85297338880559   -0.39833304691772
H         1.15033348136986    4.31151478326411   -1.76258671570839
H         2.45355445447712    2.01336744465577   -2.29900081377155
H         1.49437324911900    1.36757696468892   -3.67042976874669
H        -0.48662622413877   -1.26908378130998    0.47584740157722
H         0.01002626740717    0.22633932247200   -1.77540216930944
H        -0.44538170179248   -0.56526239611024    0.81762167940395
12
 energy: -21.510105040024 gnorm: 0.013504588639 xtb: 6.2.3 (830e466)
C         1.48099774648567    1.65952030382592   -2.63597631614048
C         1.08276775223947    0.48060746991593   -1.77940630352096
C         1.89501958736042   -0.18771823892591   -1.02907320933987
O         0.55584603914766    2.71653992261133   -2.59244534273911
O         0.71063567788454    3.50106625355692   -1.42022951444848
O         2.61451746758486   -0.83462893594025   -0.37902824754581
H         1.11258394536630    4.33217426557325   -1.73902501304874
H         2.48957540206530    2.00966289493093   -2.37008117266311
H         1.46447072463009    1.37440666330424   -3.69943516552399
H        -0.54753314634522   -1.31346808797845    0.54604347790654
H         0.03921078700182    0.21346927046988   -1.81265828155597
H        -0.50909198342074   -0.61204178134376    0.87551508861994
12
 energy: -21.510626599651 gnorm: 0.013927720822 xtb: 6.2.3 (830e466)
C         1.48937789996683    1.66369323227818   -2.66457956236770
C         1.09697449902298    0.48829128461298   -1.80391042328551
C         1.90495604025864   -0.16093392117398   -1.03256593894388
O         0.58509451078893    2.73609576438088   -2.60141296763674
O         0.73527865857401    3.47602241320367   -1.40053436503965
O         2.62767402621358   -0.78167397848052   -0.36651172239645
H         1.09436355841417    4.33379145568447   -1.70398995382450
H         2.51089625581698    1.99429930434242   -2.42374047357033
H         1.44285824910649    1.38195191862514   -3.72676607240869
H        -0.59676146070267   -1.35866317158093    0.60889592832424
H         0.06155112596301    0.21619220534501   -1.83814137746615
H        -0.56326336342275   -0.64947650723725    0.91745692861531
12
 energy: -21.511191592600 gnorm: 0.006367829325 xtb: 6.2.3 (830e466)
C         1.49702684088235    1.67067647369364   -2.70474728029347
C         1.11061371244406    0.50185223846307   -1.83440095759518
C         1.91392239396872   -0.11885692199969   -1.03311582030906
O         0.61965725405827    2.76340376824625   -2.61431846512155
O         0.76357783455585    3.44578603922620   -1.37666770993451
O         2.64221518186584   -0.70477004842350   -0.34290592750600
H         1.09405185059981    4.31567177558141   -1.64842975753516
H         2.52978610579849    1.97756614289317   -2.49011389553269
H         1.41432757127567    1.39681940167170   -3.76436658797632
H        -0.64985171220114   -1.42032884704298    0.69741754852319
H         0.07818225283647    0.20093830399110   -1.88545886482838
H        -0.62450928608414   -0.68916832630031    0.96130771810905
12
 energy: -21.511527775151 gnorm: 0.012327198006 xtb: 6.2.3 (830e466)
C         1.50953628551347    1.67245708126936   -2.75481793756423
C         1.12381672742188    0.51044895333644   -1.87580176432842
C         1.92015740631359   -0.06973456851949   -1.03417797570109
O         0.65933334350820    2.78502938770557   -2.62396875713281
O         0.80233655287111    3.40011539465614   -1.34598728634550
O         2.65228183928258   -0.61150600010772   -0.30827583003679
H         1.08198846050503    4.30420182033656   -1.57582391567456
H         2.55357978498320    1.95500642746765   -2.56733166827124
H         1.38271076951774    1.41251667905049   -3.81371753765088
H        -0.70920993642632   -1.47921525618763    0.78638359424941
H         0.09631471059681    0.19072583269957   -1.92992794596360
H        -0.68384594408697   -0.73045575170684    1.00764702441960
12
 energy: -21.511731076542 gnorm: 0.011346016061 xtb: 6.2.3 (830e466)
C         1.51300022615474    1.67227253986370   -2.78422763914287
C         1.12768343771604    0.51083431061959   -1.90591175208511
C         1.91977892173081   -0.03051840106553   -1.03333547149041
O         0.67628200918973    2.79297048688189   -2.62019931112300
O         0.83187062453543    3.37268316165631   -1.33265031405099
O         2.65621631878850   -0.53157710254015   -0.28100103144998
H         1.09497543702720    4.27904755480005   -1.53501349393746
H         2.56079311552740    1.94215748836228   -2.61155979765133
H         1.36249882547082    1.42882679456963   -3.84170425350496
H        -0.74781181320123   -1.50901499185034    0.82099164557650
H         0.10293168914003    0.17993649767457   -1.95223024110135
H        -0.70921879207914   -0.76802833897187    1.04104165996088
12
 energy: -21.511893724706 gnorm: 0.005668541691 xtb: 6.2.3 (830e466)
C         1.51799371402539    1.67241008807762   -2.80488061612402
C         1.13513265154608    0.51321917759822   -1.92215275771969
C         1.92361398700263   -0.00052143699375   -1.03267141072565
O         0.69252732564798    2.79989633489130   -2.62209150655617
O         0.85526486251562    3.35032177071047   -1.32182290202221
O         2.65259436509561   -0.48330938120113   -0.26608049412635
H         1.09224738660078    4.27262689346341   -1.49821868411187
H         2.57218046452914    1.93378282121085   -2.65076961970181
H         1.34366814484546    1.43603633831396   -3.86050111124871
H        -0.77754098339165   -1.53939108610332    0.86500724807015
H         0.11251432830763    0.16836002581188   -1.97384357304491
H        -0.73119624672432   -0.78384154577938    1.05222542731114
12
 energy: -21.511980522948 gnorm: 0.005513935503 xtb: 6.2.3 (830e466)
C         1.51837801867242    1.67209870443509   -2.82205420627512
C         1.14125366802146    0.51229216615563   -1.93795935779125
C         1.92486828962257    0.02658347364806   -1.02931817098505
O         0.70406033504559    2.80613879986885   -2.62281539428166
O         0.87941882852831    3.33149609788442   -1.31368581942496
O         2.64807766676049   -0.43807590376207   -0.24874364204734
H         1.09340437388586    4.26529791954443   -1.46914084632008
H         2.57688717639216    1.92570117369874   -2.68241385777957
H         1.32651663099090    1.44115227638271   -3.87477285162924
H        -0.80323827120931   -1.55759370583473    0.88609432927185
H         0.12228274137923    0.16135621701384   -1.99346851630207
H        -0.74290945808929   -0.80685721903480    1.07247833356441
12
 energy: -21.512054001284 gnorm: 0.007496396203 xtb: 6.2.3 (830e466)
C         1.51426975066155    1.67252132508440   -2.84244138708346
C         1.14859830803628    0.50801685912591   -1.96074217382442
C         1.92278390536768    0.06624007679752   -1.02083527041852
O         0.71465682220314    2.81315608140763   -2.61434665599917
O         0.92028951012248    3.30956563371359   -1.30197909410980
O         2.64081623734475   -0.36826130690588   -0.21938831028255
H         1.10546035380577    4.24896306325124   -1.43670933384908
H         2.57784304603602    1.91649230484954   -2.72349486194450
H         1.29760785875971    1.44998673795698   -3.89134134332356
H        -0.83677352918155   -1.59534744717187    0.92533156486253
H         0.13606150683488    0.14852016773653   -2.02395215825890
H        -0.75261376999029   -0.83026349584540    1.07409902423136
12
 energy: -21.512131309172 gnorm: 0.005879709642 xtb: 6.2.3 (830e466)
C         1.51173986776018    1.67337638287533   -2.85562471310510
C         1.15400819270998    0.50670520093301   -1.97258980798920
C         1.91889203481795    0.09179939924911   -1.01229025660983
O         0.72264554267890    2.81732027406051   -2.60607115232548
O         0.95295029318059    3.29547244142176   -1.29104692542829
O         2.63588239318494   -0.32326485109322   -0.19867668985671
H         1.10973147633778    4.24203237357683   -1.41872431820852
H         2.57890548871719    1.91221907411308   -2.75324333523762
H         1.27545021405306    1.45347053534557   -3.90232399601107
H        -0.85624558903745   -1.60729805365095    0.93322916522667
H         0.14564882864559    0.13153594752149   -2.05230422898520
H        -0.76060874304825   -0.85377872435229    1.09386625853032
12
 energy: -21.512156555968 gnorm: 0.008782559931 xtb: 6.2.3 (830e466)
C         1.50610365168172    1.67293224501235   -2.85483355116787
C         1.15375134765859    0.50207032635438   -1.97293003750746
C         1.90815791906353    0.09931163870860   -1.00520093642691
O         0.71997948463733    2.81321671823676   -2.59829257496003
O         0.97307808950393    3.29342104970883   -1.28803475570353
O         2.62608227839409   -0.30908979490424   -0.19183264047239
H         1.11370586922001    4.23955950615762   -1.41979602827193
H         2.56888684413559    1.91573394053583   -2.75580702526440
H         1.26987857902774    1.45338516224846   -3.89749140770158
H        -0.85850971248175   -1.60104379346477    0.92175717302666
H         0.15075636452006    0.11660858722872   -2.06600433079576
H        -0.74287071536039   -0.85651558582230    1.09266611524524
12
 energy: -21.512166722403 gnorm: 0.012607822105 xtb: 6.2.3 (830e466)
C         1.50181011516407    1.67282834977077   -2.88152573178003
C         1.16143491109732    0.49505860498914   -2.00173729133557
C         1.89530414102311    0.14315674984360   -0.99274353573223
O         0.73598801204618    2.81844227648080   -2.58549294804459
O         1.03309609941674    3.26493924376410   -1.26394106583275
O         2.61146937190407   -0.22493296185962   -0.15209656289781
H         1.11545163603638    4.22785569662158   -1.38000577519313
H         2.56761912287411    1.90547584082249   -2.80763375997217
H         1.23681682964028    1.46530826089504   -3.91835220832544
H        -0.90443127540220   -1.62803927192465    0.95610723865506
H         0.17139674489828    0.08222363738013   -2.11507750774322
H        -0.73695570869785   -0.88272642678312    1.10669914820196
12
 energy: -21.512273353316 gnorm: 0.003859477553 xtb: 6.2.3 (830e466)
C         1.50253826824304    1.67308315092585   -2.86661806953605
C         1.15948972774940    0.49559453803187   -1.98790195982659
C         1.90077670050270    0.12322192688930   -0.99463002842781
O         0.72610880355844    2.81400909447327   -2.58459472490405
O         1.00902938594053    3.28501649644556   -1.27295572448230
O         2.61268169603427   -0.26311804249708   -0.16192563429244
H         1.11515591399792    4.23654071482597   -1.40217483348839
H         2.57174709930374    1.90886265283831   -2.78808504552493
H         1.24189164666445    1.46071675691775   -3.90884931188991
H        -0.88775481460845   -1.61437062382724    0.93377932168419
H         0.16750616359848    0.08872473180214   -2.09267627884521
H        -0.73017059098405   -0.86869139682545    1.09083228953356
12
 energy: -21.512321217217 gnorm: 0.003453028172 xtb: 6.2.3 (830e466)
C         1.49799294314411    1.67171007078065   -2.86409943999830
C         1.15892770099434    0.48907959756976   -1.99138748613651
C         1.89548476784068    0.12463894386495   -0.99133290259754
O         0.72268639783338    2.81095614030851   -2.57523775494957
O         1.02267674961982    3.28895905356507   -1.27089866228433
O         2.60134847975558   -0.25832370189632   -0.15275582485073
H         1.11463617110241    4.24177975654835   -1.40606109990405
H         2.56642303321760    1.90635825702441   -2.78642100213386
H         1.23694387975703    1.46415722649911   -3.90550693004414
H        -0.88620392305355   -1.60642000890055    0.92437052361904
H         0.17125576579616    0.07161222518537   -2.10130703445798
H        -0.71317196600712   -0.86491756054906    1.08483761373806
12
 energy: -21.512406953065 gnorm: 0.006203658646 xtb: 6.2.3 (830e466)
C         1.48104361320994    1.66545840309969   -2.86223732140083
C         1.15903498844195    0.46569017650248   -2.00547968658071
C         1.87204596870360    0.13930855565128   -0.97222436567615
O         0.71508839553156    2.80188368104947   -2.54276331530657
O         1.08191081873701    3.29921099396111   -1.25768794845227
O         2.55874227514424   -0.21896799389309   -0.10632470290808
H         1.11772583891968    4.25596249708345   -1.40516506489539
H         2.55037902251369    1.89591444215465   -2.79875189913981
H         1.20307548302454    1.47557597350788   -3.90171539664089
H        -0.88754847366259   -1.58524832903036    0.89157245619264
H         0.19262550867457    0.00517444064837   -2.13888431348469
H        -0.65512343923774   -0.86037284073470    1.06386155829292
12
 energy: -21.512430770369 gnorm: 0.004485598400 xtb: 6.2.3 (830e466)
C         1.47812902240027    1.66177712381181   -2.85293438484430
C         1.15403815994668    0.46264320763504   -1.99740315915469
C         1.86678415578519    0.12422905807750   -0.97116672725856
O         0.70878197172975    2.79753563764109   -2.54006999504505
O         1.07713271325652    3.31182994430084   -1.26264942452553
O         2.55283781220847   -0.23866719891703   -0.10786267046809
H         1.11577035610022    4.26673062651474   -1.41684437888806
H         2.54583196269218    1.89537765990119   -2.78311753355946
H         1.20677534470319    1.47248487664076   -3.89347072053607
H        -0.85995527556809   -1.56907710849878    0.86870413120630
H         0.19015422521194    0.00220971018216   -2.12902780998232
H        -0.64728044846589   -0.84748353728909    1.05004267305600
12
 energy: -21.512462524659 gnorm: 0.003583405057 xtb: 6.2.3 (830e466)
C         1.47483590730017    1.66012668193781   -2.85147422329593
C         1.15337302101109    0.46199153562172   -1.99398671332460
C         1.86237886313816    0.12734413175248   -0.96449591568633
O         0.70736449575893    2.79677253409845   -2.53431812179615
O         1.08785530234495    3.31468027777721   -1.26257576456769
O         2.54649839459912   -0.23002999411263   -0.09810471114463
H         1.11874818905734    4.26899652780708   -1.41653926694215
H         2.54412161782322    1.89480415942187   -2.78772386505939
H         1.19639140898739    1.47041639935365   -3.89157006709119
H        -0.86467845750541   -1.56937695092184    0.86151961817973
H         0.19296031963232   -0.00733275694471   -2.13578567599054
H        -0.63084906214685   -0.84880254579086    1.03925470671907
12
 energy: -21.512489460728 gnorm: 0.002069703236 xtb: 6.2.3 (830e466)
C         1.47435987791683    1.65973011283694   -2.85113500716888
C         1.15126839910691    0.46347296147635   -1.99203709283627
C         1.86080150851103    0.12572571369454   -0.96253963175253
O         0.70825630234757    2.79784023319988   -2.53438161098929
O         1.09391076021774    3.31303369642443   -1.26384462367683
O         2.54861025302590   -0.22712032639861   -0.09646255698918
H         1.11387684850821    4.26801524471828   -1.41352524799461
H         2.54380191086846    1.89338834597705   -2.78849829076704
H         1.19437689827272    1.46860348464416   -3.89034508059277
H        -0.86739223025682   -1.56813608712167    0.86489476944928
H         0.19337911576550   -0.00696506169058   -2.13838884952234
H        -0.62624964428369   -0.84799831776049    1.03046322284063
12
 energy: -21.512529445663 gnorm: 0.004661564560 xtb: 6.2.3 (830e466)
C         1.47253903623820    1.65830463486244   -2.85208141439689
C         1.14889247489711    0.46754056307858   -1.98650460118474
C         1.86456635825025    0.12930665925065   -0.95930343459879
O         0.71158368652319    2.80062349518221   -2.53383228446091
O         1.11420240375839    3.30933261329748   -1.26729428931421
O         2.54343543217502   -0.22910307372557   -0.08739458520126
H         1.09511166422617    4.26681936493495   -1.40336777913254
H         2.54231453239499    1.89010874657278   -2.79475264148422
H         1.18609027121867    1.46239642060281   -3.88814824144575
H        -0.87674030217742   -1.56436098890452    0.87620706161379
H         0.19667949020095   -0.00688778739469   -2.13959756631511
H        -0.60967504770538   -0.84449064775671    1.00026977592071
12
 energy: -21.512564337611 gnorm: 0.007084174057 xtb: 6.2.3 (830e466)
C         1.47186842905616    1.65431783222552   -2.85228270243676
C         1.14528006029787    0.46725550208691   -1.98239265673798
C         1.86099871233779    0.12662040341828   -0.95641125660998
O         0.71879648187215    2.80210589317366   -2.53127309143067
O         1.13707774562247    3.30729734590540   -1.26833454728657
O         2.54387427776764   -0.21741171466684   -0.08200253150332
H         1.07243419782305    4.26705886631911   -1.39042341233032
H         2.54223808815850    1.88323959737311   -2.80020187505045
H         1.17949341713224    1.45655456973600   -3.88617376485063
H        -0.88769776388717   -1.55961472665571    0.88847108280717
H         0.19478324695548   -0.00715285412540   -2.14046436918394
H        -0.59014689313624   -0.84068071478948    0.96568912461346
12
 energy: -21.512611129231 gnorm: 0.005020974639 xtb: 6.2.3 (830e466)
C         1.47137965506232    1.65091895016053   -2.85266721074807
C         1.14370013201501    0.46514168544194   -1.98049016024184
C         1.85910450410081    0.12645902586591   -0.95553310163289
O         0.72466761593606    2.80216537783680   -2.52926423669228
O         1.14947276441597    3.30882752942629   -1.26781048585313
O         2.54210388484976   -0.20929949475289   -0.07876573397013
H         1.05989614472393    4.26759183726954   -1.38298165166886
H         2.54256084533153    1.87692865031807   -2.80434553202733
H         1.17535696720190    1.45407578749563   -3.88580694460650
H        -0.88681911443980   -1.55376690963888    0.88468004559441
H         0.19155736639130   -0.00910359080180   -2.13687086079631
H        -0.58398076558887   -0.84034884862063    0.95405587264296
12
 energy: -21.512665024046 gnorm: 0.006754819546 xtb: 6.2.3 (830e466)
C         1.46936988023226    1.64460511985788   -2.85338339461674
C         1.13986893830943    0.46307965875077   -1.97464170576519
C         1.85849842733401    0.13061167397792   -0.95199299470816
O         0.73681185064337    2.80317890563564   -2.52590916438835
O         1.17672905192306    3.31229139703403   -1.26777513178260
O         2.53460166776344   -0.19696636191949   -0.06763803147816
H         1.03190933739136    4.26683330696491   -1.36648640284788
H         2.54298427473269    1.86194242465040   -2.81436607010077
H         1.16386475494936    1.44942045676674   -3.88424220551080
H        -0.89508710863623   -1.54254107342814    0.88896863288039
H         0.18647142522058   -0.01447474599438   -2.12730414949864
H        -0.55702249986349   -0.83839076229572    0.90897061781687
12
 energy: -21.512683144560 gnorm: 0.006383873682 xtb: 6.2.3 (830e466)
C         1.46738601508485    1.64147074733737   -2.85264607239656
C         1.13696832876685    0.46149094058524   -1.97150595616737
C         1.85740929446776    0.13563721085918   -0.94871558374519
O         0.74302602891942    2.80316745336350   -2.52557680379216
O         1.18292269232657    3.31688555319065   -1.26720349739014
O         2.52952942965332   -0.18931122855939   -0.06094990449668
H         1.02689678327278    4.26323227956411   -1.36127763283630
H         2.54329050883276    1.85053879606926   -2.81866607954103
H         1.15706725205990    1.44955317247613   -3.88291318956789
H        -0.89055900610327   -1.53458410509049    0.87715815562457
H         0.18160421086251   -0.01890598665132   -2.11679052557431
H        -0.54654153814344   -0.83958483314377    0.89328708988307
12
 energy: -21.512733952154 gnorm: 0.006658417831 xtb: 6.2.3 (830e466)
C         1.46502119587493    1.63593575655683   -2.85234371526418
C         1.13131129837161    0.46185354407219   -1.96450967476455
C         1.85483076984105    0.13891058375919   -0.94191793958281
O         0.75356692333630    2.80410022998842   -2.52277284440459
O         1.21414805535007    3.31730678213981   -1.27002277431216
O         2.52522697265815   -0.17721251697058   -0.04905722129757
H         0.99738353521151    4.26027799504112   -1.34513508747448
H         2.54336484078092    1.83503632223629   -2.82839431685419
H         1.14342027415708    1.44373731075625   -3.87920032499926
H        -0.89451512390905   -1.52106640990584    0.87244977494068
H         0.17808913229242   -0.02143200574613   -2.10923836064999
H        -0.52284787396493   -0.83785759192714    0.85434248466309
12
 energy: -21.512763639127 gnorm: 0.005177068693 xtb: 6.2.3 (830e466)
C         1.46362729265396    1.63509170598010   -2.85120093666867
C         1.12829639829061    0.46372876309925   -1.96110257848567
C         1.85145162770988    0.14020574718995   -0.93715240647656
O         0.75503367584627    2.80521130825432   -2.52390532109260
O         1.21791359979497    3.31577275147188   -1.27212476041020
O         2.52566260704233   -0.17264523215589   -0.04557610411556
H         0.99607046079561    4.25581039583938   -1.34152089572492
H         2.54204719174496    1.83174864619559   -2.82934105599622
H         1.13973432333221    1.44059705524557   -3.87673170449026
H        -0.89846123150780   -1.51707589343109    0.87253845134297
H         0.17771356763463   -0.02027074421703   -2.10782618672214
H        -0.51008951333747   -0.83858450347173    0.83814349883986
12
 energy: -21.512798527190 gnorm: 0.004410269750 xtb: 6.2.3 (830e466)
C         1.46109221791517    1.63307474605621   -2.84978516349897
C         1.12369244423771    0.46688068454228   -1.95483481301324
C         1.84631528074896    0.14410019328903   -0.92799406244750
O         0.75747666806118    2.80611228414786   -2.52509654585990
O         1.22864489347652    3.31348579349227   -1.27703175589449
O         2.52534743368388   -0.16768782884317   -0.03916426550252
H         0.99124131294125    4.24874862621015   -1.33510621154233
H         2.53974079097371    1.82539629953286   -2.83279293952141
H         1.13186018845722    1.43425622670839   -3.87256708408873
H        -0.89155936776400   -1.50910609713334    0.85690980024738
H         0.17648258439068   -0.01720098531157   -2.10252181766473
H        -0.50133444712195   -0.83846994269074    0.82418485878651
12
 energy: -21.512821976492 gnorm: 0.011155251954 xtb: 6.2.3 (830e466)
C         1.45480192225639    1.62313529404263   -2.84831609534251
C         1.11372132469871    0.46810233550759   -1.93968982595947
C         1.83839300342185    0.15581565841827   -0.91033109235388
O         0.77313658641964    2.80784261016899   -2.52320819996413
O         1.27091475205963    3.31597783853325   -1.28410785436092
O         2.51630953348545   -0.14685678976698   -0.01735940897880
H         0.95794095766239    4.23740548452708   -1.30962006146692
H         2.53677470298286    1.79970333940943   -2.84834609269895
H         1.10814422604533    1.42063681154786   -3.86500056553414
H        -0.89115617624831   -1.48435815708115    0.83524256444181
H         0.16772755869640   -0.01898972434293   -2.08127251754100
H        -0.45770839147971   -0.83882470096405    0.75620914975903
12
 energy: -21.512892186058 gnorm: 0.003315364167 xtb: 6.2.3 (830e466)
C         1.45360908568647    1.62219861583791   -2.84842560167296
C         1.11533275406534    0.46677145225996   -1.93868445732692
C         1.83822060531673    0.16002372743629   -0.90806515870403
O         0.77123555332890    2.80687352200524   -2.52322036142464
O         1.26667353841448    3.31842015863994   -1.28455580346371
O         2.51422112420218   -0.14735963212912   -0.01589408910366
H         0.96616559080990    4.23667668992006   -1.31134885500306
H         2.53527014846037    1.80065281537403   -2.84855961932034
H         1.10801588179612    1.41897644623837   -3.86516629479352
H        -0.88918275002048   -1.48483287095758    0.83077733034053
H         0.16503167355081   -0.01804052679589   -2.07482633901108
H        -0.45559320561009   -0.84077039782924    0.75216924948355
12
 energy: -21.512949016921 gnorm: 0.002856655231 xtb: 6.2.3 (830e466)
C         1.44725160258519    1.61323838424333   -2.84716573381574
C         1.10979134780135    0.46593688177752   -1.92609948288411
C         1.83061809539617    0.17270269611210   -0.89093710962864
O         0.77918138120260    2.80623390468316   -2.52140226311293
O         1.29543510106520    3.32221717089402   -1.29182737401950
O         2.50819140808430   -0.12993748082371    0.00158228230071
H         0.95234481059600    4.22628407106820   -1.29464087348658
H         2.53034576624168    1.78351932207155   -2.85992052083604
H         1.08986372986181    1.40585322282877   -3.85894931131182
H        -0.88175746285832   -1.46817406656002    0.80489933983110
H         0.15470570483686   -0.01543944343250   -2.05182923922830
H        -0.42697148481184   -0.84284466286257    0.70049028619205
12
 energy: -21.512981933633 gnorm: 0.007381828350 xtb: 6.2.3 (830e466)
C         1.43699691428999    1.59939007663591   -2.84459775170302
C         1.10088274876181    0.46602949164134   -1.90556189122427
C         1.81856894486392    0.19257469445546   -0.86258800532156
O         0.78861166212452    2.80420948359253   -2.51855758975948
O         1.34123394497818    3.32634915054352   -1.30595935564032
O         2.50330541049172   -0.10104475720926    0.02770161477918
H         0.93457341227525    4.20787422085752   -1.26970082986903
H         2.52129070415838    1.75880501205174   -2.87657718616069
H         1.06081001411470    1.38437575225407   -3.84778700955431
H        -0.86858977527178   -1.44429519606677    0.76272697379842
H         0.13965220606625   -0.00779275495532   -2.01752262064245
H        -0.38833618685161   -0.84688517380106    0.62262365129784
12
 energy: -21.513001375657 gnorm: 0.002937782511 xtb: 6.2.3 (830e466)
C         1.43689936679114    1.59996403498141   -2.84419014580374
C         1.10253306217089    0.46601084287095   -1.90615052898324
C         1.81949538417917    0.19290190287035   -0.86265839789241
O         0.78390348033128    2.80271500629019   -2.51844337477181
O         1.33589834217982    3.32606087931556   -1.30754010953935
O         2.50776818925789   -0.10111581190470    0.02490339199937
H         0.94438633411893    4.20786630666665   -1.27427834359927
H         2.51997367153286    1.76328836484203   -2.87413360051122
H         1.06266742542026    1.38441856025238   -3.84738977015083
H        -0.86857485191646   -1.44882669163753    0.76278707092141
H         0.14002631631513   -0.00439871946805   -2.01812702963816
H        -0.39597672037959   -0.84929467507954    0.62942083796957
12
 energy: -21.513007042793 gnorm: 0.004930632096 xtb: 6.2.3 (830e466)
C         1.43362757325044    1.59650902964614   -2.84281888636648
C         1.09927603217581    0.46742470882265   -1.89897045862443
C         1.81854304449010    0.20001609513511   -0.85511084505660
O         0.78628425459850    2.80264640747674   -2.51831263917983
O         1.34636385705926    3.32789236063379   -1.31253266558589
O         2.50816947089639   -0.09160560742781    0.03199175656384
H         0.94232836128900    4.20249205990691   -1.26807086272907
H         2.51724116340324    1.75588906321430   -2.87860521445046
H         1.05350603721088    1.37865242095470   -3.84332483185222
H        -0.87489237210584   -1.44185867339172    0.75694459218309
H         0.13725752895678   -0.00337705167138   -2.00845022819664
H        -0.37870495122295   -0.85509081329990    0.60146028329508
12
 energy: -21.513032443149 gnorm: 0.002973671063 xtb: 6.2.3 (830e466)
C         1.43185458368727    1.59422855917626   -2.84240567788904
C         1.09768588259425    0.46758397024972   -1.89532578868345
C         1.81896863251341    0.20336362477320   -0.85207984676534
O         0.78857304926210    2.80255508327196   -2.51754462587968
O         1.35621822561169    3.32998793518769   -1.31583173342993
O         2.50969798974442   -0.08540785705431    0.03503842650754
H         0.93825350130922    4.20072195655616   -1.26347624449198
H         2.51595149342457    1.75090078242784   -2.88214057820002
H         1.04780491895464    1.37575799728231   -3.84136073457031
H        -0.87138675679218   -1.44055386256247    0.75058523992903
H         0.13538898352905   -0.00335743939382   -2.00265572911791
H        -0.38001050383692   -0.85619074991492    0.59139729259146
12
 energy: -21.513050606628 gnorm: 0.002884479504 xtb: 6.2.3 (830e466)
C         1.42893350496695    1.59159039288920   -2.84133868453167
C         1.09583284687742    0.46797870774774   -1.89012935090175
C         1.82081887505424    0.20824552474996   -0.84838840872751
O         0.79005124236407    2.80230386783115   -2.51657003269573
O         1.36767125646196    3.33366042273572   -1.32129690140900
O         2.51487385888915   -0.07432332185696    0.03832085853917
H         0.93782075081308    4.19844333366555   -1.25960016967317
H         2.51325087553444    1.74549430479508   -2.88598775039165
H         1.04014011809518    1.37206437082911   -3.83815090578526
H        -0.87325825117236   -1.44043813255227    0.74509383765027
H         0.13348515792674   -0.00325700991683   -1.99472107718707
H        -0.38062023580931   -0.86217246091780    0.57696858511378
12
 energy: -21.513092819081 gnorm: 0.004602100358 xtb: 6.2.3 (830e466)
C         1.41886592873627    1.58388347676629   -2.83790496159636
C         1.09006934474546    0.47076707935340   -1.87189616655387
C         1.82915724072917    0.22532280846648   -0.83649586908767
O         0.79443710111781    2.80213308996292   -2.51380958093800
O         1.40584445205134    3.34711792639454   -1.34101379223070
O         2.53333240953543   -0.03684586331009    0.04883565030245
H         0.93883818156115    4.19131711711831   -1.24806458358535
H         2.50361293610556    1.72901479936030   -2.89942726234138
H         1.01396870484040    1.35969886020812   -3.82729267272175
H        -0.88665295361562   -1.44181866961576    0.73150836696645
H         0.12912680185905   -0.00388918259734   -1.96813602847504
H        -0.38160014766424   -0.88711144210750    0.52789690026177
12
 energy: -21.513114725402 gnorm: 0.003346053942 xtb: 6.2.3 (830e466)
C         1.41346936148673    1.58347643436696   -2.83625963091360
C         1.08981904854029    0.47459671776847   -1.86288170869893
C         1.84374398815561    0.23365422165192   -0.83739306686032
O         0.79408649932388    2.80365328222751   -2.51323342584415
O         1.42360534857262    3.35952994335575   -1.35655833434539
O         2.55469048291975   -0.01248042629616    0.04700616034939
H         0.94990237689106    4.19293276834157   -1.24875856887853
H         2.49748463285698    1.72601478290479   -2.90629826501072
H         1.00109531464009    1.35643664240393   -3.82164291147835
H        -0.90981186104114   -1.45639861705892    0.73892156338604
H         0.13279026222910   -0.00668308799639   -1.95631911065783
H        -0.40187545457296   -0.91514266166977    0.51761729895305
12
 energy: -21.513120510982 gnorm: 0.006174144755 xtb: 6.2.3 (830e466)
C         1.40223842777918    1.57579857467809   -2.83383260848705
C         1.08550727900329    0.47989049740752   -1.84172636289799
C         1.85027135060963    0.25501075313525   -0.82016567489884
O         0.79920053796966    2.80486646744608   -2.51251224009642
O         1.46605941165682    3.37380702743300   -1.38147306885838
O         2.57031843829327    0.02658278640355    0.06174858255896
H         0.95227831999834    4.18242717109284   -1.23444534179599
H         2.48607171397711    1.70983288070875   -2.92416402705242
H         0.97125433410915    1.33970589871642   -3.80969255505822
H        -0.92850623405847   -1.45641163890646    0.72377544723896
H         0.12856174008718   -0.00342216934733   -1.92334525923763
H        -0.39425531942258   -0.94849824876828    0.46003310858593
12
 energy: -21.513147625494 gnorm: 0.001919174865 xtb: 6.2.3 (830e466)
C         1.40919440481894    1.58110491013649   -2.83677139034615
C         1.09018003411762    0.47853243672023   -1.85412535558179
C         1.84381674815466    0.24420909300184   -0.82718040156975
O         0.79659535402594    2.80518854875885   -2.51481741272224
O         1.44135438675068    3.36454676039658   -1.36896634318517
O         2.55616304741595    0.00035794100670    0.05565449933762
H         0.95037030627360    4.18663303465843   -1.24147535718753
H         2.49275138054285    1.72104204850842   -2.91642784273185
H         0.98854811105530    1.34756590588833   -3.81725982971192
H        -0.91973833689950   -1.45482805540666    0.73043278785451
H         0.13173692068781   -0.00192164038827   -1.94027057034996
H        -0.39197235694128   -0.93284098328160    0.49540721619506
12
 energy: -21.513164859520 gnorm: 0.001147031016 xtb: 6.2.3 (830e466)
C         1.40547918198080    1.58025886829546   -2.83773292083396
C         1.09201008558979    0.48157283913696   -1.84891898931994
C         1.84652253171188    0.25277129471958   -0.82133151429532
O         0.79710368634332    2.80619986290995   -2.51527912916407
O         1.45700523619944    3.37114239909132   -1.38012905446641
O         2.56067955665468    0.01401573297223    0.06192940645651
H         0.95452107336695    4.18397056372094   -1.23875662954758
H         2.48868366681779    1.71873020225266   -2.92525164901847
H         0.97828413578999    1.34279819715829   -3.81440903896123
H        -0.93361659943888   -1.45860212873847    0.72526725315944
H         0.13312235899953    0.00017223883810   -1.92884235738687
H        -0.39079491401208   -0.95344007035803    0.48765462337894
12
 energy: -21.513176771856 gnorm: 0.001574293986 xtb: 6.2.3 (830e466)
C         1.40617106414711    1.58178142150595   -2.83951939521816
C         1.09420234232446    0.48398951937313   -1.84973525046375
C         1.84851526736179    0.25614150495998   -0.82161017317427
O         0.79755537941531    2.80754489107707   -2.51663568328939
O         1.45876612723803    3.37417932538997   -1.38345609468305
O         2.55581335707711    0.00739980102366    0.06478299627190
H         0.95104508614675    4.18248018901310   -1.23653128407126
H         2.48930968439454    1.72048255295961   -2.92844183660052
H         0.97771540682108    1.34391777122194   -3.81536991322196
H        -0.94136691083546   -1.45127245158312    0.73412318487134
H         0.13678000369966   -0.00043019114981   -1.92937635862245
H        -0.38550680778692   -0.96662433379263    0.48596980820261
12
 energy: -21.513202022897 gnorm: 0.002394930731 xtb: 6.2.3 (830e466)
C         1.40915565444652    1.58497092447882   -2.84301035743956
C         1.09841287445500    0.48706368432705   -1.85395215946304
C         1.84618476254196    0.25367752478231   -0.82185278141058
O         0.80022505609603    2.81064733598147   -2.51927011543578
O         1.46420997599181    3.38129505567219   -1.39061295002298
O         2.55132244524897    0.00546601640129    0.06684637452844
H         0.94046652651899    4.17612950076979   -1.22737224741898
H         2.49216934657345    1.72394812267081   -2.93466515422114
H         0.97854796446640    1.34798482837860   -3.81780369328556
H        -0.96184647906979   -1.43176685996736    0.75779272069751
H         0.14324141175284   -0.00152737566982   -1.93593354227803
H        -0.37308953901792   -0.99829875782669    0.48403390575075
12
 energy: -21.513211316414 gnorm: 0.001284606305 xtb: 6.2.3 (830e466)
C         1.41014732326327    1.58609375465789   -2.84466327008248
C         1.10058438823169    0.48734525557737   -1.85628204913730
C         1.84576801489098    0.25382769924318   -0.82261810444678
O         0.80159992839057    2.81203231884695   -2.52083176298400
O         1.46769605070203    3.38369646431491   -1.39373315775328
O         2.54842797843344    0.00583904842837    0.06768873277367
H         0.93648425171461    4.17233938587554   -1.22269855261622
H         2.49298886760559    1.72540536446811   -2.93682849519391
H         0.97910223755612    1.34922348274819   -3.81944566630452
H        -0.96597199996632   -1.42824661447539    0.76522981630254
H         0.14487664538431   -0.00079819491014   -1.93779396471118
H        -0.37270368620194   -1.00716796477658    0.48617647415448
12
 energy: -21.513219315645 gnorm: 0.002833625898 xtb: 6.2.3 (830e466)
C         1.41327604602446    1.58955042197755   -2.85035158782680
C         1.10559779838948    0.49011745266662   -1.86238186127060
C         1.84520492808941    0.25699767506589   -0.82503663785984
O         0.80578650437378    2.81596280910019   -2.52593059867331
O         1.47777292775016    3.38984976437482   -1.40272914733718
O         2.53995660088518    0.00643791718023    0.07020488617067
H         0.92422842645106    4.15894080159575   -1.20748542463197
H         2.49574549980788    1.72962337769984   -2.94328719776598
H         0.98147398566356    1.35260593578992   -3.82519651330243
H        -0.98126352667543   -1.41491371263791    0.79002894566602
H         0.14965314880409    0.00103653356198   -1.94429126310233
H        -0.36843233955886   -1.03661897637671    0.49065639993475
12
 energy: -21.513224150206 gnorm: 0.002069937561 xtb: 6.2.3 (830e466)
C         1.41403908116518    1.59006759839562   -2.85184377102852
C         1.10486489522233    0.49143458831248   -1.86329048960074
C         1.84441263975497    0.25881631229344   -0.82575245890317
O         0.80735815244897    2.81682583485971   -2.52752947071136
O         1.47953279603979    3.38966826676768   -1.40371902784636
O         2.53890767919599    0.00898057473931    0.06994745647842
H         0.92321658963693    4.15468130963930   -1.20392154419290
H         2.49661646670355    1.72954793968491   -2.94408774349458
H         0.98281643527856    1.35302428941670   -3.82697268892993
H        -0.98017521559708   -1.41716399164522    0.79297188345521
H         0.14910286236220    0.00213567095048   -1.94639705790504
H        -0.37169238220675   -1.03842839341619    0.49479491267997
12
 energy: -21.513229221094 gnorm: 0.000824717531 xtb: 6.2.3 (830e466)
C         1.41487690189485    1.59059076346477   -2.85295827860114
C         1.10419111988447    0.49248876381634   -1.86422568621195
C         1.84379468598633    0.26036863570296   -0.82650609482672
O         0.80864031023128    2.81758078094764   -2.52876801002083
O         1.47980680363363    3.38932541016624   -1.40406279976038
O         2.53809088282743    0.01095754854273    0.06968676715329
H         0.92189355689340    4.15116437638206   -1.20090696264660
H         2.49765369727799    1.72929660822284   -2.94476907758508
H         0.98411659572074    1.35369066517392   -3.82815523920667
H        -0.98317677765266   -1.41365503242227    0.79859757274032
H         0.14895893892853    0.00278130568670   -1.94850052858434
H        -0.36984671562124   -1.04499982568574    0.49476833755108
12
 energy: -21.513231914359 gnorm: 0.002110410149 xtb: 6.2.3 (830e466)
C         1.41892080128920    1.59286838211514   -2.85855918956462
C         1.10267735035906    0.49648323819146   -1.86930842242850
C         1.84096569322821    0.26668944906520   -0.82988281447098
O         0.81503690851667    2.82102047895419   -2.53451766042642
O         1.48609932393069    3.39030559847475   -1.40918830927004
O         2.53335051137477    0.02003493798789    0.06901882379181
H         0.91189828056550    4.13341336505613   -1.18359804412721
H         2.50236808986603    1.72845599455700   -2.94895688624785
H         0.98921303741743    1.35687216290342   -3.83402894499317
H        -0.99465105086971   -1.40107743045471    0.82253736137821
H         0.14869412918467    0.00613895755373   -1.95759075168185
H        -0.36557307485749   -1.07161513440620    0.49827483804155
12
 energy: -21.513236047420 gnorm: 0.000775409369 xtb: 6.2.3 (830e466)
C         1.41865626089646    1.59231184338338   -2.85810618111388
C         1.10181953354586    0.49585582086361   -1.86894053897808
C         1.84078804527648    0.26684274958490   -0.82990909483066
O         0.81520524741269    2.82073987852020   -2.53431468922537
O         1.48575051555132    3.38947763658520   -1.40842747880836
O         2.53409286325223    0.02135432768586    0.06849323969771
H         0.91276607245152    4.13353792866244   -1.18400344634157
H         2.50218017436110    1.72741102068834   -2.94805916329469
H         0.98917427107640    1.35653157353830   -3.83375801561313
H        -0.99167001055596   -1.40406992900449    0.81907937381002
H         0.14743745044834    0.00638576195466   -1.95698406485375
H        -0.36720042371149   -1.06678861246435    0.49913005955271
