12
 energy: -21.577911855413 gnorm: 0.092071348885 xtb: 6.2.3 (830e466)
C         1.76565000000000    1.66557000000000   -3.50312000000000
C         0.28491000000000    1.00687000000000   -0.42015000000000
C         1.17315000000000   -0.19070000000000   -0.57437000000000
O         0.86493000000000    2.40520000000000   -3.86160000000000
O         1.05399000000000    2.16872000000000   -0.25491000000000
O         2.38973000000000   -0.08280000000000   -0.55022000000000
H         0.51529000000000    2.92214000000000   -0.61139000000000
H         2.56340000000000    2.04729000000000   -2.87554000000000
H         1.76317000000000    0.62320000000000   -3.80183000000000
H         0.72796000000000   -1.16983000000000   -0.71425000000000
H        -0.34554000000000    1.07847000000000   -1.33583000000000
H        -0.36762000000000    0.86547000000000    0.46742000000000
12
 energy: -21.582401049518 gnorm: 0.036986037827 xtb: 6.2.3 (830e466)
C         1.76388050386589    1.67581340531124   -3.50276563106193
C         0.28526469448299    1.01202735564922   -0.43138356005541
C         1.19317086479486   -0.17835058106580   -0.57446871633740
O         0.84983136109671    2.39085571066396   -3.82194881210749
O         1.04637183770955    2.18273912264036   -0.27992254663099
O         2.39445577310647   -0.09996537200296   -0.58050339857002
H         0.52371828807347    2.93378511280167   -0.60544987083508
H         2.57332675141909    2.04236267766435   -2.86742570320887
H         1.78460153429189    0.62355735309689   -3.80128470776204
H         0.70135734444555   -1.15217582558470   -0.69258161406807
H        -0.36089013257985    1.05463530841278   -1.32511659120061
H        -0.36606882070662    0.85431573241299    0.44706115183790
12
 energy: -21.567279766234 gnorm: 0.093047563923 xtb: 6.2.3 (830e466)
C         1.65272845519781    1.64369550160262   -3.33378197352398
C         0.28744851634430    1.01800956610390   -0.44842525282473
C         1.22234078188852   -0.16203038866820   -0.58820661752675
O         0.85730767372411    2.39107336906458   -3.81951738050118
O         1.03077419251825    2.20235199469939   -0.31571541823624
O         2.40601451723404   -0.13006313633794   -0.62475961113031
H         0.52436486003969    2.95186372253905   -0.59798354947520
H         2.62697980907466    2.04853168455862   -2.91272317259180
H         1.85705962671921    0.64148987997036   -3.85597375954294
H         0.65243981543113   -1.12706858016057   -0.64524653189129
H        -0.37365336954556    1.02582004732731   -1.31928005355771
H        -0.35478487862613    0.83592633930084    0.42582332080213
12
 energy: -21.583752497421 gnorm: 0.025908917022 xtb: 6.2.3 (830e466)
C         1.74231789971649    1.68362081373633   -3.46812156838216
C         0.28881364586343    1.01787328680963   -0.45079342149583
C         1.22204862873960   -0.16310716983410   -0.59375762073683
O         0.82562012320473    2.37806614643623   -3.76983742005065
O         1.02922298665204    2.20243572684498   -0.32081051673440
O         2.40933226597481   -0.13370644864373   -0.63274792474993
H         0.51680321863745    2.95598550279145   -0.59902388578080
H         2.59662445889132    2.03071149522949   -2.86470397211867
H         1.83175263730426    0.63111383795537   -3.80190675357961
H         0.64510578031531   -1.12540102676487   -0.63770540291858
H        -0.37021169174650    1.02576290978467   -1.32587757372427
H        -0.34840995355293    0.83624492565454    0.42949606027173
12
 energy: -21.584039336223 gnorm: 0.024906316683 xtb: 6.2.3 (830e466)
C         1.76430080089429    1.67881138822067   -3.47044541684777
C         0.28985289985578    1.01963257862202   -0.44746783938394
C         1.20255009825792   -0.17458411167575   -0.57355559316058
O         0.80348502517966    2.35918931116888   -3.72250036759364
O         1.03582310256062    2.20216834077591   -0.33533897714277
O         2.39828658116818   -0.13161226013977   -0.65775789678275
H         0.49894121078581    2.95787875964126   -0.60913916803526
H         2.60846127682600    2.04152632327747   -2.86828234286934
H         1.84930380773045    0.63243088814412   -3.81046113283607
H         0.65002872959711   -1.13059186361191   -0.65767529664280
H        -0.37251357557437    1.02538880431275   -1.32759536881182
H        -0.33949995728141    0.85936184126434    0.44442940010674
12
 energy: -21.584522019118 gnorm: 0.012388515441 xtb: 6.2.3 (830e466)
C         1.76341130590695    1.68085297532924   -3.45726054624897
C         0.29312409665807    1.02184990755634   -0.45838681044019
C         1.20648397384215   -0.17060842074903   -0.60280723458964
O         0.79617308167566    2.35074110015100   -3.69476324430812
O         1.03509073578447    2.20698757230217   -0.35618582972348
O         2.39847782403166   -0.14127047041859   -0.67886705796497
H         0.49195575253201    2.96237312550703   -0.61134907333844
H         2.61187246324426    2.04235711985191   -2.85815777753323
H         1.85918925950347    0.63503040929958   -3.80150803337580
H         0.63744451124217   -1.12919308679116   -0.62465356490937
H        -0.37687386872117    1.02293263587413   -1.33107961746164
H        -0.32732913569967    0.85754713208737    0.43922878989383
12
 energy: -21.584808477208 gnorm: 0.009258459217 xtb: 6.2.3 (830e466)
C         1.76199732722586    1.68169188913783   -3.42852371024084
C         0.29652121762826    1.02381798778563   -0.46775366309999
C         1.20796490251846   -0.17066741979444   -0.61397179230717
O         0.79362376111739    2.33888251319561   -3.65826651387274
O         1.03553008388649    2.21269664477742   -0.39352771120175
O         2.39693984137185   -0.15082384039531   -0.73053685734618
H         0.48155515708721    2.96330843892449   -0.62946033677631
H         2.61560029750399    2.04738532413257   -2.83889893762526
H         1.87139880505848    0.63971596300782   -3.78124358222286
H         0.62420868308732   -1.12430083875174   -0.60430996091679
H        -0.38671684381084    1.01124426080185   -1.33009646646077
H        -0.30960323267444    0.86664907717825    0.44079953207064
12
 energy: -21.585249563000 gnorm: 0.012537989824 xtb: 6.2.3 (830e466)
C         1.77158310548230    1.67986736395982   -3.37561871209545
C         0.30100994265830    1.02964433827455   -0.48856393127474
C         1.20026102841572   -0.17289482354437   -0.64150555258597
O         0.75468465077154    2.29389156347792   -3.53480245064551
O         1.04107788571765    2.22065156457360   -0.46923067469380
O         2.38274940394269   -0.16810360033224   -0.82511554590843
H         0.46363248244097    2.96557058902433   -0.66640872670775
H         2.63988799089321    2.06821085921639   -2.82029814670313
H         1.91644736055262    0.65040467598162   -3.75813588509430
H         0.60304889458694   -1.11826748912214   -0.56668736860362
H        -0.40731275547265    0.99632965744939   -1.33170797227860
H        -0.27804998998923    0.89429530104111    0.44228496659128
12
 energy: -21.585599959247 gnorm: 0.009227754441 xtb: 6.2.3 (830e466)
C         1.77550755192745    1.67310052420693   -3.32193382857940
C         0.30441204027198    1.03288076311713   -0.50565557713397
C         1.18734046651123   -0.17819398636068   -0.66614521081719
O         0.73388227315421    2.25342181918887   -3.44777162804267
O         1.05130898574223    2.21902030682082   -0.52860541008788
O         2.36071795176179   -0.17475025737137   -0.89401998871208
H         0.45904643992243    2.96126511740599   -0.70278812129136
H         2.64883622649060    2.09585063348771   -2.80184858322964
H         1.93615134642226    0.65729540803095   -3.72107037675778
H         0.60815077742754   -1.11693534285138   -0.55495461746370
H        -0.42239384382843    0.99171652493353   -1.33369489860031
H        -0.25394021580320    0.92492848939150    0.44269824071597
12
 energy: -21.585769912125 gnorm: 0.007106009433 xtb: 6.2.3 (830e466)
C         1.77864910371113    1.67485759958745   -3.31797859388610
C         0.30087802422510    1.03210565429072   -0.50369467660883
C         1.18069274051949   -0.18046729384157   -0.66748611525684
O         0.73134908997323    2.23808266908436   -3.45140400058604
O         1.05289853611724    2.21176077938298   -0.52491595508100
O         2.35089047963239   -0.17489916139158   -0.91559790176426
H         0.47847444909220    2.95636906132027   -0.71577137869102
H         2.63803184253111    2.11856459439712   -2.79772101854686
H         1.95040245804331    0.65925394583081   -3.71079769048789
H         0.61105923633060   -1.12035289438387   -0.54670100451941
H        -0.42924137330973    0.99617858318843   -1.32695448702642
H        -0.25506458686598    0.92814646253487    0.44323282245464
12
 energy: -21.585911320995 gnorm: 0.021623105921 xtb: 6.2.3 (830e466)
C         1.79391074292302    1.68013210643796   -3.29856440751901
C         0.29322179093236    1.03289719845630   -0.50592026675365
C         1.16229376680104   -0.18562896706807   -0.68397098014850
O         0.70770357959668    2.18393862757712   -3.41280246170790
O         1.06036157819842    2.20015097095675   -0.54736058881555
O         2.32285836699237   -0.18456995758463   -0.99556554473375
H         0.50444331573256    2.95367648958078   -0.74368179280990
H         2.63438540380941    2.17941299698694   -2.79638586579147
H         2.01010726813223    0.66811792226808   -3.68596438760540
H         0.60006552496779   -1.12726975393821   -0.50711626261385
H        -0.45837330107390    0.99967133699330   -1.30988211416712
H        -0.24195803701184    0.93907102933366    0.45142467266605
12
 energy: -21.586142871634 gnorm: 0.009801346025 xtb: 6.2.3 (830e466)
C         1.80272453926107    1.68466126928796   -3.31182336010495
C         0.28480618508898    1.03102805400303   -0.49684879697587
C         1.15017140688885   -0.18834438027814   -0.68864870382923
O         0.70890690511388    2.16062442587585   -3.44244244726347
O         1.06588825602553    2.18809352217109   -0.53180189113873
O         2.30198321219136   -0.18549798007252   -1.00990408543231
H         0.52514398243922    2.95542708426798   -0.74007783857630
H         2.62396355848436    2.21765227516319   -2.81201320779454
H         2.04166384880600    0.67059389955135   -3.67879735862252
H         0.60014893169227   -1.13506068649590   -0.49322685271928
H        -0.47494175117846    1.01058853893177   -1.29332924062911
H        -0.24143907481291    0.92983397759430    0.46312378308624
12
 energy: -21.586351565520 gnorm: 0.009026905338 xtb: 6.2.3 (830e466)
C         1.81439050807431    1.68856826141015   -3.30936433434292
C         0.27754984554143    1.02959667058697   -0.48385384795882
C         1.13591094580609   -0.19239961461692   -0.69511181026569
O         0.70975559949454    2.13062889706473   -3.44258536621703
O         1.06747245214371    2.18346761647965   -0.53697501321175
O         2.27634640832461   -0.19152733573989   -1.06374340908117
H         0.53076779353133    2.95300668346971   -0.75740161600924
H         2.62430149539690    2.25452085444886   -2.82473543873486
H         2.08495442051942    0.67850407469850   -3.66249449532351
H         0.59345423933227   -1.13665563077903   -0.47815982084480
H        -0.49425457761614    1.01184924006757   -1.26952928186845
H        -0.23162913054828    0.93004028290965    0.48816443385816
12
 energy: -21.586477395867 gnorm: 0.022671024409 xtb: 6.2.3 (830e466)
C         1.83748218668853    1.69531904309135   -3.31112301341256
C         0.26642443520490    1.02926866959183   -0.45321208894462
C         1.10589890806579   -0.20093762316785   -0.70586599342553
O         0.68860803887017    2.04740538960654   -3.41687776947650
O         1.06588673334016    2.17944224082059   -0.52736513263325
O         2.21438137406698   -0.21219892960867   -1.15819568908512
H         0.54486678703428    2.94456024206565   -0.79782246327522
H         2.62906848507750    2.33395590848509   -2.87343976025681
H         2.19548748233556    0.70059608337232   -3.64337867704472
H         0.57512962478899   -1.13262251156873   -0.46158962843592
H        -0.51768758132506    1.02518953354948   -1.22202077375840
H        -0.21652647414756    0.92962195376231    0.53510098974856
12
 energy: -21.586671446996 gnorm: 0.015202308921 xtb: 6.2.3 (830e466)
C         1.84111603909888    1.69424854053071   -3.31746722284069
C         0.27195646087031    1.02909385541767   -0.44296210334333
C         1.10846322396943   -0.20033958059898   -0.70842145645849
O         0.71237648572039    2.06462330028898   -3.40773832379081
O         1.05153506119220    2.19463561988092   -0.51786016668936
O         2.20609513137060   -0.21191332552990   -1.17886400537337
H         0.51213791243613    2.93748099126300   -0.81330333020361
H         2.63736208033490    2.30239099892463   -2.88022175092701
H         2.19201657831139    0.71288702964353   -3.65912956884086
H         0.57475701960827   -1.13027463474509   -0.44687376966834
H        -0.51187408302955    1.02213097343823   -1.21139130679261
H        -0.20692190988272    0.92463623148623    0.54844300492838
12
 energy: -21.586599069283 gnorm: 0.026566312325 xtb: 6.2.3 (830e466)
C         1.85777534402865    1.69499535599182   -3.30207588739638
C         0.26946987867190    1.03080710917435   -0.44651931996815
C         1.09177932427606   -0.20318790129902   -0.73430511553531
O         0.70934928444541    2.02115443575993   -3.39034370393310
O         1.05671049860775    2.18643450153659   -0.52341768840117
O         2.17858695494180   -0.21437972702602   -1.25932075353053
H         0.52540918650782    2.93163778442396   -0.83106991472732
H         2.62875215209633    2.35280750370279   -2.87177721867826
H         2.23179967126742    0.71883010510190   -3.63740823970462
H         0.56998989506240   -1.14119860267049   -0.39652283403810
H        -0.54079103327375    1.03110736731996   -1.19485001696813
H        -0.18981115663155    0.93059206798414    0.55182069288095
12
 energy: -21.586979091921 gnorm: 0.012245200070 xtb: 6.2.3 (830e466)
C         1.85012329713978    1.68732971915228   -3.30950807094179
C         0.27166312887078    1.03393050880064   -0.44875648908574
C         1.09912626161400   -0.19644204516549   -0.72545835806868
O         0.69962370564522    2.02318599743037   -3.39831895945717
O         1.05974839877308    2.18764821074234   -0.50099291322860
O         2.19348875017057   -0.20706462519381   -1.20213835395985
H         0.53648820415697    2.93324300824500   -0.81581726524190
H         2.62249574273104    2.34014376562855   -2.86860282758704
H         2.21142509614744    0.70717123183020   -3.65624996858175
H         0.57707659312238   -1.13229892221501   -0.43994902137644
H        -0.52843902118078    1.03704008559207   -1.20659644287278
H        -0.20380015719023    0.92571306515276    0.53659867040164
12
 energy: -21.587160218926 gnorm: 0.009881349252 xtb: 6.2.3 (830e466)
C         1.85995264801379    1.68307428600871   -3.30851629957700
C         0.26763289586438    1.03563517735512   -0.42877309822182
C         1.09059418695265   -0.19360149239129   -0.73073880215364
O         0.70450929548446    1.99672556430827   -3.37481985661699
O         1.04962527481063    2.19719716255077   -0.49094189177400
O         2.16658897682548   -0.20626370646318   -1.25484384004144
H         0.52722823901334    2.92866967504653   -0.84439020735603
H         2.62380028913326    2.34004170562324   -2.87565131524656
H         2.25364000489454    0.71928038506098   -3.67066271633706
H         0.57463276451358   -1.12235895866195   -0.44184399590140
H        -0.53486704457811    1.04077585524217   -1.18009419826401
H        -0.19431753092773    0.92042434632050    0.56548622148984
12
 energy: -21.587393237632 gnorm: 0.009652020318 xtb: 6.2.3 (830e466)
C         1.86943051499446    1.67573375487244   -3.29706863183945
C         0.26463801299865    1.03841256808185   -0.42241736662179
C         1.08362296926670   -0.18777170302813   -0.74776805775685
O         0.70881203869517    1.96935720324092   -3.34468812046800
O         1.04169871230793    2.20405929673261   -0.47994635185668
O         2.14467407411373   -0.19646596381180   -1.30485437951425
H         0.52747794190343    2.92335453977514   -0.87079596370088
H         2.63020905464213    2.34576314892114   -2.87624271794904
H         2.27118329758071    0.72461122486812   -3.67011001928338
H         0.57819183903641   -1.11872893149089   -0.43469319835144
H        -0.54630280286625    1.04847444832235   -1.16442356312548
H        -0.18461565267280    0.91280041351611    0.57721837046713
12
 energy: -21.587855704261 gnorm: 0.030933019601 xtb: 6.2.3 (830e466)
C         1.89706400644868    1.63645293099671   -3.25382342159943
C         0.25424240719595    1.05364351675842   -0.40526755519296
C         1.06436523697023   -0.15615848489153   -0.80976219064102
O         0.71915648043090    1.86826025603327   -3.22913069166024
O         1.01420199918695    2.23224968774855   -0.42317523082409
O         2.07641608759611   -0.14123364519994   -1.46572757129601
H         0.54575755066581    2.90762169766999   -0.95964381289925
H         2.62692451662177    2.33607310083833   -2.83203756038639
H         2.33098604649188    0.73761953815604   -3.72074214025481
H         0.60293276131777   -1.10281050798998   -0.42550509589994
H        -0.58569515819596    1.08461847651498   -1.11563121849057
H        -0.15733193472979    0.88326343336496    0.60465648914463
12
 energy: -21.588481445577 gnorm: 0.025266229944 xtb: 6.2.3 (830e466)
C         1.88978519319816    1.60958161961057   -3.22720714216444
C         0.25536556969591    1.06170636465927   -0.42446352148624
C         1.08137930680802   -0.13107239823199   -0.82874932517763
O         0.72804989584340    1.87464112145689   -3.18971196230095
O         1.00049693954946    2.24990438211615   -0.40850907248198
O         2.09868435305424   -0.09566892012664   -1.45295311569090
H         0.54893406666596    2.91006066034342   -0.95337628652246
H         2.63922198232577    2.27437056556875   -2.78534370271638
H         2.26394556916208    0.71824201420796   -3.74600194916613
H         0.62876582871284   -1.09304810453019   -0.46169744173398
H        -0.58463735322127    1.09090125390489   -1.13453351116894
H        -0.16097135179430    0.86998144102071    0.57675703061001
12
 energy: -21.589156405025 gnorm: 0.014930779318 xtb: 6.2.3 (830e466)
C         1.88783701801799    1.61306354840643   -3.25516755688226
C         0.24918497383576    1.06355551544059   -0.40571191456496
C         1.09274970962836   -0.11941965688707   -0.80846536850084
O         0.71525628807870    1.86272929660316   -3.18851336683420
O         0.98383555576152    2.25787185111800   -0.39128771332220
O         2.10104398006290   -0.07309752355828   -1.45160267210582
H         0.56569912871960    2.89994400930103   -0.97869308223701
H         2.64246114238659    2.23225163878837   -2.74505555988379
H         2.27146311400559    0.72791317471524   -3.78010577235310
H         0.63477026262020   -1.08873608332498   -0.49923760066323
H        -0.58210986326127    1.08981224806310   -1.12402644570461
H        -0.17317130985569    0.87371198133418    0.59207705305197
12
 energy: -21.586266567272 gnorm: 0.053765364981 xtb: 6.2.3 (830e466)
C         1.87237757238640    1.55346023573671   -3.18942374577289
C         0.23078563306545    1.06328282415508   -0.36491752034792
C         1.10070250448822   -0.10434253897200   -0.77198832944756
O         0.69406114046781    1.87016545898311   -3.22556165779021
O         0.94412690624829    2.26997889468214   -0.34524629668489
O         2.10651053279473   -0.03976869742545   -1.42950763701131
H         0.61931477026062    2.86818365373410   -1.04482069941058
H         2.65868439331216    2.18022067503773   -2.72944742394087
H         2.29384900641617    0.79238710867334   -3.90490746045939
H         0.65487422745965   -1.08145384985311   -0.54940818589734
H        -0.57851764734746    1.09079347413112   -1.10381110962297
H        -0.20774903955177    0.87669276111701    0.62325006638589
12
 energy: -21.590250214507 gnorm: 0.018258661721 xtb: 6.2.3 (830e466)
C         1.88321601636049    1.58825703815231   -3.23982304382834
C         0.23134647524759    1.06428142182252   -0.38028328691269
C         1.07864665267832   -0.10517578247761   -0.81927824443815
O         0.70814603072422    1.85534429749502   -3.18940533321872
O         0.94993333423633    2.26799637301972   -0.34962621747125
O         2.10017679431524   -0.03353885273259   -1.44644537027243
H         0.61475041144044    2.87146960085477   -1.03350003939890
H         2.65450832783949    2.18191350808801   -2.71837495370825
H         2.28198058626521    0.76476442750423   -3.85329939177386
H         0.67237100637233   -1.07905614764192   -0.51012532363505
H        -0.58982020196923    1.09801582107943   -1.10689393309332
H        -0.19623543351017    0.86532829483587    0.61126513775094
12
 energy: -21.590773553064 gnorm: 0.012694937470 xtb: 6.2.3 (830e466)
C         1.88892662823208    1.59229848795506   -3.23053427787870
C         0.23106147100759    1.06489841177664   -0.38355825910827
C         1.08536418880719   -0.10120035367352   -0.81353410941076
O         0.72120969036683    1.86387540608045   -3.17187114515640
O         0.93815854160086    2.27535231987599   -0.35323463338956
O         2.08771632618755   -0.02731108548448   -1.46997056662668
H         0.61784982721533    2.85847288565912   -1.06184253649031
H         2.66147753354175    2.18634483954459   -2.72313711903486
H         2.27286289112541    0.75680505175374   -3.82923471052045
H         0.66829747905552   -1.08225955030499   -0.51678411347109
H        -0.60487777765489    1.08979927261631   -1.09591030594723
H        -0.17902679948494    0.86252431420086    0.61382177703427
12
 energy: -21.591607107700 gnorm: 0.028265815484 xtb: 6.2.3 (830e466)
C         1.89905188635647    1.59179818056831   -3.21006660157748
C         0.21813747396409    1.06473279136335   -0.38004589241341
C         1.08023072833098   -0.08782390391660   -0.82927364664861
O         0.73903274398782    1.88510061784912   -3.13836641474873
O         0.89740256693671    2.29070313204489   -0.34404876969294
O         2.06346897614921    0.00201991754966   -1.51599515455050
H         0.64812239260632    2.81734889380814   -1.14204967658444
H         2.68741691069218    2.16300727006149   -2.70524034285515
H         2.25998439759205    0.75720320386107   -3.82343027774031
H         0.69651577825698   -1.07713649769100   -0.50876349523756
H        -0.64251610088409    1.08343716435074   -1.06570279002352
H        -0.15782775398849    0.84920923015061    0.62719306207260
12
 energy: -21.592674477420 gnorm: 0.028832960194 xtb: 6.2.3 (830e466)
C         1.92440168627331    1.58715539073944   -3.17071570984309
C         0.19980183187053    1.06342598017253   -0.38375960736701
C         1.06679684430561   -0.07134349502440   -0.86505119980276
O         0.77857646186191    1.93649341297535   -3.09479802148799
O         0.83419930500819    2.31273740568141   -0.36498682271992
O         2.02147476727372    0.03211493118081   -1.59376021621423
H         0.65588672996130    2.76208242306349   -1.22821949188931
H         2.74303935677217    2.12796421459688   -2.68376437269676
H         2.24093266902670    0.75232623234404   -3.81275331235109
H         0.74072549146851   -1.06583974674547   -0.47742041982335
H        -0.71398186802123    1.06788305328085   -1.00959509617039
H        -0.10283327580048    0.83460019773484    0.64903427036587
12
 energy: -21.593604310890 gnorm: 0.011474335932 xtb: 6.2.3 (830e466)
C         1.93383859734185    1.58884605956447   -3.16485290765560
C         0.19263771301002    1.05975892516459   -0.37914358798691
C         1.06361799624629   -0.06691976098182   -0.86917727030023
O         0.79716789156840    1.99148339226954   -3.10772242234424
O         0.80269232505755    2.31853387385572   -0.38491767447233
O         2.01519917017786    0.03160170753976   -1.59662679055926
H         0.64978033594873    2.73250420447201   -1.25160304511210
H         2.77327025476806    2.10127640933962   -2.67157779759495
H         2.22407695528629    0.75548182343468   -3.82490084048548
H         0.75484974562451   -1.05641944710548   -0.46573563121182
H        -0.73600645338807    1.04722027724843   -0.98148750344660
H        -0.08210453164128    0.83623253519825    0.66195547116949
12
 energy: -21.594024650304 gnorm: 0.036632130618 xtb: 6.2.3 (830e466)
C         1.95755291193355    1.60217065556706   -3.17031984286954
C         0.17135934437698    1.05286779470952   -0.34465416691026
C         1.05282519925484   -0.05580468787866   -0.85805826098125
O         0.83183095928161    2.05914464719187   -3.11937526296503
O         0.73272023037462    2.33036141965286   -0.39321112678759
O         1.98550801223816    0.03995784309029   -1.60945037125229
H         0.68482253290172    2.65125682532644   -1.34386934281532
H         2.81906412103117    2.07501522413994   -2.66589488470792
H         2.22005714150391    0.78200966493600   -3.86047821657199
H         0.76786617840209   -1.04248140780718   -0.46317882959893
H        -0.77353516803315    1.00328362719586   -0.91365220411595
H        -0.06105146326528    0.84181839387577    0.70635250957606
12
 energy: -21.595057643525 gnorm: 0.012896997466 xtb: 6.2.3 (830e466)
C         1.98088892402020    1.61516654723371   -3.19716287671470
C         0.16576283325449    1.05242108301114   -0.32024594405311
C         1.03472244299202   -0.06039211003111   -0.84515016881974
O         0.85106120735718    2.03027223422064   -3.13554468365276
O         0.72480528033311    2.32488183766004   -0.41159047901761
O         1.95423688803839    0.02211549164719   -1.61857281740038
H         0.68406971027230    2.63560826971875   -1.33366297575345
H         2.81439995798958    2.10916747540905   -2.68929043977452
H         2.27031687243362    0.80912641447055   -3.88436449051608
H         0.74108254447684   -1.04227445468138   -0.46135021097832
H        -0.78235832261248    0.98213728237313   -0.87478319431112
H        -0.04996833855504    0.86136992896806    0.73592828099176
12
 energy: -21.595654196121 gnorm: 0.011312399192 xtb: 6.2.3 (830e466)
C         2.00562766065134    1.62948233995043   -3.21864463820590
C         0.15804831049671    1.05195813729707   -0.30639230695822
C         1.02231890089732   -0.05746850673293   -0.84452891969528
O         0.88579731329979    2.07193510058443   -3.16116493329695
O         0.68220241582506    2.33920163671026   -0.42553600634036
O         1.92235548433762    0.02963545031513   -1.64476178184647
H         0.67560133739096    2.59874848064790   -1.36356077539852
H         2.84513750664307    2.08175766820424   -2.66498575025226
H         2.27696548092799    0.82208844716256   -3.91105887729081
H         0.74718371397092   -1.04735813539695   -0.43621454401323
H        -0.81909994791185    0.95154714263688   -0.82293466435057
H        -0.01311817652873    0.86807223862074    0.76399319764857
12
 energy: -21.595904457360 gnorm: 0.015982145863 xtb: 6.2.3 (830e466)
C         2.02929188298823    1.65267882476052   -3.24850356048041
C         0.14983442278111    1.04824716193041   -0.28354930567780
C         1.00566783726928   -0.05954697086129   -0.83366346633260
O         0.91780602140346    2.11350533433657   -3.19406880589594
O         0.63381016622053    2.34652740643084   -0.43190195464739
O         1.89474216381567    0.02718970847966   -1.63853396578905
H         0.69030492317566    2.54187060395784   -1.39686394674700
H         2.86880593473435    2.08126256793689   -2.67921275203777
H         2.29284450207789    0.84359350106807   -3.93488670778251
H         0.73530772710835   -1.05338416835958   -0.42028980122139
H        -0.84252388576259    0.91708845459315   -0.76619313384322
H         0.01312830418823    0.88056757572667    0.79187740045509
12
 energy: -21.596102310488 gnorm: 0.007168713883 xtb: 6.2.3 (830e466)
C         2.03379699529877    1.65802175661401   -3.26155816377088
C         0.14930344264307    1.04635106181505   -0.27752650304902
C         1.00615462639834   -0.06199796662409   -0.82375661211255
O         0.92385566821580    2.12269340961462   -3.20293548825232
O         0.62900675610740    2.34348225862444   -0.43805343918302
O         1.89510761598286    0.02994191088081   -1.62641220804997
H         0.68024764272702    2.53996095123141   -1.38867843219426
H         2.87562981529330    2.07470465986957   -2.68282775662176
H         2.29575891971853    0.84853771753314   -3.95260054619962
H         0.72531776499146   -1.05722038537532   -0.42073358162392
H        -0.83948555597570    0.90875417490683   -0.75710041573955
H         0.01432630859933    0.88637045090929    0.79639314679688
12
 energy: -21.596179611425 gnorm: 0.008880683206 xtb: 6.2.3 (830e466)
C         2.05588943041298    1.66839837461452   -3.26911527654924
C         0.13797382138270    1.04150061831771   -0.25859539051260
C         0.99624203027015   -0.06145168294545   -0.81694431133451
O         0.94942843037401    2.14044429750692   -3.20657982772285
O         0.60055367840413    2.34130043090975   -0.46111772026513
O         1.87090740917923    0.03588954864782   -1.64100156444086
H         0.67639990515311    2.51014144145894   -1.41588068863833
H         2.90078945065792    2.07443501661829   -2.69425472736827
H         2.31444860927338    0.86418334841922   -3.97290477323744
H         0.71446087913667   -1.05552747905764   -0.41727818274616
H        -0.86621138028080    0.88522895731865   -0.70883700109675
H         0.03813773603669    0.89505712819101    0.82671946391215
12
 energy: -21.596261887583 gnorm: 0.002162414525 xtb: 6.2.3 (830e466)
C         2.05854027620170    1.67112535198528   -3.27937730132624
C         0.13623459302476    1.04105135874356   -0.25407459856461
C         0.99330426305290   -0.06112616431427   -0.81613812983596
O         0.95250912075036    2.13936261953480   -3.22108671388630
O         0.59276604161828    2.33935284459642   -0.45489085973801
O         1.87109168725591    0.04150333229925   -1.63217011169622
H         0.68092707796498    2.50259257217565   -1.41021219770733
H         2.90013877890971    2.07392566014901   -2.69990309011640
H         2.32086733521949    0.86633650604673   -3.97878574597164
H         0.71012589425399   -1.05673104653194   -0.41912266970010
H        -0.86660186829883    0.88581080668481   -0.69832328349239
H         0.03911680004692    0.89639615863043    0.82829470203523
12
 energy: -21.596283588766 gnorm: 0.003288097098 xtb: 6.2.3 (830e466)
C         2.06605212933064    1.67684926562671   -3.28779685310690
C         0.13391582751148    1.03977182044363   -0.24856049494947
C         0.98898366335434   -0.06177808866364   -0.81380867344573
O         0.96248781464647    2.15139603635428   -3.22930148435470
O         0.57905459760729    2.34081218396896   -0.45984735251100
O         1.86623625629566    0.04430140173528   -1.62827390864952
H         0.67712136895421    2.49206786285728   -1.41657081458032
H         2.91064263674489    2.06814685343873   -2.70180975334009
H         2.32336914425397    0.87062636631562   -3.98782901711142
H         0.70566416306004   -1.05817147130231   -0.41871922662218
H        -0.87474316134632    0.87619396897843   -0.67862520355512
H         0.05023555958749    0.89938380024678    0.83535278222646
12
 energy: -21.596301457313 gnorm: 0.002900491000 xtb: 6.2.3 (830e466)
C         2.07262262332763    1.68015108091099   -3.29239656549740
C         0.13148067331825    1.03856645871252   -0.24461736946715
C         0.98458429293048   -0.06243901162408   -0.81343167076621
O         0.96998326169793    2.15641592951060   -3.23403584545449
O         0.57011957226270    2.34001515669441   -0.46368314140954
O         1.86260735483571    0.04715345164907   -1.62689738320383
H         0.67214852492843    2.48689344067667   -1.41939647010711
H         2.91849702563888    2.06760908305413   -2.70793071581513
H         2.32734542767925    0.87210796590495   -3.99119642248173
H         0.70116999219656   -1.05923423294686   -0.42045162021232
H        -0.88130081990611    0.87111182380313   -0.66215867073246
H         0.05976207109045    0.90124885365423    0.84040587514739
12
 energy: -21.596320279180 gnorm: 0.002376881678 xtb: 6.2.3 (830e466)
C         2.08191031204323    1.68279914658222   -3.29769584834056
C         0.12794290933812    1.03757607911635   -0.23889876875700
C         0.97849333840969   -0.06188784359539   -0.81354961798849
O         0.98030994280334    2.15966359846360   -3.23697187047374
O         0.55771344863651    2.33968525188099   -0.46954572067965
O         1.85846510208278    0.05135360476507   -1.62567896343985
H         0.66322300050782    2.48127995476728   -1.42585202312400
H         2.92873684541268    2.06412310446468   -2.71019343609543
H         2.33291786753083    0.87567026149963   -4.00098593019981
H         0.69481684098402   -1.05937017904648   -0.42601905178213
H        -0.89016693702135    0.86426621957566   -0.63802198994337
H         0.07465732927247    0.90444080152613    0.84762322082407
12
 energy: -21.596334083360 gnorm: 0.002749601257 xtb: 6.2.3 (830e466)
C         2.08625106470399    1.68341427736465   -3.29778012315854
C         0.12752977551836    1.03730187356246   -0.23778667096490
C         0.97509052964093   -0.06187157362337   -0.81628080258084
O         0.98506186480768    2.16222036642318   -3.23856844961257
O         0.55350238129471    2.33975351523394   -0.47334519436841
O         1.85802816375265    0.05105296461150   -1.62583036397973
H         0.65383352173779    2.48196411115406   -1.42967893548536
H         2.93329312848014    2.06555838171213   -2.71293420162129
H         2.33469908165843    0.87325563844265   -3.99665728665140
H         0.68957978510106   -1.05998814371441   -0.43210710564832
H        -0.89471957206621    0.86150775605631   -0.62475765960020
H         0.08687027537062    0.90543083277666    0.84993679367161
12
 energy: -21.596347724603 gnorm: 0.002344906839 xtb: 6.2.3 (830e466)
C         2.08747823033524    1.68112092493616   -3.29470741137938
C         0.12931518267079    1.03808040683124   -0.23858311533741
C         0.97383043340292   -0.06111557206160   -0.82033537536381
O         0.98620134733213    2.16025843245395   -3.23701875700040
O         0.55347184955071    2.34084317421727   -0.47529510486839
O         1.86011315496176    0.04945718498989   -1.62688381389694
H         0.64329032815513    2.48637960593304   -1.43290386195399
H         2.93329452488453    2.06643226358516   -2.71014361671744
H         2.33579968879833    0.87012975584833   -3.99214585620634
H         0.68419760515530   -1.05992248952036   -0.43979297340929
H        -0.89529374047305    0.86189492539180   -0.61697712951686
H         0.09732139522638    0.90604138739488    0.84899701565028
12
 energy: -21.596357257994 gnorm: 0.001699273685 xtb: 6.2.3 (830e466)
C         2.08707941294141    1.67864893227634   -3.29095752125783
C         0.13237901621268    1.03926030291703   -0.23911551733394
C         0.97322697925342   -0.06051302682926   -0.82487379619627
O         0.98542167523686    2.15717099771063   -3.23943111957994
O         0.55554520871890    2.34213585508860   -0.47784443189719
O         1.86098081479361    0.04668058506505   -1.62995262128137
H         0.63375079550157    2.49032240503837   -1.43700562968984
H         2.92944381439309    2.06750982322991   -2.70246436527698
H         2.33993524472785    0.86795740492051   -3.98619457256522
H         0.67782721938583   -1.05947366988338   -0.44688417695682
H        -0.89509131858179    0.86275945394123   -0.61025663739106
H         0.10852113741672    0.90714093652471    0.84919038942651
12
 energy: -21.596363405914 gnorm: 0.001447006267 xtb: 6.2.3 (830e466)
C         2.08361536541470    1.67574186649998   -3.28561753739894
C         0.13707872561785    1.04079835784595   -0.24064602679500
C         0.97416764771891   -0.06097586141933   -0.82824926586299
O         0.98044366762395    2.15188448048953   -3.24096266988868
O         0.56162980698339    2.34314847498201   -0.47905254366670
O         1.86099932437929    0.04298226444703   -1.63426221424814
H         0.62756389927237    2.49477965059634   -1.43926104261120
H         2.92152125802590    2.06941568932281   -2.69310048959336
H         2.34533354831030    0.86672548602040   -3.98023834565440
H         0.67307271674807   -1.05924198404899   -0.45059115139688
H        -0.89061755106525    0.86604224920359   -0.61064121673380
H         0.11421159097071    0.90829932606042    0.84683250385014
12
 energy: -21.596369772885 gnorm: 0.001782652553 xtb: 6.2.3 (830e466)
C         2.08473392020634    1.67704311269011   -3.28534223206982
C         0.13884275460762    1.04143515604479   -0.23846734528248
C         0.97142938397225   -0.06232412435435   -0.82954812180533
O         0.98011882866413    2.14961186915703   -3.24820781629626
O         0.56145548038849    2.34300643932644   -0.48396144711679
O         1.85449693612270    0.04045038284008   -1.63927167067739
H         0.62496748839372    2.49106547131901   -1.44475658894957
H         2.91719920096455    2.07074640023365   -2.68463523577499
H         2.35615761893467    0.87099417204341   -3.98058917618482
H         0.66857958523197   -1.05939554047481   -0.45012330199655
H        -0.89237001251431    0.86516650847342   -0.60139408526808
H         0.12340881502802    0.91180015270097    0.85050702142211
12
 energy: -21.596365469848 gnorm: 0.002008915108 xtb: 6.2.3 (830e466)
C         2.08683780940948    1.68105464012250   -3.28754841811483
C         0.13909066503734    1.04191432992494   -0.23866042728881
C         0.96859841479282   -0.06327720315524   -0.83126007624379
O         0.97782903640685    2.14480649173148   -3.24788938859478
O         0.56317347907083    2.34241215002048   -0.48578061752055
O         1.84889983607548    0.03877770434378   -1.64418285847231
H         0.62522355440600    2.48889601720237   -1.44635402171009
H         2.91468311319415    2.07238205376733   -2.67980119926141
H         2.36073588973665    0.87191092975975   -3.97795933218996
H         0.67029815613325   -1.05959458291038   -0.44805999322360
H        -0.89276291823124    0.86751024976864   -0.59789332472461
H         0.12641296396857    0.91280721942412    0.84959965734477
12
 energy: -21.596373716581 gnorm: 0.002343234295 xtb: 6.2.3 (830e466)
C         2.08699126608894    1.67994235246641   -3.28350646020252
C         0.13923442204794    1.04223473229015   -0.23854399837818
C         0.96508677650276   -0.06586926286820   -0.83078195670155
O         0.97649727350728    2.14237389209201   -3.24989427589019
O         0.56566432962693    2.34108647964641   -0.48878269037194
O         1.84269062500253    0.03368216560872   -1.64700992447053
H         0.62591831382910    2.48493474719464   -1.44928093945576
H         2.91323188052279    2.07805995981546   -2.67913975421532
H         2.36766711761696    0.87897376982254   -3.98035585182394
H         0.67009627610410   -1.06082565060256   -0.44365902712743
H        -0.89327384846284    0.87014492767935   -0.59387729466216
H         0.12921556761367    0.91486188685483    0.84904217329956
12
 energy: -21.596379727894 gnorm: 0.000709084223 xtb: 6.2.3 (830e466)
C         2.08576868735366    1.67975330948289   -3.28355537649384
C         0.13998967422518    1.04222454214224   -0.23806020124654
C         0.96759188222916   -0.06524778965902   -0.82927553346264
O         0.97712218358870    2.14511895676638   -3.25258913036811
O         0.56551739078814    2.34135964443317   -0.48959837138167
O         1.84449590115115    0.03419062644820   -1.64639387532532
H         0.62544123483898    2.48474322472265   -1.45069968430733
H         2.91091142771636    2.07454975202386   -2.67483638239380
H         2.36661615643660    0.87923435271442   -3.98101090940786
H         0.66840609804268   -1.06072096234334   -0.44567137621666
H        -0.89271615503496    0.86879190240981   -0.59445653143368
H         0.12987551866451    0.91560244085848    0.85035737203750
12
 energy: -21.596380953127 gnorm: 0.000891990486 xtb: 6.2.3 (830e466)
C         2.08519168814971    1.68015664985396   -3.28301108362516
C         0.14082950626737    1.04237915003229   -0.23791677308216
C         0.96588148720398   -0.06597390147270   -0.83125936864910
O         0.97684596539554    2.14552213278259   -3.25555005404235
O         0.56708584965864    2.34112117005454   -0.49130459688503
O         1.84303054333612    0.03271619833762   -1.64819937384349
H         0.62488551704283    2.48398297058466   -1.45303830292451
H         2.90750259718781    2.07314089436699   -2.66872773509385
H         2.36914514029600    0.88163437521178   -3.98166181932730
H         0.66906544627462   -1.06081021684566   -0.44311748684322
H        -0.89287341235911    0.86935262545421   -0.59317859379673
H         0.13242967154666    0.91637795163946    0.85117518811295
