12
 energy: -21.516238011980 gnorm: 0.157989391948 xtb: 6.2.3 (830e466)
C         2.42038000000000    2.02346000000000   -0.59147000000000
C         1.32236000000000    1.81823000000000    0.13256000000000
C         0.40614000000000   -0.51510000000000   -2.60585000000000
O         0.52365000000000    0.63916000000000   -3.29294000000000
O        -0.45333000000000    1.48602000000000   -3.33178000000000
O         1.34283000000000   -1.29493000000000   -2.56463000000000
H        -0.14475000000000    2.25169000000000   -2.78325000000000
H         3.27709000000000    2.52544000000000   -0.15432000000000
H         2.46773000000000    1.69109000000000   -1.62297000000000
H        -0.51510000000000   -0.75390000000000   -2.08323000000000
H         0.46417000000000    1.31683000000000   -0.30191000000000
H         1.27783000000000    2.15161000000000    1.16397000000000
12
 energy: -21.528013045150 gnorm: 0.056443596263 xtb: 6.2.3 (830e466)
C         2.41057983256664    2.03024659163014   -0.59484622155948
C         1.32194918406071    1.82808290795924    0.12499880021875
C         0.43222446240459   -0.52513053245557   -2.60147325752339
O         0.56275558286368    0.61536351810966   -3.29567756192542
O        -0.47552251172729    1.49039869397681   -3.29757392317846
O         1.33542677626692   -1.30835140410939   -2.56880164030943
H        -0.16201113656054    2.26897446506797   -2.78840853422827
H         3.27306382232909    2.51727778377658   -0.16954541973030
H         2.48171932954341    1.68760402320317   -1.61540965457598
H        -0.52410792932958   -0.72359222173204   -2.09918442006115
H         0.46518389724910    1.31487595767064   -0.28412524587008
H         1.26773869033327    2.14385021690280    1.15422707874320
12
 energy: -21.530955711147 gnorm: 0.015385159465 xtb: 6.2.3 (830e466)
C         2.41286742374185    2.00766437494113   -0.59176426365077
C         1.32681787988845    1.81285391457393    0.12570928886733
C         0.44548403734260   -0.54701026128455   -2.63152308417098
O         0.59464187759580    0.60313048207866   -3.29670604073400
O        -0.49874654568658    1.48169233462410   -3.24568697473050
O         1.34185350722707   -1.31751259859821   -2.56389884286252
H        -0.16440132030225    2.27126958738458   -2.78303542681452
H         3.26766607993406    2.52279721453204   -0.18988834643347
H         2.49072022245267    1.69134993768957   -1.61789944791668
H        -0.52761062450510   -0.66836574437483   -2.10981998512290
H         0.45303578793923    1.32444227190741   -0.27324520071133
H         1.24667167437219    2.15728848652618    1.14193832428034
12
 energy: -21.531128169438 gnorm: 0.025779399982 xtb: 6.2.3 (830e466)
C         2.39799744978050    2.02856567088581   -0.60422141257297
C         1.31287206502534    1.83779733351394    0.11446517099658
C         0.47690319853633   -0.53318801290864   -2.59442342736860
O         0.61028593210655    0.60212245353940   -3.28463223280752
O        -0.51814388098171    1.46828330832777   -3.19143736213411
O         1.33696212195231   -1.34896907504392   -2.59635564757477
H        -0.14964943252973    2.28534569046603   -2.79841784055185
H         3.26910004311438    2.51401363260707   -0.19923405647806
H         2.49997856727996    1.67070045445119   -1.61620207023978
H        -0.53597397566321   -0.65193589972796   -2.14387310361080
H         0.44933757513440    1.31122434125079   -0.26138448680829
H         1.23933033624490    2.15564010263858    1.13989646915016
12
 energy: -21.531884186114 gnorm: 0.009664052215 xtb: 6.2.3 (830e466)
C         2.39865467308548    2.02395054302047   -0.60652762135283
C         1.31407755999128    1.83233986758783    0.11469179354620
C         0.46329888055593   -0.54516531126851   -2.61822709749011
O         0.61860710785216    0.61325837518143   -3.26968523921939
O        -0.50239629168415    1.47286093602910   -3.19774138545347
O         1.33701144501464   -1.34619833078664   -2.58138963251777
H        -0.15687829720331    2.28106368983675   -2.78263088142952
H         3.26556058447430    2.52070012111285   -0.20396549656067
H         2.49408445848401    1.66836203813727   -1.62007671381793
H        -0.53418673057145   -0.65205629786962   -2.14366862462726
H         0.44973861960388    1.30873976866381   -0.26410392573779
H         1.24142799039725    2.16174460035527    1.13750482466053
12
 energy: -21.532065528121 gnorm: 0.006812183642 xtb: 6.2.3 (830e466)
C         2.40037201620512    2.00772077045158   -0.60696679724718
C         1.31704293060649    1.81729974416195    0.11702029850730
C         0.46425499313624   -0.54847345502579   -2.61824116502703
O         0.62812419431230    0.62345993194841   -3.24807846579476
O        -0.49554463023345    1.47182425551578   -3.17524157264237
O         1.33309920354630   -1.35678429485272   -2.58770037989207
H        -0.14616402685476    2.29193891489741   -2.78243946428569
H         3.25567477466667    2.53544702844786   -0.21598090882517
H         2.48485486610575    1.66751444940658   -1.62601321208994
H        -0.53530791997839   -0.65683486082019   -2.15668946055485
H         0.44606098497334    1.30865241162009   -0.26562677548668
H         1.23653261351442    2.17783510424907    1.13013790333842
12
 energy: -21.532336521348 gnorm: 0.007814696467 xtb: 6.2.3 (830e466)
C         2.39052199944950    2.01242515288244   -0.61833996814437
C         1.30967997662068    1.82433241056082    0.11021356523545
C         0.46610224042962   -0.55744680385470   -2.62480496483977
O         0.64823287057489    0.63865075842868   -3.21299348616399
O        -0.48548764981371    1.46955040785057   -3.13509690140015
O         1.32828964383534   -1.37264168818639   -2.59508507402405
H        -0.13269787107506    2.30601623753010   -2.77728293367643
H         3.24675803256171    2.54247430802110   -0.23198547057599
H         2.47906288150704    1.64988062349824   -1.63029032836999
H        -0.53965818549970   -0.65906432781578   -2.18113768897355
H         0.44483700684915    1.29561752201323   -0.26105842661941
H         1.23335905456060    2.18980539907172    1.12204167755223
12
 energy: -21.532511221109 gnorm: 0.008085902252 xtb: 6.2.3 (830e466)
C         2.38063647658929    2.01670001246905   -0.63141060047718
C         1.30280344388392    1.83318406587026    0.10276767960786
C         0.47080611431484   -0.56516945946217   -2.62620765509497
O         0.67550890249716    0.65527492757354   -3.16646752899389
O        -0.46791332727826    1.47007247795400   -3.08755846468221
O         1.31995621353809   -1.39273366875270   -2.60825627793878
H        -0.12137394359934    2.31712480207498   -2.76124651701786
H         3.23652873708151    2.55279880398132   -0.25390507884049
H         2.47309041206366    1.62885922434362   -1.63442988956172
H        -0.55344505109380   -0.67138099254768   -2.22457061551214
H         0.44379190203269    1.28504161207702   -0.25480937029473
H         1.22861011997033    2.20982819441880    1.11027431880607
12
 energy: -21.532599917853 gnorm: 0.010099907817 xtb: 6.2.3 (830e466)
C         2.37685285948170    2.01679331976418   -0.63469214236610
C         1.29908205475354    1.83823210455443    0.10061346903569
C         0.47241943903313   -0.57074171770140   -2.62914447511767
O         0.67794332450331    0.65643833665412   -3.14837317799043
O        -0.46581184895793    1.47071223440852   -3.05374722688165
O         1.31799602622857   -1.40013129457281   -2.62507142669433
H        -0.10329515514587    2.32943614328789   -2.76366029278953
H         3.23076811100901    2.55908619962760   -0.26325600797748
H         2.47194487168324    1.61623445912287   -1.63210372138194
H        -0.55538582665288   -0.68175376722275   -2.24005278425444
H         0.44391840464834    1.28078855974619   -0.25019294548446
H         1.22256773941592    2.22450542233120    1.10386073190229
12
 energy: -21.532754610414 gnorm: 0.007230124041 xtb: 6.2.3 (830e466)
C         2.37415747603336    2.01805278107557   -0.63697463158228
C         1.29572324056971    1.84832508288634    0.09938469816459
C         0.46971992633053   -0.58202811648464   -2.64011578067968
O         0.68116757877134    0.65438834369133   -3.12279358675974
O        -0.45536057380775    1.47739957494800   -3.00952943068945
O         1.31197879155729   -1.41399367986690   -2.65606495619337
H        -0.08067036527214    2.33758411671488   -2.75094393757127
H         3.22336453306784    2.57422518357828   -0.27671519920227
H         2.47361532797704    1.59663472042507   -1.62467519363330
H        -0.56383410376720   -0.70395799465421   -2.26962015421343
H         0.44655280485682    1.27748836523144   -0.24149559437479
H         1.21258536368326    2.25548162245492    1.09372376673493
12
 energy: -21.532935933196 gnorm: 0.006356967897 xtb: 6.2.3 (830e466)
C         2.37131632659915    2.02201461130125   -0.63770352428058
C         1.29212891219624    1.86543426940227    0.10078846093702
C         0.45790823509540   -0.60940239577160   -2.67027034369288
O         0.68688131415828    0.65059946006118   -3.07751799993475
O        -0.43621638957374    1.48937367871069   -2.92909776185922
O         1.29771594041585   -1.44561079448865   -2.71887797999792
H        -0.03670539873819    2.35517224725516   -2.72994076931427
H         3.20907556348343    2.61098303121833   -0.29902825219906
H         2.47953837214811    1.56174417971025   -1.60797142676083
H        -0.58069006083953   -0.74756020509899   -2.32024375069808
H         0.45303365103142    1.26964850399950   -0.22268754056874
H         1.19501353402372    2.31720341370071    1.07673088836920
12
 energy: -21.533039544748 gnorm: 0.005943833529 xtb: 6.2.3 (830e466)
C         2.37683309468472    2.02986966295724   -0.62793800256146
C         1.29480086394633    1.88320516161887    0.10844173228112
C         0.44030221735088   -0.62955250686603   -2.70145580569725
O         0.68008095491404    0.63520138641009   -3.06647677297449
O        -0.42666588847987    1.49521880692603   -2.89393287461901
O         1.28440163930626   -1.46141529388880   -2.76829255278007
H        -0.01491825713858    2.35184553104425   -2.71497204611084
H         3.20580728111816    2.63860501664353   -0.30281186121364
H         2.49388375457920    1.54531761828173   -1.58486035458854
H        -0.59591143951597   -0.77939150881740   -2.35030116531979
H         0.46357983665056    1.27006062034126   -0.20357027476241
H         1.18680594258443    2.36063550534935    1.07034997834625
12
 energy: -21.533096403733 gnorm: 0.004396843178 xtb: 6.2.3 (830e466)
C         2.37836781950635    2.03875239839138   -0.62276550245517
C         1.29644885027654    1.89674326478173    0.11458381436016
C         0.42863790711484   -0.64677324357363   -2.72414488598341
O         0.68320585406196    0.62974831749363   -3.04479777431279
O        -0.41891465178235    1.49292397246056   -2.85267954240128
O         1.26942235938138   -1.48182273213467   -2.81098244659845
H         0.00585561718749    2.35608449003303   -2.71297142026892
H         3.20070520363146    2.66234511558051   -0.30951446865147
H         2.50237773326042    1.53273716598815   -1.56811521374377
H        -0.61085482203828   -0.80397760269068   -2.38346890343579
H         0.47191406791815    1.26790285073515   -0.18568885255712
H         1.18183406148222    2.39493600293497    1.06472519604785
12
 energy: -21.533166881871 gnorm: 0.004142394576 xtb: 6.2.3 (830e466)
C         2.38362215645595    2.04693403576370   -0.61352526862274
C         1.30254278074231    1.90261968687446    0.12428451067676
C         0.42073456168969   -0.65157154616776   -2.73630567230594
O         0.68367424368555    0.62432239577278   -3.04679074289285
O        -0.42051292542221    1.48110064880003   -2.85324988787211
O         1.25643009163845   -1.49095265906244   -2.83163800073431
H         0.00106976437239    2.34716285983996   -2.72262829904901
H         3.20350343504640    2.67289977712608   -0.30366894122215
H         2.51085267040277    1.53695766291787   -1.55445237509116
H        -0.61917239052008   -0.80578638810850   -2.39520099099441
H         0.48015271196619    1.27080202129986   -0.17203016568483
H         1.18610289994278    2.40511150494408    1.06938583379259
12
 energy: -21.533250482873 gnorm: 0.008032904415 xtb: 6.2.3 (830e466)
C         2.39545453271054    2.06086909965927   -0.59250561643217
C         1.31296133637646    1.92478302239096    0.14539616486919
C         0.40239826439098   -0.67074000383979   -2.77525309541754
O         0.68424290668081    0.61124952792887   -3.04220990559484
O        -0.41938134318396    1.46354122303660   -2.82885063370382
O         1.22359813388212   -1.52237749790677   -2.90269218911962
H         0.00218882906780    2.33103902484781   -2.72633269242139
H         3.20349826776229    2.71308668447325   -0.29976083343215
H         2.53549469302183    1.51967765177254   -1.51667948507279
H        -0.63829651224010   -0.81930994210330   -2.43607182948801
H         0.50230401439114    1.26774416834711   -0.13398494581964
H         1.18453687714032    2.46003704139357    1.07312506163260
12
 energy: -21.533308386847 gnorm: 0.004748340893 xtb: 6.2.3 (830e466)
C         2.40685481474554    2.07153116035076   -0.57342411948574
C         1.32201378203559    1.94352481693452    0.16275362097903
C         0.38891084534098   -0.68751079425735   -2.80615655798103
O         0.67778254768344    0.59536445948265   -3.04948706998629
O        -0.42359286173244    1.44895512297006   -2.81730008677849
O         1.20114019186411   -1.54247168365813   -2.95142252478072
H         0.00054045513062    2.31707835967511   -2.73247352457360
H         3.20831830315698    2.73583514138923   -0.29095934229635
H         2.55370180404160    1.51712080142766   -1.48727319714575
H        -0.65084127662536   -0.82975489437753   -2.46296046383448
H         0.51835490172468    1.27612441007348   -0.10720050313487
H         1.18581649263450    2.49380309998968    1.08008376901806
12
 energy: -21.533330135520 gnorm: 0.005899986347 xtb: 6.2.3 (830e466)
C         2.41929424985826    2.09122044912505   -0.55184933053543
C         1.33384714443630    1.97256044089867    0.18468389596091
C         0.36819126328199   -0.71789751242123   -2.85143653936768
O         0.67712354931047    0.57692697050887   -3.03865732142491
O        -0.41686284571181    1.43373316555063   -2.78611018481848
O         1.16692253431673   -1.57841613916233   -3.02344138895810
H         0.00439398319725    2.30280835020819   -2.72730466084089
H         3.21240685458752    2.77158872878953   -0.28697743258817
H         2.57491739444120    1.51019643718631   -1.44758106576532
H        -0.67838850739267   -0.86151162382374   -2.52286248054883
H         0.54007771711589    1.28898454115117   -0.06875953059090
H         1.18707666255914    2.54940619198902    1.08447603947751
12
 energy: -21.533361340973 gnorm: 0.002733396632 xtb: 6.2.3 (830e466)
C         2.42029913008492    2.09563354691187   -0.54703201785241
C         1.33581139666529    1.97579593900265    0.19005011939002
C         0.36610764639562   -0.71999237207062   -2.85555215312522
O         0.66948700884089    0.56882078374605   -3.04910357827087
O        -0.41778806131548    1.43200523738706   -2.78877533947010
O         1.16280216007788   -1.58207816792344   -3.03672007983281
H         0.00818426528473    2.30048459318021   -2.73148959126505
H         3.21364943745729    2.77558628710264   -0.28401743331574
H         2.57597196949872    1.51052183049029   -1.44010646867955
H        -0.67714193934499   -0.86109061157083   -2.51971832489430
H         0.54273088953283    1.29039592910420   -0.06145943873744
H         1.18888609682256    2.55351700464005    1.08810430605320
12
 energy: -21.533365418825 gnorm: 0.003332845386 xtb: 6.2.3 (830e466)
C         2.42058986063220    2.09357751304766   -0.54645379935750
C         1.33616400271671    1.97710400557690    0.19190210884470
C         0.36544634022950   -0.71989072584793   -2.85690274237679
O         0.67037358627729    0.56837280966834   -3.04976025216265
O        -0.41633395536865    1.43049435682759   -2.78942960072040
O         1.16308591432804   -1.57915320161902   -3.03465298651389
H         0.00837814300802    2.29975288876742   -2.73154287763617
H         3.21361415203974    2.77758555073456   -0.28727730994481
H         2.57333681468888    1.50926256542686   -1.43917233569749
H        -0.67980690283823   -0.86161861398437   -2.52549809278441
H         0.54325926073082    1.28843756062257   -0.05637292240220
H         1.19089278355596    2.55567529077956    1.08934081075133
12
 energy: -21.533375200747 gnorm: 0.002071474092 xtb: 6.2.3 (830e466)
C         2.42240571942666    2.09822297457514   -0.54109770954597
C         1.33826067878311    1.98619861569810    0.19868560175455
C         0.35951883845216   -0.72898714530848   -2.87183180382880
O         0.67090086662204    0.56200342603332   -3.04637559194313
O        -0.41266048198063    1.42559360715366   -2.77327305126532
O         1.15363014840076   -1.59026645296643   -3.06159643318397
H         0.01572363322157    2.29512709200119   -2.72698717563725
H         3.21300975596567    2.78844546982961   -0.28989579839848
H         2.57709834458510    1.50372632456941   -1.42729331484945
H        -0.68630023063494   -0.86950068646918   -2.54286023020862
H         0.54748665395145    1.29299373131693   -0.04271253722156
H         1.18992607320734    2.57604304356686    1.08941804432772
12
 energy: -21.533384429366 gnorm: 0.003991776033 xtb: 6.2.3 (830e466)
C         2.42139921846825    2.10341573352877   -0.53842259075542
C         1.33920221969425    1.99498314448718    0.20462722021838
C         0.35638426034726   -0.73664652086934   -2.88459960412820
O         0.67364665314460    0.55588262189383   -3.04627907891021
O        -0.40663913768057    1.41994189088328   -2.76132299806851
O         1.14668438402663   -1.60007491636340   -3.08469533396830
H         0.02140253441179    2.28660662834623   -2.71351658320079
H         3.21330735971451    2.79083917461713   -0.29368703760309
H         2.57583707883146    1.50047884684041   -1.41912618075827
H        -0.68994187905869   -0.87320057277683   -2.55778917683737
H         0.54689789982259    1.30547371145644   -0.03124154405918
H         1.19081940827821    2.59190025795645    1.09023290807065
12
 energy: -21.533407828438 gnorm: 0.001680487779 xtb: 6.2.3 (830e466)
C         2.42053216763874    2.10224823687706   -0.53938087236778
C         1.33712098812862    1.99874782822907    0.20215926702296
C         0.35588172766321   -0.73664803273927   -2.88836542641191
O         0.67625369511383    0.55490069753766   -3.04283718056586
O        -0.40485075487108    1.41827109447699   -2.76199390338046
O         1.14632104392744   -1.59964827981077   -3.08545443579384
H         0.02491968904112    2.28480836726303   -2.69984230918736
H         3.21264986297153    2.79132367849625   -0.29666269663875
H         2.57373544954799    1.49810664999302   -1.41936702353934
H        -0.69063322201497   -0.87304603080082   -2.56201628046569
H         0.54585313942088    1.30469918629188   -0.02979266978544
H         1.19121621343297    2.59583660418605    1.08773353111317
12
 energy: -21.533381620076 gnorm: 0.009862553218 xtb: 6.2.3 (830e466)
C         2.41578156435071    2.09823498249139   -0.54532466444446
C         1.33193172790679    2.00822007132499    0.19641172470264
C         0.35966113545671   -0.73644347577830   -2.88600978665677
O         0.68560233112070    0.55114044755935   -3.03101860278798
O        -0.39609157880484    1.41315933213051   -2.75826604097563
O         1.14410075755137   -1.59967518914331   -3.09585569196929
H         0.04066373992737    2.27785471836742   -2.64270188914223
H         3.20826633540681    2.79368433373834   -0.31195443255510
H         2.56546761232105    1.48663467139326   -1.42042598111060
H        -0.69656948667751   -0.87393225045826   -2.59032945190194
H         0.53988081615274    1.30570533365934   -0.02538023230673
H         1.19030504528838    2.61501702471541    1.07503504914783
12
 energy: -21.533448593144 gnorm: 0.007195698656 xtb: 6.2.3 (830e466)
C         2.41419956628560    2.09918797203232   -0.54743838141605
C         1.33244876953315    2.00708465587471    0.19748203027196
C         0.35757019092535   -0.73751629998335   -2.89452858785746
O         0.68692608284602    0.55103950110636   -3.02849622036464
O        -0.39455247798837    1.41448554023216   -2.75778889518086
O         1.14513323428841   -1.60113901029792   -3.09503383779643
H         0.04338891344692    2.27658341631383   -2.63297175631965
H         3.20697443200110    2.79369913061562   -0.31477741598163
H         2.56539652041361    1.48420626502102   -1.41996725931717
H        -0.69603285062767   -0.87430975201939   -2.59011303069883
H         0.53876861170009    1.30819655029882   -0.02522851937172
H         1.18877900717606    2.61808203080596    1.07304187403221
12
 energy: -21.533482849973 gnorm: 0.001433163605 xtb: 6.2.3 (830e466)
C         2.41168121126786    2.10157055753318   -0.55032028335515
C         1.32988987832931    2.01004110430303    0.19548938335531
C         0.35678653564495   -0.73938866233937   -2.89905104591013
O         0.68706860326637    0.55110977503532   -3.02829869423839
O        -0.39079956259940    1.41793601525521   -2.74916861890118
O         1.14524126909108   -1.60434642752132   -3.09854360254467
H         0.04719316043575    2.27515419629185   -2.62883324655586
H         3.20536781570282    2.79260587361328   -0.31740947449125
H         2.56603338205649    1.48105064642885   -1.41857843131913
H        -0.69560833036849   -0.87562573149977   -2.59101679937098
H         0.53925135272034    1.30995815803954   -0.02270977996519
H         1.18689468445322    2.61953449486034    1.07262059329635
12
 energy: -21.533530224271 gnorm: 0.003118036416 xtb: 6.2.3 (830e466)
C         2.40833038663576    2.09775369294594   -0.55439898034790
C         1.32732811629006    2.01455815020173    0.19390536613718
C         0.35614059273598   -0.74245699874378   -2.90988720134438
O         0.69485221760562    0.54831157257593   -3.01762315306829
O        -0.38102712096307    1.41841818419959   -2.74081845874470
O         1.14372424592197   -1.60883239209114   -3.10815844098767
H         0.06414484588356    2.26673560611135   -2.57663319305126
H         3.19895003506796    2.79614609376687   -0.33374562365249
H         2.55964390344095    1.47178190623997   -1.41924365032181
H        -0.69923036770732   -0.87797626448580   -2.61156682883982
H         0.53419127797132    1.31623249838308   -0.01823252050455
H         1.18195186711747    2.63892795089640    1.06058268472546
12
 energy: -21.533581821212 gnorm: 0.008036397400 xtb: 6.2.3 (830e466)
C         2.39983708985284    2.09778905544792   -0.56442749004984
C         1.32098033467419    2.02551885317805    0.18830222589349
C         0.35626015350594   -0.74636653699408   -2.92228531548982
O         0.70629040147384    0.54401021779078   -3.00308892971183
O        -0.36635485986915    1.41834751701208   -2.72785671696849
O         1.14037855136785   -1.61471838525580   -3.12424674035891
H         0.08895151708057    2.25307104845280   -2.50092531487603
H         3.19112554261153    2.79930202878984   -0.35573418789088
H         2.55177620599927    1.45517678252159   -1.41742417411616
H        -0.70472981238837   -0.88046188229331   -2.64281851319234
H         0.52799062074335    1.32243966306338   -0.00953410240304
H         1.17649425494840    2.66549163828690    1.04421925916367
12
 energy: -21.533662395854 gnorm: 0.007571105836 xtb: 6.2.3 (830e466)
C         2.39152166077387    2.09596464170188   -0.57219142507190
C         1.31433096898116    2.03641646704346    0.18428718563634
C         0.35676905310846   -0.75140628879701   -2.93474315692185
O         0.71800477124470    0.53833530682790   -2.99127477569521
O        -0.34552768312199    1.41868760730947   -2.69957327456624
O         1.13363634320304   -1.62271165076719   -3.14996656565805
H         0.11791586650061    2.23621685276339   -2.43067271134884
H         3.18093330763017    2.80462800471866   -0.38041566632365
H         2.54137122049369    1.43925406444513   -1.41513547945836
H        -0.70936472402433   -0.88222135161759   -2.67374383292136
H         0.52033483076534    1.33070585174241    0.00122795569279
H         1.16907438444555    2.69573049462965    1.02638174663619
12
 energy: -21.533780350882 gnorm: 0.003756213022 xtb: 6.2.3 (830e466)
C         2.37897229234044    2.09709442322887   -0.58186000190010
C         1.30395333738195    2.05416967294502    0.17915131877467
C         0.35584196377436   -0.75800854088735   -2.95419817154061
O         0.73322428346227    0.52912942123499   -2.97927853698083
O        -0.31560396550806    1.41705572626481   -2.65656931295309
O         1.12114486417112   -1.63409777131171   -3.19095189457463
H         0.15680282338971    2.21082645481802   -2.35183672193177
H         3.16694824097707    2.81291108897720   -0.41116513598774
H         2.52863377758916    1.41864116694823   -1.40809874771246
H        -0.71383514399644   -0.88086629233212   -2.70698530401958
H         0.51207727167172    1.33951393341057    0.02007829500125
H         1.16084025474693    2.73323071670363    1.00589421382482
12
 energy: -21.533810113570 gnorm: 0.014798510364 xtb: 6.2.3 (830e466)
C         2.35484560375147    2.10233096636918   -0.60151790236326
C         1.28490787652502    2.09080190969700    0.16939083184062
C         0.35112556757249   -0.77023468449842   -2.99653598377848
O         0.76416924658852    0.51001179544467   -2.95139811746981
O        -0.26333343963807    1.41133177064691   -2.59721050436523
O         1.09724832136034   -1.65541814599837   -3.26331945482282
H         0.23116452895347    2.15741701936817   -2.18369485329212
H         3.14059948097017    2.83083848500017   -0.47048614722958
H         2.50651491269251    1.37962536687344   -1.39257931153164
H        -0.72629181475168   -0.87660010683886   -2.77617055257348
H         0.50033894617224    1.35424186390102    0.05980943227708
H         1.14771076980375    2.80525376003525    0.96789256330873
12
 energy: -21.534012239863 gnorm: 0.004176443103 xtb: 6.2.3 (830e466)
C         2.35555588952247    2.10763758506080   -0.59604527694017
C         1.28798164394270    2.09067351422632    0.17625665581299
C         0.34727302981187   -0.76849595772499   -2.99885342515325
O         0.76192786876702    0.50616891010201   -2.95981147179191
O        -0.26437535558976    1.40510726580769   -2.60296133091391
O         1.08939492317110   -1.65410150112170   -3.27189252089687
H         0.22833574530789    2.14856615741230   -2.21452990559894
H         3.13949093822708    2.83655910605012   -0.46570115021732
H         2.51022270020508    1.38575605758020   -1.38396316019041
H        -0.72619122892654   -0.86819167074438   -2.76367806528982
H         0.50863156243853    1.34896599635449    0.07060093981434
H         1.15075228312278    2.80095453699728    0.97475871136527
12
 energy: -21.534162763079 gnorm: 0.004822002908 xtb: 6.2.3 (830e466)
C         2.34448955165177    2.11576452060985   -0.59906910879027
C         1.28348939162079    2.10987825828116    0.18259241720115
C         0.33869297789369   -0.77599184629647   -3.02951123050828
O         0.77704798678096    0.48860739775415   -2.95321450011721
O        -0.23478289729306    1.39560737425819   -2.57792733000488
O         1.06498421275862   -1.66753926648400   -3.32616265486846
H         0.26962409114491    2.10622470655680   -2.14162632393783
H         3.12135216399853    2.85802056606259   -0.49754524698821
H         2.50351293023943    1.36946018412538   -1.36319997647462
H        -0.73654732299055   -0.85981689640906   -2.79684419900198
H         0.51291728571264    1.35450242107776    0.10773295963711
H         1.14421962848248    2.84488258046377    0.95895519385354
12
 energy: -21.534251392126 gnorm: 0.019835405552 xtb: 6.2.3 (830e466)
C         2.32510505217998    2.13903274778855   -0.59745312597943
C         1.27965118377281    2.15708580993432    0.20726603598607
C         0.31122888835960   -0.79795091098717   -3.11142733862214
O         0.80992632856425    0.43941189314509   -2.94203635676593
O        -0.16625618092577    1.36993115765178   -2.53059226551345
O         0.99853952674343   -1.70318127425940   -3.46064413343353
H         0.36391627990705    1.99724345936403   -1.97150950631189
H         3.07605498889781    2.92062037195331   -0.57189683273572
H         2.49854988324350    1.33698516740536   -1.30312023083831
H        -0.77027361328803   -0.84424941284869   -2.88634592950797
H         0.53441565920425    1.37081238333768    0.20676566859568
H         1.12814200334133    2.95385860751523    0.92517401512681
12
 energy: -21.534489911532 gnorm: 0.005681730062 xtb: 6.2.3 (830e466)
C         2.33795018785641    2.14114842988125   -0.58477763350029
C         1.29091425697029    2.14560085641584    0.21721598888949
C         0.30846001928148   -0.79637043025811   -3.10235779731755
O         0.79596451054309    0.44060043791690   -2.95679237283627
O        -0.18701930447125    1.36776594736472   -2.55854674472165
O         1.00178636834571   -1.69783487565939   -3.43984567156576
H         0.33244880225868    2.01259526360986   -2.03996075045968
H         3.08610531112880    2.91877163641288   -0.54596049418782
H         2.51399486221513    1.35673118041800   -1.30172333412186
H        -0.77043063705265   -0.84838888090294   -2.86436924385939
H         0.54541089681572    1.36943688513349    0.19811937581663
H         1.13341472610881    2.92954354966761    0.94317867786430
12
 energy: -21.534609701267 gnorm: 0.007201262940 xtb: 6.2.3 (830e466)
C         2.33284817394020    2.15295695207631   -0.58168292545256
C         1.28942986608441    2.16691441089530    0.22576062781180
C         0.29691760164070   -0.80646966455625   -3.13182976978491
O         0.80561132200077    0.42108591260892   -2.95445169569714
O        -0.16120178757724    1.35800646102187   -2.53197495177698
O         0.97402849677049   -1.71387206771891   -3.49427041983256
H         0.36181500369610    1.98050277721092   -1.99854887690559
H         3.07011856466433    2.94242881225036   -0.56739610930994
H         2.51830985508164    1.34642092762104   -1.27642716730538
H        -0.78330842829626   -0.84721744158092   -2.89624550815647
H         0.55746291946632    1.37080472724246    0.23929400365820
H         1.12696841252876    2.96803819292898    0.93195279275171
12
 energy: -21.534753623079 gnorm: 0.009818257049 xtb: 6.2.3 (830e466)
C         2.33089371602450    2.17693922957244   -0.56991425530589
C         1.29527017775539    2.20012870889082    0.24772672275771
C         0.27147322152285   -0.82322487630195   -3.18403121041954
O         0.81779550176142    0.38289660242407   -2.95267975908031
O        -0.12658328299054    1.33663733796859   -2.51711765283649
O         0.92433343844222   -1.73753216144382   -3.57182106369439
H         0.40449224145224    1.91232999791443   -1.92555374249972
H         3.04464797633202    2.98827869001028   -0.59953679334918
H         2.53341478723758    1.34264447234142   -1.22882954051160
H        -0.81447588335393   -0.84435412876824   -2.96432574713751
H         0.58759133335447    1.37923545216609    0.31051930566689
H         1.12014677246200    3.02562067522594    0.91974373641027
12
 energy: -21.534865052209 gnorm: 0.004807978045 xtb: 6.2.3 (830e466)
C         2.33622315972280    2.18530507768823   -0.56074797811871
C         1.30204620745085    2.20657366414917    0.25803891672522
C         0.26232260310622   -0.82845753432358   -3.19709448123434
O         0.81394409856010    0.36929665667145   -2.95987883130486
O        -0.12322027441220    1.32797862499293   -2.51966790426062
O         0.90923902464239   -1.74304153694983   -3.59047140976008
H         0.40654611733709    1.89379464443663   -1.91788208448789
H         3.04106636693029    3.00036408131406   -0.60001006127820
H         2.54656389214922    1.34898783475387   -1.21147402183652
H        -0.82344408419058   -0.84600416146174   -2.98217919284735
H         0.60069267184709    1.38733635035122    0.32629450130103
H         1.11702021685695    3.03746629837768    0.91925254710257
12
 energy: -21.534949266455 gnorm: 0.006180404790 xtb: 6.2.3 (830e466)
C         2.34293764381342    2.20211922032404   -0.54330225384851
C         1.31419880431537    2.22495583059902    0.28256910689094
C         0.24042382532509   -0.83925160883631   -3.23479727265264
O         0.81661761243979    0.33898402518102   -2.95868654897729
O        -0.10539246032124    1.30738842719617   -2.51407705694054
O         0.86988894619601   -1.75715301667602   -3.64652096624611
H         0.42223495574605    1.84462142330074   -1.89070810101350
H         3.02246599615691    3.04032833269145   -0.62251969632133
H         2.57239266504548    1.34691525306301   -1.16423654404792
H        -0.84892488298100   -0.84248444910802   -3.03834693508044
H         0.63524364685348    1.39093504450876    0.38513814909485
H         1.10691324741084    3.08224151775622    0.90966811914280
12
 energy: -21.535021919965 gnorm: 0.005054039527 xtb: 6.2.3 (830e466)
C         2.34513267036128    2.21816257560597   -0.53460004026026
C         1.31716842043998    2.24442007809042    0.29193202755237
C         0.22466094515628   -0.84877684467796   -3.26141864231077
O         0.82015436909076    0.31350592788605   -2.95569453551129
O        -0.08693590468414    1.29159112509808   -2.50094834624721
O         0.83923734702987   -1.77128391997291   -3.68925361232470
H         0.44174563355341    1.80651041011739   -1.86180082437819
H         3.00988770988768    3.06120189940216   -0.63521776826938
H         2.58781082155040    1.35704844451295   -1.13693321560975
H        -0.86517888713465   -0.83601079211307   -3.07574531040881
H         0.65633547364081    1.39881468376128    0.42162977077234
H         1.09898140110853    3.10441641228970    0.90223049699599
12
 energy: -21.535072614693 gnorm: 0.006082781478 xtb: 6.2.3 (830e466)
C         2.34546885777017    2.23129791698545   -0.52897441046966
C         1.32023932149727    2.25939649948709    0.30105604087910
C         0.21045319137560   -0.85378799775450   -3.29006107295331
O         0.82068673270839    0.29041133819951   -2.95951799700439
O        -0.07004533548596    1.27707248132215   -2.48496726172606
O         0.81421822872586   -1.77807658917005   -3.72555106410110
H         0.46096786368454    1.76703846058004   -1.82411182992879
H         2.99224431293747    3.08441969160531   -0.65712118791842
H         2.60848714852401    1.34997382148686   -1.10177352488714
H        -0.87893068943096   -0.82239797705040   -3.11223678308907
H         0.67986884742312    1.40035750392094    0.46136899240109
H         1.08534152027070    3.13389485038764    0.88607009879813
12
 energy: -21.535146279207 gnorm: 0.009856981209 xtb: 6.2.3 (830e466)
C         2.34778978819421    2.23414207764588   -0.52936132239832
C         1.32253625834815    2.25720544518108    0.30038648641931
C         0.20516916028425   -0.85037631172057   -3.29616718531348
O         0.82308118518557    0.28220574520525   -2.94352776168392
O        -0.06617316926914    1.26920174041244   -2.47624658079559
O         0.80812763981440   -1.77481241384931   -3.72350801521511
H         0.46272897277159    1.75046217788215   -1.81204032822786
H         2.98079541670048    3.09312166002266   -0.67333766346176
H         2.62478851785621    1.34933248792672   -1.08686099296918
H        -0.88772667403787   -0.80336272889036   -3.13823850545206
H         0.69616732857560    1.39599215905321    0.47227781342317
H         1.07171557557677    3.13648796113091    0.87080405567522
12
 energy: -21.535121244394 gnorm: 0.015176164486 xtb: 6.2.3 (830e466)
C         2.34926810158423    2.25018209561205   -0.52245164183714
C         1.32729965788990    2.27154904807635    0.31136043752819
C         0.18189399082851   -0.85495892233399   -3.33742003875032
O         0.83944543077052    0.24053093294857   -2.91138789861539
O        -0.02895859722033    1.24136797169364   -2.43805864674649
O         0.75875700668750   -1.78985359475727   -3.79016802950794
H         0.50407257322342    1.67497059157455   -1.73503181385362
H         2.93991764628840    3.13716073235067   -0.72633853869382
H         2.65921646547913    1.35035422830906   -1.03272531992852
H        -0.91697437848804   -0.76035035688039   -3.21306418684414
H         0.74080732552649    1.39710009158489    0.53097273589246
H         1.03425477743048    3.18154718182192    0.82849294135726
12
 energy: -21.535258420483 gnorm: 0.007824842827 xtb: 6.2.3 (830e466)
C         2.34707484552881    2.23635919137979   -0.53062417632525
C         1.31917475476338    2.26176072205092    0.29674166681043
C         0.19572234732428   -0.84555055123089   -3.31196464980445
O         0.83407682563026    0.25853863270079   -2.91764589871938
O        -0.04129370140412    1.25434404108774   -2.44147576327447
O         0.78159927184045   -1.77882342245360   -3.75809296689114
H         0.49181365498778    1.70842322528881   -1.76132877847959
H         2.94793371209571    3.11446604842871   -0.71604457522554
H         2.64850177588561    1.34670714230110   -1.05553087298069
H        -0.89822644450197   -0.76092368278612   -3.17677100063301
H         0.72561452024451    1.38627158901760    0.50661647323478
H         1.03700843760549    3.15802706421520    0.83030054228883
12
 energy: -21.535357867053 gnorm: 0.003693151295 xtb: 6.2.3 (830e466)
C         2.34405203452224    2.23506616259938   -0.53604438561986
C         1.31988719795081    2.25907383563835    0.29614700334924
C         0.19552129885742   -0.84045219269862   -3.31973090443851
O         0.83493320614173    0.25787670163721   -2.90493444283959
O        -0.04384670816325    1.25628177004098   -2.43778930230703
O         0.78371440939985   -1.77720032920873   -3.75203307840919
H         0.48976862802781    1.72329404903631   -1.76324604108290
H         2.94080541153587    3.11331401632144   -0.72518361987037
H         2.65731094679964    1.33803403861685   -1.04641889494609
H        -0.89888894941098   -0.76301196266909   -3.18377709192019
H         0.73266989333088    1.38094947380703    0.51593077504791
H         1.03307263100817    3.15637443687895    0.82125998303708
12
 energy: -21.535429040751 gnorm: 0.011423454728 xtb: 6.2.3 (830e466)
C         2.34258041416175    2.22829694263382   -0.54239351246913
C         1.32387164660343    2.25087599606863    0.29700176204284
C         0.19814443123030   -0.84051004295566   -3.30699876430803
O         0.83410582361015    0.25847837146165   -2.87569639358087
O        -0.05520966779089    1.25565555328754   -2.41963391880688
O         0.79004618381744   -1.76745836598567   -3.74827895778695
H         0.48920332974770    1.76589029044874   -1.77512979400425
H         2.91982377858783    3.11124432089742   -0.75400261939038
H         2.67699816618854    1.31665544394653   -1.02513824141294
H        -0.90198086182015   -0.76033500850339   -3.22010276736068
H         0.75169338903542    1.36676061797149    0.53998943132913
H         1.01972336662862    3.15404588072896    0.79456377574864
12
 energy: -21.535538275188 gnorm: 0.005942935306 xtb: 6.2.3 (830e466)
C         2.34829435438813    2.22304144756331   -0.53653954871119
C         1.32513104094589    2.24839279966415    0.29722306838724
C         0.19814996588381   -0.83501139905156   -3.31273739518343
O         0.83426134370789    0.25710252505688   -2.86606449123723
O        -0.05505821858235    1.25751954878618   -2.41859335583472
O         0.79240205291870   -1.76727507992688   -3.74345982066247
H         0.48614347906432    1.76411984194085   -1.77203436630199
H         2.91365881638825    3.11135026902757   -0.76569079056125
H         2.67627148667212    1.31500024622752   -1.02417943988077
H        -0.90117706221995   -0.75397147398573   -3.22483787331235
H         0.75779006287083    1.36327558780580    0.54531245327414
H         1.01313267796250    3.15605568689197    0.78578156002450
12
 energy: -21.535627872585 gnorm: 0.003814639031 xtb: 6.2.3 (830e466)
C         2.34447353189019    2.21730380402174   -0.54458270616314
C         1.32058242523488    2.24500620832010    0.28817607534952
C         0.19967008473729   -0.82670210637321   -3.31365811289017
O         0.83452850655240    0.25525352483492   -2.84420920612959
O        -0.05499465607114    1.26007241701878   -2.40931149125365
O         0.79731339742463   -1.76309842979976   -3.73596536905413
H         0.48394934287736    1.76449682932889   -1.76432050694989
H         2.90231650954490    3.10832091116860   -0.78734646526682
H         2.68402196436768    1.30567401587553   -1.01208887492856
H        -0.89986230506339   -0.73708869976471   -3.24304792198588
H         0.77494106428727    1.35341923901039    0.56165279356119
H         1.00206013421805    3.15694228635880    0.76888178571160
12
 energy: -21.535727223583 gnorm: 0.006850023499 xtb: 6.2.3 (830e466)
C         2.34341126058336    2.20599863033125   -0.55266812993749
C         1.32488627163730    2.23507578107483    0.28705135357799
C         0.20308676374232   -0.81547452758936   -3.31163867628369
O         0.83370393148780    0.25155621584010   -2.80311605631855
O        -0.06065474336231    1.26227892722012   -2.39178597350969
O         0.80669641100988   -1.75403177056523   -3.72288606446589
H         0.47706717346354    1.77792130564346   -1.75642361754247
H         2.87693263476133    3.10439356466794   -0.83152555969250
H         2.70068853724850    1.28672216823561   -0.99003197012783
H        -0.89844413448271   -0.71182149099081   -3.28401382464130
H         0.80111048926016    1.33889872951254    0.58686702417813
H         0.98051540465090    3.15808246661962    0.73435149476374
12
 energy: -21.535818878397 gnorm: 0.006413950745 xtb: 6.2.3 (830e466)
C         2.34154984903172    2.19547089274617   -0.56235864113724
C         1.32658197195059    2.22780373497527    0.28190165728646
C         0.20764318893716   -0.80543271486502   -3.30734017252572
O         0.83059521126514    0.24721431498475   -2.76240611288654
O        -0.06811123472535    1.26287666113726   -2.37251704558296
O         0.81603467417831   -1.74374209909570   -3.71016456099048
H         0.46905790127135    1.78961420315912   -1.74561102244993
H         2.85202837217864    3.09684720465966   -0.87494922418601
H         2.71888805723706    1.26917741424258   -0.96764230666190
H        -0.89392832757908   -0.68450654156241   -3.32792639292762
H         0.82732280297470    1.32841469626169    0.61195998365753
H         0.96133753327978    3.15586223335673    0.70123383840486
12
 energy: -21.535904762637 gnorm: 0.003537084386 xtb: 6.2.3 (830e466)
C         2.34080557916708    2.18862306082982   -0.56970638975589
C         1.32947805245553    2.22463179109725    0.27907799315887
C         0.21177487192110   -0.79840667944785   -3.30549706091225
O         0.82434878358822    0.24337867470552   -2.73484610303174
O        -0.07659571114242    1.26170236645697   -2.35863562383636
O         0.82294860254442   -1.73616588108178   -3.70174853632246
H         0.45878535925262    1.79231484903561   -1.73262554689535
H         2.83673339655985    3.08638689107683   -0.90408202742447
H         2.73296387229252    1.25978885825567   -0.95199295380538
H        -0.88556698428816   -0.66311035022060   -3.36081035137409
H         0.84556395393807    1.32739042729260    0.62898787179776
H         0.94776022371115    3.15306599200008    0.67605872840177
12
 energy: -21.535954901870 gnorm: 0.007709625216 xtb: 6.2.3 (830e466)
C         2.34318644353244    2.17347445661362   -0.57967727116805
C         1.33359097262524    2.21872783237196    0.27103192113217
C         0.21752428819850   -0.78204861388625   -3.31019826756802
O         0.81492988539832    0.23321960982682   -2.67114861123005
O        -0.09188228888371    1.26229753533807   -2.33337644071888
O         0.83590734949959   -1.72407700638746   -3.68380548701001
H         0.43476877082907    1.80266417527547   -1.70465485173843
H         2.80045708288722    3.07195678597124   -0.97022909107000
H         2.76558387243860    1.23577617978156   -0.91475479437186
H        -0.87412698533567   -0.62267448145618   -3.43610002383181
H         0.89078473411622    1.31775415786743    0.67711751357336
H         0.91827587469412    3.15252936868387    0.61997540400197
12
 energy: -21.536041685473 gnorm: 0.003060334462 xtb: 6.2.3 (830e466)
C         2.34697366171860    2.17492408122865   -0.57534010568183
C         1.33515330722428    2.22320172455265    0.27217516912342
C         0.21685554612688   -0.78268765695284   -3.31591595567838
O         0.81048018770134    0.23217690624782   -2.67803637688309
O        -0.09369655771345    1.26117138273792   -2.33746729793542
O         0.83397413491312   -1.72642866433322   -3.68769535384954
H         0.42758687207487    1.78947562570410   -1.69453487437543
H         2.80425054901992    3.06996711548789   -0.96715410275342
H         2.76733136336544    1.24044702008536   -0.91328047162989
H        -0.86981935402216   -0.62412836868789   -3.43649433134168
H         0.88923238851264    1.32680694689632    0.67761908770541
H         0.92067790107846    3.15467388703341    0.62030461330022
12
 energy: -21.536124563535 gnorm: 0.002746654324 xtb: 6.2.3 (830e466)
C         2.35193793545197    2.16925117225101   -0.57916712795708
C         1.34292993483207    2.22428077057934    0.27128663508594
C         0.21918281065304   -0.77330497847071   -3.32545275550005
O         0.79838123737226    0.22225678735635   -2.64449384825795
O        -0.10402726479910    1.25937127635641   -2.32608390361151
O         0.83883820463408   -1.72272216722360   -3.68099358860307
H         0.40090782486620    1.76910473050131   -1.65551534026499
H         2.78642213568527    3.05953319820353   -1.00616592112524
H         2.79238082973318    1.23362279393434   -0.88600568341053
H        -0.85876679031869   -0.59512580013131   -3.49422674340537
H         0.91789506561066    1.33380333792731    0.70855841775867
H         0.90291807627898    3.15952887871624    0.58243985929153
12
 energy: -21.536135908146 gnorm: 0.009330548364 xtb: 6.2.3 (830e466)
C         2.35887448429578    2.16133136250127   -0.58516500706679
C         1.34952547651153    2.22999290367318    0.26389223858248
C         0.22237032077401   -0.75973989027122   -3.34133285733356
O         0.77895142162390    0.20399189977838   -2.59335959775932
O        -0.11806458067262    1.25357104025157   -2.30431664810518
O         0.84238662322393   -1.71591997800243   -3.67774209200227
H         0.36209729852954    1.73538868464561   -1.59004032744241
H         2.75600991831860    3.04342105676288   -1.06997985174172
H         2.83468830552028    1.22239556506356   -0.83682430445224
H        -0.83970421423794   -0.55028643127666   -3.58694803103305
H         0.96329205328940    1.34820119676608    0.76231245385252
H         0.87857289282350    3.16725259010803    0.52368402450180
12
 energy: -21.536189768598 gnorm: 0.003561025389 xtb: 6.2.3 (830e466)
C         2.35688204958283    2.16902140615220   -0.58207607298856
C         1.34676855847085    2.23275220169315    0.26629903617600
C         0.21935503981648   -0.76727367033586   -3.33960900439655
O         0.78382042456275    0.20636131049230   -2.61948394630411
O        -0.11016603960863    1.25133279272417   -2.31148956555843
O         0.83503228789436   -1.72112213841262   -3.68801118061110
H         0.37465369215362    1.73244184649757   -1.60154805298089
H         2.77190302349806    3.05014267988169   -1.04029939616428
H         2.82091120582933    1.23353730955266   -0.85222994333132
H        -0.84550500016509   -0.56799776369664   -3.55664547719624
H         0.94436037807894    1.35226546870618    0.74270732970629
H         0.89098437988643    3.16813855674546    0.54656627364945
12
 energy: -21.536211834083 gnorm: 0.002245497563 xtb: 6.2.3 (830e466)
C         2.35803388261222    2.16652176251734   -0.58165803600754
C         1.34759670411043    2.23123085679962    0.26651421138891
C         0.21937313937405   -0.76457856297063   -3.34143493856800
O         0.78270479733598    0.20292787871482   -2.61065551635606
O        -0.11134995246352    1.24913453081102   -2.30464494524268
O         0.83476115777075   -1.71921203590848   -3.68836996627998
H         0.37476232210273    1.73477814956904   -1.60063987628348
H         2.76490764185919    3.04883870319894   -1.05172348168907
H         2.82553077994760    1.23117371202077   -0.84479397850183
H        -0.84306851994627   -0.56113022779668   -3.56519581815548
H         0.95072725101250    1.35175709209824    0.74930269705095
H         0.88502079628425    3.16815814094626    0.53747964864453
12
 energy: -21.536230674438 gnorm: 0.003721939604 xtb: 6.2.3 (830e466)
C         2.36063546380475    2.16568840352996   -0.58369283666750
C         1.34992122770024    2.23291484774772    0.26426029701963
C         0.21890321867253   -0.75992430864278   -3.34899587998467
O         0.77622287149341    0.18993793930432   -2.58718657723773
O        -0.11605144985620    1.24206295762468   -2.29127208464940
O         0.83303588927786   -1.71825533734407   -3.68975604353452
H         0.36440857976495    1.72538108634046   -1.58220770325878
H         2.75341431506693    3.04411233776434   -1.07332682817337
H         2.84126829625480    1.23173792243854   -0.82643636027142
H        -0.83645260261973   -0.54122849399439   -3.60178274433812
H         0.96912720966514    1.35764328859315    0.76878722660868
H         0.87456698077522    3.16952935663836    0.51578953448743
12
 energy: -21.536247970394 gnorm: 0.003971445616 xtb: 6.2.3 (830e466)
C         2.36314726333209    2.16618259799988   -0.58278508645965
C         1.35084064136116    2.23581535021629    0.26322865659861
C         0.21724658258083   -0.75752684267860   -3.35599927562389
O         0.76975037220896    0.18097674021379   -2.57919135331223
O        -0.11930855012280    1.23471303892748   -2.28136230514318
O         0.82843814935070   -1.71745706489957   -3.69752895599331
H         0.36079821329362    1.71557342116815   -1.57081369702357
H         2.74511436448284    3.04193940682323   -1.08760887827995
H         2.85653973173882    1.23189544101501   -0.80678736288448
H        -0.83112685055445   -0.52910459114223   -3.62098811260851
H         0.98221113792280    1.36385725391242    0.78488714899576
H         0.86534894440534    3.17273524844445    0.49912922173461
12
 energy: -21.536282993375 gnorm: 0.002265253868 xtb: 6.2.3 (830e466)
C         2.36754650681971    2.17145711223170   -0.57833829628582
C         1.35195555127514    2.24154744268993    0.26370117637141
C         0.21338753687346   -0.75902153820178   -3.36465184382837
O         0.76319533866433    0.16520834124364   -2.57279483788587
O        -0.12173982528371    1.22197295410724   -2.27169608016851
O         0.81942132561649   -1.72073212605188   -3.71068267825846
H         0.36036647196232    1.70219372303452   -1.56299553607548
H         2.74100565899954    3.04357934102007   -1.09374642837253
H         2.86977532048462    1.24107538942518   -0.79049599126146
H        -0.82790124316773   -0.51749386643703   -3.64063274199324
H         0.99123183807553    1.37528413697968    0.79513296229284
H         0.86075551968022    3.17452908995906    0.49138029546568
12
 energy: -21.536316001477 gnorm: 0.003408124285 xtb: 6.2.3 (830e466)
C         2.37531674546347    2.17802385029589   -0.57450812843947
C         1.35692563002232    2.25081394390482    0.26395304252977
C         0.20752126892134   -0.75728193456576   -3.38343682799547
O         0.74756644785702    0.13284913401719   -2.54325415498970
O        -0.12924273220313    1.19818090907847   -2.24519528844203
O         0.80532281998145   -1.72238090795880   -3.73389467383305
H         0.35469927003884    1.67559527087507   -1.53592784229693
H         2.72814801156259    3.03975601813003   -1.11781072177230
H         2.90062089751491    1.25421619166530   -0.75412308266895
H        -0.81782149881226   -0.48585740708303   -3.69511763269357
H         1.02006008538789    1.39502728243594    0.82724219150338
H         0.83988305426548    3.18065764920528    0.45625311909845
12
 energy: -21.536342843347 gnorm: 0.002982064973 xtb: 6.2.3 (830e466)
C         2.37731834542850    2.18352210908794   -0.57168341355348
C         1.35855001853145    2.25631419922500    0.26615691600603
C         0.20333218365748   -0.75806054057990   -3.39323524108527
O         0.74053337403838    0.11611932216889   -2.53515375334796
O        -0.13068075281722    1.18495714365868   -2.23373219773310
O         0.79626142632374   -1.72451683675196   -3.74875019386018
H         0.36193934429434    1.66291937348006   -1.53041585761847
H         2.72274637273723    3.04020903950416   -1.12583782417450
H         2.91322768436519    1.26301660969688   -0.73781907865938
H        -0.81482172633865   -0.47188812317219   -3.71105805110026
H         1.02966393217541    1.40487209030676    0.84022921785559
H         0.83092979760406    3.18213561337610    0.44547947727105
12
 energy: -21.536346042315 gnorm: 0.005901221468 xtb: 6.2.3 (830e466)
C         2.38442997512176    2.19475479447857   -0.56346719061006
C         1.36267962486131    2.27114071482283    0.27017407130570
C         0.19349919335761   -0.75792355194364   -3.41855891724236
O         0.72012572395646    0.06937650125425   -2.50591205249796
O        -0.13400720059397    1.15035570911120   -2.19974895114270
O         0.77318150278231   -1.72862762315687   -3.78503117951474
H         0.37759702348149    1.62481917081906   -1.50560907012428
H         2.69931576953290    3.03993629069935   -1.16221343454878
H         2.95110544327969    1.28398394268204   -0.68860527188429
H        -0.80433220226114   -0.42574268986249   -3.76828300938499
H         1.06039162792386    1.43263485032659    0.88051044129605
H         0.80501351855766    3.18489189076960    0.41092456434845
12
 energy: -21.536346998177 gnorm: 0.005119189494 xtb: 6.2.3 (830e466)
C         2.38107820240570    2.19743260415502   -0.56148667125603
C         1.36000440287241    2.27126907895223    0.27287421039117
C         0.19185226561510   -0.76214399935477   -3.41383443515561
O         0.72505663018775    0.07119316577420   -2.52023784395283
O        -0.12550652584936    1.15122796717515   -2.20447271116495
O         0.76997938698493   -1.72886809117697   -3.79055684420325
H         0.39997350451963    1.62968880543413   -1.52183545135942
H         2.70549357284627    3.04424404940372   -1.14619175228159
H         2.93779792419472    1.28927881236801   -0.70410557846242
H        -0.81104746271323   -0.43432048082249   -3.73863536887901
H         1.04752748042274    1.42826928932827    0.86788631331021
H         0.80679061851329    3.18232879876398    0.42477613301377
12
 energy: -21.536378937341 gnorm: 0.003390358113 xtb: 6.2.3 (830e466)
C         2.38140493803663    2.19727456742324   -0.56538011285452
C         1.36055335096469    2.27047489572797    0.26967902209067
C         0.19171330111960   -0.75954153672957   -3.41600752872533
O         0.72496940215650    0.06914675974819   -2.51139862071369
O        -0.12597478913372    1.15165447630735   -2.20082491709807
O         0.76934430081495   -1.72697849942715   -3.79149617200594
H         0.38973134114858    1.62740576840342   -1.51104793676112
H         2.70517110627374    3.04279750641971   -1.14736016720078
H         2.94531006166908    1.28716200876365   -0.69869165686701
H        -0.80883495964346   -0.43333646020363   -3.74707269024172
H         1.05145391573365    1.42938492829808    0.86765165445367
H         0.80415803085970    3.18415558526925    0.41612912592386
12
 energy: -21.536387264594 gnorm: 0.001818566202 xtb: 6.2.3 (830e466)
C         2.38279127498706    2.19867886050184   -0.56344769445849
C         1.36111335260951    2.27333543125513    0.27064636899409
C         0.19019958433502   -0.75891427773584   -3.42062361346031
O         0.72119749417845    0.06001426191672   -2.50688080238358
O        -0.12555107655060    1.14550218788065   -2.19576045830223
O         0.76509297353276   -1.72856984917134   -3.79589080658599
H         0.39135515689932    1.61850303733316   -1.50483217991501
H         2.69888462025687    3.04222122316102   -1.15681979223537
H         2.95100234253030    1.29157094722267   -0.68966467100142
H        -0.80630177746885   -0.42183486124377   -3.76133919919952
H         1.05991074858007    1.43424927061334    0.88014694504056
H         0.79930530611005    3.18484376826693    0.40864590350730
12
 energy: -21.536389261400 gnorm: 0.001847681602 xtb: 6.2.3 (830e466)
C         2.38299796605177    2.20139637346159   -0.56214799494706
C         1.36138784939747    2.27606551620569    0.27200359413650
C         0.18801223250576   -0.75950729202323   -3.42425550454179
O         0.71950611145049    0.05201689386339   -2.50491055311850
O        -0.12232298416924    1.14032680007819   -2.19130742143517
O         0.76009745402413   -1.72884290898906   -3.80441020269985
H         0.39835767657396    1.61138200456358   -1.50103463819317
H         2.69539940597111    3.04410140479391   -1.16018032436163
H         2.95545656492595    1.29564230268017   -0.68386462971950
H        -0.80644354922520   -0.41698025646415   -3.76335896947678
H         1.05941270770696    1.43948829837049    0.88007043529753
H         0.79713856478677    3.18451086345993    0.40757620905943
12
 energy: -21.536394326998 gnorm: 0.001068245679 xtb: 6.2.3 (830e466)
C         2.38424626820889    2.20423943740706   -0.56072127825814
C         1.36151161209864    2.27952453953155    0.27209466082457
C         0.18544514470658   -0.75963325020332   -3.42941399784501
O         0.71639797413305    0.04190231299349   -2.50097961282340
O        -0.12043455061747    1.13322390100188   -2.18448406477458
O         0.75388785045957   -1.72876650726899   -3.81513246722896
H         0.40268873193582    1.60260862256966   -1.49487569937265
H         2.69341238946067    3.04382113842793   -1.16199088380771
H         2.96138936026847    1.30134608510662   -0.67657356125501
H        -0.80512485450779   -0.41019768991351   -3.77002747611464
H         1.06497182611243    1.44487806013782    0.88728633754515
H         0.79060824774109    3.18665335021034    0.39899804311037
12
 energy: -21.536394547171 gnorm: 0.000818773146 xtb: 6.2.3 (830e466)
C         2.38404472857638    2.20382313936707   -0.56116302382740
C         1.36083298074739    2.27943442505679    0.27108443001829
C         0.18660025735377   -0.75800112569283   -3.43092999769374
O         0.71629540138217    0.04106154900980   -2.50018706334902
O        -0.12010087752190    1.13306791698487   -2.18519744877191
O         0.75456395264344   -1.72815514825673   -3.81512945456049
H         0.40038580720773    1.60112786606543   -1.49333111779546
H         2.69303141351043    3.04320993523249   -1.16347860926146
H         2.96176392208416    1.30104236530343   -0.67503789708648
H        -0.80587878316449   -0.41003556644052   -3.76995840594448
H         1.06554012596475    1.44602432078681    0.88873115951317
H         0.79192107121612    3.18700032258392    0.39877742875898
