12
 energy: -21.416442588161 gnorm: 0.166971455585 xtb: 6.2.3 (830e466)
C         1.87586000000000    1.42353000000000   -2.09728000000000
C         0.87777000000000    0.72270000000000   -1.18054000000000
C         1.30474000000000   -0.68509000000000   -0.89132000000000
O        -1.00144000000000    3.68456000000000   -2.29748000000000
O        -0.73911000000000    3.81436000000000   -1.18479000000000
O         2.36219000000000   -0.90870000000000   -0.32343000000000
H         1.53417000000000    2.45973000000000   -2.29986000000000
H         2.87701000000000    1.47082000000000   -1.61830000000000
H         1.95700000000000    0.88120000000000   -3.06347000000000
H         0.66695000000000   -1.51422000000000   -1.17986000000000
H        -0.11761000000000    0.70711000000000   -1.67417000000000
H         0.79148000000000    1.28358000000000   -0.22529000000000
12
 energy: -20.428264667716 gnorm: 0.635695572559 xtb: 6.2.3 (830e466)
C         1.87469688884966    1.42245823194934   -2.09688878063536
C         0.86463990010773    0.72189725201150   -1.18964267616285
C         1.31719327807714   -0.67340140528090   -0.87112905549557
O        -1.00762361699466    3.68096550878486   -2.32123859935115
O        -0.73782230889825    3.81786140343294   -1.15585629582469
O         2.36829542803182   -0.91437207512559   -0.32584055120274
H         1.55083627614583    2.44405446773863   -2.30277869618438
H         2.85986276504914    1.45984827124387   -1.62684521143988
H         1.96491823402469    0.89438788210315   -3.04894895672621
H         0.66732129564930   -1.49867982428457   -1.18750755069834
H        -0.12422682664717    0.70948847400380   -1.66433528000671
H         0.79091868660467    1.27507181342295   -0.24477834627227
12
 energy: -21.394343013532 gnorm: 0.280107204393 xtb: 6.2.3 (830e466)
C         1.87740987379024    1.40972271274432   -2.09503840888324
C         0.86243784855958    0.73128617071729   -1.19708704461313
C         1.35688379350376   -0.66765351746048   -0.86000882804467
O        -1.02133062664443    3.66685832440448   -2.41075792259639
O        -0.71782234998685    3.82632242120536   -1.06247771207966
O         2.32098557006791   -0.91031687875573   -0.34287481990663
H         1.54083131133895    2.43392603011181   -2.29781974819627
H         2.85861646417260    1.45894511234591   -1.62809545333460
H         1.96535923460495    0.89646899560410   -3.05182141967646
H         0.67839822583924   -1.47620020408349   -1.18143785825169
H        -0.12550034745745    0.70554922229669   -1.66663870664778
H         0.79274100221124    1.26467161086972   -0.24173207776984
12
 energy: -21.412298457938 gnorm: 0.167803611656 xtb: 6.2.3 (830e466)
C         1.87665125117764    1.41421771488202   -2.09899943812690
C         0.86073521973127    0.73753297742166   -1.19796756636355
C         1.35088510488460   -0.65880950490914   -0.86296424189922
O        -1.01687588424170    3.65878332576606   -2.39106785756691
O        -0.71424667940976    3.81065751528423   -1.07952989697394
O         2.35695748250101   -0.93254606542626   -0.31752759594803
H         1.53435928752829    2.43125850074702   -2.29994850684500
H         2.85495822813325    1.46010410497847   -1.62706927333309
H         1.96611595859741    0.89827377765212   -3.05325932074132
H         0.65380953122031   -1.45547886518202   -1.19470500811574
H        -0.12295195298497    0.70685168569499   -1.66855965316355
H         0.78861245286253    1.26873483309082   -0.24419164092292
12
 energy: -21.427533257904 gnorm: 0.060156320690 xtb: 6.2.3 (830e466)
C         1.87446139937916    1.42425027669466   -2.10385171463905
C         0.86093562913563    0.73491429240386   -1.19655290453971
C         1.33674703586507   -0.65285214703816   -0.86404624535882
O        -0.99113982680041    3.65068361270155   -2.33940104908066
O        -0.72505462231292    3.79833466375317   -1.11978910518351
O         2.37048099006020   -0.93498183649629   -0.30575049986191
H         1.53433632481617    2.43419196001831   -2.30575101504602
H         2.85026340193744    1.46048658766706   -1.62734543712394
H         1.96574272294028    0.89935106152742   -3.05193105349666
H         0.64411035139218   -1.45035357722938   -1.20146380610032
H        -0.11778611999992    0.69723019901811   -1.66764051404780
H         0.78591271358686    1.27832490697964   -0.25226665552196
12
 energy: -21.428791969011 gnorm: 0.028372705493 xtb: 6.2.3 (830e466)
C         1.87330777245616    1.42833087116666   -2.10565339482484
C         0.85731107391230    0.73086476092925   -1.19931176770240
C         1.33223521247067   -0.65443603167648   -0.86712853996360
O        -0.99394835653999    3.65842988553184   -2.31037987580306
O        -0.70999964126786    3.77630549546712   -1.13365160276774
O         2.36498026684592   -0.92097480688352   -0.30326441045313
H         1.54321329117861    2.44092022896019   -2.31231117335209
H         2.84682301633052    1.46135988991102   -1.62413677748427
H         1.96905186660167    0.89836984173789   -3.05060753189774
H         0.64704362922894   -1.46185660796046   -1.19152484231715
H        -0.12012238063483    0.69329695956987   -1.67497769503854
H         0.77911424941774    1.28896951324659   -0.26284238839566
12
 energy: -21.429068841608 gnorm: 0.009107409948 xtb: 6.2.3 (830e466)
C         1.87449912446938    1.42683594052023   -2.10747980181940
C         0.85590109851375    0.73303725914748   -1.20096986564276
C         1.32920412681544   -0.65274654188115   -0.85979360769006
O        -0.99112496753474    3.66315698325680   -2.31115535107656
O        -0.71108584817552    3.75836160801074   -1.12124267670050
O         2.36101341159764   -0.91478750780262   -0.30660492255497
H         1.54890643131929    2.44146255561749   -2.31741058224028
H         2.84700038082706    1.46008222075837   -1.62371562303906
H         1.97139226545925    0.89541109934605   -3.05156767373356
H         0.64898152242359   -1.46314564155359   -1.18936744485518
H        -0.12140139945925    0.69531822841087   -1.67885460455337
H         0.77572385374333    1.29659379616923   -0.26762784609542
12
 energy: -21.429130587851 gnorm: 0.005250722645 xtb: 6.2.3 (830e466)
C         1.87727908315857    1.42625177424879   -2.11171836008060
C         0.85453955188220    0.73636203617111   -1.20675402502854
C         1.33060305711135   -0.64883533082661   -0.86324646899036
O        -0.97692307956104    3.65982844966960   -2.30342135046193
O        -0.72107781757934    3.73887485020954   -1.10498221211202
O         2.35417944564683   -0.90631671960819   -0.30213960373791
H         1.55468633284948    2.44183884097732   -2.32357678715573
H         2.84851560644657    1.45827231313849   -1.62502440613124
H         1.97511829023168    0.89345986562459   -3.05492212747935
H         0.64362704396764   -1.46072775483848   -1.17640740718051
H        -0.12168643802084    0.69726574299371   -1.68796525176567
H         0.77014892386520    1.30330593223991   -0.27563199987854
12
 energy: -20.522982658185 gnorm: 0.539752271269 xtb: 6.2.3 (830e466)
C         1.87989159100153    1.42487744077458   -2.11690187823245
C         0.85170602704566    0.74136685229594   -1.21288373552283
C         1.32556423097534   -0.64200276275558   -0.85579180791488
O        -0.95310457521916    3.64856273485416   -2.29123799067332
O        -0.73580681439496    3.71901155741879   -1.08496174033884
O         2.34987610300285   -0.89623754239027   -0.30088927125176
H         1.56122140947142    2.44102218374351   -2.33335688153484
H         2.84931478159267    1.45589388233415   -1.62632629873310
H         1.97964511583047    0.88908925293875   -3.05811205504848
H         0.64082619477960   -1.45623218704237   -1.17044207675916
H        -0.12242349241250    0.69964629741388   -1.69883269540309
H         0.76229942832438    1.31458229041414   -0.28605356859110
12
 energy: -21.380739164389 gnorm: 0.278810692799 xtb: 6.2.3 (830e466)
C         1.88079534158252    1.40468976327547   -2.11707543939819
C         0.84611255831397    0.76347095715091   -1.23379824718262
C         1.35818729390969   -0.62492972124343   -0.81324418515888
O        -0.91429729395803    3.67835122430074   -2.40160098865235
O        -0.76732115671471    3.67072579020483   -0.95911308291654
O         2.33327765651583   -0.90199757436235   -0.31554908576761
H         1.54599721636150    2.42382170399960   -2.33796906868273
H         2.85196709374842    1.45289123311901   -1.63459829115139
H         1.97630389587809    0.88690308795936   -3.06701441949085
H         0.64116662666217   -1.41346472556038   -1.16437974946045
H        -0.12634522657280    0.69879638821266   -1.70526009317549
H         0.76316599426576    1.30032187294274   -0.28618734897369
12
 energy: -21.403087378259 gnorm: 0.199070254468 xtb: 6.2.3 (830e466)
C         1.88114151450158    1.41519734613955   -2.11058103646193
C         0.84871947154690    0.76013471422215   -1.22467368333790
C         1.35288255891189   -0.62719042915527   -0.84523456628861
O        -0.98969464457832    3.59892799545943   -2.36295103253034
O        -0.68185384013274    3.74014609511512   -1.01600696138106
O         2.34339839919978   -0.92265158884151   -0.30710784863228
H         1.53818129701171    2.42876012167344   -2.32918223826333
H         2.84982260389729    1.46300603955375   -1.62035666076028
H         1.98657235604629    0.89543735709584   -3.06072337757697
H         0.62568999322225   -1.40456643137132   -1.17453098846312
H        -0.12071380294011    0.69748692425686   -1.70859098825449
H         0.75486409331320    1.29489185585188   -0.27585061805006
12
 energy: -21.389687557872 gnorm: 0.402656889873 xtb: 6.2.3 (830e466)
C         1.88060709281726    1.43463522246204   -2.13257501347418
C         0.85969862179559    0.73768918237849   -1.19022961597560
C         1.30440084906635   -0.62287817488633   -0.90042122708096
O        -0.86829575556164    3.67504631510278   -2.22269301277186
O        -0.79482364999674    3.63667942861436   -1.13120413040038
O         2.38908185934373   -0.91260627559817   -0.27296784741000
H         1.54487376743691    2.43268307079590   -2.34631968794282
H         2.84947919816456    1.46086642635360   -1.63201715988417
H         1.98298230442088    0.88007514009737   -3.06857230552039
H         0.61166444604578   -1.41408068608556   -1.15069020271951
H        -0.11676005478529    0.69738409477670   -1.70802944308660
H         0.74610132124553    1.33408625598804   -0.28007035374364
12
 energy: -21.424174673053 gnorm: 0.113796390991 xtb: 6.2.3 (830e466)
C         1.87726060816209    1.42879681961475   -2.12866984842477
C         0.85644893244526    0.75085611740904   -1.20438752889717
C         1.32409688299260   -0.62793350613457   -0.87079493604483
O        -0.84618284099758    3.69505359292276   -2.31454546234192
O        -0.81328399427273    3.60975080110426   -1.03677501237276
O         2.37302523616079   -0.91019094086684   -0.29235269680074
H         1.54495331667593    2.43681728607689   -2.35404376343914
H         2.84804829968352    1.46343279207647   -1.63875670613215
H         1.97792154844515    0.87955632201497   -3.06531344529194
H         0.61062013625852   -1.42098030567809   -1.14472130735704
H        -0.11567298915964    0.69927168324069   -1.70158867176354
H         0.75177486359575    1.33514933821855   -0.28384062114871
12
 energy: -21.428119955150 gnorm: 0.056374344938 xtb: 6.2.3 (830e466)
C         1.88309377602215    1.42588805874816   -2.12287953337097
C         0.83900767789783    0.75758827098403   -1.22850896049260
C         1.30737706356451   -0.62177059653783   -0.82683966860510
O        -0.89197570586720    3.59047525311223   -2.27260250944707
O        -0.72616773801863    3.65271501058040   -1.03225227784233
O         2.34415654340142   -0.87423345830241   -0.32057568664945
H         1.56054004675520    2.44081545197509   -2.35681518885650
H         2.84743326979156    1.46576975610003   -1.62304934137240
H         1.99159928392543    0.88414648835841   -3.05866372771669
H         0.62935169662277   -1.43599682562720   -1.15550463930946
H        -0.12887961617461    0.70875923037406   -1.72564669595105
H         0.73347370207557    1.34542336023455   -0.31245177039208
12
 energy: -21.429996997495 gnorm: 0.004220418795 xtb: 6.2.3 (830e466)
C         1.87849373318604    1.43549353675131   -2.12972603220367
C         0.83380068891760    0.76326255505317   -1.23558106965962
C         1.30487415057954   -0.61315082795175   -0.84656228282760
O        -0.83496012673951    3.57660493873959   -2.24485763989975
O        -0.73149350551656    3.59181041560215   -1.02324043455797
O         2.34626351052472   -0.86016703649123   -0.31577725566986
H         1.55887574880531    2.44759851031088   -2.37315515161973
H         2.83860324871540    1.47611553156376   -1.62128235205883
H         1.99722219568284    0.88502180487303   -3.05994257972992
H         0.60812449774930   -1.43032093830650   -1.12215813612508
H        -0.13091220932311    0.71068652997199   -1.74023503416600
H         0.72011806741238    1.35662497988287   -0.32327203149057
12
 energy: -21.430628622784 gnorm: 0.007646082668 xtb: 6.2.3 (830e466)
C         1.87232418348932    1.44501266873455   -2.14095881692231
C         0.82365430323367    0.77523969349263   -1.25102956377146
C         1.29903074373175   -0.59667842447214   -0.84943628467779
O        -0.75987225437277    3.51734474592022   -2.21121996256803
O        -0.71369561350386    3.53272148761386   -0.98703113706575
O         2.33497611463292   -0.83583198571576   -0.30360717360721
H         1.55072880075127    2.45356558211915   -2.39665857519682
H         2.82645711261687    1.49310524206375   -1.62099871543385
H         2.00473175471685    0.88699405621119   -3.06599684055907
H         0.59321631783085   -1.41658868993854   -1.09849818596491
H        -0.13492401993430    0.71027750725088   -1.76728444861289
H         0.69238255680034    1.37441811671934   -0.34307029562997
12
 energy: -21.432025264136 gnorm: 0.037511736131 xtb: 6.2.3 (830e466)
C         1.84628679546631    1.48083941612808   -2.17928670053698
C         0.78948671158006    0.81703881663748   -1.30313416287625
C         1.28076045686018   -0.53913736648620   -0.86029393494142
O        -0.48353664715190    3.31683089556260   -2.10018477674244
O        -0.65037650324021    3.31678712409646   -0.86506681701087
O         2.29868354176193   -0.75491689641543   -0.26137204793933
H         1.51237188211581    2.47476123485171   -2.47754028491986
H         2.78032350036598    1.55812587637573   -1.62152472108488
H         2.02653616129510    0.89691592815244   -3.08650128357539
H         0.53973856726826   -1.36525557423328   -1.01659517100707
H        -0.14783384604627    0.70620847881676   -1.85721401387247
H         0.59656937971350    1.43138206651226   -0.40707608550902
12
 energy: -21.433354373820 gnorm: 0.053816389808 xtb: 6.2.3 (830e466)
C         1.81513020524399    1.50461825205767   -2.17967905202661
C         0.79067661790074    0.82300601580688   -1.30548836280495
C         1.29317914747632   -0.52866700037939   -0.86793821017317
O        -0.42201201547013    3.37261588429536   -2.11193800705457
O        -0.55670260167315    3.16051477177959   -0.88940109551144
O         2.30522243948807   -0.75918762071716   -0.24547997924357
H         1.44785025708535    2.48318072414230   -2.48256220803937
H         2.74713550132120    1.60621747248185   -1.62453027810744
H         2.01042784298125    0.92190433411351   -3.08667540131951
H         0.52022976187465   -1.33699993761937   -0.99575016795936
H        -0.14014357250436    0.68507430510017   -1.85529705740216
H         0.57801641626139    1.40730279893685   -0.39105018037867
12
 energy: -21.432600210915 gnorm: 0.092071175648 xtb: 6.2.3 (830e466)
C         1.82149680718779    1.50898242161709   -2.18280154072510
C         0.75736085826086    0.82600941762141   -1.32993204923562
C         1.26446141372034   -0.51571770896602   -0.83859718160357
O        -0.50661184718669    3.33411794539942   -2.03163465064085
O        -0.35675822582089    3.03120097333905   -0.88341056536513
O         2.27506981819266   -0.69359478287766   -0.24752482052848
H         1.46770341962738    2.49676968209355   -2.49739986207177
H         2.74139872686313    1.62188167825121   -1.60339812815304
H         2.03833886387212    0.93285251459298   -3.08872772448814
H         0.53174775280141   -1.35472092622968   -0.96713325969715
H        -0.16204176413980    0.68814390246298   -1.91411631584683
H         0.51684417661206    1.46365488269439   -0.45111390165795
12
 energy: -21.429674102988 gnorm: 0.078658527884 xtb: 6.2.3 (830e466)
C         1.82970929591152    1.50561909171053   -2.19477779337807
C         0.74289256973720    0.83400643616270   -1.35113541216499
C         1.25363272480198   -0.49923308938307   -0.82225598530178
O        -0.55722420543495    3.41819008939042   -1.98294393463174
O        -0.27051334967851    2.86390725442021   -0.85620118757595
O         2.26267785930507   -0.65463164374654   -0.22340362071566
H         1.48851107049135    2.49149643128880   -2.53226663626080
H         2.73797650689356    1.62659749405251   -1.59513672781930
H         2.06437040463503    0.92038743813898   -3.09189014296073
H         0.53044322833498   -1.34486389301733   -0.93953654174326
H        -0.16624483461124    0.67523313375758   -1.95517940701785
H         0.47277872960231    1.50287125722368   -0.49106261044644
12
 energy: -21.436347496159 gnorm: 0.041842211167 xtb: 6.2.3 (830e466)
C         1.83678400301579    1.49223681575003   -2.20568752888458
C         0.76038868920109    0.82341049070059   -1.36561689364575
C         1.26414987436508   -0.50172883798895   -0.82765678693727
O        -0.48529163018982    3.42219007530916   -1.99123107705464
O        -0.44430543199070    2.99760717368830   -0.81470526864741
O         2.27581715351514   -0.66939833056021   -0.19391705114958
H         1.49621018445233    2.46972068632794   -2.53914715624237
H         2.74274648817863    1.60467158634612   -1.60958793184875
H         2.06364644387319    0.90007889131139   -3.09553850071487
H         0.53061102066842   -1.33271840462011   -0.94745359930495
H        -0.15133944036534    0.65926262065584   -1.94839545527378
H         0.49959264526125    1.47424723307804   -0.49685275031724
12
 energy: -21.438036371264 gnorm: 0.036016606176 xtb: 6.2.3 (830e466)
C         1.82645894942541    1.48675783982336   -2.20881868742927
C         0.75285412460522    0.81793600477568   -1.36958551666448
C         1.22158967570506   -0.47504401742600   -0.73597959905726
O        -0.37166564009544    3.44460190664443   -1.96154820939171
O        -0.49336675020748    2.95914232216822   -0.81096461737930
O         2.28403065158064   -0.65288061013352   -0.20735637259444
H         1.46637370656809    2.46072484224137   -2.54854976726147
H         2.73606549997473    1.61546691447829   -1.62436436369680
H         2.05303114845354    0.89421341820893   -3.09366984737037
H         0.57620941207487   -1.35551437044811   -0.99612594745847
H        -0.15537427873490    0.64691827429080   -1.94944811115602
H         0.49280350063544    1.49725747537478   -0.52937896056147
12
 energy: -21.440749704850 gnorm: 0.037343466681 xtb: 6.2.3 (830e466)
C         1.81213840802347    1.49472172432504   -2.21086880651348
C         0.74906828333080    0.79848766692422   -1.38710089036301
C         1.24287533919201   -0.48352158777384   -0.76143688378395
O        -0.26878187912130    3.45705570656246   -1.93681002714100
O        -0.49040965895506    2.91764709002340   -0.81207553626399
O         2.27055490078287   -0.62751744874055   -0.18327577023293
H         1.42118545725669    2.46714149813731   -2.53666174656831
H         2.72307802651078    1.63561660051228   -1.63251487700042
H         2.04398813653715    0.91844146487264   -3.10298954832008
H         0.56489827737333   -1.33659350722513   -0.94274981808728
H        -0.15001973802481    0.61814708205158   -1.97431281701838
H         0.47043444707941    1.47995371032888   -0.55499327872812
12
 energy: -21.440668937193 gnorm: 0.062978934609 xtb: 6.2.3 (830e466)
C         1.78087252649925    1.51257788904613   -2.20348039034801
C         0.73367089120361    0.76710260239099   -1.41155360988547
C         1.25853850253210   -0.49474500136854   -0.77865922667829
O        -0.18397190975854    3.39002599556789   -1.93343777484295
O        -0.33454320014929    2.92556914907080   -0.81496482612932
O         2.25471502994145   -0.59425948633493   -0.14630872183877
H         1.33856015004015    2.48914237288280   -2.49126692266972
H         2.68851845787642    1.67040220107382   -1.62541342332385
H         2.02879870567134    0.98160072936631   -3.12005771946059
H         0.55569414683841   -1.32832901889835   -0.89468657264901
H        -0.14387745510779    0.56563541282338   -2.02206018630935
H         0.41203415439840    1.45485715437807   -0.59390062588552
12
 energy: -21.445063980249 gnorm: 0.028261399367 xtb: 6.2.3 (830e466)
C         1.75664633934204    1.51746700986532   -2.21180208010485
C         0.72402605978375    0.75318777626106   -1.42120405097773
C         1.25931900922035   -0.49096920522556   -0.75669171159640
O        -0.01242416497860    3.40353247021424   -1.91731015168717
O        -0.37071898782043    2.89469471363434   -0.81128476579812
O         2.26792561168205   -0.57093790646352   -0.13081252010274
H         1.29101463921596    2.49555496402935   -2.48060837180836
H         2.66296285459944    1.68666012680315   -1.63402682821013
H         2.00964085658108    1.01217519308490   -3.14366283021283
H         0.56916048728219   -1.33969552443382   -0.87456193289272
H        -0.14407113339139    0.52823653387320   -2.04030417461302
H         0.37552842846930    1.44967384835583   -0.61352058201658
12
 energy: -21.446370813666 gnorm: 0.061119716149 xtb: 6.2.3 (830e466)
C         1.72639943755574    1.51366501006867   -2.21827592008686
C         0.71476258255963    0.71236583452216   -1.45037379351703
C         1.26334146410818   -0.49216752294054   -0.71786991438271
O         0.14315566950295    3.47703143753461   -1.88368405427248
O        -0.33684641795917    2.87702760834764   -0.82708664238184
O         2.27889437457570   -0.53154937390792   -0.09234122460165
H         1.21675309427943    2.50357756450288   -2.43100830123631
H         2.62973144400071    1.69561284566047   -1.63912596342836
H         1.97763490073070    1.07558790256723   -3.18974900104191
H         0.59809526411991   -1.36518661298032   -0.83096490700718
H        -0.13296224159757    0.44457729251448   -2.08685829591994
H         0.31005042810980    1.42903801410931   -0.66845198214417
12
 energy: -21.449182959037 gnorm: 0.028037552619 xtb: 6.2.3 (830e466)
C         1.72319499502853    1.49988340020815   -2.23061998379765
C         0.71472374228238    0.69039359892165   -1.48836214187838
C         1.25259945352078   -0.47957526348548   -0.68163933796179
O         0.18104841071265    3.45418435613344   -1.84963163306764
O        -0.29705205907273    2.92465789924064   -0.78192688927471
O         2.27288854288861   -0.49609665495790   -0.05886318931140
H         1.20405179777633    2.50988205401246   -2.39203073579491
H         2.61934918980314    1.67553511477625   -1.64014689644365
H         1.96102975650330    1.12514210276688   -3.23626478480905
H         0.61354208140984   -1.37791445576069   -0.80264897813269
H        -0.11370565774201    0.38213574748634   -2.13975585686615
H         0.25733974687524    1.43135210065696   -0.73389957268234
12
 energy: -21.451196302551 gnorm: 0.021867646645 xtb: 6.2.3 (830e466)
C         1.70796268658973    1.50036705598410   -2.23830146662463
C         0.70841591637088    0.67156215040589   -1.52633964097907
C         1.24578737053982   -0.45689320812222   -0.66424961518617
O         0.27420260913915    3.41915787410283   -1.81455151909981
O        -0.23832561684416    2.88518860385895   -0.77077286962513
O         2.26040482584999   -0.44295476755088   -0.03264440863166
H         1.18666732222807    2.53811603610202   -2.33652816978782
H         2.60924535934573    1.65345499076495   -1.65275690528571
H         1.92070450885070    1.19564661239769   -3.27312716228786
H         0.61098170653735   -1.36372300344359   -0.74140799656149
H        -0.09465742135223    0.31665702444401   -2.18778868569243
H         0.19762073273115    1.42300063105501   -0.79732156025850
12
 energy: -21.453810641939 gnorm: 0.040143066275 xtb: 6.2.3 (830e466)
C         1.72185140352220    1.46539745928900   -2.26008826884063
C         0.71786561531646    0.65501598408325   -1.59203777175250
C         1.22584918618846   -0.40139362355889   -0.63391441453400
O         0.28432871124784    3.44822212630765   -1.71005785532677
O        -0.22559207775539    2.78528365761550   -0.75314078205719
O         2.23909731137008   -0.35986474843532   -0.00796442883964
H         1.23905490636220    2.56033657329496   -2.26053111282908
H         2.63525077720421    1.56742518198819   -1.68293684920961
H         1.87048378645534    1.26916348015109   -3.32373485420777
H         0.59546590179753   -1.32002978624192   -0.64006971887060
H        -0.04458877807440    0.23170943719083   -2.25642031048449
H         0.12994325635163    1.43831425831442   -0.91489363306800
12
 energy: -21.458513238996 gnorm: 0.041686177095 xtb: 6.2.3 (830e466)
C         1.72434634854748    1.44724800311616   -2.28114013676505
C         0.72524191457731    0.64022966034017   -1.64662856513270
C         1.20932533368047   -0.35142185566033   -0.61985529903236
O         0.40712031903890    3.38901950395778   -1.62004289192391
O        -0.26107822925515    2.66835629257021   -0.73003186129122
O         2.21546014273950   -0.28384132317209    0.00813800802091
H         1.26006950544133    2.59098260081880   -2.19248436070798
H         2.65719720885134    1.51107869714722   -1.72496339105133
H         1.82089274485527    1.34698325071950   -3.36278158947893
H         0.56154172702893   -1.25884851449297   -0.54052757263967
H        -0.00473002604175    0.17465079417826   -2.30607426638605
H         0.07362301052262    1.46514289047609   -1.01939807363190
12
 energy: -21.463574977285 gnorm: 0.084139392675 xtb: 6.2.3 (830e466)
C         1.71072366219655    1.43270466076155   -2.29435253854873
C         0.73779857821353    0.59678595599527   -1.68430985480847
C         1.19650474255967   -0.32356498950375   -0.60227937073731
O         0.56519475924970    3.33164226217578   -1.58156013432341
O        -0.25122536628666    2.55131560105556   -0.76092944386001
O         2.20524305305837   -0.22091615152497    0.02415767108486
H         1.21841680515957    2.63111131600213   -2.06108510385652
H         2.67505902334544    1.47099782999670   -1.78170584028269
H         1.76197507841953    1.46133049644119   -3.40464101787817
H         0.52540269235288   -1.20373365447640   -0.45391723203655
H         0.02709018407735    0.12543783565016   -2.33066620277856
H         0.01682678764054    1.48646883742564   -1.10450093199450
12
 energy: -21.469189107593 gnorm: 0.085649286461 xtb: 6.2.3 (830e466)
C         1.72139710288847    1.40853433575336   -2.31803585331458
C         0.76881980221201    0.56290123916821   -1.70658572431673
C         1.18446572721442   -0.31420987170570   -0.59882815591036
O         0.57564924236771    3.30168532528802   -1.53964155434534
O        -0.25745658232429    2.48307248512768   -0.76164147022150
O         2.19467173230461   -0.19760734978449    0.03720228976029
H         1.20977636962317    2.64048229997724   -2.00186042532951
H         2.69694921474935    1.46291242483329   -1.83302062131297
H         1.76708852034026    1.48636210925632   -3.39361802603893
H         0.48252957339385   -1.15091175074240   -0.42959551025935
H         0.04623586412688    0.12532259710924   -2.33657580165239
H        -0.00111656690998    1.53103615571807   -1.15358914707871
12
 energy: -21.471425040539 gnorm: 0.119306369777 xtb: 6.2.3 (830e466)
C         1.75539334507503    1.33871550668516   -2.36936858647414
C         0.83493382243107    0.46475898909334   -1.76007445456053
C         1.18641249203111   -0.33420288325822   -0.57813558248997
O         0.47963842705614    3.37282753335526   -1.46753291233148
O        -0.25072544405810    2.52438817146036   -0.73175003239972
O         2.20751221831403   -0.16664966164893    0.09164722249423
H         1.22994454245506    2.62590321258228   -1.93550639655780
H         2.71309802563133    1.45378889903508   -1.89023125651620
H         1.80394295686397    1.50920893847669   -3.39772049861069
H         0.45341115818647   -1.11133484957534   -0.41219122351853
H         0.04541154451620    0.09579298450420   -2.37623214141228
H        -0.06996308851601    1.56638315928894   -1.20869413764304
12
 energy: -21.486040915328 gnorm: 0.085724850454 xtb: 6.2.3 (830e466)
C         1.78036633989417    1.28833341412837   -2.38446809474346
C         0.88657447356183    0.45436018568857   -1.79304606937787
C         1.17654101216837   -0.29662093214550   -0.55076466357080
O         0.53143987525636    3.31528904233964   -1.45126495307149
O        -0.27779506600311    2.43665282906889   -0.76597841158744
O         2.20247676042566   -0.15982413893956    0.08165525630825
H         1.25473226592376    2.65911477688773   -1.81460675642453
H         2.74075622507607    1.40483772772964   -1.91500081105053
H         1.72843530509810    1.60263749981853   -3.46860991736019
H         0.42359654872476   -1.05968249811737   -0.35101711098742
H         0.05908953581389    0.06551809765660   -2.38724643938138
H        -0.11720327595349    1.62896399588326   -1.23544202877327
12
 energy: -21.426116516576 gnorm: 0.584724034021 xtb: 6.2.3 (830e466)
C         1.77793641230829    1.27635396451344   -2.39831251678336
C         0.92120696429536    0.42068491196999   -1.85177596588394
C         1.21227685257180   -0.28760848475348   -0.56570143812597
O         0.70235809456216    3.25499951901955   -1.47369308337972
O        -0.29860298742847    2.53090500809047   -0.75439916093807
O         2.20901327466016   -0.16861370352515    0.06458429310318
H         1.18281602243954    2.71427141260821   -1.73319581064570
H         2.72982121029136    1.44345078763599   -1.91725373070463
H         1.67503093266403    1.61856128176191   -3.47053956331062
H         0.43238818017568   -1.05294644786869   -0.27923230765600
H         0.05045454227227    0.01874324785237   -2.40404931803882
H        -0.20568949882555    1.57077850269429   -1.25222139765631
12
 energy: -21.492434463852 gnorm: 0.072656494593 xtb: 6.2.3 (830e466)
C         1.79082694773006    1.26789747694853   -2.40672181466640
C         0.91508542241208    0.41101888130149   -1.85342379026339
C         1.21648533930914   -0.28728835750111   -0.57592112159846
O         0.61316186480064    3.34799685799462   -1.42472049775304
O        -0.31855079026349    2.50523752268217   -0.75528456190918
O         2.21134565812029   -0.16088755188250    0.06387249073109
H         1.26397125054234    2.67063801357935   -1.78946565218661
H         2.73855936972356    1.44277431166866   -1.91980439690655
H         1.68712852571871    1.59785661388108   -3.44465388078544
H         0.43404031059274   -1.04753957498597   -0.27515909016300
H         0.05543674927323    0.02259826124840   -2.39897193586916
H        -0.21848064797282    1.56927754506417   -1.25553574864988
12
 energy: -21.494163064361 gnorm: 0.121152690617 xtb: 6.2.3 (830e466)
C         1.81608642554384    1.22190065237454   -2.43981331380920
C         0.95793179535930    0.37126483765583   -1.85061810892278
C         1.20834094533566   -0.29516780332181   -0.57756361444551
O         0.54868382129642    3.30667401951993   -1.42661104330305
O        -0.31992434026611    2.44015086148133   -0.79038418774374
O         2.22328683900462   -0.15047393688169    0.07173443651557
H         1.31359205179874    2.70038819311238   -1.70762153543986
H         2.76538247349793    1.41082414914823   -1.96586255351556
H         1.66948124368002    1.60872405229338   -3.43989653203906
H         0.40555090144583   -0.99473098314980   -0.30425577088271
H         0.03882719079504    0.06475802024709   -2.37648287206679
H        -0.23822934750490    1.65526793751939   -1.22841490436743
12
 energy: -21.500610950745 gnorm: 0.051583026443 xtb: 6.2.3 (830e466)
C         1.82733909905003    1.21469619026674   -2.45136300505322
C         0.96140739075417    0.35464311265214   -1.88873519066987
C         1.21419228787532   -0.28367312674395   -0.57021825058930
O         0.55453803903609    3.30199612082479   -1.39762606576687
O        -0.35104182222040    2.47706828368006   -0.75317725048789
O         2.21830302037885   -0.12832167576982    0.08361531872245
H         1.34122891336900    2.72146956578688   -1.68278572729061
H         2.78797040676282    1.37872398028074   -1.98578296603417
H         1.65666316158302    1.62105470390797   -3.45841200624527
H         0.40587106165453   -0.98277698177580   -0.25448236303592
H         0.05332490048791    0.04390063119732   -2.40056170687866
H        -0.28078645874499    1.62079919569173   -1.27626078669081
12
 energy: -21.498549141443 gnorm: 0.066916604099 xtb: 6.2.3 (830e466)
C         1.81976490623522    1.18358951296003   -2.47025471554800
C         0.96831709061500    0.32150413156800   -1.91707868854397
C         1.23656807058260   -0.26908555160524   -0.57400177388596
O         0.64562689999660    3.37813874451826   -1.33851676479439
O        -0.34631670287411    2.45666796689315   -0.76122395790065
O         2.22965547837143   -0.10153789665769    0.07716303697380
H         1.29662042824940    2.71672317573846   -1.65661270203659
H         2.77567169038136    1.40166528738569   -2.00828049956733
H         1.65967029965215    1.59767448502299   -3.43013592072872
H         0.42647570852106   -0.95625618230001   -0.22534951227960
H         0.06412552803557   -0.00731285611515   -2.42244718182728
H        -0.38716939777978    1.61780918259042   -1.30905131988128
12
 energy: -21.504966346626 gnorm: 0.027341662920 xtb: 6.2.3 (830e466)
C         1.83897685374911    1.16479006173381   -2.47904082190403
C         0.98719236701805    0.31086223820075   -1.91068560739403
C         1.23542593291230   -0.27584849044042   -0.58156882246757
O         0.58479927247637    3.33524951634718   -1.35968499781134
O        -0.36600535323206    2.47345675175557   -0.76061111297599
O         2.23326543390625   -0.11188308495683    0.06537092725365
H         1.33466806762715    2.73231447561868   -1.60843263527684
H         2.79615974426781    1.36727133240979   -2.01917510722416
H         1.65253954887496    1.61360573577143   -3.44879590934230
H         0.40798739912075   -0.93587676906649   -0.22059280958597
H         0.06773029949188    0.00985271819826   -2.41096952076228
H        -0.38372956622618    1.65578551442709   -1.30160358252921
12
 energy: -21.506292943106 gnorm: 0.039799858957 xtb: 6.2.3 (830e466)
C         1.85410053929682    1.13054563829092   -2.51178161619394
C         0.99719667210808    0.27822628761233   -1.94569663835210
C         1.23288972116743   -0.26544436003927   -0.56750080455321
O         0.57281085926937    3.31887683304264   -1.30990448149856
O        -0.35697718981160    2.46148027132596   -0.72606376487272
O         2.23156368535341   -0.06960698794879    0.08910943468389
H         1.36007474816300    2.75554841356694   -1.53758511160121
H         2.80822227324739    1.32003926610073   -2.04850138956249
H         1.64590798769397    1.61966514236259   -3.46833826725957
H         0.41193905719351   -0.90286689416989   -0.20075717003959
H         0.07847205856456   -0.02051228265424   -2.44497850666405
H        -0.44719041225958    1.71362867250890   -1.36379168410653
12
 energy: -21.492560520402 gnorm: 0.179308755085 xtb: 6.2.3 (830e466)
C         1.88495730186129    1.09305190957529   -2.54133277407265
C         1.00716774757460    0.27135895842075   -1.91770531188021
C         1.27823684632796   -0.29213407984516   -0.62065571756826
O         0.49589617546800    3.28060730880705   -1.37489496213397
O        -0.39914913488522    2.55971103023270   -0.72626845253456
O         2.26956642650288   -0.13197604584375    0.00252345597650
H         1.38442537164665    2.80038445789363   -1.46311882049080
H         2.81732084420800    1.31315273494096   -2.04197903061860
H         1.67634380457240    1.47894826546436   -3.41953448475844
H         0.44846797437142   -0.86966140505193   -0.25370939622313
H         0.04459531007744    0.02570066450922   -2.37760570624531
H        -0.51881866773918    1.81043620089563   -1.30150879947078
12
 energy: -21.508715263657 gnorm: 0.038886538558 xtb: 6.2.3 (830e466)
C         1.87845089000199    1.07544661354004   -2.52522065986668
C         1.00898367048790    0.25491931177091   -1.92423843760623
C         1.27600331361434   -0.29177368304013   -0.61125189780731
O         0.54922700199831    3.32949266169542   -1.35515652846586
O        -0.41160159927291    2.53757318408137   -0.74828599607477
O         2.28058088203845   -0.10354911686450    0.01874527212471
H         1.36576535679187    2.77206679413296   -1.43664966795304
H         2.82173713635274    1.30311608860013   -2.05032723100130
H         1.65604950204427    1.55663548362963   -3.46645564609068
H         0.43405409041360   -0.88227039362111   -0.20981599476953
H         0.06378327575326   -0.00014622255178   -2.39241510622113
H        -0.53402352023746    1.78806927862586   -1.33471810628830
12
 energy: -21.511462851147 gnorm: 0.017764217118 xtb: 6.2.3 (830e466)
C         1.87301663802667    1.08380870953384   -2.52649864644230
C         1.00957822829598    0.25421438003938   -1.93375524486921
C         1.27644187049118   -0.29841101310728   -0.60410699146609
O         0.53546762832682    3.35397948230033   -1.36852713728300
O        -0.40314361752401    2.55237016842319   -0.71323072673551
O         2.28509127206165   -0.11310341823432    0.02511671383691
H         1.36619235479995    2.82709898414772   -1.39550260627312
H         2.82914153006386    1.28444131718183   -2.06479785734501
H         1.68865475628825    1.50947754713835   -3.50241040260068
H         0.45055268695651   -0.91836274857065   -0.20578515909593
H         0.07909405167325   -0.02638256906291   -2.41311721669013
H        -0.60107739947378    1.83044916020933   -1.33317472505605
12
 energy: -21.512736946619 gnorm: 0.039730298035 xtb: 6.2.3 (830e466)
C         1.89372740730116    1.04156047922252   -2.55577427623702
C         1.02436693636139    0.22793509590541   -1.95946946117243
C         1.28514412426241   -0.31812960297945   -0.60440424732703
O         0.51339870541286    3.38019704412723   -1.39408813885904
O        -0.37574877078156    2.56288968300197   -0.65440962834975
O         2.29297460047273   -0.12629903415896    0.02617160444788
H         1.36926027515678    2.90601839980378   -1.34043452803208
H         2.82027019550432    1.28997009059963   -2.06005228880829
H         1.72250012836998    1.46593213895124   -3.52907970914767
H         0.46487577513958   -0.94054614121464   -0.19514487749402
H         0.09575716130305   -0.05734681738029   -2.43251074067496
H        -0.71751653851637    1.90739866412039   -1.33659370836572
12
 energy: -21.513416357641 gnorm: 0.034493344275 xtb: 6.2.3 (830e466)
C         1.89447441391229    1.02666980676804   -2.56591154256562
C         1.02404867611727    0.21954032094152   -1.96618695009957
C         1.29099933638715   -0.32955444039352   -0.61239835904240
O         0.49755592735149    3.39250115262309   -1.43092651218663
O        -0.41093245606361    2.60510079458788   -0.68538038393303
O         2.29865904903885   -0.13362858768496    0.01515043688615
H         1.37645691352394    2.94803053663038   -1.25048466192412
H         2.81907078186348    1.27946635076362   -2.06881723902508
H         1.72771853673947    1.44685151318957   -3.54127781731833
H         0.47099821204018   -0.94657791194632   -0.19737620313059
H         0.09547461719784   -0.07140407410911   -2.43499460577664
H        -0.69551400812200    1.90258453862863   -1.29718616190428
12
 energy: -21.513903103393 gnorm: 0.020057257619 xtb: 6.2.3 (830e466)
C         1.89589463519296    1.01360756798487   -2.56878108447608
C         1.02766914005632    0.20746385132491   -1.96537642447479
C         1.29603552788834   -0.32863767460505   -0.61569997635370
O         0.50177071918824    3.41386807850671   -1.35741659973426
O        -0.42727685841234    2.60693411940010   -0.68733844458580
O         2.29821195047817   -0.11925298966809    0.01313966632128
H         1.35112398404708    2.97018396363823   -1.25870599938900
H         2.82645448051497    1.26056629259590   -2.08006720310020
H         1.73394226133034    1.41927025217704   -3.55422904431809
H         0.47802261422484   -0.94735659463450   -0.20401527542471
H         0.10257381327673   -0.09849441356007   -2.43491739900052
H        -0.69541226779931    1.94142754683877   -1.32238221548428
12
 energy: -21.514925620153 gnorm: 0.010045426396 xtb: 6.2.3 (830e466)
C         1.90056985563966    0.99674902161107   -2.57993277633435
C         1.03277568549679    0.19437433809377   -1.97259950027723
C         1.29958319352396   -0.32848243540532   -0.61555932541341
O         0.49364642179353    3.42017890044850   -1.36341790531754
O        -0.41888348707654    2.60884890704211   -0.66986188005830
O         2.30162580477520   -0.11335562101984    0.01245696562148
H         1.36225707351946    3.01076900594453   -1.20754204742421
H         2.82772752466889    1.25200930055274   -2.08842621232255
H         1.74222324476064    1.39602245337798   -3.56800703232801
H         0.48913164084538   -0.95981278110451   -0.20645296710846
H         0.10854350566510   -0.11797442795595   -2.43885782473436
H        -0.75019046362576    1.98025333841379   -1.33758949432320
12
 energy: -21.515353646595 gnorm: 0.032875110526 xtb: 6.2.3 (830e466)
C         1.90981647580116    0.96129452097405   -2.60372188138511
C         1.04348001807357    0.16502487994429   -1.98794741912670
C         1.31170373528610   -0.33928960257509   -0.62392134187043
O         0.48217365243811    3.43429883423584   -1.36545536692115
O        -0.42013717530999    2.62192002495688   -0.65361694960951
O         2.30506867342184   -0.09694337909203    0.01088743143944
H         1.37290015457202    3.08857069705941   -1.10268040607934
H         2.82854791484561    1.23660843862108   -2.10583162234637
H         1.75593554570992    1.34894656487107   -3.59585116552499
H         0.50514496137745   -0.97220427293343   -0.20986929277482
H         0.12006975774583   -0.15737779671625   -2.44746619629248
H        -0.82569371397532    2.04873109065302   -1.35031578952868
12
 energy: -21.515834357934 gnorm: 0.017572589379 xtb: 6.2.3 (830e466)
C         1.91501140431967    0.95014798683266   -2.61138634133341
C         1.04715314802318    0.15778590679737   -1.99113995972936
C         1.31021666264114   -0.33282451040999   -0.62318906687613
O         0.48554615627796    3.44014225758023   -1.35292636185966
O        -0.43025946119934    2.63262869410214   -0.65450425110425
O         2.30271643784861   -0.08895636742686    0.01225051087311
H         1.36313872479475    3.09136144325264   -1.09178396101305
H         2.82985565033119    1.23354474623695   -2.11058336672471
H         1.75818145429375    1.33877076490410   -3.60190237857412
H         0.51061606010987   -0.98062264141632   -0.21608899276880
H         0.12368142891561   -0.16466224268934   -2.45030824908395
H        -0.82684766637010    2.06226396223528   -1.34422758182580
12
 energy: -21.516397982078 gnorm: 0.006952122428 xtb: 6.2.3 (830e466)
C         1.92297192045680    0.92543577348567   -2.62997978046771
C         1.05789643825427    0.13450965741719   -2.00256436937825
C         1.32008801715928   -0.34012752729966   -0.63451238916699
O         0.48873936491200    3.45237087097003   -1.32678734966168
O        -0.44584412995905    2.64981958243489   -0.64564785745990
O         2.29465901724314   -0.05860680544635    0.01662921714486
H         1.34946286079477    3.12926220953525   -1.02318878970957
H         2.83466056673499    1.21814943832050   -2.13150341904739
H         1.76901265903663    1.29487245606778   -3.62993137682291
H         0.52171071787219   -0.98568433711458   -0.22330056111940
H         0.13876082997045   -0.19878518318512   -2.46347694223598
H        -0.86310826248917    2.11836386481327   -1.34152638209523
12
 energy: -21.516999158448 gnorm: 0.018071131282 xtb: 6.2.3 (830e466)
C         1.93939845651619    0.87403361177425   -2.67028628622215
C         1.07398573467709    0.09827965610599   -2.02201254291312
C         1.32537514289101   -0.32695989400971   -0.63983984418149
O         0.49334320489045    3.46264740273889   -1.29983232684605
O        -0.46643316083368    2.67086536068990   -0.63346113651601
O         2.28371112404646   -0.01015693035045    0.02039595392112
H         1.34057895493697    3.20825680267211   -0.87193283183816
H         2.84249424166477    1.19150972724533   -2.17252113445314
H         1.78496150665155    1.21866151987668   -3.67898036285412
H         0.55232808374007   -1.01416074926911   -0.23885057491448
H         0.16029431393739   -0.25180263707465   -2.48166356057973
H        -0.94102760313202    2.21840612959966   -1.34680535262281
12
 energy: -21.517015888814 gnorm: 0.031959550637 xtb: 6.2.3 (830e466)
C         1.95071820642471    0.84689491031557   -2.69517016262295
C         1.08645482512079    0.07895566367664   -2.03563378850731
C         1.32936128316271   -0.31854105160768   -0.64451854748375
O         0.50236026183384    3.46038702178269   -1.26208558305221
O        -0.46670271038833    2.66161898280414   -0.61039079803286
O         2.27014170569138    0.02909735453718    0.02520699262893
H         1.32564309953762    3.24044723089502   -0.79627592870310
H         2.85069706059027    1.17830225762670   -2.20137454154941
H         1.79763553082964    1.16723494906678   -3.71271380242391
H         0.56711498882074   -1.01610850824299   -0.24075106542659
H         0.17821349410123   -0.28261768239896   -2.49715504507739
H        -1.00262774573838    2.29390887154378   -1.36492772976958
12
 energy: -21.517703737991 gnorm: 0.007801892863 xtb: 6.2.3 (830e466)
C         1.95086485912422    0.85215330689914   -2.69763784556250
C         1.08700678938633    0.08389448454434   -2.04018829638503
C         1.32766798854184   -0.31951659919888   -0.64946521679192
O         0.50624719027318    3.44665430113572   -1.26645563034912
O        -0.47063563674588    2.65668994291823   -0.61072782112289
O         2.25826003527908    0.03968246069531    0.02495932875121
H         1.31707737083517    3.22716718346748   -0.78353838936233
H         2.85297306847687    1.18244739780562   -2.20824304188569
H         1.79910288229200    1.16285838366442   -3.71778996340299
H         0.55982279977052   -0.99782655541899   -0.23372208054574
H         0.18101651735490   -0.27754879077531   -2.50497365082630
H        -0.98039386460199    2.28292448426178   -1.34800739253683
12
 energy: -21.517928948215 gnorm: 0.019728465207 xtb: 6.2.3 (830e466)
C         1.95776627132156    0.82655231020764   -2.72736676106497
C         1.09512171688444    0.06762441506421   -2.05747630818208
C         1.32772075108499   -0.30305716794709   -0.65479863920329
O         0.52640479925603    3.42909960783406   -1.23627841772826
O        -0.48459744713380    2.65285646411788   -0.60797067283181
O         2.23886475677250    0.09677288772322    0.02834024937827
H         1.31143458028830    3.24861863188600   -0.67165285606694
H         2.85626690544367    1.17541383349481   -2.24293815917729
H         1.80607841040713    1.11200240451507   -3.75501301841647
H         0.57280922758986   -0.99584082123950   -0.23643923399358
H         0.19364493309103   -0.30769195095989   -2.52117477998489
H        -1.01250490501948    2.33722938530245   -1.35302140274882
12
 energy: -21.518467952037 gnorm: 0.008608746247 xtb: 6.2.3 (830e466)
C         1.95972880316422    0.81783165366775   -2.74845008590562
C         1.09531841590902    0.07095819155077   -2.06716177035067
C         1.31785679368883   -0.26877620995114   -0.65205709372072
O         0.55585104852665    3.39171130640313   -1.19590384776516
O        -0.48658468825398    2.62003171041013   -0.60858746725954
O         2.21686729310382    0.15504260844706    0.02895822479354
H         1.30833035027339    3.22940709806241   -0.60260539978095
H         2.85787825365646    1.17947753642177   -2.27197117750446
H         1.80852370154653    1.07980860909223   -3.78225412972374
H         0.57789790858637   -0.98275322606624   -0.23577277988032
H         0.19755139882489   -0.31704970520949   -2.52932560351836
H        -1.02020927904000    2.36389042717046   -1.37065886940411
12
 energy: -21.518920070301 gnorm: 0.019801502997 xtb: 6.2.3 (830e466)
C         1.96554450441835    0.80204316816505   -2.78472643937446
C         1.09843375217009    0.07472409594497   -2.08659918339695
C         1.30679606206515   -0.21925439632667   -0.65784481979347
O         0.60234928477754    3.31621868635422   -1.14449644112901
O        -0.47935492337808    2.56176870930769   -0.60002813737171
O         2.17707185879429    0.25774837873926    0.02687346991185
H         1.29431522234022    3.19309416798330   -0.47420272539226
H         2.85864780343634    1.18812340425320   -2.31735918431320
H         1.82009009551079    1.02285597292085   -3.82945086253331
H         0.58202340954803   -0.94296633180871   -0.23499562598845
H         0.20711800496252   -0.33352145497089   -2.54352590312981
H        -1.04402507465906    2.41874559943654   -1.38943414750932
12
 energy: -21.519409982012 gnorm: 0.013857173976 xtb: 6.2.3 (830e466)
C         1.96092272861765    0.81688270673319   -2.79157435027621
C         1.08994839608293    0.09972750283022   -2.09006466009437
C         1.29402438265532   -0.17916693777833   -0.66068199991366
O         0.63990404831513    3.23855856217423   -1.13482777884641
O        -0.46185918663078    2.51230014084466   -0.60630022461346
O         2.15438579767603    0.31553666284906    0.01920531051258
H         1.29396385382385    3.11066333100206   -0.44625771518831
H         2.84936675884877    1.21190065877247   -2.32445666779008
H         1.82222188764519    1.02620993932255   -3.83692367465906
H         0.57047797680695   -0.89730027757244   -0.23420824799357
H         0.19970068875362   -0.31615272141226   -2.53975393263129
H        -1.02404733260850    2.40042043223339   -1.38994605852625
12
 energy: -21.519780161301 gnorm: 0.016908349318 xtb: 6.2.3 (830e466)
C         1.95346651254500    0.81798713471684   -2.82685126277591
C         1.08094618394538    0.12102633819755   -2.10681788051009
C         1.27656651566131   -0.10314370099736   -0.66546974656634
O         0.71890554941403    3.11774608882351   -1.07903701968866
O        -0.45940582657146    2.44131450889527   -0.62842569701966
O         2.11143096953102    0.44604364134958    0.01012220968739
H         1.30141348751174    3.01056373524366   -0.30096879016152
H         2.83218959772750    1.23980146482375   -2.36411465304910
H         1.82413407467065    0.98904036910556   -3.88241104550257
H         0.57147335199699   -0.83632280853552   -0.23133867843747
H         0.19631442260358   -0.32130014220515   -2.54516664835610
H        -1.01842483904960    2.41682337058107   -1.41531078764004
12
 energy: -21.520118967576 gnorm: 0.007414453712 xtb: 6.2.3 (830e466)
C         1.94313975668747    0.82712443108827   -2.82836878665501
C         1.07060275504423    0.13123627461174   -2.10716534705780
C         1.26579608617213   -0.08244718902064   -0.66409360590278
O         0.72360411616752    3.09514429867569   -1.05783204842060
O        -0.43889677011948    2.39346227859711   -0.63259270930791
O         2.10050005015620    0.46851387048987    0.00961113344967
H         1.31621513116992    3.00183255414965   -0.30075091599608
H         2.81986179767352    1.24736159338778   -2.36332699502654
H         1.81906665198955    0.99512698544078   -3.88652065279091
H         0.55916328444231   -0.80953172152646   -0.22305563974760
H         0.18671577022338   -0.31385448268295   -2.54388566124214
H        -0.97675862962061    2.38561110678790   -1.43780877132237
12
 energy: -21.520228752289 gnorm: 0.007701268903 xtb: 6.2.3 (830e466)
C         1.93858940599763    0.83444868780353   -2.83728432929690
C         1.06625386024101    0.14220842936461   -2.11251908596387
C         1.25578878880331   -0.05098626731949   -0.66533132938099
O         0.74683946585841    3.04668971554755   -1.04492750283004
O        -0.42672787831419    2.35811187344842   -0.63794151367700
O         2.08744434910580    0.50336880644560    0.00334063397693
H         1.32002609339770    2.94903079608301   -0.27305472899208
H         2.80912885772954    1.26440736227022   -2.36793794207395
H         1.81681047638795    0.99936853343251   -3.89352522617547
H         0.54927841668442   -0.77108281214525   -0.21371223552539
H         0.18489400578766   -0.30840889355959   -2.54701819177039
H        -0.95931584169312    2.37242376862760   -1.44587854831091
12
 energy: -21.520249091448 gnorm: 0.012825462098 xtb: 6.2.3 (830e466)
C         1.92830854679530    0.84405152857297   -2.84144794225011
C         1.06424261176349    0.14109750763121   -2.11954594854255
C         1.24966488879209   -0.03246312816367   -0.66928386673573
O         0.77156864865272    3.01730572040455   -1.03019750874607
O        -0.41843467973426    2.34523743064542   -0.64453717649907
O         2.07476598829007    0.54115984407901    0.00322853296920
H         1.32948719391608    2.89517709806657   -0.25477164617382
H         2.79259009320580    1.28400480580677   -2.36710412743266
H         1.80753604638990    1.00708622606356   -3.89735313862142
H         0.54267879527895   -0.74876097448980   -0.20797363036046
H         0.18733546705259   -0.31795768220256   -2.55482652612619
H        -0.94073360041661    2.36364162358469   -1.45197702150116
12
 energy: -21.520383553924 gnorm: 0.009771229218 xtb: 6.2.3 (830e466)
C         1.92365285657969    0.84861090011310   -2.83736321559861
C         1.06478558132286    0.13906432668473   -2.11409488074484
C         1.25326470700190   -0.03689451528385   -0.66953679342018
O         0.77081313336069    3.02855625901165   -1.02311255276502
O        -0.42589874007170    2.35589907111584   -0.65445080062083
O         2.08688115544410    0.52340418430808   -0.00479427803802
H         1.32995983027266    2.88515884514738   -0.25080333359873
H         2.78686835184019    1.29051202846236   -2.36399764765446
H         1.80410583927048    1.00640587309706   -3.89803434580890
H         0.54261598591950   -0.74543096983446   -0.20080024414137
H         0.19050136858598   -0.32470577229594   -2.55031281839008
H        -0.93854006954024    2.36899976947275   -1.46848908923899
12
 energy: -21.520495460064 gnorm: 0.013945484676 xtb: 6.2.3 (830e466)
C         1.91717073753211    0.84543560804933   -2.84398656433838
C         1.06853599566864    0.12543665501690   -2.11444910340760
C         1.25338335829805   -0.03399952402606   -0.67052233987965
O         0.77553149957798    3.04035499882182   -0.99437707564619
O        -0.42833696450165    2.35880239129897   -0.66314286176316
O         2.08983361201303    0.52927304949473   -0.01218178668250
H         1.32466514740810    2.86850457459701   -0.21313927456963
H         2.77495868238385    1.30113544848360   -2.37472776488554
H         1.79443416805142    0.99804336096037   -3.90373517576216
H         0.54062749059250   -0.73438578163523   -0.19109384864475
H         0.20272460157202   -0.35457460480552   -2.55172274634685
H        -0.92451832860995    2.39555382374278   -1.50271145809362
12
 energy: -21.520593672879 gnorm: 0.013194428665 xtb: 6.2.3 (830e466)
C         1.90842282995112    0.84718884136260   -2.83717177537781
C         1.07363356845649    0.10395403968664   -2.11160189683247
C         1.25693071459873   -0.05290872818577   -0.66876575752263
O         0.76051202695682    3.08821691436777   -0.99161052437559
O        -0.43158309031230    2.39655940166424   -0.67023111729002
O         2.10702584599345    0.49332931514030   -0.01468217770146
H         1.32740031391749    2.86400100169143   -0.23362013038813
H         2.75761847223581    1.31532241985346   -2.36208233814162
H         1.78009799531002    1.01352151047978   -3.89106304140748
H         0.53538449349506   -0.74299854609880   -0.18509864261996
H         0.21524752974920   -0.38436540536899   -2.55338121960811
H        -0.90168070036581    2.39775923540606   -1.51648137875476
12
 energy: -21.520830273718 gnorm: 0.009896877085 xtb: 6.2.3 (830e466)
C         1.88929817847937    0.86042871001207   -2.84391519339745
C         1.06774575155854    0.10566128084631   -2.11598096306508
C         1.24886054432084   -0.02654813997147   -0.66794825110132
O         0.79416465930018    3.05960939824780   -0.94880102600524
O        -0.42688058706923    2.37353311758232   -0.69207173152479
O         2.09871942781560    0.53233112376446   -0.02036716658624
H         1.34690632490318    2.79228265266866   -0.19462879052978
H         2.72497170427948    1.35420701668213   -2.36491608866598
H         1.76478318648275    1.01099634198659   -3.90460344143692
H         0.52486934362521   -0.70607224904508   -0.17524913691887
H         0.21815618331615   -0.40228356688199   -2.55380867913450
H        -0.86258471702600    2.38543431410688   -1.55349953165385
12
 energy: -21.520999234341 gnorm: 0.009732751780 xtb: 6.2.3 (830e466)
C         1.87527924374557    0.87357184768329   -2.84608935215781
C         1.06140715106043    0.11400289513909   -2.11860989516769
C         1.23762355861975   -0.00484667825029   -0.66644660657636
O         0.81158773858671    3.03727567057081   -0.92288421721014
O        -0.40946199385833    2.34604074475219   -0.69623405191424
O         2.08202824249244    0.56965250807931   -0.01953264045088
H         1.35819891800963    2.74587124913126   -0.17858182544443
H         2.70176535963135    1.37912171753636   -2.37076234131386
H         1.75904713772491    1.00543857930110   -3.91476916385998
H         0.51334960051777   -0.68292772645572   -0.17710331825830
H         0.22340754620782   -0.41463867515675   -2.55615683619408
H        -0.82522250275198    2.37101786766802   -1.56861975147225
12
 energy: -21.521684447017 gnorm: 0.018745289408 xtb: 6.2.3 (830e466)
C         1.87968370233207    0.86579258447088   -2.84759935086956
C         1.06498908293514    0.10980035716559   -2.11719161693274
C         1.23657258790701   -0.00696987061721   -0.66411714140724
O         0.77966139764664    3.09558028538151   -0.88087531084715
O        -0.38418845376056    2.28723953789348   -0.71485567397874
O         2.06453849899935    0.58455893281896   -0.01516705763373
H         1.38571786808060    2.69863755674556   -0.22004394256931
H         2.69212030120773    1.39317409486668   -2.37332138407293
H         1.76287282766091    0.99340833552523   -3.91167429287154
H         0.51389622236525   -0.68576979495809   -0.17459792854396
H         0.23521065897155   -0.42895742611176   -2.55329386084359
H        -0.84206469435961    2.43308540681788   -1.56305243944944
12
 energy: -21.522068998037 gnorm: 0.014719112832 xtb: 6.2.3 (830e466)
C         1.87961926674230    0.86588056918049   -2.85127941036935
C         1.06688232245650    0.11036221764705   -2.11830517873442
C         1.22747417313642    0.00670473579633   -0.66249704862522
O         0.78477903578863    3.08348078376684   -0.86907242615754
O        -0.38583757698926    2.29315452019841   -0.71507414089055
O         2.04240678402932    0.61419026040549   -0.01238398101917
H         1.39445456952408    2.66068333535713   -0.22751366954886
H         2.68656150080414    1.40411476661377   -2.38024542553741
H         1.76818872369151    0.98004337576250   -3.91458946494052
H         0.52587907480142   -0.69656909422486   -0.17666488619235
H         0.24791049743785   -0.44298958691034   -2.55416416752215
H        -0.84930837143685    2.46052411640590   -1.55400020048238
12
 energy: -21.522670832575 gnorm: 0.020285289260 xtb: 6.2.3 (830e466)
C         1.87330249470755    0.87057897733847   -2.86160212956545
C         1.07460805746152    0.10615793817487   -2.12262691758654
C         1.21541667476974    0.02773133265647   -0.66184988024159
O         0.80107906884545    3.05684308851860   -0.81882183513857
O        -0.38164413372997    2.29212426742437   -0.72297365882553
O         1.96239014349034    0.71958871370438   -0.00069985409765
H         1.42676832056178    2.54566349778366   -0.25077272110810
H         2.66311435203173    1.44299713056794   -2.40030268945764
H         1.78166506236806    0.93668913033786   -3.92813243301683
H         0.55023406296448   -0.71494591881175   -0.18141714898410
H         0.28674142341852   -0.49057775848949   -2.55848348374634
H        -0.86466552690314    2.54672960079339   -1.52810724825145
12
 energy: -21.523018849380 gnorm: 0.009362699093 xtb: 6.2.3 (830e466)
C         1.87634561596319    0.86240978968613   -2.86392953914606
C         1.07557727789355    0.10354735150892   -2.12117981417457
C         1.20687724330704    0.03642513960979   -0.65991567974233
O         0.80190645362760    3.06505797462185   -0.79937903325520
O        -0.38070572325472    2.28884712337816   -0.73396290880497
O         1.95442377643047    0.72076597775304   -0.00047023370899
H         1.42583072487926    2.53721707959560   -0.25342188901588
H         2.65126590184512    1.45745886909959   -2.40291112732841
H         1.78235041910636    0.92440948741007   -3.93296660416391
H         0.56543693899756   -0.72901231619942   -0.18251206254743
H         0.29033620473316   -0.49630995784647   -2.55689042623459
H        -0.86063483354253    2.56876348138153   -1.52825068189743
12
 energy: -21.523288213342 gnorm: 0.014385613457 xtb: 6.2.3 (830e466)
C         1.87180535847518    0.86260782801945   -2.86317233986015
C         1.07933075719448    0.09682681692068   -2.11827796157535
C         1.20950007915125    0.02914976475389   -0.65921970906520
O         0.79240213281210    3.09005996991242   -0.76503400958155
O        -0.38030426528154    2.28382649491829   -0.75410585379941
O         1.94229519089843    0.72083602911787    0.00334744901458
H         1.42492035535021    2.51832844646449   -0.27124709319222
H         2.64102611410262    1.46594824452165   -2.40894039569981
H         1.78301483703319    0.90855822158709   -3.93631721382389
H         0.58508567692520   -0.74616283485966   -0.18315331001202
H         0.30523934142905   -0.51698270632189   -2.55560611557584
H        -0.86530557810415    2.62658372496451   -1.52406344684887
12
 energy: -21.522268961775 gnorm: 0.049022874937 xtb: 6.2.3 (830e466)
C         1.86193340617859    0.86139887141225   -2.85982898228517
C         1.09239148748199    0.06991226509312   -2.11602948456569
C         1.23127600162015   -0.01601078436146   -0.66470626928616
O         0.79445522191637    3.11288382738173   -0.72572904438642
O        -0.39684289900844    2.32982142799510   -0.78087038652333
O         1.91925336108099    0.70486032662637    0.01208946450028
H         1.40355000422357    2.53388209970000   -0.28833314321160
H         2.61673888677884    1.48104470618582   -2.41597762645959
H         1.77467435544955    0.89427769023312   -3.93930926645503
H         0.61762291418185   -0.78157516630817   -0.18832301813189
H         0.33693906387126   -0.56378587164192   -2.55961475669800
H        -0.86298180378870    2.71287060768287   -1.50915748651709
12
 energy: -21.523699550785 gnorm: 0.012058172330 xtb: 6.2.3 (830e466)
C         1.87083049316664    0.84811439441023   -2.86336338287397
C         1.10116925740490    0.05818115288862   -2.11867645801915
C         1.22371171989233   -0.00368416595092   -0.66168690708099
O         0.78900225094927    3.11618117780812   -0.70884879678862
O        -0.39584146210222    2.32687546918052   -0.78507152308665
O         1.89529647272263    0.74338449641134    0.01712358230859
H         1.42297265057647    2.47898358537848   -0.31542021621956
H         2.60969906414855    1.49312294958793   -2.41509851017779
H         1.77491734227023    0.89175590719187   -3.93724027635290
H         0.63287473912583   -0.80162303952834   -0.18915895656918
H         0.34969256181986   -0.57981882101989   -2.56196773261465
H        -0.88531508998848    2.76810689364089   -1.49638082254472
12
 energy: -21.523772322127 gnorm: 0.008051475233 xtb: 6.2.3 (830e466)
C         1.86907541866454    0.85530111922855   -2.85687543421020
C         1.09600762760646    0.06493424433194   -2.11721851400991
C         1.22629960869319   -0.00564307228685   -0.65988614236677
O         0.78125406563015    3.11639728109925   -0.73678703159347
O        -0.40429895298920    2.34058943396781   -0.77712319732741
O         1.92471656003269    0.71395562092648    0.01009027104521
H         1.41604382454471    2.49853434845103   -0.31975378959648
H         2.62490841760234    1.47103582412984   -2.40316016276431
H         1.78001522729928    0.90401385117035   -3.93008130116719
H         0.63338046069748   -0.80936747896982   -0.18640825299406
H         0.34138686913396   -0.56796913121659   -2.56217565024813
H        -0.89977912692958    2.75779795916686   -1.49641079478692
12
 energy: -21.523913145938 gnorm: 0.008200756135 xtb: 6.2.3 (830e466)
C         1.86566701673619    0.84998351638048   -2.85736459647315
C         1.10307011712825    0.04862544043479   -2.11780847335317
C         1.23282142964089   -0.01847398306550   -0.66081189560561
O         0.78289072991331    3.12535907853977   -0.71369367256373
O        -0.41097000867214    2.35932473344890   -0.79364332318264
O         1.90875216240469    0.72449621160819    0.01145869714375
H         1.41021352996036    2.48305526538834   -0.32822835520011
H         2.61065793151221    1.48120288782281   -2.40381575511977
H         1.77626059104561    0.89607904233927   -3.93064001399586
H         0.65742573721077   -0.83527454304760   -0.18749620496854
H         0.35894771291461   -0.59655304912449   -2.56383137498014
H        -0.90672694980875    2.82175539927393   -1.48991503172062
12
 energy: -21.523759697087 gnorm: 0.020213723585 xtb: 6.2.3 (830e466)
C         1.86073375496209    0.83587461629158   -2.85813420732616
C         1.11797735301812    0.01299000848990   -2.12047322702749
C         1.24905333966800   -0.04868879347263   -0.66369232876140
O         0.77959242059968    3.15645215475266   -0.66914023552216
O        -0.43146721888538    2.41488249849765   -0.82072062013815
O         1.88356598392084    0.73784740570025    0.01127894491477
H         1.39802167128764    2.44880267511007   -0.35067887526920
H         2.58217014090552    1.49889398451935   -2.39978263462495
H         1.76736502856151    0.88697685759146   -3.92927749586244
H         0.70170272554253   -0.88236960390951   -0.18946738506381
H         0.39116852931042   -0.65040760337856   -2.56754888968657
H        -0.91087372890498    2.92832579980670   -1.47815304565197
12
 energy: -21.524063404514 gnorm: 0.008708329944 xtb: 6.2.3 (830e466)
C         1.86173331995521    0.83612743343732   -2.85696157928434
C         1.11535689732745    0.01639129767753   -2.12100499941664
C         1.25042086661664   -0.04759316369679   -0.66364272759814
O         0.77981442895212    3.14602875566940   -0.68939343805336
O        -0.42812522893630    2.40562598680842   -0.81721925803667
O         1.90085736176544    0.72338706584084    0.00628745279247
H         1.39058966366323    2.47180244312683   -0.33796746760212
H         2.58901522699689    1.48825153675758   -2.39414876282462
H         1.76783881629812    0.89519666083845   -3.92675102750318
H         0.69506861298994   -0.87409841271286   -0.18778910436011
H         0.38305606429200   -0.63961771711750   -2.56694836197150
H        -0.91661602993474    2.91807811336968   -1.48025072616132
12
 energy: -21.524112488146 gnorm: 0.006978067363 xtb: 6.2.3 (830e466)
C         1.85579055568430    0.84079623038232   -2.85540656566867
C         1.11433368227488    0.01540367965635   -2.12079590338317
C         1.25087579790246   -0.04844823157174   -0.66346308824905
O         0.77929049220073    3.14866414125767   -0.68564425581044
O        -0.43200649247276    2.41604212316123   -0.82204970455068
O         1.89815077034666    0.72496697059349    0.00472507899709
H         1.38651024980899    2.46692310573009   -0.33927001510646
H         2.58675367307555    1.48368053437573   -2.39227879027947
H         1.77057561941443    0.89050665546594   -3.92819637927959
H         0.70842621745161   -0.88796458894436   -0.18848328604366
H         0.38949896885321   -0.65084682752231   -2.56794236841104
H        -0.91918953455407    2.93985620741448   -1.47698472223437
12
 energy: -21.524189579425 gnorm: 0.004232028447 xtb: 6.2.3 (830e466)
C         1.85300938716335    0.83620961714254   -2.85493950311020
C         1.11895311565412    0.00305295927535   -2.12220212352037
C         1.25853535522973   -0.05986491353917   -0.66472412148037
O         0.77671471678894    3.15610044446163   -0.67979625626231
O        -0.44013426378774    2.43819004936453   -0.83220894295376
O         1.89776486080691    0.72014168530295    0.00130152389636
H         1.37562791439131    2.46267605913437   -0.34095622988166
H         2.57669285135230    1.48423217140190   -2.38640427628295
H         1.76900715694703    0.88980596095548   -3.92741233490006
H         0.72610884287895   -0.90327293745873   -0.18877393491310
H         0.40004262137980   -0.66905373379030   -2.56859978772860
H        -0.92331255881870    2.98136263774838   -1.47107401288248
12
 energy: -21.524301249344 gnorm: 0.011818756542 xtb: 6.2.3 (830e466)
C         1.84085734531399    0.82107875002361   -2.85485174804335
C         1.13561808333640   -0.04152074171239   -2.12684997782130
C         1.27966577469982   -0.09678404954962   -0.66852778061369
O         0.77490402173692    3.18003530331387   -0.65159555704187
O        -0.46131298906244    2.50823570349113   -0.87238879946106
O         1.87779064696575    0.72007894577796   -0.00467721153176
H         1.34291956041494    2.44657834065070   -0.34225189036450
H         2.53659182624321    1.49418924728820   -2.37322316920487
H         1.76012345890028    0.88210912204885   -3.92623105338602
H         0.79305621343558   -0.96856266139273   -0.19220968070248
H         0.44142373527427   -0.73970212439132   -2.57159191995540
H        -0.93262767727274    3.13384416445071   -1.45139121189310
12
 energy: -21.524382999481 gnorm: 0.014333327680 xtb: 6.2.3 (830e466)
C         1.83136920310717    0.81439082201200   -2.85699991509680
C         1.14241636309311   -0.06268186634630   -2.13120241614808
C         1.28572435439617   -0.11079005181739   -0.67137092709124
O         0.78140573981625    3.18555914195238   -0.65064988673160
O        -0.46540894853986    2.54561333377945   -0.88951754758109
O         1.86018066072494    0.72569453631113   -0.00613955072869
H         1.32503537349325    2.44917161506148   -0.32066116401484
H         2.51092664410536    1.50014596347357   -2.36773778562894
H         1.75196366078080    0.88083624126020   -3.92735846009838
H         0.82391402880919   -0.99814944126768   -0.19707952179258
H         0.46111648696907   -0.77439750391890   -2.57330563548882
H        -0.91963356676949    3.18418720949906   -1.44376718961833
12
 energy: -21.524604167375 gnorm: 0.004972146908 xtb: 6.2.3 (830e466)
C         1.82508457918783    0.81212742536604   -2.85653663604701
C         1.15081294131084   -0.07420183941879   -2.12933973213050
C         1.29634741326164   -0.12591681399771   -0.67146090401029
O         0.77996957627403    3.18896454876089   -0.64620705713984
O        -0.47298469700687    2.57152093267933   -0.91418534658232
O         1.85551004093582    0.71008487652011   -0.00255447601480
H         1.30790714856725    2.43691020153808   -0.31508598984798
H         2.49020506560635    1.51104088270757   -2.36997331482706
H         1.74635870699602    0.87310346722999   -3.92805624017113
H         0.84842451701482   -1.01295328332995   -0.19802218560063
H         0.48390502366361   -0.80057417089129   -2.57087773011224
H        -0.92253031582538    3.24947377283475   -1.43349038753554
12
 energy: -21.524532695157 gnorm: 0.022112208428 xtb: 6.2.3 (830e466)
C         1.80617873317272    0.80540516897594   -2.85379827215666
C         1.17020993677266   -0.11395073582560   -2.12930837210231
C         1.31333951387274   -0.16472156667732   -0.67260260657798
O         0.78418758443195    3.20685241117401   -0.63391632497382
O        -0.48432558679288    2.64474409972534   -0.96547084917735
O         1.81717108260347    0.70238999154736    0.00647756882536
H         1.27578637620199    2.41980839593673   -0.31081825737491
H         2.43716780746266    1.53589340759728   -2.36646408152609
H         1.73201531717825    0.85755526510102   -3.92686434426267
H         0.92217873206972   -1.08817934371082   -0.20609559976239
H         0.53932655889790   -0.87376742031560   -2.57318801542596
H        -0.92422605588524    3.40755032647072   -1.40374084550446
12
 energy: -21.524815705090 gnorm: 0.008250167305 xtb: 6.2.3 (830e466)
C         1.80951674016409    0.81512994731827   -2.85159156878075
C         1.16389745819539   -0.09259638017920   -2.12483778716130
C         1.30101503042173   -0.14986644487847   -0.66901535212140
O         0.78763992437203    3.19695648994644   -0.65493233032339
O        -0.46770476080983    2.61143602803046   -0.95128280947747
O         1.81803041388480    0.69890761771813    0.01662244939276
H         1.29310664367783    2.43088518458047   -0.31074399357099
H         2.45097142609344    1.53781610414680   -2.37570033751780
H         1.73157837511045    0.86013979909583   -3.92512706308017
H         0.89369938143732   -1.06666546780191   -0.20647908728354
H         0.52458638482157   -0.83864234865415   -2.57246763217720
H        -0.91732701738288    3.33607947067638   -1.41023448791803
12
 energy: -21.524893660963 gnorm: 0.006527626271 xtb: 6.2.3 (830e466)
C         1.79925707235475    0.81589775981722   -2.85175278203003
C         1.16788671372000   -0.10060571861941   -2.12235980897833
C         1.30630365920317   -0.15736624128710   -0.66665347217891
O         0.80116596579768    3.19318314747983   -0.65106532518921
O        -0.46867890133247    2.63003647655141   -0.97545328674518
O         1.80866201705070    0.69856093936873    0.02132713273260
H         1.28256076261059    2.41971977947918   -0.28699207106740
H         2.43002905926371    1.55390113046427   -2.38096932423033
H         1.71459307935864    0.85862711260325   -3.92401506432581
H         0.91020180848038   -1.07784953219544   -0.20526554231954
H         0.54055075072767   -0.85834629173794   -2.57113418282051
H        -0.90352198724888    3.36382143807507   -1.42145627286663
12
 energy: -21.525047694438 gnorm: 0.005915517933 xtb: 6.2.3 (830e466)
C         1.78447069362586    0.81863201389311   -2.84666291117137
C         1.17798356537010   -0.11740491286353   -2.11904832468295
C         1.30884664694364   -0.17771478623323   -0.66356715107379
O         0.81375045917520    3.19860110916333   -0.66236841033477
O        -0.45585846882825    2.65490480031649   -1.00797099921287
O         1.77381457139165    0.69254346898022    0.03843242609441
H         1.27490479098572    2.42132256331575   -0.28121547302998
H         2.39360112019764    1.57922427237509   -2.38169175973182
H         1.69502448606325    0.85655827051745   -3.91855307596075
H         0.94059596162842   -1.11634087242734   -0.21255354417544
H         0.57451732099628   -0.89141680119321   -2.57522871909557
H        -0.89264114756358    3.42067087415495   -1.40536205764435
12
 energy: -21.525107759505 gnorm: 0.010335877495 xtb: 6.2.3 (830e466)
C         1.76655672510226    0.82492102496877   -2.83792585193900
C         1.18537169903064   -0.12939587928300   -2.11322273079811
C         1.31208336703313   -0.19650891441972   -0.65807264958257
O         0.82911786008598    3.20031395964386   -0.68178832625965
O        -0.44177257506161    2.67736912949761   -1.04865008112592
O         1.74632653836652    0.68067177538563    0.05413449198384
H         1.26559286481647    2.41965010975556   -0.27546565992318
H         2.35549413614041    1.60149454843530   -2.37680318590159
H         1.67326192382021    0.85952029290795   -3.90969341693532
H         0.97484941641129   -1.15669199332080   -0.21710066332255
H         0.60432305645866   -0.91383258513873   -2.57636561480857
H        -0.88219501221805    3.47206853156669   -1.39483631140662
12
 energy: -21.525177147492 gnorm: 0.006125491604 xtb: 6.2.3 (830e466)
C         1.76112634571242    0.83117318644921   -2.83245014360954
C         1.18375522341153   -0.12685252554716   -2.11102497107556
C         1.30976106770284   -0.19768898580821   -0.65542279246961
O         0.83773756876749    3.19582275516541   -0.69624496071161
O        -0.43042277028483    2.67053713961052   -1.05458423922989
O         1.74143379607293    0.67823058695740    0.05816898813893
H         1.27310324036475    2.42101041062799   -0.28189818973690
H         2.34634118218419    1.60813918622667   -2.36825538386678
H         1.66690947947277    0.86875441061288   -3.90421748538465
H         0.97092987926567   -1.15553716377952   -0.21742237460295
H         0.60748875071069   -0.91238602719196   -2.57836674854931
H        -0.87915376339452    3.45837702667587   -1.39407169892136
12
 energy: -21.525248970149 gnorm: 0.003950205408 xtb: 6.2.3 (830e466)
C         1.74332773244131    0.84011158156436   -2.82248108556195
C         1.18632951434060   -0.13571237913027   -2.10712895596969
C         1.31278595660365   -0.21067167758325   -0.65109979670804
O         0.85682280520044    3.19334140788426   -0.71336913998378
O        -0.41584191342335    2.68202344411037   -1.08553068475070
O         1.72575965719995    0.67194639089921    0.06561179159020
H         1.27293321454591    2.41504213124082   -0.28402699330055
H         2.31219466600887    1.62609149760752   -2.35150569394638
H         1.64700363440984    0.88408606424518   -3.89397176727045
H         0.98760384691094   -1.17296873488871   -0.21829669708953
H         0.62732828967525   -0.93204646929343   -2.57969004880136
H        -0.86723740392751    3.47833674334304   -1.39430092822699
12
 energy: -21.525299080870 gnorm: 0.002827902632 xtb: 6.2.3 (830e466)
C         1.72460259354265    0.84840827476197   -2.80966889655699
C         1.18733239973626   -0.14232282822851   -2.10295038472759
C         1.31472864455155   -0.22227126875051   -0.64687261321444
O         0.87564582275922    3.19187277476530   -0.73278847057555
O        -0.39927474498161    2.69066728807574   -1.12084976265400
O         1.70948914565941    0.66504748612225    0.07233194790936
H         1.27418791198349    2.40870933605045   -0.29592494038392
H         2.27529692681793    1.63952809471791   -2.32724263299868
H         1.62810388057858    0.90341159125195   -3.88082956014062
H         1.01022218384829   -1.19563914133238   -0.21946123868385
H         0.64542013426249   -0.94567964249074   -2.58012484082137
H        -0.85674489877235    3.49784803505569   -1.39140860717157
12
 energy: -21.525313125125 gnorm: 0.004401713324 xtb: 6.2.3 (830e466)
C         1.71666817919153    0.85221131338643   -2.80511402157452
C         1.19081670826401   -0.14901889776304   -2.10261530427366
C         1.31493853284270   -0.22860918610284   -0.64658521676738
O         0.88258476528686    3.19213629458371   -0.73884873245253
O        -0.39358474967468    2.69945655533353   -1.13293135098804
O         1.69717356911842    0.66261668634176    0.07660446424207
H         1.27625228743758    2.40381919698059   -0.30601325824132
H         2.25721457274633    1.64859835494137   -2.31806116221555
H         1.62311350921487    0.90866979322944   -3.87677678230543
H         1.01959902225852   -1.20465790828507   -0.22126504568432
H         0.65863168853388   -0.95916559537434   -2.58161238553777
H        -0.85439808523412    3.51352339272759   -1.38257120422077
12
 energy: -21.525330774647 gnorm: 0.002572880918 xtb: 6.2.3 (830e466)
C         1.71757890533328    0.85118125614193   -2.80593931719235
C         1.19221926202660   -0.15074643758935   -2.10513580456357
C         1.31369746305085   -0.22657225706062   -0.64937269554727
O         0.87874618951307    3.19499305950344   -0.73206568642270
O        -0.39691189387711    2.70139512380196   -1.12800827373697
O         1.69631431308702    0.66431755415024    0.07391419153156
H         1.27815313833163    2.40020157259624   -0.31701530227644
H         2.25794483303926    1.64415476864846   -2.31533386409135
H         1.62948480819657    0.90874514515389   -3.87798037251378
H         1.01881636272306   -1.20028340437712   -0.22100201298981
H         0.65932212122355   -0.96090074676444   -2.58148074763906
H        -0.85635550266189    3.51309436579450   -1.37637011457748
12
 energy: -21.525370879302 gnorm: 0.001419633408 xtb: 6.2.3 (830e466)
C         1.71968803358236    0.84761975137917   -2.80876925025293
C         1.19268920610018   -0.15125182312797   -2.10505849246993
C         1.31436082469783   -0.22619280861869   -0.64915787898565
O         0.87185133642430    3.19811163124232   -0.71559605189147
O        -0.39302149964525    2.70499617193481   -1.14358010213089
O         1.69915384490467    0.66492133162862    0.07177310380769
H         1.27430913870161    2.39605332349354   -0.31838575607326
H         2.25812181920356    1.64396917402753   -2.32109493183585
H         1.63028121055022    0.90306448413097   -3.88031599253686
H         1.01861376234066   -1.19963104157757   -0.21864218121973
H         0.66161082304854   -0.96299859056300   -2.58049473064117
H        -0.85864849992278    3.52091839604939   -1.36646773578915
12
 energy: -21.525390381592 gnorm: 0.007155762908 xtb: 6.2.3 (830e466)
C         1.71855444318159    0.84051268959585   -2.81664485171755
C         1.19567211804356   -0.15487977325671   -2.10557144401970
C         1.31962759176681   -0.22601025544036   -0.64945661113712
O         0.85553171535590    3.20388107345190   -0.67464343342016
O        -0.38338911122582    2.71922919155129   -1.18761330745183
O         1.70510056813458    0.66844803725297    0.06586057387241
H         1.25736086460499    2.38475297201208   -0.31218197497123
H         2.25971439541255    1.64156882278928   -2.33865858267726
H         1.63429546786980    0.88364166883816   -3.88845635769816
H         1.01998958981919   -1.19753694057438   -0.21334123400870
H         0.67082708726664   -0.97206063697055   -2.57867529645214
H        -0.86427473024389    3.54803315074958   -1.33640748033775
12
 energy: -21.525421738834 gnorm: 0.002532494192 xtb: 6.2.3 (830e466)
C         1.72099884293346    0.83867025565278   -2.81723641984967
C         1.19752845857895   -0.15668480075213   -2.10643504696244
C         1.31774499855552   -0.22554612543385   -0.65000011910587
O         0.85817183998736    3.20156886417632   -0.68125169370679
O        -0.38675237071361    2.72271108425483   -1.17819280386560
O         1.70388421302966    0.66888107592059    0.06543546574927
H         1.25489505039415    2.38658702682735   -0.30639002159112
H         2.25766880081988    1.64214365256964   -2.33845797553329
H         1.63340243078746    0.88391146459895   -3.88886647531953
H         1.02205177454405   -1.19807335669143   -0.21438022257096
H         0.67155786075618   -0.97314202070773   -2.57959597342886
H        -0.86214189968714    3.54855287958378   -1.34041871383433
12
 energy: -21.525431946059 gnorm: 0.000801761268 xtb: 6.2.3 (830e466)
C         1.72082386803954    0.83720960820831   -2.81779422627065
C         1.20010969945913   -0.15995248382870   -2.10730020974968
C         1.31932681026588   -0.22732119653937   -0.65089663300760
O         0.85840628871181    3.20421900664200   -0.68013406615349
O        -0.38562840092985    2.72767908739062   -1.17903673939890
O         1.69996065744586    0.66899263515089    0.06565606205440
H         1.25461555464556    2.38869900200432   -0.30551086714808
H         2.25405906416045    1.64244254551753   -2.33851946883248
H         1.63307701862260    0.88199425539993   -3.88979463056805
H         1.02196529201894   -1.19870868904393   -0.21536605044024
H         0.67553140083448   -0.97744574497069   -2.58039584833977
H        -0.86323725328849    3.55177197406818   -1.33669732216464
12
 energy: -21.525448793306 gnorm: 0.002314925782 xtb: 6.2.3 (830e466)
C         1.71952904379838    0.83111808293345   -2.82040477694200
C         1.20638888273087   -0.17060534370244   -2.11016439561239
C         1.31613748208335   -0.23019536970640   -0.65312387007761
O         0.85713479309724    3.21517950906847   -0.66840523517746
O        -0.37730184878392    2.74512631398969   -1.19461258580135
O         1.68758087743124    0.67010477375860    0.06448912527455
H         1.25153978533691    2.39446167402999   -0.30178974409004
H         2.24228780120754    1.64224782532822   -2.34033477927644
H         1.63351913859883    0.87263691448925   -3.89350558326144
H         1.03035690550645   -1.20366497641055   -0.21785498621151
H         0.69014534616671   -0.99371288184845   -2.58314680263270
H        -0.86830820718770    3.56688347806924   -1.31693636621079
12
 energy: -21.525464536411 gnorm: 0.002274594288 xtb: 6.2.3 (830e466)
C         1.71602487011861    0.82782380570567   -2.82267681658177
C         1.20980961224928   -0.17723939035201   -2.11198905215433
C         1.31742778068216   -0.23383417161047   -0.65488173988925
O         0.85686125611497    3.22202130167416   -0.65954395271586
O        -0.37019671202214    2.75866114873795   -1.20931097154466
O         1.67927277395751    0.67058479044943    0.06249316242555
H         1.24652634513629    2.39717810064738   -0.29731504747912
H         2.23112438248739    1.64379603946710   -2.34260472975216
H         1.63481505520985    0.86480378878914   -3.89630350820688
H         1.03432197848736   -1.20737003386999   -0.21797105337844
H         0.70374794477363   -1.00695502803276   -2.58468012642633
H        -0.87072528720901    3.58010964839347   -1.30100616431592
12
 energy: -21.525477099524 gnorm: 0.002119248911 xtb: 6.2.3 (830e466)
C         1.71045471823934    0.82459654059592   -2.82472672708963
C         1.21377830920332   -0.18514252129073   -2.11399444365790
C         1.31815718162882   -0.23900545518962   -0.65657561327081
O         0.85890438364406    3.22948852599747   -0.65257265135195
O        -0.36233953038374    2.77623835566680   -1.22397737829382
O         1.66852211665267    0.67014168539359    0.05995598472435
H         1.23990597883338    2.39994213598838   -0.29231421775309
H         2.21332945624437    1.64794605904789   -2.34382680276228
H         1.63614370224601    0.85684891167665   -3.89856757138949
H         1.04064227512956   -1.21409488274715   -0.21759598972949
H         0.72235382376753   -1.02366803002289   -2.58681458804317
H        -0.87084241521943    3.59628867488274   -1.28478000140188
12
 energy: -21.525486123919 gnorm: 0.001021748193 xtb: 6.2.3 (830e466)
C         1.70591596699796    0.82383629786502   -2.82463074790610
C         1.21655287802400   -0.18990633138433   -2.11477301849635
C         1.31813586621210   -0.24304250940499   -0.65693567020075
O         0.86299303856160    3.23274210177278   -0.65381054990787
O        -0.35894075268367    2.78692902620906   -1.22812439274916
O         1.66051523024382    0.66881869488423    0.05934918370424
H         1.23695309093664    2.40097104545787   -0.29174013393668
H         2.19864814550345    1.65267404320234   -2.34221486423791
H         1.63576818550006    0.85500001310529   -3.89827605561154
H         1.04512069330825   -1.22003630644553   -0.21738146026214
H         0.73552082985974   -1.03386499084020   -2.58841177634090
H        -0.86817317247803    3.60545891557750   -1.27884051407399
12
 energy: -21.525492408392 gnorm: 0.003157305451 xtb: 6.2.3 (830e466)
C         1.69829508374178    0.81923125136008   -2.82472134082233
C         1.22678598699849   -0.20396376828864   -2.11645586904495
C         1.31721091871787   -0.25197313122360   -0.65713262707096
O         0.87008065898039    3.24166234668807   -0.65018028940520
O        -0.34765957947681    2.81328213797922   -1.24874124441976
O         1.64089210039205    0.66659725421622    0.05894428143149
H         1.23008975940917    2.40112249604774   -0.29334213334793
H         2.16248581523901    1.66409378407410   -2.33944337763576
H         1.63189343411595    0.85047619028958   -3.89788973998264
H         1.05598570111321   -1.23322681455669   -0.21717152879044
H         0.76690374834575   -1.05850879551553   -2.59201814931924
H        -0.86395362759095    3.63078704892848   -1.25763798161144
12
 energy: -21.525503350306 gnorm: 0.001419089389 xtb: 6.2.3 (830e466)
C         1.69367762902535    0.82055217289167   -2.82309667102290
C         1.22925154992828   -0.20688612545184   -2.11614460701179
C         1.31621745311499   -0.25435263448694   -0.65651417086370
O         0.87399191573089    3.24158200873605   -0.65478694964189
O        -0.34741414464856    2.81980855733821   -1.24863554072514
O         1.63429471686568    0.66532786126954    0.06074092673654
H         1.22967022710602    2.40002179163161   -0.29614793109474
H         2.15342135116867    1.66670107248356   -2.33731000412745
H         1.62996787207793    0.85154590996721   -3.89674487619265
H         1.06001704590820   -1.23736433853754   -0.21822494786720
H         0.77685788026635   -1.06466354550669   -2.59313212122725
H        -0.86094349655789    3.63730726966417   -1.25579310698096
12
 energy: -21.525510239190 gnorm: 0.000980987081 xtb: 6.2.3 (830e466)
C         1.68674551434105    0.82153796756081   -2.82134968118544
C         1.23441017985848   -0.21231448628336   -2.11568286517517
C         1.31627367474365   -0.25863866185042   -0.65612429883190
O         0.87923950610977    3.24076529110471   -0.65921550990254
O        -0.34644655943226    2.83308736100340   -1.25318813139911
O         1.62419435383184    0.66301496161189    0.06345804238039
H         1.22645561054617    2.39685146470664   -0.29775544508719
H         2.13705015814236    1.67166697338173   -2.33572239173384
H         1.62638801037718    0.85031378058900   -3.89611091679628
H         1.06603386511543   -1.24275230104646   -0.22008230725374
H         0.79508458048460   -1.07599503842288   -2.59443991256759
H        -0.85641889413235    3.65204268764394   -1.24957658246672
12
 energy: -21.525513585271 gnorm: 0.000872319185 xtb: 6.2.3 (830e466)
C         1.68395961093679    0.82093356985616   -2.82098904314157
C         1.23832536807460   -0.21594650695700   -2.11558167911336
C         1.31668875107205   -0.26164874289711   -0.65599406514408
O         0.88212113686159    3.24035070272219   -0.66091443787191
O        -0.34575396426839    2.84209326004229   -1.25684996174467
O         1.61860233547293    0.66128173136992    0.06457998344400
H         1.22296113903466    2.39409537949414   -0.29820137735155
H         2.12457346118719    1.67649477192711   -2.33541008882087
H         1.62424412734022    0.84846472296628   -3.89583472106821
H         1.06953172367517   -1.24648291828321   -0.22035045723627
H         0.80662043857739   -1.08283230672829   -2.59509363760841
H        -0.85286412797829    3.66277633648650   -1.24515051436220
