12
 energy: -21.505144734855 gnorm: 0.127489475790 xtb: 6.2.3 (830e466)
C         1.95150000000000    0.91303000000000   -2.14176000000000
C         1.77554000000000    0.43090000000000   -0.90984000000000
C         1.47300000000000   -0.99200000000000   -0.68284000000000
O        -0.89516000000000    3.00153000000000   -2.41471000000000
O        -0.29748000000000    3.72156000000000   -1.48810000000000
O         1.31875000000000   -1.40903000000000    0.45292000000000
H         0.58553000000000    3.95081000000000   -1.87582000000000
H         2.17423000000000    1.96508000000000   -2.28538000000000
H         1.87514000000000    0.27010000000000   -3.01361000000000
H         1.38610000000000   -1.67929000000000   -1.51917000000000
H        -0.81589000000000    2.06546000000000   -2.09836000000000
H         1.85775000000000    1.10146000000000   -0.05914000000000
12
 energy: -21.513610889616 gnorm: 0.046830248376 xtb: 6.2.3 (830e466)
C         1.94584287646050    0.91276127680891   -2.14552334254053
C         1.77074623330982    0.43050400507574   -0.91681726560002
C         1.47299751115416   -0.98150459332107   -0.65839001571069
O        -0.90007331115856    2.96873209661043   -2.42704929846425
O        -0.27086653256704    3.73404063407278   -1.47547765005737
O         1.31602282109082   -1.41999912793538    0.45917526987047
H         0.59157733345971    3.98354650628997   -1.86533671964254
H         2.18494337056835    1.95290274386955   -2.30423489762828
H         1.87594097529384    0.27875071110692   -3.01564186880721
H         1.39264599798568   -1.64608685613666   -1.52708241838487
H        -0.84150462501587    2.04668870111252   -2.10392656102882
H         1.85073734941860    1.07927390244631   -0.05550523200591
12
 energy: -21.515469106650 gnorm: 0.010586122269 xtb: 6.2.3 (830e466)
C         1.95684944725666    0.90767426334101   -2.14541697080615
C         1.77130936478361    0.43301569280210   -0.91846761618247
C         1.46400582212658   -0.97142428389176   -0.64388212165457
O        -0.88349959289914    2.94021976945284   -2.43958005917473
O        -0.25288013932190    3.73051747397342   -1.46576395822003
O         1.30704144174033   -1.42957499930428    0.45880581580436
H         0.58272687983850    4.01524608214698   -1.86882790816438
H         2.18834047748474    1.94408331209045   -2.32208355997750
H         1.87283084595394    0.27802247093643   -3.01531562392461
H         1.40058710555855   -1.61525688195997   -1.54228844791755
H        -0.86276677472873    2.03687115186153   -2.08449217837348
H         1.84446512220686    1.07021594855131   -0.04849737140893
12
 energy: -21.515978214041 gnorm: 0.011057272232 xtb: 6.2.3 (830e466)
C         1.94776221391864    0.90667730200678   -2.14659782103024
C         1.76556896848450    0.44003705876463   -0.91767033506986
C         1.47296134194273   -0.96743182115125   -0.63885156995315
O        -0.85545006004834    2.91905702709429   -2.45193392023679
O        -0.24013270025869    3.71230148401029   -1.45244561394263
O         1.29814484194701   -1.43354782212570    0.45500444380320
H         0.56900974582791    4.04943877944975   -1.87116475797609
H         2.20342965151463    1.93565541517725   -2.33664148954407
H         1.88166798375980    0.26748946515198   -3.01191874611281
H         1.39215183243191   -1.59370730630810   -1.55418394952427
H        -0.88610861110721    2.02847060892452   -2.06400892568006
H         1.84000479158711    1.07516980900564   -0.04539731473332
12
 energy: -21.516331349207 gnorm: 0.027379261893 xtb: 6.2.3 (830e466)
C         1.95819920289879    0.90136105874950   -2.14689066481394
C         1.76650290305917    0.45014333596667   -0.91465278113643
C         1.44806260714476   -0.95428213212760   -0.63849604209628
O        -0.81140057328427    2.89187384711966   -2.46622507002326
O        -0.21688079898714    3.67248598267158   -1.42714440592757
O         1.28663056321345   -1.43636018250750    0.44821253306859
H         0.54428513708864    4.10164660373748   -1.87656115589118
H         2.21083972442978    1.92746806778592   -2.35695106545228
H         1.88413037080455    0.25212089512079   -3.00590982168408
H         1.39853446046143   -1.57175458289581   -1.56684793014529
H        -0.92167146642951    2.01770242606528   -2.04152476203177
H         1.84177786960035    1.08720468031418   -0.04281883386668
12
 energy: -21.516785281353 gnorm: 0.016424469230 xtb: 6.2.3 (830e466)
C         1.96917602261006    0.90031728881589   -2.14759969465523
C         1.77065036812389    0.45362215486970   -0.91400429435772
C         1.45420672452576   -0.95295215129377   -0.64277874383798
O        -0.80365337970373    2.88946914310071   -2.46493597423770
O        -0.21305281949731    3.66446917248480   -1.42585963778029
O         1.27775360135570   -1.43094959456421    0.44474783891856
H         0.53987051128887    4.08998324419622   -1.87142891222464
H         2.21024821170474    1.92821224910810   -2.36002291430359
H         1.88529537968037    0.24822373460779   -3.00403899447705
H         1.39287972520187   -1.57050715718518   -1.56650494127673
H        -0.93232335383184    2.02285743450626   -2.03701405338186
H         1.83795900854160    1.09686448135387   -0.04636967838600
12
 energy: -21.516903037337 gnorm: 0.028479754505 xtb: 6.2.3 (830e466)
C         1.97782225834150    0.90028818208205   -2.15185435070952
C         1.76902533227577    0.46559762476049   -0.91405454566049
C         1.44946139806171   -0.94325398918343   -0.65233955022415
O        -0.78661865833304    2.87444373344804   -2.43870387006119
O        -0.17429146909650    3.60348434033566   -1.39149536777983
O         1.25390207820544   -1.41633656024586    0.43710099069152
H         0.50228084648218    4.11853530189580   -1.88834820490697
H         2.22767979113187    1.92423579412671   -2.37157282931567
H         1.90473199406200    0.23243486910927   -2.99774416057037
H         1.37897292363314   -1.56264138168269   -1.56582822766300
H        -0.94648686721716    2.02234541212547   -2.04489188666612
H         1.83253037245306    1.12047667322874   -0.05607799713455
12
 energy: -21.516956515888 gnorm: 0.039680926901 xtb: 6.2.3 (830e466)
C         1.97784350350089    0.90407583461516   -2.16090087502421
C         1.76442735528983    0.48095317638871   -0.91851039310981
C         1.43341529880597   -0.92727933273984   -0.66511919350662
O        -0.70345705598524    2.83332162207391   -2.46705414987093
O        -0.15829642534742    3.57161207783676   -1.39578174855032
O         1.23906249511313   -1.40049964349299    0.42688801402268
H         0.48349870229514    4.11741601562261   -1.85044981085408
H         2.25205501246474    1.92027627910551   -2.38832873410184
H         1.93105813035720    0.21656015721562   -2.99388698403938
H         1.37479166575215   -1.55147116745161   -1.56812779352074
H        -1.03852686304353    2.02927943361050   -1.98450249119157
H         1.83313818079706    1.14536554721602   -0.07003584025375
12
 energy: -21.517780399762 gnorm: 0.006634223730 xtb: 6.2.3 (830e466)
C         1.98658018622986    0.89956067897908   -2.16204657491728
C         1.76865580935962    0.47101193851523   -0.92345168792393
C         1.43266321193864   -0.93092819826927   -0.65374636732755
O        -0.74285009507815    2.84271480377842   -2.45163674412847
O        -0.17227187352921    3.59197009726128   -1.39384080290708
O         1.24089388260384   -1.39981956524670    0.43791996922012
H         0.48796855534057    4.12686879045335   -1.85225364833749
H         2.24246846794407    1.92081725210829   -2.38463183031701
H         1.91361182542368    0.22836114898837   -3.00353058639279
H         1.37615083832110   -1.55695371858749   -1.56358048637272
H        -0.97665472691567    2.01685362356777   -2.01610189624856
H         1.83179391836159    1.12915314845201   -0.06890934434776
12
 energy: -21.517629964038 gnorm: 0.031229444880 xtb: 6.2.3 (830e466)
C         2.00787332475937    0.89498178429768   -2.16809666373492
C         1.77268548078273    0.47762535114306   -0.92849357813271
C         1.43291300806222   -0.92199913063178   -0.65268540101854
O        -0.70473821044171    2.81309580399549   -2.45186516254818
O        -0.14599623300634    3.55043866199858   -1.37018836661773
O         1.21475994860904   -1.38628191410039    0.43610784451231
H         0.46029718942506    4.17214937095434   -1.84909414745515
H         2.25153478127358    1.91643293037426   -2.40014902751610
H         1.91799015741786    0.22143539477160   -3.00641500381167
H         1.36523341490776   -1.54412103567655   -1.56664238707851
H        -1.00561339791269    2.00442001480459   -2.00150687621598
H         1.82207053612306    1.14143276806951   -0.07678123038347
12
 energy: -21.518241716149 gnorm: 0.008619319084 xtb: 6.2.3 (830e466)
C         1.99891692615973    0.89877498626562   -2.17253551721656
C         1.76721193245683    0.47873744078706   -0.93354193637243
C         1.42228781068304   -0.91812282866747   -0.65498730080890
O        -0.70126081047719    2.80734546560902   -2.44912925768463
O        -0.15012352861922    3.55687047654069   -1.37774868117965
O         1.21577498977606   -1.37841380542277    0.43781738694761
H         0.46121904205000    4.15403430400448   -1.83692403592209
H         2.26181269656674    1.91716302799208   -2.39886376541327
H         1.92994411147421    0.22303227057245   -3.01055033464555
H         1.36723517847217   -1.54940651224171   -1.56247701399426
H        -1.00931651433666    2.00779476852665   -1.99451450558578
H         1.82530816579419    1.14180040603433   -0.08235503812519
12
 energy: -21.518511270366 gnorm: 0.008981977019 xtb: 6.2.3 (830e466)
C         2.00736870573068    0.89947771443507   -2.18272280012371
C         1.76445978112922    0.48596770821447   -0.94349897366401
C         1.40857115075671   -0.90584932730747   -0.65763221368005
O        -0.67402122672977    2.78043760988580   -2.44015754433088
O        -0.13194117913971    3.52935389940440   -1.36510610409464
O         1.19423556061646   -1.35653554607819    0.43824343112271
H         0.43968669649178    4.16197642388104   -1.82260485520076
H         2.28169777541025    1.91494444740414   -2.40961685796674
H         1.94907342041021    0.21906791003331   -3.01791930916976
H         1.36165256257907   -1.54667285324775   -1.55903584465305
H        -1.03264531656439    2.00359857069577   -1.97986749036048
H         1.82087206930938    1.15384344267993   -0.09589143787949
12
 energy: -21.518871461920 gnorm: 0.015611005915 xtb: 6.2.3 (830e466)
C         2.03782857111262    0.89731993062485   -2.20651247127126
C         1.76297833360663    0.50073549728009   -0.96793762541309
C         1.38393662023767   -0.87885288274166   -0.66082846011473
O        -0.61824247366166    2.71791357413670   -2.41527481012081
O        -0.09137139436017    3.46826117518936   -1.33230794273328
O         1.13707933826882   -1.30290413790162    0.44057044031067
H         0.38689176630904    4.18449361465481   -1.78998032005953
H         2.32300247332115    1.90917558989769   -2.43549731346572
H         1.98647271647590    0.21194703076902   -3.03790949185424
H         1.34593854822559   -1.54027218569090   -1.55063370876646
H        -1.07164051212820    1.99111254612172   -1.95141286955854
H         1.80613601259247    1.18068024766068   -0.12808542695424
12
 energy: -21.519048726656 gnorm: 0.006463985044 xtb: 6.2.3 (830e466)
C         2.05466103037883    0.89574456802522   -2.21635474640142
C         1.76388377278988    0.50563338812213   -0.97973422593730
C         1.37622371661475   -0.86799082432160   -0.66105058247208
O        -0.61130747589716    2.69720386339710   -2.39796786156200
O        -0.07924411465187    3.45252452968257   -1.32036151309186
O         1.11069337036051   -1.27664090529307    0.44210219269316
H         0.37085354183998    4.17590424962776   -1.77678315682937
H         2.34002922197453    1.90782607327188   -2.44380591122280
H         2.00218103519758    0.21244157676636   -3.04914472835969
H         1.33898394292599   -1.53981089081400   -1.54559973194937
H        -1.07619556977306    1.98657873171810   -1.94473490537530
H         1.79824752823987    1.19019563981837   -0.14237482949338
12
 energy: -21.519154321975 gnorm: 0.006048283030 xtb: 6.2.3 (830e466)
C         2.07198522567169    0.89358323841414   -2.22778302644200
C         1.76370727213581    0.51656233863984   -0.99150599039888
C         1.36083688986159   -0.85065668646931   -0.66462433437116
O        -0.58236504976125    2.66295215576295   -2.38549475699621
O        -0.05921134472331    3.41960096182495   -1.30165330108148
O         1.07964620393648   -1.24562720919970    0.43865973441865
H         0.34218087019815    4.17584409509670   -1.75569242938140
H         2.36630908976960    1.90269845330007   -2.45962186317688
H         2.02474258659859    0.20482182525119   -3.05684657798980
H         1.32781898735729   -1.53196929365071   -1.54230855376835
H        -1.09948006311137    1.98285895601223   -1.92855159772177
H         1.79283933206652    1.20894116501860   -0.16038730309235
12
 energy: -21.519201792080 gnorm: 0.004175431553 xtb: 6.2.3 (830e466)
C         2.07742675971879    0.89259978153491   -2.23087861493666
C         1.76385681819960    0.52280932910664   -0.99446672309754
C         1.35168708420255   -0.84220348048206   -0.66863710123778
O        -0.57510052144966    2.64840293903287   -2.37757286571768
O        -0.05356295637752    3.40747681128645   -1.29529624129272
O         1.06530257548964   -1.23371667193711    0.43322374988713
H         0.32845905930103    4.17265611306504   -1.74995271393625
H         2.38180257640884    1.89864112999068   -2.46631197136721
H         2.03680172806532    0.19823711154137   -3.05619523652663
H         1.32159206876139   -1.52540095927738   -1.54296559688131
H        -1.10404515082029    1.98123261999179   -1.91924115341748
H         1.79478995850009    1.21887527614781   -0.16751553147761
12
 energy: -21.519238526350 gnorm: 0.003779323121 xtb: 6.2.3 (830e466)
C         2.09478147878209    0.88969841185548   -2.23659445856971
C         1.76800572013297    0.53144325686512   -1.00002008317680
C         1.34085299257254   -0.82951504217590   -0.67400112554692
O        -0.56790976919354    2.62589038047843   -2.36293401004959
O        -0.04606769399641    3.39320851360836   -1.28798085178472
O         1.03321248830132   -1.21456636178059    0.42565229945337
H         0.31065714797500    4.16452899935955   -1.74267613445575
H         2.40594605034458    1.89194782057252   -2.47785335661356
H         2.05397602813011    0.18943612146274   -3.05639357782989
H         1.31698633569743   -1.51441745301180   -1.54535874917446
H        -1.11687918695090    1.97848456773759   -1.89887001022611
H         1.79544840820457    1.23347078502962   -0.17877994202774
12
 energy: -21.519247455279 gnorm: 0.007292584313 xtb: 6.2.3 (830e466)
C         2.11779293173619    0.88632224089188   -2.24548900727967
C         1.77154874927449    0.54240859246171   -1.00913649576989
C         1.32378657469554   -0.81182910147684   -0.68042813539317
O        -0.55994237945284    2.59451719539363   -2.33819585412028
O        -0.02992470429371    3.36944535617929   -1.27512158348636
O         0.98925135295334   -1.18711164989564    0.41686865230812
H         0.28242288526330    4.16240305884898   -1.73768548955429
H         2.44160596667572    1.88287550017535   -2.49280293001285
H         2.07915024672170    0.17865390298694   -3.05860682773875
H         1.31157935904864   -1.50139884838402   -1.54796309714343
H        -1.13246498504688    1.97176098518587   -1.87311868707534
H         1.79420400242423    1.25156276763413   -0.19413054473621
12
 energy: -21.519271334834 gnorm: 0.003732396829 xtb: 6.2.3 (830e466)
C         2.11476059872608    0.88637366452376   -2.24146357314001
C         1.77179197301992    0.53952518528341   -1.00587361512049
C         1.32631070787593   -0.81525177587544   -0.67967614774744
O        -0.56877413720706    2.60130146744192   -2.34206597678797
O        -0.03675216176572    3.38065696046209   -1.28186760893226
O         0.99842808292865   -1.19498372144127    0.41548770777346
H         0.28953040527981    4.16314247001754   -1.74424735611332
H         2.43879861455894    1.88265168035001   -2.48784102939490
H         2.07286007222199    0.18027472747207   -3.05549572459663
H         1.31279706275656   -1.50142759506930   -1.55044324857973
H        -1.12726570501868    1.97172088161607   -1.87402931994692
H         1.79652448662332    1.24562605522040   -0.18829410741583
12
 energy: -21.519282417309 gnorm: 0.001648645890 xtb: 6.2.3 (830e466)
C         2.12198067999707    0.88569498792349   -2.24295944351941
C         1.77335421903625    0.54178758312139   -1.00844271583559
C         1.32255355837468   -0.81066697148997   -0.68158280478190
O        -0.56770553358494    2.59230988803960   -2.33675952759238
O        -0.03341298925300    3.37682571492764   -1.28072969147357
O         0.98730447361242   -1.18732595765818    0.41195128355380
H         0.28341625823158    4.16152378025816   -1.74481314558703
H         2.45036097484296    1.88034174476883   -2.48985768678273
H         2.08074310487688    0.17813727639128   -3.05602939649859
H         1.30973528428860   -1.49821063230094   -1.55193888106063
H        -1.13624521229737    1.97045374033848   -1.86334103874949
H         1.79692518187460    1.24873884568152   -0.19130695167457
12
 energy: -21.519300717203 gnorm: 0.001731939971 xtb: 6.2.3 (830e466)
C         2.13771088382630    0.88405044242667   -2.24480004551418
C         1.77813646020543    0.54578910200546   -1.01187338875229
C         1.31455742899327   -0.80277834364232   -0.68660831442192
O        -0.57612757735635    2.57922811581287   -2.32168716866400
O        -0.02883475141441    3.37223626773775   -1.27960899003681
O         0.96093139045039   -1.17462202676716    0.40371663355324
H         0.27174209837974    4.15778607876132   -1.75401028495211
H         2.47479372740790    1.87521189773305   -2.49292410850531
H         2.09767668175488    0.17300188188568   -3.05520014837871
H         1.30637735066373   -1.49190651775758   -1.55619764228406
H        -1.14863448912983    1.96734309236299   -1.84074137672809
H         1.80068079621869    1.25427000944265   -0.19587516531792
12
 energy: -21.519345977818 gnorm: 0.001988381003 xtb: 6.2.3 (830e466)
C         2.14305815649667    0.88324911835982   -2.24422773041828
C         1.77954424390423    0.54547956764486   -1.01233106373944
C         1.30913326996922   -0.80087005864397   -0.68853404077224
O        -0.60016276750069    2.59127103409685   -2.32394100549285
O        -0.01300165887404    3.36274827515400   -1.28609857037638
O         0.95310734792637   -1.17014673431749    0.40102006137926
H         0.26238552189077    4.16216072463699   -1.75437733970205
H         2.48121127670675    1.87460797081946   -2.49075275074210
H         2.10152553522550    0.17369286975336   -3.05576998957742
H         1.30690119812937   -1.49343015287579   -1.55521825927657
H        -1.13650185037579    1.95680048715270   -1.82919940842567
H         1.80180972650137    1.25404689822059   -0.19637990285843
12
 energy: -21.519294260758 gnorm: 0.013143120379 xtb: 6.2.3 (830e466)
C         2.15206534962798    0.88322487077485   -2.24423761523003
C         1.78018318933362    0.54589063182269   -1.01465727710275
C         1.30971340950425   -0.80021420559601   -0.69046551291881
O        -0.65100678475071    2.61311766278846   -2.32374026297588
O         0.01876831504946    3.34535677129187   -1.30001124912894
O         0.93246729985618   -1.16006958317518    0.39468424783870
H         0.24622172601129    4.16836715513342   -1.75933921981038
H         2.49765236825882    1.87365364040470   -2.48548874735392
H         2.11588047319661    0.17475492969805   -3.05686655345178
H         1.30001707257156   -1.49347146346390   -1.55624073932101
H        -1.11162593922614    1.93368503875753   -1.80012125825844
H         1.79867352056680    1.25531455156490   -0.19932581228893
12
 energy: -21.519388650158 gnorm: 0.004448870110 xtb: 6.2.3 (830e466)
C         2.15147392692925    0.88303980650416   -2.24506913528950
C         1.78045533659593    0.54606056283107   -1.01514271739693
C         1.30664083504022   -0.79907386450829   -0.69121803131341
O        -0.63396715233388    2.60183012229211   -2.31878022796850
O         0.00431572686929    3.35397175407407   -1.29491209561644
O         0.93473583213975   -1.16093716855312    0.39539035412716
H         0.25219443681220    4.16454831144008   -1.76043824413319
H         2.49588593321337    1.87351737298946   -2.48734468145497
H         2.11428920786837    0.17420966475499   -3.05738131280554
H         1.30309230326145   -1.49364856817634   -1.55611987580237
H        -1.12064776965533    1.94079078786041   -1.80508950496455
H         1.80054138325911    1.25530121849278   -0.19970452738394
12
 energy: -21.519413144096 gnorm: 0.002329633223 xtb: 6.2.3 (830e466)
C         2.15627795895441    0.88250792569150   -2.24593980531370
C         1.78095143270821    0.54667555520789   -1.01697836156947
C         1.29988741586138   -0.79630188199002   -0.69392998325055
O        -0.63978614709636    2.59949609621290   -2.31125046813595
O         0.00584062217739    3.35547565843743   -1.29614237808136
O         0.92554916441731   -1.15711990906282    0.39266576831156
H         0.24919879618185    4.16450697304944   -1.76528178604729
H         2.50154413701157    1.87279570364326   -2.48751641901767
H         2.11966371050762    0.17375260580827   -3.05836464832426
H         1.30599116515730   -1.49380765597158   -1.55663611459365
H        -1.11674131609292    1.93541503947514   -1.79466280111691
H         1.80063306021198    1.25621388949997   -0.20177300286291
12
 energy: -21.519444147056 gnorm: 0.001345443945 xtb: 6.2.3 (830e466)
C         2.16589848774532    0.88107144496096   -2.24735456318160
C         1.78179163788861    0.54779671194879   -1.02037108399047
C         1.29355153844765   -0.79282364252260   -0.69816501250133
O        -0.65136812631286    2.59505197775284   -2.29683448929227
O         0.00928301877700    3.35831230783181   -1.29867226904963
O         0.90706239845583   -1.14900744343478    0.38588631418580
H         0.24229259647582    4.16535735101819   -1.77517627450737
H         2.51332563281059    1.87087449577056   -2.48766746232038
H         2.13085202306330    0.17226055468718   -3.05980496077315
H         1.30712751054514   -1.49313272274173   -1.55846190267447
H        -1.10837742001328    1.92499068315890   -1.77286274381080
H         1.79757070211660    1.25885828157125   -0.20632555208650
12
 energy: -21.519506857126 gnorm: 0.011977974405 xtb: 6.2.3 (830e466)
C         2.20841948689773    0.87615086824927   -2.25517588750006
C         1.78063581949951    0.55516297332149   -1.03832388167299
C         1.25884691587801   -0.77465562150854   -0.72120373723163
O        -0.72248635680872    2.57861630912447   -2.22448639179287
O         0.04133735352728    3.36729351597070   -1.31656365211030
O         0.81115896730284   -1.10841213000352    0.34923856352027
H         0.19913264145942    4.17408378809997   -1.82906211115290
H         2.57822981958522    1.86031974743171   -2.48671852924272
H         2.19580990216204    0.16284263617040   -3.06474487504467
H         1.31312805124690   -1.48947316900583   -1.56903265932565
H        -1.05536099060541    1.86520803328464   -1.65064716735105
H         1.78015838985487    1.27247304886659   -0.22908967109764
12
 energy: -21.519582343324 gnorm: 0.003289889635 xtb: 6.2.3 (830e466)
C         2.20392057145940    0.87657832367641   -2.25500771637563
C         1.77945162099819    0.55623932009509   -1.03745097615887
C         1.26510895334637   -0.77552685653254   -0.71916448442095
O        -0.70651709212070    2.57288965370922   -2.22876747313358
O         0.03397213221311    3.36608705100906   -1.31120911497690
O         0.82098279540444   -1.11038973497288    0.35076525429995
H         0.20384897556932    4.16911511952624   -1.82330596628544
H         2.57394923206680    1.86010578027767   -2.48855128632264
H         2.19184240087197    0.16159566284706   -3.06299539759111
H         1.30877028623771   -1.48735415216656   -1.56879524594887
H        -1.06571585153149    1.87633818828061   -1.66262142843239
H         1.77939597548457    1.27393164425198   -0.22870616465578
12
 energy: -21.519641365638 gnorm: 0.003572767438 xtb: 6.2.3 (830e466)
C         2.22134164433556    0.87398263894353   -2.25722505155919
C         1.77827837709031    0.56123050937010   -1.04425135540166
C         1.25601954899617   -0.76759023034230   -0.72752650862873
O        -0.72034109757704    2.55957984858829   -2.20235534420050
O         0.04152523259897    3.36618474444543   -1.31377291126517
O         0.78912151128428   -1.09396336545635    0.33508593283130
H         0.18936298220055    4.16531885369560   -1.83964945837855
H         2.59564571705040    1.85566663717904   -2.49100823265617
H         2.21451707747083    0.15599250024490   -3.06245297626471
H         1.30651307072163   -1.48282354999967   -1.57329682973524
H        -1.05118986981881    1.86281838858327   -1.62011248191057
H         1.76821580564682    1.28321302474951   -0.23924478283305
12
 energy: -21.519711767211 gnorm: 0.015391432146 xtb: 6.2.3 (830e466)
C         2.27297740323122    0.86699975932188   -2.26682983515533
C         1.77041428647540    0.57999766805306   -1.06894424570456
C         1.21787843630893   -0.73779577148556   -0.75716857038087
O        -0.76486792203032    2.51449141152375   -2.11324222308163
O         0.06336967948199    3.36721551574098   -1.32157983728580
O         0.68363589149955   -1.03768996174255    0.28284504088587
H         0.14265060344790    4.15060428721565   -1.89096444968369
H         2.67152870573041    1.83954651676877   -2.50050391811627
H         2.29487919510924    0.13440973776982   -3.05944745297318
H         1.30293069353918   -1.46838686428836   -1.58749145246513
H        -0.99830279385740    1.81477598182585   -1.47621638487853
H         1.73191582106353    1.31544171929805   -0.27626667116315
12
 energy: -21.519841260088 gnorm: 0.004027169269 xtb: 6.2.3 (830e466)
C         2.27220702012101    0.86632232351312   -2.26764980208038
C         1.76966841809830    0.58349853399041   -1.07029949726270
C         1.21638893725931   -0.73354517235345   -0.75687796199064
O        -0.74871248372370    2.50924487379408   -2.11720925760581
O         0.05297213047588    3.36270095727068   -1.31394654363729
O         0.68907259654015   -1.03399787723167    0.28320202894596
H         0.14777545746075    4.14063329970693   -1.87814156300734
H         2.66835218367819    1.83821668990151   -2.50595127802161
H         2.29165890840800    0.13068745908924   -3.05682145598965
H         1.30031845850254   -1.46522559242378   -1.58610546312152
H        -1.00094919866722    1.81993095254730   -1.48568781735203
H         1.73025757184639    1.32114355219699   -0.28032138887925
12
 energy: -21.519964571804 gnorm: 0.003769187333 xtb: 6.2.3 (830e466)
C         2.29856499255267    0.86234231115569   -2.27402145284464
C         1.76585883121873    0.59568741156419   -1.08562155453292
C         1.19323478659321   -0.71401263605720   -0.77338178580362
O        -0.75289850418064    2.47371080082506   -2.06877265205691
O         0.05745355026315    3.36204246374498   -1.31036513469260
O         0.63266755785945   -0.99977425658241    0.25527370424425
H         0.12533535784697    4.12738543082204   -1.89813017088984
H         2.70599133637131    1.82903404917233   -2.51494039518038
H         2.33277462389651    0.11663223357964   -3.05360998415865
H         1.30075068933131   -1.45619419834097   -1.59223978658877
H        -0.98189003655393    1.80079371179674   -1.41557250963205
H         1.71116681480080    1.34196267832126   -0.30442827786613
12
 energy: -21.519912553814 gnorm: 0.023359942704 xtb: 6.2.3 (830e466)
C         2.37064099862650    0.85145550542627   -2.28994422329503
C         1.75494504292173    0.62916566112915   -1.12784988876476
C         1.12827946160028   -0.65921333655545   -0.81968853296520
O        -0.77152891882338    2.38276810050792   -1.93933619304381
O         0.06675552779719    3.35859907988065   -1.30464010786829
O         0.48338058048403   -0.90459103294507    0.17701636656820
H         0.06216970051286    4.08853723206646   -1.95097652513984
H         2.81211425821611    1.80320686670801   -2.53550172977323
H         2.44461841902146    0.07925058185952   -3.04343379564648
H         1.29174560652961   -1.42892190489799   -1.60847982731292
H        -0.91681713528658    1.74108085400107   -1.22213826504775
H         1.66270645839962    1.39827239282085   -0.37083727771317
12
 energy: -21.520189379764 gnorm: 0.005066740686 xtb: 6.2.3 (830e466)
C         2.34664361653060    0.85517823894805   -2.28534132547553
C         1.75891824221076    0.62184780287055   -1.11737736974695
C         1.14333239010497   -0.66981605970211   -0.80694681102263
O        -0.75911017216720    2.40746885764739   -1.98219821965026
O         0.06177707881645    3.34932042750907   -1.30204734483724
O         0.53467320714352   -0.92672979881693    0.20089560961518
H         0.07969356733532    4.09242182186177   -1.92279716193043
H         2.78340287743278    1.80925588520489   -2.52885773918924
H         2.40978503927344    0.08913948593445   -3.04365655143002
H         1.28385694123830   -1.43181767183181   -1.60180245969747
H        -0.93795233952594    1.75877913959625   -1.29056260036506
H         1.68398955160647    1.38456187077979   -0.35511802627264
12
 energy: -21.520287332154 gnorm: 0.005389566130 xtb: 6.2.3 (830e466)
C         2.36981021387207    0.84978296650087   -2.29003034232398
C         1.75946539979795    0.63108666509110   -1.13001503188450
C         1.12826920112519   -0.65279445174759   -0.81844729072158
O        -0.76408404622847    2.38700560164617   -1.95312489222360
O         0.05725999005274    3.34204520963786   -1.29625613560133
O         0.49551869669344   -0.89373585292240    0.18158068074406
H         0.06504641113372    4.07586343643469   -1.92339393208438
H         2.81316460943942    1.80000440642803   -2.53467298036992
H         2.43507364714076    0.07880502184279   -3.04168724792221
H         1.27589734390764   -1.42329325319262   -1.60318291706217
H        -0.92401000441590    1.74330500257230   -1.25070165240743
H         1.67759853748087    1.40153524771021   -0.37587825814524
12
 energy: -21.520500111323 gnorm: 0.017328420113 xtb: 6.2.3 (830e466)
C         2.44300466634413    0.83444294445460   -2.30248578883803
C         1.75577456353489    0.66277786917581   -1.17218887157132
C         1.07064272911770   -0.59425357429588   -0.86216539239208
O        -0.78108927578120    2.31006335704739   -1.84686909878019
O         0.05346720687482    3.32031943083177   -1.28480171510937
O         0.37357657621102   -0.78738549072776    0.11054487320398
H         0.00137754709179    4.02584471155744   -1.94413460730401
H         2.92461182443616    1.76775606120207   -2.54395527409031
H         2.52673337090687    0.04548800532054   -3.03154032582620
H         1.23776092919117   -1.39088215820516   -1.61327114630401
H        -0.87397261043873    1.68989533342067   -1.10204098084491
H         1.65712247251071    1.45554351021997   -0.44290167214582
12
 energy: -21.520712280006 gnorm: 0.012196731476 xtb: 6.2.3 (830e466)
C         2.46040301999032    0.82919018800569   -2.30331532283707
C         1.76056123477097    0.66954879111540   -1.18288372484519
C         1.05651889117543   -0.57659393768476   -0.87512476007615
O        -0.78516930240719    2.29115200773164   -1.82212348479098
O         0.04992466670567    3.31127078387595   -1.28168010283104
O         0.34824058544676   -0.75425467434627    0.09048730876361
H        -0.02016686772100    4.01070615398329   -1.94584450951818
H         2.95873838190042    1.75552765588283   -2.53882254633170
H         2.54690589269405    0.03660031043132   -3.02739617053834
H         1.21798841781131   -1.38018163826477   -1.61679190523692
H        -0.86837656566208    1.67876862379900   -1.07229376889576
H         1.66344164529463    1.46787573547213   -0.46002101286454
12
 energy: -21.521190931075 gnorm: 0.009872615873 xtb: 6.2.3 (830e466)
C         2.52792196945118    0.80527390659333   -2.31008491031863
C         1.77038876852260    0.69443163892114   -1.22005527040726
C         1.00833526345113   -0.51661724706026   -0.91570403560722
O        -0.80779297793752    2.23930509301048   -1.73934102444252
O         0.03501124464131    3.28059950350092   -1.26498322056481
O         0.25749312261304   -0.64034889989878    0.02484607177945
H        -0.09081644553037    3.96183913827304   -1.94064536602372
H         3.07492571532153    1.70827395577650   -2.53363513974314
H         2.62051825754857   -0.00331918720033   -3.01704252160170
H         1.17147064677252   -1.35029627341248   -1.62590004738340
H        -0.85636172695167    1.64906779402811   -0.97536709697789
H         1.67791616209692    1.51140057746983   -0.51789743871137
12
 energy: -21.521929103582 gnorm: 0.009948915101 xtb: 6.2.3 (830e466)
C         2.61362751486124    0.77077798746960   -2.30791028589802
C         1.80463424743581    0.71438429441711   -1.25626497057305
C         0.95828396134125   -0.44679079603781   -0.96638331403700
O        -0.85525778424881    2.18761016495667   -1.64543641912468
O         0.00043798152312    3.25834238530696   -1.25711579276121
O         0.15456178253202   -0.50416225946697   -0.06258751780203
H        -0.17548049274515    3.90867843723887   -1.94565044054506
H         3.21517083457491    1.64364557451792   -2.51111553917620
H         2.69963327870664   -0.05134720665975   -3.00060580487950
H         1.10677100181293   -1.30996711331279   -1.64567129724170
H        -0.85478672451232    1.61900744904774   -0.86250408361186
H         1.72141439871750    1.54943108252405   -0.57456453435184
12
 energy: -21.522542452594 gnorm: 0.021705425329 xtb: 6.2.3 (830e466)
C         2.70425793701235    0.71490339050168   -2.29179114796608
C         1.85060266349205    0.72359867997500   -1.28091289207995
C         0.92259179800357   -0.37664049338630   -1.01698689369530
O        -0.92120793749712    2.17287940686863   -1.56926246309312
O        -0.04962853814824    3.24689959201398   -1.25725285918880
O         0.08474721603690   -0.36725687293864   -0.15816039033591
H        -0.28006300962873    3.87722890219668   -1.93927041306349
H         3.35006357942061    1.55030354465996   -2.47430585345655
H         2.75814903934358   -0.11653235109163   -2.97720027574950
H         1.04201495588447   -1.26041555046039   -1.67627191205728
H        -0.86010119544481    1.60368948779668   -0.78192213608074
H         1.78758349152447    1.57095226386599   -0.61247276323535
12
 energy: -21.522593625177 gnorm: 0.029256697673 xtb: 6.2.3 (830e466)
C         2.79685708754856    0.66481564371616   -2.28798684038674
C         1.88345446943774    0.74326252205377   -1.31964488603722
C         0.87418775505810   -0.29896565195229   -1.07394297851327
O        -0.97072803511362    2.12793073488038   -1.46185190975621
O        -0.08576458347111    3.22843606318266   -1.24812918953701
O        -0.03346746123218   -0.21088202837184   -0.26379131433391
H        -0.39615119347809    3.83784421935848   -1.93878901954400
H         3.50334099045074    1.46179414562807   -2.45498195608548
H         2.83932428382048   -0.18349359480063   -2.95574329637012
H         0.99205759592652   -1.21244483329824   -1.69938939864382
H        -0.83959424929658    1.57046652053594   -0.65817641876443
H         1.82549334034845    1.61084625906923   -0.67338279202978
12
 energy: -21.522968289003 gnorm: 0.025461903572 xtb: 6.2.3 (830e466)
C         2.74677841457655    0.67032866752706   -2.29167974930504
C         1.86481907121740    0.73040848098162   -1.30225088889653
C         0.91120998941108   -0.33360931530163   -1.04957888661470
O        -0.96167316416450    2.16569616267756   -1.50356768124131
O        -0.09155618297386    3.25545823086306   -1.24524531833578
O         0.01739262074221   -0.27150981534747   -0.22685488449470
H        -0.35432348434262    3.87569409713479   -1.92656657120593
H         3.46737324566327    1.46700379758465   -2.46954052787550
H         2.80475602744053   -0.17785411371587   -2.96110390636916
H         1.04427680982472   -1.22869271107666   -1.69014410601698
H        -0.86746249657875    1.59794780338563   -0.72380146053484
H         1.80741914918298    1.58873871528894   -0.64547601911158
12
 energy: -21.520442405094 gnorm: 0.091760787071 xtb: 6.2.3 (830e466)
C         2.81720037946107    0.64608899321901   -2.27314531466975
C         1.89908139796039    0.73977215176509   -1.30717945844571
C         0.87673603058037   -0.29368307485177   -1.07522721896227
O        -1.01261730870903    2.15786912542442   -1.48295056808528
O        -0.11748155509985    3.23764559720300   -1.25359144536105
O         0.03573119239146   -0.23143925735491   -0.26196500022027
H        -0.39051276944182    3.84400760581261   -1.92362894861805
H         3.52427713912309    1.43019094832367   -2.44225645044215
H         2.84910349517580   -0.20404072038056   -2.93863328342852
H         0.94169654161144   -1.18493243278376   -1.71794143867801
H        -0.89914517823554    1.59419750915049   -0.70132079330844
H         1.86494063518165    1.60393355447445   -0.65797007978246
12
 energy: -21.523444735085 gnorm: 0.013368591627 xtb: 6.2.3 (830e466)
C         2.80819900428400    0.64546568231108   -2.27971191364628
C         1.90129448326130    0.73803858856733   -1.31281571146128
C         0.89617830587378   -0.30190308354760   -1.06516359246278
O        -1.04505260839797    2.17464337593892   -1.47015931421285
O        -0.10984223572519    3.22561595347251   -1.25867469736535
O         0.01144530899078   -0.22305057169617   -0.25253227035756
H        -0.39609456603274    3.86611873417497   -1.91438997775025
H         3.53709268454986    1.41905342093690   -2.44057804631013
H         2.85124037538671   -0.21370453173383   -2.93071916950462
H         0.97092327427541   -1.18410978789136   -1.73079989646271
H        -0.89225126646865    1.58708866241676   -0.71014645719285
H         1.85587724000175    1.60635355705222   -0.67011895327530
12
 energy: -21.523678573120 gnorm: 0.018015081833 xtb: 6.2.3 (830e466)
C         2.81803860219423    0.63159356202750   -2.27149710500685
C         1.90564671722186    0.73557390890575   -1.31337597049037
C         0.88623455480537   -0.28703176220065   -1.08880940647936
O        -1.09409769906600    2.20230133288726   -1.44775769113078
O        -0.09423984498154    3.20690024494118   -1.27277168272759
O        -0.00458573324172   -0.20537066916290   -0.27117042999171
H        -0.40889989799229    3.89100119169914   -1.88627246212369
H         3.53927457263979    1.41079726513633   -2.45179821905961
H         2.85254504707912   -0.22385898648529   -2.92690815272237
H         1.01676095436328   -1.20306051995515   -1.70245560601505
H        -0.88012312142861    1.57291180457891   -0.72685467254996
H         1.85245584840559    1.60785262762965   -0.67613860170463
12
 energy: -21.524038770388 gnorm: 0.010891243394 xtb: 6.2.3 (830e466)
C         2.82031817904175    0.62702147000887   -2.27398855415973
C         1.90488097697755    0.73849909909652   -1.31845846212615
C         0.90014475658135   -0.29258309360432   -1.08007671473819
O        -1.09753694178462    2.20451090584416   -1.44377317761677
O        -0.10510718719463    3.21018130765630   -1.25895669695051
O        -0.01194500707805   -0.19251486798177   -0.28848885183248
H        -0.40675785834828    3.89374029508385   -1.87579502689429
H         3.54535956028458    1.40223500588938   -2.45731067853499
H         2.86052318046540   -0.23596041939484   -2.91980672194661
H         1.02206416230215   -1.20303848695816   -1.69895671904743
H        -0.88730932993914    1.57002149548862   -0.72964132242248
H         1.84437550869101    1.61749728887313   -0.69055707373232
12
 energy: -21.524325512690 gnorm: 0.009651586891 xtb: 6.2.3 (830e466)
C         2.82562433791555    0.61964500538327   -2.28055300042011
C         1.90392255512403    0.74429565131427   -1.33116038374758
C         0.90706823510053   -0.29002374906771   -1.08384596963861
O        -1.12228226959266    2.21978646740726   -1.42622949812445
O        -0.11443628162597    3.20826158561821   -1.24283700093528
O        -0.02662302123275   -0.16927423774742   -0.32079139209719
H        -0.40757490530435    3.90352943288197   -1.84802038018501
H         3.55838160033255    1.38699283360915   -2.46760485502542
H         2.88113319847616   -0.26091419530193   -2.90325842422174
H         1.04560932129441   -1.21521706332949   -1.67598360159987
H        -0.89666773792557    1.56047968103605   -0.73923753921908
H         1.83485496743716    1.63204858819812   -0.71628795478761
12
 energy: -21.524780908951 gnorm: 0.017708442881 xtb: 6.2.3 (830e466)
C         2.85277637949333    0.59438768772339   -2.28209835305720
C         1.90986107432732    0.75206553320901   -1.35534659931364
C         0.91887190666835   -0.28274077710799   -1.09373365542258
O        -1.18314555394058    2.25827088088394   -1.38340065385232
O        -0.12886951731227    3.19929469907873   -1.20948675209302
O        -0.06329640018037   -0.11708148167826   -0.39692248279956
H        -0.40783751064571    3.92450398330159   -1.78220107282514
H         3.57897403535008    1.36043614324558   -2.49767943437125
H         2.92221244144029   -0.30981263078141   -2.87128541488118
H         1.09880791918289   -1.24491872736259   -1.61774902499503
H        -0.92125225151455    1.53826185277058   -0.76438333339769
H         1.81190747713038    1.66694283671920   -0.78152322299328
12
 energy: -21.525175712615 gnorm: 0.013527489261 xtb: 6.2.3 (830e466)
C         2.87510237892497    0.57629132170274   -2.28936988206793
C         1.91611212698632    0.75830258881124   -1.38202487818983
C         0.91989881734921   -0.27137611648270   -1.10936689653055
O        -1.22184839962413    2.28589269561882   -1.35228477809954
O        -0.14996888772648    3.19898681115745   -1.17289710342576
O        -0.07804475340441   -0.08689484898385   -0.45296741504065
H        -0.40784920852099    3.93710116967773   -1.72843162889820
H         3.59993643871601    1.33767465914089   -2.52060074219275
H         2.96690471422496   -0.35483555607378   -2.83747801678580
H         1.13278925626722   -1.26524916632321   -1.56608637544854
H        -0.96380323890174    1.53187265047800   -0.78257893251364
H         1.79978075570827    1.69184379127846   -0.84172335080868
12
 energy: -21.524500434190 gnorm: 0.045418946493 xtb: 6.2.3 (830e466)
C         2.90430992810982    0.55373085824359   -2.29317907896967
C         1.93037939149827    0.75992594590259   -1.40891980421923
C         0.93112313505448   -0.26548881856495   -1.11525782906352
O        -1.32176209463489    2.35110419793686   -1.29534089298143
O        -0.13529384062470    3.16750527555413   -1.17753471291057
O        -0.08700950772597   -0.06449317406415   -0.51112229377184
H        -0.43127767333922    3.97270760935769   -1.64336979182224
H         3.62350001407848    1.31289513734118   -2.54443040541289
H         3.02148141857434   -0.40505210292621   -2.79193370703968
H         1.16158055943484   -1.27523638352631   -1.51234967184768
H        -0.99812147033195    1.51618635606552   -0.82827851705053
H         1.79010013990574    1.71582509868187   -0.91409329491256
12
 energy: -21.525697026759 gnorm: 0.006946363941 xtb: 6.2.3 (830e466)
C         2.91088098997427    0.54694238383575   -2.28340880431817
C         1.93721357932512    0.75043106444850   -1.40236124631482
C         0.93268377512129   -0.27006383609693   -1.11299220248217
O        -1.27700750668155    2.32483364492955   -1.31474518261245
O        -0.15527099960968    3.18832063721857   -1.16372314033020
O        -0.09477886340039   -0.06990409776779   -0.51035395306087
H        -0.43828017745548    3.96588619417547   -1.66429368664769
H         3.61587002105076    1.31779550889600   -2.54483438732371
H         3.00871998251358   -0.39199964435765   -2.80279855907036
H         1.15921151892842   -1.26966830935431   -1.52155162305769
H        -1.00487696184987    1.54026127153464   -0.80364796105792
H         1.79464464208277    1.70677518254001   -0.91109925372579
12
 energy: -21.525693172452 gnorm: 0.018329585044 xtb: 6.2.3 (830e466)
C         2.92109442037761    0.53228969650334   -2.28909091199895
C         1.92953293933967    0.75698794893611   -1.42925698735520
C         0.93485485891154   -0.26811654081425   -1.12550320151952
O        -1.29716840777059    2.34931822820027   -1.28795991417060
O        -0.17735049625621    3.20477764895239   -1.13535554489572
O        -0.11607535361288   -0.05231886759205   -0.55537847770549
H        -0.45173646226045    3.98667710308230   -1.62667234132023
H         3.63163465470219    1.29667472545446   -2.55436923009233
H         3.04229161289887   -0.42821844922634   -2.77607303595340
H         1.20154844431368   -1.29622865456764   -1.47994883458345
H        -1.00497670037382    1.53414836071498   -0.81598481497160
H         1.77536048972970    1.72361880035824   -0.96021670543535
12
 energy: -21.525965004389 gnorm: 0.015755246149 xtb: 6.2.3 (830e466)
C         2.91886774618764    0.53260139932649   -2.28935462037300
C         1.92319841312422    0.75607073029524   -1.43679677993405
C         0.93345105976816   -0.27294690643596   -1.12723841620037
O        -1.30016847540369    2.35905562517189   -1.28015524739272
O        -0.17628789168742    3.21390233968802   -1.14801100816317
O        -0.10085438942205   -0.07825612455860   -0.54389190697876
H        -0.46884544911819    3.99589646976515   -1.62761947523392
H         3.63458720307591    1.29373331355142   -2.54430193753168
H         3.05050612518091   -0.43016120792127   -2.76729170991782
H         1.19460296714504   -1.29019397392674   -1.48593323309481
H        -0.99413403866514    1.54327737282159   -0.81774821130437
H         1.77408672981390    1.71663096222458   -0.96746745387720
12
 energy: -21.526100204274 gnorm: 0.015746501605 xtb: 6.2.3 (830e466)
C         2.93926504161575    0.51686239635894   -2.28336981707960
C         1.92988600496703    0.75203019450482   -1.45083992380811
C         0.94110223448061   -0.27561335511510   -1.13284614940536
O        -1.32908046751214    2.37612859672144   -1.24743425888441
O        -0.16383722187480    3.20153880329236   -1.15514692768404
O        -0.11313470060969   -0.07420016942720   -0.58147751882375
H        -0.48357423005210    4.00937588415791   -1.59380380257358
H         3.64276996398370    1.28523547155056   -2.55418779700258
H         3.07950132804525   -0.45026917232610   -2.74292230280017
H         1.21277795405929   -1.29263578317792   -1.46588191593118
H        -1.02220990709977    1.55907164842627   -0.81002702420809
H         1.75554399999618    1.73208548503583   -1.01787256180100
12
 energy: -21.526365200525 gnorm: 0.008617881519 xtb: 6.2.3 (830e466)
C         2.95052259844043    0.50342374626894   -2.28192466229674
C         1.92800678577515    0.75163134945783   -1.46783824381728
C         0.94398112524761   -0.27669462607651   -1.13881286930642
O        -1.33911654587881    2.39156027441744   -1.22782470283607
O        -0.18484503361359    3.22019538483997   -1.13437259312360
O        -0.12120912595663   -0.07034238088887   -0.60650054021717
H        -0.49395588802671    4.02463153332465   -1.57181237490499
H         3.65082435805704    1.27245808280689   -2.56202401642673
H         3.10262398114656   -0.47252917509576   -2.72026612042690
H         1.23062761086003   -1.30046389676727   -1.44356143417229
H        -1.01889051894175    1.55381679819011   -0.82177049114344
H         1.74044065289001    1.74192290952440   -1.05910195133023
12
 energy: -21.526549546038 gnorm: 0.010846434829 xtb: 6.2.3 (830e466)
C         2.95933852803655    0.49146111668298   -2.28370523949667
C         1.91311805893581    0.75662366442306   -1.50379376068006
C         0.94202280526667   -0.27647382779890   -1.15437469832082
O        -1.34763545586654    2.40771455989182   -1.19379732276120
O        -0.19852422533022    3.23864469309849   -1.12037596879837
O        -0.13284846210400   -0.06998144573681   -0.64218956821528
H        -0.51587501640654    4.04854447010860   -1.53760706554761
H         3.66601577247429    1.25380015257654   -2.56346041509580
H         3.14043153537486   -0.50118342228209   -2.68149594184618
H         1.26101829805740   -1.31508103473400   -1.40742578873804
H        -1.01452853009582    1.55660283646615   -0.82592399650506
H         1.71647669165691    1.74893823730599   -1.12166023399677
12
 energy: -21.526803022584 gnorm: 0.008405168665 xtb: 6.2.3 (830e466)
C         2.97154291626788    0.47886964815378   -2.27792139670683
C         1.90908889002592    0.75281748177733   -1.52616717961750
C         0.94289158010277   -0.27885979728605   -1.16348038112378
O        -1.35301285184032    2.41785886596772   -1.16020143101224
O        -0.20610740361243    3.25268988373550   -1.11703344617907
O        -0.14093104298435   -0.07220859756243   -0.66963081947387
H        -0.53819036185079    4.06670831380725   -1.51169343673584
H         3.67471674824615    1.24199867148911   -2.56597883676330
H         3.16972794168302   -0.51999137716714   -2.64518693263891
H         1.27148165374989   -1.31390578680290   -1.38860566853641
H        -1.00390973258248    1.55706317838127   -0.82819431489394
H         1.69171166279413    1.75656951550839   -1.18171615632018
12
 energy: -21.527107704368 gnorm: 0.009304139877 xtb: 6.2.3 (830e466)
C         2.99308475609936    0.46016884438907   -2.26562402883458
C         1.89107012681240    0.75141449105432   -1.57516295931973
C         0.94088342159885   -0.28463303140613   -1.18510184875688
O        -1.36222920138479    2.43527808438667   -1.09132343134811
O        -0.20317922708806    3.26865460642660   -1.12196605636758
O        -0.15531691758838   -0.08079332260154   -0.72023402558223
H        -0.57243620673441    4.09552865733105   -1.46352637113171
H         3.68887991089420    1.22546049926652   -2.56813138082556
H         3.22601951195798   -0.54992618493464   -2.57296213618231
H         1.29418480299116   -1.31820652799038   -1.35258809279619
H        -0.98756405430169    1.56554200602990   -0.82155844821959
H         1.63561307674281    1.77112187805036   -1.29763122063744
12
 energy: -21.526938894570 gnorm: 0.022254063153 xtb: 6.2.3 (830e466)
C         2.98939482381620    0.46588342657249   -2.25780465252491
C         1.87438131949230    0.74837223625849   -1.60098816082647
C         0.93336315665355   -0.28834646743277   -1.19604997549007
O        -1.33731810055492    2.42367006793282   -1.06426702779376
O        -0.19197921840391    3.27683511590070   -1.13390329189531
O        -0.15860965516230   -0.09067069193923   -0.72689429260301
H        -0.57889146783156    4.10202396168577   -1.45202794874727
H         3.68396864943597    1.23036284789645   -2.56406801771206
H         3.24002395254340   -0.54279992652211   -2.52740867224876
H         1.29214587138846   -1.31282008843287   -1.34188668081478
H        -0.96378039115674    1.56658791719233   -0.81663646842743
H         1.60631105977901    1.76051160088974   -1.35387481091809
12
 energy: -21.527351930083 gnorm: 0.012010810959 xtb: 6.2.3 (830e466)
C         3.00418090017674    0.45033171896138   -2.25570822427119
C         1.86796272184054    0.74718129263436   -1.63769896694377
C         0.93628739946931   -0.29043864418447   -1.20755308208224
O        -1.35184617466226    2.44798266110090   -1.02501812730781
O        -0.20331454187245    3.29000510659184   -1.11394051462876
O        -0.17318924816019   -0.08495168571210   -0.77205482579782
H        -0.59807252380689    4.13137000002126   -1.39469105477461
H         3.69047908196671    1.21556076037285   -2.58175236699059
H         3.28673666935790   -0.57880710925336   -2.46697423655692
H         1.32109138022974   -1.32419956667533   -1.29652647768840
H        -0.96327919581856    1.56234121389824   -0.84062722256675
H         1.57197353127891    1.77323425224626   -1.44326490039303
12
 energy: -21.527259418950 gnorm: 0.016522848107 xtb: 6.2.3 (830e466)
C         3.01416672639736    0.44588244708130   -2.25177402437928
C         1.86846901595103    0.75096385118293   -1.63944957514178
C         0.93734895866870   -0.28685723395814   -1.20621958169671
O        -1.36716027686546    2.45412250708889   -1.02215041976890
O        -0.20860074842943    3.28360850866662   -1.10721593911392
O        -0.17174689466680   -0.07963204529050   -0.77157339909557
H        -0.58354957915989    4.11650993900885   -1.40132990452085
H         3.70069422444186    1.20846968458106   -2.57987096639368
H         3.27678094851633   -0.56664115470305   -2.48106048967893
H         1.32447130649006   -1.32433118715718   -1.29319249663407
H        -0.97768371699922    1.56371297686384   -0.84118191469559
H         1.57582003565493    1.77380170663720   -1.44079128888260
12
 energy: -21.527476884078 gnorm: 0.005325469761 xtb: 6.2.3 (830e466)
C         3.01074366526443    0.44877089594218   -2.25318962512093
C         1.86677543649260    0.75021049736606   -1.64317114711162
C         0.93683984754541   -0.28684352600625   -1.20624428085974
O        -1.35789265244123    2.44980148330645   -1.02304410630049
O        -0.20372481633006    3.28068184288979   -1.10786242705209
O        -0.16974964699994   -0.08162639120279   -0.76804042537435
H        -0.58582963966965    4.11975552816467   -1.39020956557957
H         3.69407976163837    1.21225629137549   -2.58660940975997
H         3.28960086076947   -0.57548362446532   -2.46049603207895
H         1.31740027132590   -1.31684671747112   -1.29900158640865
H        -0.97661736137837    1.56379624225864   -0.84288281786613
H         1.56738427378258    1.77513747784403   -1.45505857648937
12
 energy: -21.527459450854 gnorm: 0.014964317076 xtb: 6.2.3 (830e466)
C         3.01374733721051    0.44574489232239   -2.25063554413057
C         1.86275145096099    0.74568901995918   -1.66498627768856
C         0.93614332923561   -0.28704578981926   -1.21395591239478
O        -1.36066486683908    2.45867294967559   -0.99573698279754
O        -0.19966844726368    3.28183067394307   -1.11324419405284
O        -0.17785043938317   -0.08038237994925   -0.79044354478310
H        -0.60100341250644    4.13571508110571   -1.35692154436711
H         3.69830033298939    1.20403757538649   -2.59069027953608
H         3.30841857461075   -0.58123697926569   -2.42063037615918
H         1.33168073111904   -1.31837070609907   -1.27311094447534
H        -0.97154570386050    1.56377231502782   -0.85455255699985
H         1.54870111372611    1.77118334771488   -1.51090184261694
12
 energy: -21.527565280909 gnorm: 0.007681100715 xtb: 6.2.3 (830e466)
C         3.01728436474990    0.44445012940729   -2.24987386923851
C         1.85844810330142    0.74831122927989   -1.67498636812698
C         0.93697160732634   -0.28656777946191   -1.21652374309184
O        -1.36520418375451    2.46187753521047   -0.98740223098268
O        -0.20145547801601    3.28006064012229   -1.10308922568118
O        -0.17794463894034   -0.08058129386622   -0.79546476100395
H        -0.58643905499694    4.12961009306238   -1.35194924126295
H         3.69808099931659    1.20352738265198   -2.59677616255741
H         3.32035717310060   -0.58618948071351   -2.40533955348679
H         1.33611491267977   -1.31770439513931   -1.26948347974407
H        -0.98415439487139    1.56671586412458   -0.85227555419973
H         1.53695059010411    1.77610007532392   -1.53264581062575
12
 energy: -21.527507648121 gnorm: 0.010622359044 xtb: 6.2.3 (830e466)
C         3.01575290316239    0.44688434470947   -2.25054186185498
C         1.86221341045212    0.75309749564307   -1.66209269871944
C         0.93781181713252   -0.28013295789327   -1.20560890205448
O        -1.36184282827967    2.45410790302220   -1.01622144741252
O        -0.20216593797488    3.26606162702232   -1.09862961610745
O        -0.16900983861933   -0.07364176376742   -0.77059438021480
H        -0.57190232177988    4.11823029578341   -1.35747923672553
H         3.69519295915844    1.20551695810177   -2.60171100935930
H         3.30135716296974   -0.57454584735246   -2.42549268900475
H         1.32198958850855   -1.30804890253405   -1.28480131791612
H        -0.99573504302784    1.55846961899909   -0.86320983319354
H         1.55534812829737    1.77361122826771   -1.49942700743892
12
 energy: -21.527646166254 gnorm: 0.003602462365 xtb: 6.2.3 (830e466)
C         3.01994039716492    0.44420657310880   -2.24800548580558
C         1.85611576253875    0.75103405268705   -1.68211760852011
C         0.93696918343964   -0.28180295553174   -1.21487127052517
O        -1.36791623351509    2.46251164214600   -0.98545173499400
O        -0.19857085298731    3.26864607862842   -1.10140242941124
O        -0.17596833378476   -0.07654375507284   -0.79203901214528
H        -0.57654102180473    4.12444824355864   -1.33920879674546
H         3.69838930284741    1.20094324246238   -2.60390708622661
H         3.32434311624886   -0.58309617246384   -2.39069640722629
H         1.33369314905997   -1.30971052782512   -1.26880482575283
H        -0.99428837920514    1.56337480558501   -0.86004263291690
H         1.53284390999701    1.77559877271908   -1.54926270973238
12
 energy: -21.527670218473 gnorm: 0.005591772899 xtb: 6.2.3 (830e466)
C         3.02309982818353    0.44178016574781   -2.24565094514797
C         1.85045745882494    0.75013412535086   -1.70050009019819
C         0.93702024342532   -0.28156958308335   -1.21963467568483
O        -1.36879458123064    2.46798457901347   -0.96769684406610
O        -0.19652142211205    3.26697606120659   -1.09820797684229
O        -0.18034673529273   -0.07643692481872   -0.80600488584142
H        -0.57398878650686    4.13068113860529   -1.31480909348783
H         3.69974606854784    1.19581183055453   -2.61015881216796
H         3.34055900716448   -0.58673153734480   -2.35840761277450
H         1.34489804253372   -1.31074067785275   -1.25115024929079
H        -0.99978220076520    1.56408495877757   -0.86638459044753
H         1.51266307722720    1.77763586384537   -1.59720422405243
12
 energy: -21.527763173763 gnorm: 0.003142679387 xtb: 6.2.3 (830e466)
C         3.02244284995068    0.44342276103793   -2.24542771756251
C         1.84936736630167    0.75039844282489   -1.70105660289759
C         0.93757102284445   -0.28035450195489   -1.21644850667254
O        -1.36804092531649    2.47097695499393   -0.95530303072261
O        -0.19310041711558    3.25835392447260   -1.12494800599731
O        -0.18144308082852   -0.07734880191830   -0.80722064802622
H        -0.56868836326422    4.13024406083794   -1.30471628409823
H         3.69790963142079    1.19752566291703   -2.61166280854500
H         3.34602460420371   -0.58211168961668   -2.34563330133654
H         1.34050576107156   -1.30957086316813   -1.26184601025027
H        -1.00440727326502    1.56358964987412   -0.86049290958401
H         1.51086882399653    1.77448439970147   -1.60105417430900
12
 energy: -21.527820222425 gnorm: 0.006924926756 xtb: 6.2.3 (830e466)
C         3.02497433860579    0.44612462414271   -2.23874670754702
C         1.84810883736575    0.75043051502635   -1.70158605390773
C         0.93187385816954   -0.28081401723759   -1.22826759942682
O        -1.36632835262472    2.47585702586688   -0.93379421695256
O        -0.18820551298619    3.24397074787756   -1.17470323091086
O        -0.18382914538878   -0.07868189001381   -0.81070479887092
H        -0.56105490708282    4.13085700887267   -1.28503208418344
H         3.69499586325139    1.20068589717727   -2.61387273093908
H         3.35470464816635   -0.57536319370745   -2.32784393987644
H         1.33710600020218   -1.30717753980961   -1.26859535441200
H        -1.01039604912007    1.56408690056995   -0.84357551679428
H         1.50706042144113    1.76963392123702   -1.60908776618065
12
 energy: -21.527867233451 gnorm: 0.002767418967 xtb: 6.2.3 (830e466)
C         3.02549050760871    0.44651194407671   -2.23671582345179
C         1.84593515738768    0.75071562667178   -1.70471780356795
C         0.93256795081444   -0.28096116247156   -1.22621412225831
O        -1.36468403254440    2.47478855998480   -0.93695098546816
O        -0.18927406005429    3.24431552558296   -1.17409151033319
O        -0.18469879938528   -0.07951252626672   -0.81175173411130
H        -0.55867011711601    4.12974790521409   -1.28530818423746
H         3.69595503897363    1.20180703365595   -2.60973354913784
H         3.35647991302492   -0.57561168199588   -2.32484805032947
H         1.33575603187540   -1.30854051292889   -1.27288412501388
H        -1.00709664341473    1.56552417482545   -0.83314154974032
H         1.50124905282948    1.77082511365324   -1.61945256235214
12
 energy: -21.527901277769 gnorm: 0.003021926012 xtb: 6.2.3 (830e466)
C         3.02546641554582    0.44716410083713   -2.23555041436655
C         1.84102382690038    0.75079513985684   -1.71333042128075
C         0.93161208342808   -0.28141117852432   -1.22788475634246
O        -1.36235780566660    2.47619668239256   -0.92644884404971
O        -0.18939126885968    3.23892675915944   -1.19553222377761
O        -0.18415590373623   -0.07972902038972   -0.80858408712866
H        -0.55394358071553    4.13071315596116   -1.27227359189438
H         3.69830028741598    1.20388666165081   -2.60147666227822
H         3.36291731538976   -0.57524006533554   -2.31309930548544
H         1.33367974108063   -1.31007355765101   -1.27892250888386
H        -1.00609842889899    1.56634144155660   -0.82593128052609
H         1.49195731811596    1.77203988048802   -1.63677590398808
12
 energy: -21.527930747225 gnorm: 0.001704206458 xtb: 6.2.3 (830e466)
C         3.02722856295831    0.44771673492462   -2.23119626389643
C         1.83569455452136    0.74987326682876   -1.72395953302129
C         0.92867293670493   -0.28247434208179   -1.23438420343549
O        -1.35980059301878    2.47734102494190   -0.91727898984507
O        -0.19187294863259    3.23606911048626   -1.21163113761712
O        -0.18295101847892   -0.07965634098305   -0.80409057800664
H        -0.54864986537466    4.13164220739181   -1.25964594752372
H         3.69961724231667    1.20554864922159   -2.59578976098081
H         3.37085775236215   -0.57421076466437   -2.29835561921580
H         1.33181846123756   -1.31122851240545   -1.28364731131176
H        -1.00328240602732    1.56765416951765   -0.81841233591649
H         1.48167732143088    1.77133479682404   -1.65741831923116
12
 energy: -21.527919145748 gnorm: 0.007385148481 xtb: 6.2.3 (830e466)
C         3.03292733121309    0.44825351890399   -2.21973870012759
C         1.82933489896157    0.74749541017249   -1.73943505577029
C         0.92516967789622   -0.28353414438433   -1.24272468281576
O        -1.35611558187586    2.48142919962832   -0.88928466551091
O        -0.19651503358976    3.23065779488671   -1.25033860189314
O        -0.18161444783050   -0.07930911080415   -0.80094252564699
H        -0.54298906456950    4.13603886234737   -1.23262982815157
H         3.70162581454129    1.20654273768039   -2.59016431739627
H         3.38445538220799   -0.57143493654962   -2.27098476494828
H         1.32746419503023   -1.31244001309326   -1.29360768730121
H        -1.00035846455585    1.56911210285928   -0.81119525294746
H         1.46562529257066    1.76679857835480   -1.69476391749232
12
 energy: -21.527956487340 gnorm: 0.001413811187 xtb: 6.2.3 (830e466)
C         3.03248713854055    0.44743394884686   -2.22182051062577
C         1.82950554518235    0.74651983695410   -1.74154575782039
C         0.92497636970016   -0.28365262127447   -1.24399764033851
O        -1.35650533234797    2.48084319098270   -0.89135185914291
O        -0.19919146185074    3.23540162626165   -1.23799057667506
O        -0.18054543129693   -0.07858553937618   -0.79999847641686
H        -0.54491344012016    4.13628165022496   -1.23647884067932
H         3.70235534679897    1.20510139570193   -2.59119932322053
H         3.38508180945115   -0.57175918126178   -2.26866760727502
H         1.32784035021892   -1.31225585796681   -1.29210307350934
H        -0.99876387545229    1.56908666070683   -0.81482378271888
H         1.46668298117559    1.76519489020218   -1.69583255157920
12
 energy: -21.527963049878 gnorm: 0.000756686087 xtb: 6.2.3 (830e466)
C         3.03241708144879    0.44654078155609   -2.22383637788712
C         1.82886306287781    0.74593532798645   -1.74560299246449
C         0.92492288457919   -0.28355781518160   -1.24509287469009
O        -1.35537270475358    2.48120492245578   -0.88771039041695
O        -0.20113485384817    3.23731068917532   -1.23760651282790
O        -0.18208268523284   -0.07849000891265   -0.80533320187027
H        -0.54692913342392    4.13784417825969   -1.23248309083638
H         3.70413910368313    1.20334934550273   -2.59156515702036
H         3.38895652729515   -0.57200908825125   -2.25935432667898
H         1.32821741895483   -1.31193359105787   -1.29071412315368
H        -0.99767419489856    1.56951113472100   -0.81182644959367
H         1.46468749331777    1.76390412374827   -1.70468450256190
12
 energy: -21.527969991780 gnorm: 0.000984088311 xtb: 6.2.3 (830e466)
C         3.03515916751149    0.44522922223148   -2.22130637523776
C         1.82877804611683    0.74511454423257   -1.75026044331698
C         0.92525503959968   -0.28341862253810   -1.24652970528897
O        -1.35461534965383    2.48296585451711   -0.87772328027457
O        -0.20408719946169    3.23962952119035   -1.23794580871119
O        -0.18458748358066   -0.07831930043592   -0.81419763557290
H        -0.54933366600669    4.13980073012753   -1.22647650963414
H         3.70612341672182    1.20038836533856   -2.59383481040664
H         3.39273580529400   -0.57256143956735   -2.24948945895862
H         1.32989241249185   -1.31147094845323   -1.28698104944239
H        -0.99759718267750    1.56995561963888   -0.81208695748133
H         1.46128699364430    1.76229645372008   -1.71897796567629
12
 energy: -21.527977795415 gnorm: 0.001959872749 xtb: 6.2.3 (830e466)
C         3.04071306152052    0.44215473244394   -2.21708508238367
C         1.82636798379844    0.74288967588317   -1.76644881311468
C         0.92415209596445   -0.28321970306973   -1.25500372981925
O        -1.35264584520158    2.48820577976156   -0.84800465263312
O        -0.21135247727599    3.24280427902945   -1.24537758859412
O        -0.19060854501210   -0.07765105595533   -0.83492258017138
H        -0.55256565580705    4.14457604698476   -1.20748354652932
H         3.71174943405381    1.19392790473309   -2.59626948250993
H         3.40483496558890   -0.57390734291814   -2.22058952448469
H         1.33541752553882   -1.30951465285704   -1.27535897302581
H        -0.99865624453453    1.57124649685124   -0.81230026465004
H         1.45160370136593    1.75809783911497   -1.75696576208576
12
 energy: -21.527981013396 gnorm: 0.000676013631 xtb: 6.2.3 (830e466)
C         3.04086190641740    0.44197866493328   -2.21677110089403
C         1.82661828745349    0.74303076890527   -1.76720171189619
C         0.92417870321441   -0.28250244807655   -1.25566842053927
O        -1.35247134489393    2.48789244882096   -0.84900504445588
O        -0.21107433460590    3.24195712176111   -1.24180616878248
O        -0.19225943850501   -0.07749252717651   -0.83983102370189
H        -0.55128412337673    4.14427629627635   -1.20619931969782
H         3.71142011170057    1.19322552740439   -2.59774776941477
H         3.40420220206426   -0.57385861562923   -2.22037278337620
H         1.33787552315242   -1.30784237187965   -1.26957163890698
H        -1.00091387229651    1.57111523409990   -0.81230209468892
H         1.45185637967514    1.75782990056262   -1.75933292364733
