12
 energy: -21.489818147811 gnorm: 0.146079095633 xtb: 6.2.3 (830e466)
C         1.34913000000000    1.58920000000000   -2.16714000000000
C         1.05111000000000    0.88578000000000   -0.87792000000000
C         1.84718000000000   -0.09224000000000   -0.52712000000000
O         0.45115000000000    2.64383000000000   -2.40831000000000
O         0.69031000000000    3.55920000000000   -1.48503000000000
O         2.58708000000000   -0.97249000000000   -0.19725000000000
H         1.31166000000000    4.20447000000000   -1.90967000000000
H         2.39328000000000    1.96537000000000   -2.11901000000000
H         1.29394000000000    0.87637000000000   -3.02335000000000
H        -0.23980000000000   -1.57306000000000   -1.49054000000000
H        -0.58027000000000   -0.96269000000000   -1.60125000000000
H         0.23422000000000    1.21586000000000   -0.22922000000000
12
 energy: -21.503557520117 gnorm: 0.043456674254 xtb: 6.2.3 (830e466)
C         1.36914594477079    1.57596614817121   -2.16635885277790
C         1.09649890978030    0.88732440296759   -0.84818010354203
C         1.84743459001824   -0.09416740954451   -0.46505350610339
O         0.46437826800352    2.62210467963560   -2.41498185413575
O         0.67241315187798    3.61359637562903   -1.48608776382812
O         2.58776786152070   -0.95947589257799   -0.20802677842213
H         1.30622771188051    4.23731263824803   -1.89687699173271
H         2.39968197611426    1.97625554902958   -2.15703426247369
H         1.27943219411576    0.88169886650237   -3.01712105240716
H        -0.27090444906610   -1.64156783146195   -1.50559272907491
H        -0.62333090757144   -0.97561260764144   -1.62314083853911
H         0.26024474855547    1.21616508104252   -0.24735526696310
12
 energy: -21.506262771929 gnorm: 0.020441669653 xtb: 6.2.3 (830e466)
C         1.38897303804409    1.58928148497867   -2.17060425364941
C         1.15783095836088    0.88698091226944   -0.84376957102204
C         1.91418098387659   -0.09241964318845   -0.48890144167188
O         0.46633910611156    2.61840199883669   -2.40777967478453
O         0.65135923569923    3.66360885058674   -1.48137266884706
O         2.54996202194841   -0.97924577585498   -0.09044953715188
H         1.27750889690014    4.27618714477578   -1.89701222751584
H         2.41582401538367    1.99197321538663   -2.20447771949135
H         1.24867281167555    0.90820405013406   -3.01623837467737
H        -0.34260183293880   -1.72153131476748   -1.53789400193032
H        -0.66638513639446   -1.01468099549994   -1.64971431528744
H         0.32732590133315    1.21284007234290   -0.24759621397088
12
 energy: -21.507592997780 gnorm: 0.023610223103 xtb: 6.2.3 (830e466)
C         1.41025575248634    1.59520980385256   -2.16377003590932
C         1.18521863622613    0.89773633995272   -0.83036860758915
C         1.91202150335546   -0.09138239475343   -0.42610197378478
O         0.48253631987038    2.61679509508821   -2.40531324594081
O         0.64351154742281    3.68536061897654   -1.48006898108675
O         2.58905396699893   -0.97253524547872   -0.10261526039935
H         1.25418911456245    4.30239358217051   -1.90318242306120
H         2.43852003411352    1.98830590234789   -2.22396123137801
H         1.23476652366194    0.91566048871363   -3.00376977856753
H        -0.40469231507850   -1.78448315627145   -1.56749361818391
H        -0.71115508363119   -1.06768377201466   -1.67604019266757
H         0.35476400001174    1.25422273741627   -0.25312465143164
12
 energy: -21.508205854649 gnorm: 0.007420557630 xtb: 6.2.3 (830e466)
C         1.41611861935220    1.60246679395366   -2.16863521972434
C         1.20371511939838    0.90773416309601   -0.83303780119226
C         1.92558471322282   -0.08093493149069   -0.41788788947513
O         0.48836529438483    2.62601106948905   -2.39663530946730
O         0.65201053209813    3.68547217953571   -1.46819709347505
O         2.59263262321441   -0.97014444604878   -0.06849456128115
H         1.23803935940384    4.32016678982424   -1.90599066895833
H         2.44623718067921    1.98713639879340   -2.24156467823814
H         1.22739138948593    0.92209344259648   -3.00752290326091
H        -0.43183394959925   -1.82011360839566   -1.58561765267125
H        -0.75159728603772   -1.11858386013181   -1.69497094388369
H         0.38232640439723    1.27829600877847   -0.24725527837248
12
 energy: -21.508593664090 gnorm: 0.011535976946 xtb: 6.2.3 (830e466)
C         1.42215886442251    1.60785463532860   -2.17581957012155
C         1.22313699711906    0.91303906541448   -0.84092327352221
C         1.94377575273048   -0.06770833809360   -0.41146128891150
O         0.49798332421232    2.63715730945666   -2.38635130156518
O         0.66685065806618    3.68231509707226   -1.45049251184226
O         2.59540439620770   -0.95535392576499   -0.02255635040674
H         1.21188745470031    4.34512576254671   -1.90850122365710
H         2.45421186980812    1.98172340395201   -2.26188752935844
H         1.21923340490043    0.92945426591438   -3.01339750468914
H        -0.47934539717553   -1.87112771664857   -1.60976227759027
H        -0.78695038463468   -1.16765284482340   -1.71698589795316
H         0.42064305964311    1.30477328564558   -0.23767127038248
12
 energy: -21.508794512853 gnorm: 0.009872461592 xtb: 6.2.3 (830e466)
C         1.42776943899727    1.61036548565090   -2.17958240617999
C         1.24030668745830    0.92144248335700   -0.84148844689699
C         1.95619771659195   -0.05671274973706   -0.40004010177093
O         0.50722049381163    2.64432903923715   -2.38172494735962
O         0.67857278706231    3.68159961022154   -1.43930248027337
O         2.59903328673621   -0.94264334884386    0.00292936940356
H         1.18980814761230    4.36427696273712   -1.90957363579088
H         2.46101391938535    1.97808505968875   -2.27823296657669
H         1.21239539038665    0.93199110677435   -3.01363877335625
H        -0.52347288256011   -1.91617215968624   -1.63142048797950
H        -0.80755528339216   -1.20071880206996   -1.73348535226737
H         0.44770029791031    1.32375731267045   -0.23024977095200
12
 energy: -21.508948609622 gnorm: 0.005200632322 xtb: 6.2.3 (830e466)
C         1.43353902560341    1.61289915586070   -2.18287845768940
C         1.25843049614997    0.93315518008297   -0.83985078088558
C         1.96956612951748   -0.04424404845319   -0.38924901629341
O         0.51633712492418    2.65149502712145   -2.38066189118909
O         0.68994107860837    3.68301805973546   -1.43056446455103
O         2.60078635640651   -0.92974318745604    0.02660274179962
H         1.16921814463692    4.38073353895543   -1.90698198210740
H         2.46739403071931    1.97638588458313   -2.29589399387480
H         1.20470727738498    0.93264160411186   -3.01095115088826
H        -0.57119943438941   -1.96485678016427   -1.65524746439369
H        -0.82382488361183   -1.23267150530864   -1.74791249492135
H         0.47409465405011    1.34078707093130   -0.22222104500563
12
 energy: -21.509026913661 gnorm: 0.004439966340 xtb: 6.2.3 (830e466)
C         1.43947295519473    1.61484150426141   -2.18528834655268
C         1.27342691080377    0.94414727088882   -0.83813113637969
C         1.98080482727913   -0.03322563385150   -0.38024942025933
O         0.52439099794155    2.65774339638943   -2.37814121174511
O         0.70513056475065    3.68429374095896   -1.42177418420423
O         2.60190762533316   -0.91888954890088    0.04700378819704
H         1.14860841269126    4.39859424224597   -1.90740110857663
H         2.47351557654778    1.97451584260188   -2.31120691933560
H         1.19771261752907    0.93230222702445   -3.00751443907879
H        -0.60381689990863   -2.00187887665401   -1.67683633945756
H        -0.84949640966091   -1.27033956017138   -1.76222106297770
H         0.49733282149846    1.35749539520701   -0.21404961962975
12
 energy: -21.509066932635 gnorm: 0.004259966964 xtb: 6.2.3 (830e466)
C         1.44387452256086    1.61690963139335   -2.18647673006377
C         1.28487576943461    0.95345175688666   -0.83605446794184
C         1.99037005356273   -0.02355369258324   -0.37382953505508
O         0.53046930066692    2.66330482364128   -2.37560511685761
O         0.72015354759032    3.68721828703392   -1.41540197108397
O         2.60369152980425   -0.91008321081448    0.06402855873283
H         1.13066929551898    4.41426866526266   -1.90989306177017
H         2.47745986172193    1.97300473282980   -2.32235307927180
H         1.19206181696016    0.93248470599830   -3.00376321775211
H        -0.64170489080966   -2.04336900671609   -1.69962854982979
H        -0.85949952853364   -1.29710320210837   -1.77064985111653
H         0.51656872152256    1.37306650917634   -0.20618297799019
12
 energy: -21.509101974797 gnorm: 0.003585793076 xtb: 6.2.3 (830e466)
C         1.44579632404456    1.61824167556047   -2.18479073991060
C         1.29008594842185    0.96034478464810   -0.83187317326207
C         1.99538149392343   -0.01605392364791   -0.36851814328388
O         0.53516971902918    2.66788998229587   -2.37302828858122
O         0.73541709521063    3.69193717426844   -1.41309095463891
O         2.60840021993075   -0.90196250863406    0.06930485882807
H         1.11988821049240    4.42531156328618   -1.91527113959398
H         2.47899517794108    1.97075403211916   -2.32643072851190
H         1.18836186806468    0.93201624729813   -2.99837773606098
H        -0.66114884007562   -2.06975649399371   -1.71621593252046
H        -0.87519854926822   -1.32499284589985   -1.77912118950772
H         0.52784133228529    1.38587031269932   -0.19839683295640
12
 energy: -21.509138023233 gnorm: 0.006373555253 xtb: 6.2.3 (830e466)
C         1.44860849896912    1.62024307152288   -2.17985949644498
C         1.29806287549656    0.97088135857957   -0.82219374581829
C         2.00242303593644   -0.00626007456221   -0.35906629684509
O         0.54254542544488    2.67473767048882   -2.36446621023591
O         0.76504770812424    3.70110464651099   -1.40953960617485
O         2.61584253046440   -0.89310828485762    0.07622745544826
H         1.09744531789542    4.44929966414644   -1.93325989363175
H         2.48221192088735    1.96642972816986   -2.33142931188359
H         1.18078897030981    0.93119363431185   -2.98838147364057
H        -0.69575785969222   -2.11536391223866   -1.74711916006978
H        -0.89144256792384   -1.36466662020038   -1.79076647101930
H         0.54321414408782    1.40510911812855   -0.18595578968424
12
 energy: -21.509200438270 gnorm: 0.004081421909 xtb: 6.2.3 (830e466)
C         1.44715783133275    1.62322846273721   -2.17009488492073
C         1.29928744464379    0.98045352431528   -0.80747252642299
C         2.00607586370192    0.00181063710256   -0.35157015437109
O         0.54794982278295    2.68219888212297   -2.35570878124041
O         0.79609890965775    3.71800999714936   -1.41449292502059
O         2.62700979541026   -0.88657684395584    0.07182775303129
H         1.08473813478528    4.46790914747649   -1.95674724581105
H         2.48189277435795    1.96231310266520   -2.32797776023018
H         1.17245488563261    0.93086993006277   -2.97424169989758
H        -0.72511765208853   -2.16131703267688   -1.78133672771020
H        -0.89817929688098   -1.40153181483082   -1.79615794406640
H         0.54962148666422    1.42223200783171   -0.17183710334022
12
 energy: -21.509236703311 gnorm: 0.003470329090 xtb: 6.2.3 (830e466)
C         1.44359922358119    1.62532766208224   -2.15974528551451
C         1.29462658316894    0.98354843817374   -0.79490759998351
C         2.00528410328984    0.00293781186822   -0.34884175250041
O         0.55142343287784    2.68759601652326   -2.34712810305261
O         0.82002721990338    3.73461792887235   -1.42340580441239
O         2.63571869930763   -0.88710251456266    0.06040877659890
H         1.07824150236879    4.48208409128587   -1.98113468436915
H         2.48058424492054    1.95772423943166   -2.31789909617204
H         1.16573739165804    0.93212969089643   -2.96227157476631
H        -0.73178607197511   -2.18253048843739   -1.79829267700674
H        -0.90149491183166   -1.42605466311940   -1.80179996500308
H         0.54702858273053    1.42932178698567   -0.16079223381831
12
 energy: -21.509244814726 gnorm: 0.005938830220 xtb: 6.2.3 (830e466)
C         1.44162487854291    1.62748762271894   -2.14974222536585
C         1.29258959994274    0.98862154820748   -0.78247442860826
C         2.00663446889666    0.00733719544258   -0.34302882045988
O         0.55798068907941    2.69514424426499   -2.33755326681732
O         0.84965143483553    3.75157290538614   -1.43062418488542
O         2.64522547564207   -0.88250267525318    0.05372520210317
H         1.06410766754493    4.50242956741390   -2.00788626417446
H         2.48108719619718    1.95091703903525   -2.31037940201743
H         1.15701618297014    0.93358649588175   -2.94904711850693
H        -0.75539137559485   -2.22055079091572   -1.83010071801206
H        -0.90184770344386   -1.45455755374489   -1.80270387555988
H         0.55031148538707    1.44011440156263   -0.14599489769586
12
 energy: -21.509256786169 gnorm: 0.003415174535 xtb: 6.2.3 (830e466)
C         1.43985495124408    1.62696004562424   -2.15063807345270
C         1.28812982147596    0.98386820420686   -0.78556681082606
C         2.00312275343752    0.00303669116314   -0.34680446539279
O         0.55586265529273    2.69375472047338   -2.33980016405766
O         0.84033407727203    3.75015554830683   -1.43434152290256
O         2.64174765808475   -0.88595555576314    0.04967081315904
H         1.07281346533505    4.49430320120360   -2.00386742282200
H         2.48002356788624    1.95117681780144   -2.30687407032501
H         1.15763713193787    0.93517996982128   -2.95219515604260
H        -0.74209127386207   -2.20403511725279   -1.81962443292525
H        -0.89079418129191   -1.43836180406799   -1.79658840208730
H         0.54234937318771    1.42951727848303   -0.14918029232528
12
 energy: -21.509271894752 gnorm: 0.001944459010 xtb: 6.2.3 (830e466)
C         1.44045321551059    1.62755576811293   -2.15132578732567
C         1.29166884814488    0.98454016744542   -0.78577251916541
C         2.00522919931045    0.00307234216963   -0.34626665732028
O         0.55629438153269    2.69531997920526   -2.33755248039477
O         0.84404504823269    3.75153564546401   -1.43274324584610
O         2.63802868288046   -0.88749687554670    0.05616139113971
H         1.06903164126407    4.49808652975035   -2.00570394594198
H         2.48074491052187    1.95103638606807   -2.31099482875959
H         1.15379575974749    0.93694345959543   -2.95281858249465
H        -0.74109413892499   -2.20395665508962   -1.81608908885404
H        -0.89403775825338   -1.44371564064964   -1.80384052767508
H         0.54483021003314    1.42667889347481   -0.14886372736231
12
 energy: -21.509289566832 gnorm: 0.002733836295 xtb: 6.2.3 (830e466)
C         1.43879290457377    1.62888352927950   -2.14745729871009
C         1.29118823226492    0.98515845482386   -0.78203163814698
C         2.00562577118412    0.00357967653674   -0.34344189105576
O         0.55905294157631    2.70061098617581   -2.33106009470201
O         0.86122059078847    3.76187782794670   -1.43625482313807
O         2.63834486125557   -0.88748407848683    0.05799969004554
H         1.06171977382968    4.50939828458724   -2.01956176066009
H         2.47999381216449    1.94712378230725   -2.30981079378614
H         1.14574926048456    0.94034955669389   -2.94805418449460
H        -0.74932454903345   -2.22030272067449   -1.82983350059062
H        -0.88840721441661   -1.45565283420829   -1.80315267669222
H         0.54503361532810    1.42605753501855   -0.14315102806912
12
 energy: -21.509309084926 gnorm: 0.003416330540 xtb: 6.2.3 (830e466)
C         1.43521451452238    1.63029953404135   -2.14341257949812
C         1.28887215624276    0.98411067216477   -0.77920476186866
C         2.00439972986882    0.00321445640516   -0.34029727589320
O         0.56149495406296    2.70778866856748   -2.32246217390857
O         0.88343778254697    3.77495954673400   -1.44088638563361
O         2.63661352477646   -0.88801392073237    0.06117157157765
H         1.05591872114092    4.52146369831770   -2.03504713966179
H         2.47754301506873    1.94172302796752   -2.30947189337523
H         1.13328388298392    0.94545770438351   -2.94369125121542
H        -0.75336272018173   -2.23520449797136   -1.84259897332080
H        -0.87587040924572   -1.46688918987250   -1.80167813561323
H         0.54144484821349    1.42069029999462   -0.13823100158920
12
 energy: -21.509331911280 gnorm: 0.004158946276 xtb: 6.2.3 (830e466)
C         1.42909303164177    1.63146461579900   -2.14015718210968
C         1.28444682419741    0.98118921318248   -0.77843430639197
C         2.00145582070023    0.00236780253833   -0.33675428461443
O         0.56381506772552    2.71739629241291   -2.31166103150652
O         0.91282644224819    3.78976257673829   -1.44549094753259
O         2.63235818499682   -0.88831765450583    0.06750644308431
H         1.05128282723402    4.53490364810281   -2.05035744027989
H         2.47254540194312    1.93395115036853   -2.31144835521076
H         1.11548407939106    0.95239121903516   -2.94069758239161
H        -0.75313614073563   -2.24861252055235   -1.85368540685498
H        -0.85420880306192   -1.47679302707334   -1.79884187515486
H         0.53302726371933    1.40989668395391   -0.13578803103721
12
 energy: -21.509362816980 gnorm: 0.003673059063 xtb: 6.2.3 (830e466)
C         1.42136805462426    1.63162816830772   -2.13921687179687
C         1.27784310791604    0.97697064265047   -0.78046901020098
C         1.99707554307513    0.00186484683955   -0.33393327510084
O         0.56573862145167    2.72696658895299   -2.30217106185878
O         0.94209452056804    3.80094212424435   -1.44836203901249
O         2.62735989921004   -0.88686532513999    0.07523942342051
H         1.05042172473274    4.54536722605727   -2.05841673930738
H         2.46602836077121    1.92470124118004   -2.31606726517791
H         1.09596818103517    0.95877729985236   -2.94057227940279
H        -0.74684321453527   -2.25516240321926   -1.85808954334476
H        -0.82798756382616   -1.48182184249359   -1.79563367161570
H         0.51992276497706    1.39623143276802   -0.13811766660216
12
 energy: -21.509398327356 gnorm: 0.001382967378 xtb: 6.2.3 (830e466)
C         1.41950250960691    1.63004191002567   -2.14159420173936
C         1.27588334406560    0.97697877210342   -0.78189330683648
C         1.99551557593828    0.00241572250972   -0.33579768055853
O         0.56628857755090    2.72671677119599   -2.30345922815345
O         0.94852762989511    3.79637095216729   -1.44692925667327
O         2.62739145098671   -0.88223120367378    0.08044845779060
H         1.04799382995239    4.54557703615603   -2.05090133182104
H         2.46468638901035    1.92138626542167   -2.31936057904513
H         1.09304705658777    0.95716658762344   -2.94277858140566
H        -0.75171167768706   -2.25162033029206   -1.86209108852607
H        -0.81538674310039   -1.48008655080191   -1.78971423201296
H         0.51725205719332    1.39688406756436   -0.14173897101871
12
 energy: -21.509444758174 gnorm: 0.005591991060 xtb: 6.2.3 (830e466)
C         1.41071088854131    1.61787315883795   -2.15229923646869
C         1.26310074429153    0.98161513631971   -0.78344682838905
C         1.98938597644384    0.02175270905647   -0.31939931155370
O         0.57359536595685    2.72398966888003   -2.31323211466760
O         0.98293466431215    3.77124366531144   -1.44022496371036
O         2.62585200236255   -0.87080483930583    0.07447450801266
H         1.03100334232789    4.54733435486305   -2.01268066474574
H         2.45909615916986    1.89795050613079   -2.33443788813525
H         1.07843602463165    0.94225617337290   -2.95010742890941
H        -0.78061659671496   -2.23375218001539   -1.88740417415700
H        -0.73784038376232   -1.46639936096597   -1.75317288343056
H         0.49333181243937    1.40654100751407   -0.16387901384490
12
 energy: -21.509505256464 gnorm: 0.008753910895 xtb: 6.2.3 (830e466)
C         1.40581853655832    1.61221009956541   -2.15911615913916
C         1.25431545508059    0.97644820558823   -0.79018419354127
C         1.98417461354861    0.01908706050158   -0.32607577416244
O         0.58061683544294    2.72756597215960   -2.31592601110879
O         1.00164415412655    3.76455198042488   -1.43467962332540
O         2.62701509906840   -0.85747345120194    0.09163847549076
H         1.01903259475733    4.55313268778196   -1.99552199551537
H         2.45679638179201    1.88141677832322   -2.34356481029656
H         1.06540510689880    0.93861672914795   -2.95520097323139
H        -0.79190129956254   -2.22387459216468   -1.89849359337974
H        -0.69879737206083   -1.45774610423683   -1.73571810382844
H         0.48486989434947    1.40566463410957   -0.17296723796161
12
 energy: -21.509508333349 gnorm: 0.008818957032 xtb: 6.2.3 (830e466)
C         1.40248360117440    1.60774653328698   -2.16368979413466
C         1.24460839140902    0.96471316698783   -0.79931962071739
C         1.97863926839612    0.00742880133215   -0.33876282760345
O         0.59189765976213    2.73638790726515   -2.31514695574638
O         1.01674690331104    3.76887215962968   -1.42912652540919
O         2.62864819029234   -0.84769161084256    0.11117468660132
H         1.00732192732943    4.56231498091843   -1.98831901994713
H         2.45667437290540    1.86115325780787   -2.34989080342795
H         1.04840337821113    0.94051961015380   -2.95830448900931
H        -0.75948198524341   -2.20717571739323   -1.88148694632141
H        -0.70535540740642   -1.45145097192038   -1.74588782226398
H         0.47840369985857    1.39678188277361   -0.17704988202006
12
 energy: -21.509646979053 gnorm: 0.003087338674 xtb: 6.2.3 (830e466)
C         1.40186610645391    1.60687986504469   -2.16231173276418
C         1.24393334583294    0.96737418514729   -0.79617564739408
C         1.97914151870741    0.01429524775782   -0.32956006674718
O         0.59260487775581    2.73590289104132   -2.31630452909000
O         1.01785519321352    3.76888208347370   -1.43124776651301
O         2.62747173903358   -0.85150250721120    0.09963049502991
H         1.00841427613945    4.55993528109634   -1.98925728101865
H         2.45612785032642    1.85841350282589   -2.34946069776068
H         1.04592799168809    0.94072287301112   -2.95702177432888
H        -0.77188967584641   -2.20603031391291   -1.89006921229274
H        -0.68349258582424   -1.44918491885136   -1.73518856967743
H         0.47102936251920    1.39391181057642   -0.17884321744254
12
 energy: -21.509712189526 gnorm: 0.009294738405 xtb: 6.2.3 (830e466)
C         1.39439322850253    1.59810526597629   -2.16770706951587
C         1.23032733377301    0.96272843241400   -0.80015168735470
C         1.97315123999287    0.02084558806839   -0.32258493766624
O         0.60456242199328    2.74155460099593   -2.31947104936223
O         1.04692739183509    3.76412600229816   -1.42825996216916
O         2.62761201598350   -0.84348231930997    0.10082037280135
H         0.99489335183748    4.56533338818813   -1.97245468507117
H         2.45248131899145    1.82979768826347   -2.35949254423932
H         1.02141095235943    0.93932098020518   -2.96123456271601
H        -0.77947216975724   -2.18446881869613   -1.90146703741292
H        -0.62161929667790   -1.43522237120215   -1.71039138723359
H         0.44432221116609    1.38096156279751   -0.19341545005934
12
 energy: -21.509827203296 gnorm: 0.005507597358 xtb: 6.2.3 (830e466)
C         1.38897163895202    1.59449070146777   -2.16878686328911
C         1.22123723453267    0.95715693584129   -0.80314680652081
C         1.96987258150918    0.02189384866807   -0.32124598414028
O         0.61139864546103    2.74705929368372   -2.31943785005824
O         1.06018129025738    3.76727609458222   -1.42788708175635
O         2.62883908666870   -0.83921658619528    0.10137760401839
H         0.99650687169332    4.56660933218841   -1.96852665454822
H         2.44909435664583    1.81251207883196   -2.36321015502865
H         1.00336583516954    0.94365224264453   -2.96301781944345
H        -0.76423839415139   -2.16889433300131   -1.89692292643627
H        -0.60114759624614   -1.42592933075069   -1.70446674136220
H         0.42490844950745    1.36298972203821   -0.20053872143398
12
 energy: -21.510120570485 gnorm: 0.011898307321 xtb: 6.2.3 (830e466)
C         1.36003875472561    1.57161733942661   -2.18200843552542
C         1.17206405266392    0.92877896009237   -0.82339953137162
C         1.95136142466674    0.02945663727722   -0.31699236744029
O         0.64698400135247    2.77108393894488   -2.32003649982050
O         1.14930768024707    3.76711982803008   -1.42121831277068
O         2.63671679940843   -0.80484975912401    0.11909208039292
H         0.98493967980813    4.58127995703471   -1.92768858473417
H         2.43073104060989    1.72244610800536   -2.38986125077995
H         0.91489327225437    0.95611962065745   -2.97799165345681
H        -0.70767783956250   -2.08973087351085   -1.88417613436309
H        -0.47865437969803   -1.37763548306592   -1.66490403587048
H         0.32828551352352    1.28391372623109   -0.24662527425885
12
 energy: -21.510360932295 gnorm: 0.013495306679 xtb: 6.2.3 (830e466)
C         1.33437285148226    1.55847116724239   -2.19138156178260
C         1.13216010919285    0.90402006485616   -0.84265882609181
C         1.93898513277685    0.03534607342216   -0.32069716768969
O         0.66424720896927    2.78528778958048   -2.32049561338242
O         1.19599493053394    3.76488432648542   -1.41660489004316
O         2.64899382200041   -0.76956860072425    0.13673546539823
H         1.01054084726303    4.58076114729124   -1.89590167476703
H         2.40865172509455    1.66848376439586   -2.40523227138461
H         0.85682065469621    0.96997732156486   -2.99125518907253
H        -0.66969093786815   -2.03339629449794   -1.87094404309382
H        -0.38991219753565   -1.34197561362266   -1.63494039128704
H         0.25782585339404    1.21730885400537   -0.28243383680236
12
 energy: -21.510651555596 gnorm: 0.013324688945 xtb: 6.2.3 (830e466)
C         1.31490880163354    1.54959553585524   -2.20097181618511
C         1.10286149487877    0.88534034759252   -0.86087529552294
C         1.92813738606208    0.04357823341820   -0.32620954272170
O         0.67025934436851    2.78546255949494   -2.31669266843828
O         1.23228942871882    3.74871906811823   -1.41390740622509
O         2.65288770285775   -0.73487485803604    0.15204677685497
H         1.03508662516232    4.57615209242883   -1.86172661837208
H         2.38480335459632    1.64224739673417   -2.41737467205958
H         0.82853448782207    0.98003539198035   -3.00382837549938
H        -0.63448859043092   -1.99141583965037   -1.84983808251415
H        -0.34241682591284   -1.31648600481680   -1.62118362153239
H         0.21612679024324    1.17124607688010   -0.31524867778321
12
 energy: -21.510850770008 gnorm: 0.021071237769 xtb: 6.2.3 (830e466)
C         1.27633291993936    1.52740303701076   -2.22268048555518
C         1.04556848544093    0.85583182854343   -0.89126191524029
C         1.90571455598059    0.07026918475548   -0.32184902558888
O         0.69252752685000    2.79227287515178   -2.31273115766336
O         1.32504795195948    3.71519201310636   -1.40747258151528
O         2.65525716777198   -0.66953197921291    0.17242920913663
H         1.05672532765822    4.57447294279656   -1.78509532768975
H         2.34418038171294    1.57040709100741   -2.44996679327205
H         0.75760850354075    0.99214712892505   -3.02576725169900
H        -0.60515057696043   -1.90823965344586   -1.83008410359012
H        -0.18840610685956   -1.27121612385599   -1.57656797279213
H         0.12358386296522    1.09059165521731   -0.38476259452955
12
 energy: -21.511206220027 gnorm: 0.008303737881 xtb: 6.2.3 (830e466)
C         1.27706487547510    1.53547718396413   -2.22089196256500
C         1.05798798045740    0.86550835527583   -0.88493176415180
C         1.91110352019403    0.07538839228296   -0.31925517237932
O         0.68114577355586    2.79376913094379   -2.30588798619613
O         1.31268502025740    3.71734285169406   -1.40763491469433
O         2.65452141483573   -0.66928254391350    0.17150398121978
H         1.07915785219180    4.56905273480298   -1.79507784524630
H         2.34722232146242    1.58605784316201   -2.44970505549201
H         0.76161818417591    0.99243804585509   -3.02220523896856
H        -0.59997870077451   -1.93363648359830   -1.83734868849159
H        -0.22868626454001   -1.29213549443250   -1.58554488660006
H         0.13514802270836    1.09961998396266   -0.37883046643358
12
 energy: -21.510988817254 gnorm: 0.024546988003 xtb: 6.2.3 (830e466)
C         1.24340326564087    1.52364049917402   -2.23714781061871
C         1.01650977445019    0.84075705356093   -0.90741871437144
C         1.90248706151335    0.09608574433596   -0.31497195120488
O         0.69496880685539    2.81419103451454   -2.29737602150944
O         1.38511454405797    3.70392412647767   -1.39889818031409
O         2.67782945773126   -0.60717697613034    0.20711508385610
H         1.11894009561560    4.56879016202008   -1.74854386956969
H         2.32005858126800    1.53124228337743   -2.47523053643321
H         0.68988745571695    1.00827993222853   -3.04145735812344
H        -0.54730872577324   -1.89590828141340   -1.82634488946362
H        -0.17738756522892   -1.27830885726328   -1.57091634303841
H         0.06448724815205    1.03408327911711   -0.42461940920800
12
 energy: -21.511590097569 gnorm: 0.009359882425 xtb: 6.2.3 (830e466)
C         1.24102121971729    1.53003892023217   -2.23841733677168
C         1.02149770696584    0.84684542165456   -0.90617643502662
C         1.90490870701468    0.11108304791054   -0.30855788657740
O         0.68579017493071    2.81138760523504   -2.29168961264434
O         1.38294340472681    3.69199331989750   -1.40091065124587
O         2.67709542314531   -0.59120920187959    0.20847081011400
H         1.14081527722185    4.56057000144600   -1.74096599301273
H         2.31279118208239    1.55113018278011   -2.47785863515800
H         0.69873867435388    1.00965804029849   -3.03967738267518
H        -0.58257976129136   -1.92380826787247   -1.83577669985204
H        -0.17820165043739   -1.30725550955448   -1.57926389845848
H         0.08416964156922    1.04916643985097   -0.42498627869073
12
 energy: -21.511756621448 gnorm: 0.010904844420 xtb: 6.2.3 (830e466)
C         1.22732299475837    1.53306112161240   -2.24432058451304
C         1.01417848270323    0.84725338739588   -0.91284032566864
C         1.90490400724630    0.13821183678760   -0.30332509092583
O         0.69122069979737    2.82131886319936   -2.27804386995693
O         1.43063981781624    3.67971497095537   -1.40253770894813
O         2.68212707531880   -0.54639424035882    0.22056725231319
H         1.17512685977623    4.55875630385352   -1.71406657863233
H         2.29345741364920    1.54395845378811   -2.49821950969024
H         0.66894096943500    1.02385455511404   -3.03999161985565
H        -0.59003568879643   -1.93195931984110   -1.83116403344802
H        -0.15051956272828   -1.33122000543316   -1.57495980021483
H         0.04162693102295    1.00304407292522   -0.45690813045892
12
 energy: -21.512117498002 gnorm: 0.009978109331 xtb: 6.2.3 (830e466)
C         1.20033819462778    1.53528603025735   -2.25481198064572
C         0.98937124210838    0.83610507692003   -0.92858205213683
C         1.90451662408878    0.17883395025264   -0.29066530003913
O         0.69640742013239    2.84117592570603   -2.25957744415026
O         1.49854745585685    3.66183751669051   -1.40200634391331
O         2.70516790794944   -0.46653216563680    0.25350900392131
H         1.23290479639592    4.55625221966332   -1.67411205534321
H         2.26348973285848    1.52995317333814   -2.52193751537799
H         0.62011250648238    1.04542364691327   -3.04729106337483
H        -0.60203215355275   -1.96550581799622   -1.83811487570427
H        -0.13620956449442   -1.38368138863247   -1.58635065898504
H         0.01637583754529    0.97045183252189   -0.48586971425050
12
 energy: -21.512399908537 gnorm: 0.015704566507 xtb: 6.2.3 (830e466)
C         1.17327681127946    1.54436786769415   -2.25651393348092
C         0.96513652948215    0.82265162486846   -0.94277880114265
C         1.90613259570159    0.22146414901227   -0.28136913206438
O         0.70616740651552    2.87114758697332   -2.23184748867024
O         1.56937970507300    3.66128670069056   -1.40852323363012
O         2.73315288668875   -0.37802965869098    0.28547180777081
H         1.30824939107447    4.55759360680449   -1.65401489025950
H         2.23253218405925    1.51874701716380   -2.54248212590373
H         0.56148037254168    1.08284719718476   -3.04608157170193
H        -0.61770822617284   -2.02127849964096   -1.84619610148423
H        -0.13449405292221   -1.45794280962475   -1.60392473021592
H        -0.01431560332284    0.91674521756160   -0.50754979921754
12
 energy: -21.512495243137 gnorm: 0.013956553592 xtb: 6.2.3 (830e466)
C         1.16559462897879    1.55682279815838   -2.25038601250081
C         0.96281849737352    0.82625138359687   -0.94351699471003
C         1.90548278502041    0.24762978547555   -0.27625896764122
O         0.71562675131333    2.89133752063817   -2.21543005848188
O         1.60980462428031    3.66931618593012   -1.42079021198525
O         2.73377446018864   -0.33842003490045    0.28877693075658
H         1.34141208144210    4.57015329682163   -1.65363385601846
H         2.22142999664257    1.52319733486165   -2.55050756674025
H         0.53799682908203    1.10893852186973   -3.03377865665318
H        -0.63548647106935   -2.08773487878124   -1.85138389229038
H        -0.15908378477930   -1.53067756326590   -1.62472402222912
H        -0.01038039847556    0.90278564959136   -0.50417669150689
12
 energy: -21.512733136980 gnorm: 0.014661319322 xtb: 6.2.3 (830e466)
C         1.13754633843001    1.56260075215980   -2.25375321163324
C         0.93769917047959    0.81743836977291   -0.95835853246029
C         1.90471871643390    0.29357921802623   -0.26801006899074
O         0.72754359903953    2.91144546840738   -2.19333382874360
O         1.68305267494990    3.66025945531561   -1.42914498518574
O         2.75138282813652   -0.25480778727579    0.30615931848480
H         1.41090475006009    4.57270092032591   -1.61907828813847
H         2.18682620910830    1.50351147460267   -2.57132092276743
H         0.48560108230063    1.14608630304007   -3.03282106136518
H        -0.65595177095337   -2.12066168160020   -1.83902643758945
H        -0.11927205270571   -1.58598895462512   -1.63780471209913
H        -0.06106154528251    0.83343646184573   -0.53931726951336
12
 energy: -21.512714771709 gnorm: 0.017137768888 xtb: 6.2.3 (830e466)
C         1.14572041657531    1.56682267027505   -2.25096123537503
C         0.95111863266150    0.82099481199268   -0.95628728193658
C         1.91171918543824    0.28942508795124   -0.27594545553146
O         0.72662958284024    2.90403356947830   -2.19423308213386
O         1.65955269254625    3.66067303077093   -1.43021910170518
O         2.75926707342403   -0.25128650097974    0.31453669157749
H         1.40994745978082    4.56984145880618   -1.62631851391334
H         2.19070067598152    1.51904626564664   -2.56573504290662
H         0.50521404726626    1.15163433526472   -3.03191049122791
H        -0.68243238186334   -2.13362186747011   -1.83805506987762
H        -0.14251690342288   -1.59259444094517   -1.64875807680115
H        -0.04593048123108    0.83463157920456   -0.53192334017072
12
 energy: -21.512910763769 gnorm: 0.009379551824 xtb: 6.2.3 (830e466)
C         1.13060514087078    1.56695591642425   -2.25420873437969
C         0.93960154316638    0.81985930348923   -0.95925859423073
C         1.90683065276449    0.30872384830845   -0.26753551294171
O         0.73004260562889    2.91396845310210   -2.18172100328734
O         1.69637555055255    3.65711501468199   -1.43130314508410
O         2.75926963446530   -0.21910344491802    0.32518111047746
H         1.43855878791472    4.56973441066604   -1.61386063048876
H         2.17537379610190    1.50388310045296   -2.58105605890543
H         0.47124889552583    1.16260716702725   -3.03154405301711
H        -0.66651855499657   -2.15106352446390   -1.85817871166137
H        -0.14014543915963   -1.62205100300925   -1.64356908238437
H        -0.05225261283791    0.82897075823354   -0.53875558409854
12
 energy: -21.512965232430 gnorm: 0.008587206735 xtb: 6.2.3 (830e466)
C         1.12149578668023    1.56954441984595   -2.25511667256760
C         0.92913456286038    0.81718443403754   -0.96342290047600
C         1.90456954661794    0.32787973056529   -0.26156039367119
O         0.74193280651100    2.92350146414024   -2.17554610304523
O         1.72176786790361    3.65417601909017   -1.43460359393869
O         2.76166457764751   -0.18786446917745    0.32763090844473
H         1.46112062069010    4.57149706926038   -1.59972813847585
H         2.16400565447948    1.49048344152316   -2.59163861160137
H         0.44690836260313    1.17810140461103   -3.02788335897064
H        -0.67123699229675   -2.16672220889235   -1.85690149227915
H        -0.12691498379335   -1.64757393224896   -1.64834724138976
H        -0.06545780990679    0.80939262723929   -0.54869240203125
12
 energy: -21.513034246194 gnorm: 0.003079693701 xtb: 6.2.3 (830e466)
C         1.11975751249499    1.56772316813538   -2.25642206586266
C         0.92719345797083    0.81698599252620   -0.96300653634153
C         1.90002903269463    0.33263235132661   -0.25918487926618
O         0.74638063354223    2.92120212792285   -2.17714696015420
O         1.72576010020603    3.64791445337775   -1.43187380579586
O         2.76600992066576   -0.17453586916057    0.32560291012636
H         1.46409501006054    4.56423517303105   -1.59289374228743
H         2.15863266859010    1.48489336591318   -2.59533928334305
H         0.44415708959567    1.18009847917489   -3.02679336665984
H        -0.66275927284377   -2.17249802905737   -1.85831278003549
H        -0.13244062295074   -1.63987726009677   -1.65105489932494
H        -0.06782553003381    0.81082604689777   -0.54938459105261
12
 energy: -21.513078226637 gnorm: 0.006273511696 xtb: 6.2.3 (830e466)
C         1.11346899847454    1.56522894150602   -2.26212063300210
C         0.92646153288497    0.81768311522273   -0.96455731948060
C         1.90398491929058    0.34545908167089   -0.26422652780092
O         0.75331945510592    2.91855945261674   -2.18010271267243
O         1.73533703627291    3.63486382497047   -1.42785129955729
O         2.76293158890762   -0.15227147061584    0.33985780556618
H         1.47105248288252    4.55080638933035   -1.57588643788235
H         2.14627913934030    1.47250104291231   -2.60814484798393
H         0.43058424362253    1.18374221820994   -3.02475210002294
H        -0.64451873539200   -2.18396667770019   -1.86194418915473
H        -0.14196683348220   -1.62352391628732   -1.65697913830936
H        -0.06794382792316    0.81051799814829   -0.54910259968790
12
 energy: -21.513135387895 gnorm: 0.006102492087 xtb: 6.2.3 (830e466)
C         1.10841231846377    1.56184470678398   -2.26567205592050
C         0.92099010594832    0.81915749189913   -0.96395727046023
C         1.89834565403646    0.35439987341626   -0.25763724964772
O         0.76043447861153    2.91707218011719   -2.18357789045451
O         1.74526554934223    3.62351194997110   -1.42477932292914
O         2.77151836111995   -0.12722798319557    0.33929642014380
H         1.47895506477212    4.54080919438782   -1.55948950003976
H         2.13873095510092    1.45758411493546   -2.61619235048471
H         0.41762765252094    1.18456635546310   -3.02290704670195
H        -0.62929276969406   -2.19141715767542   -1.86572981016270
H        -0.14684944139713   -1.61138750894441   -1.66237435905981
H        -0.07514792884585    0.81068678282135   -0.55278956426507
12
 energy: -21.513203776429 gnorm: 0.004086068174 xtb: 6.2.3 (830e466)
C         1.09808867791957    1.55615584541725   -2.27157640020453
C         0.91213089748616    0.82073431497978   -0.96415832967439
C         1.89385545773310    0.37099444932912   -0.25112962273462
O         0.77114716868190    2.91651056463472   -2.18906423904417
O         1.76425514878682    3.60518738070089   -1.42327565093792
O         2.77871474365780   -0.08724929829896    0.34699857979684
H         1.49318547229872    4.52616568835978   -1.53007004258769
H         2.12464711822294    1.43235820801538   -2.63249529619165
H         0.39164426203483    1.18588443918910   -3.01964161669338
H        -0.60794533447136   -2.19452531261848   -1.87255148085812
H        -0.14523214713692   -1.60005143593568   -1.67165531727065
H        -0.08550146523781    0.80743515620421   -0.55719058357811
12
 energy: -21.513253829235 gnorm: 0.005000921544 xtb: 6.2.3 (830e466)
C         1.08251303090496    1.54850580151186   -2.27821270730890
C         0.90048259407442    0.82281612354033   -0.96426823524229
C         1.89005167183677    0.39489543397998   -0.24606246082203
O         0.78509496022619    2.91668715162168   -2.19531783474565
O         1.79242577715538    3.58102865732916   -1.42507195158684
O         2.78209230990711   -0.03578432546579    0.36132661061516
H         1.51453543788839    4.50624263005798   -1.49148761293479
H         2.10248031575264    1.40035793306835   -2.65484231611767
H         0.35556767785345    1.18930385682521   -3.01433047211479
H        -0.57604174647473   -2.20136985218389   -1.88241681431356
H        -0.14216646806449   -1.58247318033765   -1.68451086361271
H        -0.09804556108980    0.79938977002532   -0.56061534178811
12
 energy: -21.513286100918 gnorm: 0.005713844889 xtb: 6.2.3 (830e466)
C         1.07277111571631    1.54473521525993   -2.27895045589946
C         0.89318459031072    0.82332151159865   -0.96362659087735
C         1.88774717591768    0.40717384253037   -0.24432695282388
O         0.79055136171896    2.91792973484574   -2.19656073966692
O         1.80791719697439    3.57030244702995   -1.42988610002859
O         2.77998433100594   -0.01206943553161    0.36870875118769
H         1.52886511034141    4.49640171274867   -1.47688690002275
H         2.08883337366814    1.38683408329451   -2.66355252875838
H         0.33685413827146    1.19244280365533   -3.01047929283520
H        -0.56562593450282   -2.19378373567859   -1.88880617409036
H        -0.12711646394713   -1.58509312418657   -1.69134988686288
H        -0.10497599550049    0.79140494440971   -0.56009312929903
12
 energy: -21.513338102644 gnorm: 0.004336243111 xtb: 6.2.3 (830e466)
C         1.05857270912386    1.53988604803725   -2.27871277262658
C         0.88273501433178    0.82268398109658   -0.96268033956140
C         1.88361206213160    0.42412482704901   -0.24256733988668
O         0.79728253767598    2.91908429872340   -2.19578934485434
O         1.83020676698935    3.55535665696140   -1.43753707348578
O         2.77686585751554    0.02021991796754    0.37810523328524
H         1.55198190263923    4.48118486802051   -1.46098054033097
H         2.06807591386885    1.37068983032233   -2.67342957092339
H         0.31225633652377    1.19884393603406   -3.00433093141186
H        -0.54081517786646   -2.19785682889241   -1.89844829651791
H        -0.11759214652957   -1.57453368176526   -1.70192153156013
H        -0.11419177643134    0.77991614642003   -0.55751749210110
12
 energy: -21.513386896555 gnorm: 0.003308615152 xtb: 6.2.3 (830e466)
C         1.04199862497049    1.53472799228191   -2.27776052831848
C         0.86971924703056    0.82036970815101   -0.96142149585205
C         1.87556846176901    0.44329960348831   -0.23736856971146
O         0.80278496623236    2.91918119615225   -2.19124400497867
O         1.85840739765950    3.53841622554176   -1.45098004314963
O         2.77544366215465    0.05800122299639    0.38681758984957
H         1.57926917387687    4.46371612508419   -1.44471882088914
H         2.04402572254664    1.35442967131297   -2.68245237641268
H         0.28499926497487    1.20730481507337   -2.99665602171455
H        -0.51642682450692   -2.19808103629976   -1.91111029549338
H        -0.10092649430467   -1.56850304260919   -1.71455306730896
H        -0.12587320242985    0.76673751880198   -0.55436236599660
12
 energy: -21.513442334299 gnorm: 0.003949132661 xtb: 6.2.3 (830e466)
C         1.01970880759586    1.53026481989770   -2.27491521530679
C         0.85324485549704    0.81879239186065   -0.95709638502544
C         1.86357667655289    0.46707749027888   -0.22734319640657
O         0.80733109105861    2.91995335697879   -2.18217749248449
O         1.89691198608687    3.51928663142949   -1.47476715765744
O         2.77043566164651    0.10053169479128    0.39724816830478
H         1.61710168341949    4.44321395369903   -1.42898847224792
H         2.01223557822682    1.33564637306550   -2.69323427528990
H         0.24784314724969    1.21894634092920   -2.98331267866682
H        -0.48569857528079   -2.19719433348690   -1.93074001693630
H        -0.07260205195173   -1.56650036195393   -1.73169429473535
H        -0.14109886012391    0.74958164248864   -0.54878898352822
12
 energy: -21.513490080610 gnorm: 0.004805202878 xtb: 6.2.3 (830e466)
C         0.99458690634216    1.52680519265062   -2.27214267702122
C         0.83626382376175    0.81566592107399   -0.95213497145894
C         1.85167182637334    0.49331579622256   -0.21439171582667
O         0.81248083849695    2.92080839593546   -2.17273531016815
O         1.93673672944172    3.49822758259898   -1.49971667861670
O         2.76629147326694    0.14805533230427    0.41224850417827
H         1.66088631491961    4.42075670360885   -1.41295777139363
H         1.97649141683459    1.31367458207668   -2.70743515188750
H         0.20421850269272    1.23123694211263   -2.96649124837946
H        -0.45301073760769   -2.19660260710281   -1.95576515043300
H        -0.04115043460864   -1.56645659259481   -1.75187758607988
H        -0.15647665993157    0.73411275109559   -0.54241024289880
12
 energy: -21.513503777386 gnorm: 0.007565454168 xtb: 6.2.3 (830e466)
C         0.97263413610595    1.52947910602900   -2.26397046495457
C         0.82452934581385    0.81403258951362   -0.94252447145468
C         1.84041823338942    0.51034675061528   -0.19978249231149
O         0.81061302520897    2.92241734459067   -2.15909957031672
O         1.96429718356062    3.48761132564952   -1.52874788759576
O         2.75622288677631    0.16864781425231    0.42334783525433
H         1.70504877618692    4.40647199519135   -1.42144886963109
H         1.94468341549748    1.30478036992906   -2.71370229292188
H         0.16878154046444    1.24333803175299   -2.94433883191868
H        -0.42889001690716   -2.19453763879543   -1.98553640168754
H        -0.00325569650291   -1.57785239076944   -1.76973296666608
H        -0.16609282960350    0.72486470203009   -0.53027358579130
12
 energy: -21.513541305726 gnorm: 0.004806644274 xtb: 6.2.3 (830e466)
C         0.95174926035075    1.52631707187008   -2.26478323050235
C         0.81270563334695    0.81603452597715   -0.93751407144229
C         1.83329118811785    0.53582971556474   -0.18934316906812
O         0.82020334384925    2.92287505767503   -2.15844614298987
O         1.99696563157709    3.46464074934058   -1.54776125846375
O         2.75269337303430    0.21270694843747    0.44011597459965
H         1.73847632551245    4.38523876023770   -1.39497406091525
H         1.91290145691641    1.27916743615336   -2.73306375522114
H         0.12768172481322    1.25138953802989   -2.92878941183959
H        -0.39800602148323   -2.19694250401789   -2.00805430889397
H         0.01833448355443   -1.57474481361143   -1.78616788433269
H        -0.17800639959747    0.71708751433363   -0.52702868092796
12
 energy: -21.513556319978 gnorm: 0.002174102890 xtb: 6.2.3 (830e466)
C         0.96202339544435    1.52683959520054   -2.26676982919094
C         0.81985783748991    0.81735601230438   -0.94018146503568
C         1.83981784131136    0.52600605980114   -0.19571543838973
O         0.82015051324224    2.92205703038877   -2.16551084568286
O         1.97702897180235    3.47019746529952   -1.53189361700587
O         2.75783823994919    0.19768231614761    0.43518275307604
H         1.72042635785572    4.39210296234095   -1.39976641607816
H         1.92682227308557    1.28532371065005   -2.72799880249378
H         0.14552852088699    1.24536981629547   -2.93637519456880
H        -0.41172439658507   -2.19664896494726   -1.99870715203617
H         0.00266975968769   -1.57341534486951   -1.77835380600765
H        -0.17144931418089    0.72672934137655   -0.52972018658074
12
 energy: -21.513566944970 gnorm: 0.000990789958 xtb: 6.2.3 (830e466)
C         0.95448870950655    1.52690314098363   -2.26453607834056
C         0.81586320166015    0.81922731847378   -0.93672405039770
C         1.83695745374544    0.53228599985206   -0.19260569486840
O         0.82056754880676    2.92282940682504   -2.16325922191422
O         1.98722376360102    3.46447334446477   -1.54039806419377
O         2.75414296206800    0.20563095729150    0.43910553426299
H         1.73362546529295    4.38571158477350   -1.39902921804717
H         1.91531502426371    1.28043507217259   -2.73074427596871
H         0.13347874991168    1.24879819874360   -2.92969545880052
H        -0.40128817386214   -2.19711019142670   -2.00845605620986
H         0.01358130615434   -1.57571725477897   -1.78396071264974
H        -0.17496601115715    0.72613242261496   -0.52550670286886
12
 energy: -21.513582647761 gnorm: 0.001598934621 xtb: 6.2.3 (830e466)
C         0.94005222880370    1.52578338108058   -2.26105406880072
C         0.80775183920031    0.82464070180658   -0.92961283529123
C         1.83176657533277    0.54502981747804   -0.18708432163466
O         0.82405861718759    2.92382553217207   -2.16228485321610
O         2.00546329549935    3.45063865976643   -1.55328148691465
O         2.74929413543514    0.22454191035481    0.44661011468188
H         1.75816181909323    4.37100660293609   -1.39429315199480
H         1.89229940712597    1.26703522274763   -2.73762933898120
H         0.10898441347279    1.25467280660093   -2.91669332977106
H        -0.37870162347753   -2.19951634897302   -2.02895260401992
H         0.03186973354910   -1.57840886618577   -1.79536312098962
H        -0.18201044122871    0.73035058020733   -0.51617100306720
12
 energy: -21.513597589005 gnorm: 0.001241247705 xtb: 6.2.3 (830e466)
C         0.92828946925558    1.52407354137234   -2.25793421547738
C         0.80004232144788    0.83045803786225   -0.92245349311590
C         1.82661689240180    0.55414214859017   -0.18239766465596
O         0.82850606986015    2.92410465645140   -2.16376271295389
O         2.01842790465245    3.43876721398412   -1.56245135676425
O         2.74666254098492    0.23933290804161    0.45056598540489
H         1.77789504007456    4.35847680466400   -1.39140334554462
H         1.87319341244966    1.25377858231576   -2.74220706863260
H         0.08882603051320    1.25934851988608   -2.90533873651283
H        -0.35792884936782   -2.20196177334027   -2.04740375330196
H         0.04674175573634   -1.57988390815609   -1.80584720752904
H        -0.18828258801347    0.73896326832158   -0.50517643091748
12
 energy: -21.513615823168 gnorm: 0.001068901980 xtb: 6.2.3 (830e466)
C         0.91052103382303    1.52132324916889   -2.25276952666927
C         0.78711847101033    0.83803671040054   -0.91150753204521
C         1.81797316083369    0.56621060355488   -0.17515989209205
O         0.83453993177346    2.92376607683097   -2.16544579815807
O         2.03845897715166    3.42205134766665   -1.57871510184369
O         2.74305970768259    0.25997710312120    0.45510826710818
H         1.80695805336077    4.34064634117414   -1.38835762950958
H         1.84521813729131    1.23360633162322   -2.74655342405002
H         0.05926222471046    1.26720525532540   -2.88833645218463
H        -0.32547342660228   -2.20405095924084   -2.07353541054590
H         0.07007656309643   -1.57965717919918   -1.82323188036172
H        -0.19872283413398    0.75048511956887   -0.48730561965162
12
 energy: -21.513631106647 gnorm: 0.001673697218 xtb: 6.2.3 (830e466)
C         0.89306116294043    1.51919924755948   -2.24567299580850
C         0.77404624063814    0.84799450030646   -0.89766878980569
C         1.80872462002113    0.57398978254152   -0.16821488218575
O         0.83998127867600    2.92315832262288   -2.16789045715681
O         2.05600957888024    3.40762525333265   -1.59693420590295
O         2.73749583240919    0.27074612253995    0.45712866804899
H         1.83459261507526    4.32472057827999   -1.39162746682509
H         1.81757089379429    1.21315296017899   -2.74780770571046
H         0.03032933916245    1.27477412942322   -2.86906742026357
H        -0.28802851388508   -2.20566613702934   -2.10095145241772
H         0.09428779355433   -1.57598180772225   -1.84117145639895
H        -0.20908084126728    0.76588704796251   -0.46593183557901
12
 energy: -21.513641824549 gnorm: 0.002307427866 xtb: 6.2.3 (830e466)
C         0.85789818550283    1.51509093359939   -2.23236119405301
C         0.74859393895818    0.86105078648753   -0.87448792715855
C         1.79166787233202    0.59101795447817   -0.15412834174100
O         0.84771953201177    2.92148818652715   -2.16893079461911
O         2.09272989705186    3.37855301261101   -1.63409173270705
O         2.72814623925165    0.29734916352049    0.46536002098624
H         1.88994404476658    4.29305872042878   -1.39520601728000
H         1.76315490378159    1.17698257919760   -2.75038092629082
H        -0.02498939833862    1.28918908274617   -2.83443857226900
H        -0.22130811544561   -2.20217473119063   -2.14728609683903
H         0.14486351713421   -1.56825208007558   -1.87934215517495
H        -0.22943061700226    0.78624639167010   -0.43051626286519
12
 energy: -21.513649705372 gnorm: 0.001397434309 xtb: 6.2.3 (830e466)
C         0.85722612765587    1.51537212157384   -2.23069892128951
C         0.74826581759670    0.86203511428006   -0.87253743586410
C         1.79139675387218    0.58800801314037   -0.15394627209360
O         0.84633366250376    2.92051762906933   -2.16944511316128
O         2.09097860290341    3.37787912251548   -1.63666121914169
O         2.72735033076722    0.29066913900331    0.46431962564436
H         1.88980724039031    4.29251669623866   -1.39956980727281
H         1.76166007709611    1.17745567385788   -2.74764642294756
H        -0.02445414915115    1.28887282501116   -2.83274961755391
H        -0.21603024515327   -2.20010421214848   -2.14990643763798
H         0.14583676251765   -1.56408464872010   -1.87932886933733
H        -0.22938098099492    0.79046252617842   -0.42763950935568
12
 energy: -21.513655984257 gnorm: 0.002291786206 xtb: 6.2.3 (830e466)
C         0.84630659685035    1.51433040427531   -2.22501307084511
C         0.74092052958992    0.86833192526747   -0.86265645154295
C         1.78538591128531    0.58828510613846   -0.14904438193737
O         0.84804875386223    2.91898228640511   -2.17109070881810
O         2.09814643839564    3.36818252773921   -1.64958707248160
O         2.72175886431686    0.28574148134413    0.46556454567492
H         1.90501677634833    4.28234924097249   -1.40621176070399
H         1.74350521559720    1.16443145805033   -2.74805691683248
H        -0.04274076179017    1.29189167530885   -2.81917032451589
H        -0.18308261760332   -2.19464443578956   -2.16695792078652
H         0.16142651910274   -1.54992920060403   -1.88831679831090
H        -0.23570222595110    0.80164753089220   -0.41526913891125
12
 energy: -21.513661419549 gnorm: 0.001917933240 xtb: 6.2.3 (830e466)
C         0.83793177170799    1.51349496005390   -2.22068689229847
C         0.73475983296397    0.87106326310360   -0.85661421458662
C         1.78019046728473    0.58832534453904   -0.14581680870796
O         0.84799860597612    2.91825069575796   -2.17041073061856
O         2.10456867854034    3.36198312451996   -1.65995106691620
O         2.71712317243481    0.28262209090929    0.46617648354750
H         1.91698597444722    4.27558516299937   -1.41189825411340
H         1.73060250562392    1.15754123675401   -2.74673386666673
H        -0.05463003152413    1.29443788345384   -2.81067754857180
H        -0.16354113258557   -2.18827210323872   -2.17531244973607
H         0.17766306132930   -1.54358232676032   -1.89775188634924
H        -0.24066290619254    0.80815066790983   -0.40613276499626
12
 energy: -21.513659995195 gnorm: 0.002837645405 xtb: 6.2.3 (830e466)
C         0.80325936486895    1.50965175830048   -2.20610918871658
C         0.70959518876239    0.88012605221226   -0.83525104144663
C         1.76034010103470    0.59377277017939   -0.13337517053599
O         0.84879404894772    2.91543011686656   -2.16754485070478
O         2.13452450588305    3.33377932338721   -1.70019260027640
O         2.70107270754287    0.28288133984675    0.47060943099031
H         1.96816284144875    4.24559643969536   -1.42634770384782
H         1.67789821901795    1.12935507787330   -2.74465488971439
H        -0.10378576250162    1.30610608263117   -2.77904057707776
H        -0.08175579151061   -2.17127998001192   -2.21663154402536
H         0.23152908653020   -1.51717140981498   -1.92581920373568
H        -0.26064451001291    0.83135242884047   -0.37145266092882
12
 energy: -21.513670891643 gnorm: 0.000977263111 xtb: 6.2.3 (830e466)
C         0.81506478081034    1.51052526287956   -2.21182909572942
C         0.71779499688030    0.87532271833749   -0.84416945813749
C         1.76622842647892    0.58921080490538   -0.13863222328905
O         0.84715904167940    2.91602407351634   -2.16795100449959
O         2.12218820775779    3.34240107660430   -1.68540463523066
O         2.70454653274808    0.27693134124683    0.46853377164769
H         1.94966491648709    4.25539329135552   -1.42237826921649
H         1.69645837727006    1.13997503664378   -2.74544926593146
H        -0.08606098207476    1.30152697450728   -2.79170361716527
H        -0.10453915712334   -2.17211815074006   -2.19946495899877
H         0.21454760487728   -1.51990796978702   -1.91312514854520
H        -0.25406274578133    0.82431554053532   -0.38423609492233
12
 energy: -21.513677356120 gnorm: 0.000372672450 xtb: 6.2.3 (830e466)
C         0.81510014612760    1.51070567093592   -2.21285618716372
C         0.71787940729357    0.87515060881119   -0.84513208541680
C         1.76654836102965    0.58848302399801   -0.13993443124908
O         0.84738723418318    2.91618961154965   -2.16734328739946
O         2.12148508436629    3.34120155719988   -1.68297796870248
O         2.70389642428643    0.27467527866052    0.46820040487881
H         1.94994616178194    4.25562401730611   -1.42347591990037
H         1.69708576073946    1.14065554788275   -2.74743636988961
H        -0.08700496317050    1.30240343200892   -2.79197172857579
H        -0.09489771817349   -2.17413156782094   -2.20116749266591
H         0.20537606769068   -1.51682582484621   -1.90723910195437
H        -0.25381196614502    0.82546864431895   -0.38447583197922
12
 energy: -21.513680345480 gnorm: 0.000955069341 xtb: 6.2.3 (830e466)
C         0.81472286696144    1.51097638307086   -2.21370205783939
C         0.71659278195632    0.87410359531307   -0.84654416704235
C         1.76407964101807    0.58570814319978   -0.14022260093900
O         0.84804883981948    2.91649953643257   -2.16647329494758
O         2.12079219212011    3.33932383523988   -1.67778433808435
O         2.70449751151073    0.27195131103333    0.46312975153393
H         1.95143204947825    4.25647105673982   -1.42595611001657
H         1.69680673090073    1.14088827075040   -2.74862687802610
H        -0.08746923155620    1.30396653850644   -2.79320967169092
H        -0.08184048575942   -2.17604606170444   -2.20118679700701
H         0.19649452564071   -1.51198852449648   -1.89959910160606
H        -0.25516742208049    0.82774591591957   -0.38563473435255
