12
 energy: -21.542711862797 gnorm: 0.135662661087 xtb: 6.2.3 (830e466)
C         1.77761000000000    1.49331000000000   -2.33787000000000
C        -0.31660000000000   -0.07866000000000   -0.94802000000000
C         1.00174000000000   -0.29855000000000   -0.83749000000000
O         0.93198000000000    2.49976000000000   -1.83690000000000
O         1.67009000000000    3.26213000000000   -1.05349000000000
O         1.96083000000000    0.47969000000000   -1.41208000000000
H         1.67730000000000    4.14564000000000   -1.50358000000000
H         2.76868000000000    1.90827000000000   -2.63410000000000
H         1.33064000000000    1.07260000000000   -3.26293000000000
H         1.32708000000000   -1.14968000000000   -0.24747000000000
H        -1.01399000000000   -0.74661000000000   -0.45312000000000
H        -0.72638000000000    0.75169000000000   -1.50874000000000
12
 energy: -21.556328221946 gnorm: 0.051872271943 xtb: 6.2.3 (830e466)
C         1.75996243868812    1.45639037424075   -2.33476986268656
C        -0.31152263953007   -0.07786718950869   -0.96452355782223
C         0.99542634022749   -0.28934847170572   -0.85442089450700
O         0.93324685844030    2.49060220350500   -1.86399884635172
O         1.65970411045426    3.31036520588495   -1.03047328757290
O         1.99601335285843    0.45376825226380   -1.40489454417878
H         1.69444582564829    4.17427502297862   -1.48913988979384
H         2.74999316733356    1.86763150938273   -2.59829362179145
H         1.28437865886879    1.05833562076528   -3.25100675340760
H         1.35486860967595   -1.11901420082908   -0.26243568481401
H        -1.00498301876612   -0.73390614675070   -0.46495841997519
H        -0.72255370389900    0.74835781977306   -1.51687463709873
12
 energy: -21.559517529093 gnorm: 0.008713008296 xtb: 6.2.3 (830e466)
C         1.75901110617912    1.43523982151085   -2.32145455134428
C        -0.30797387691890   -0.06829246276212   -0.97862347257357
C         0.99085869639448   -0.27688599811710   -0.86071359419874
O         0.94283747859983    2.48135851437147   -1.87334892032266
O         1.65779716535849    3.34162279039568   -1.01360154603961
O         2.02653484387426    0.43387851892175   -1.39625836187040
H         1.68434607243447    4.19018030499464   -1.47838718020611
H         2.74623626751019    1.82385003577564   -2.60347570799989
H         1.22729709361145    1.04943216665801   -3.20825127873493
H         1.38265635597254   -1.09622604091380   -0.27445964266025
H        -1.00115912651902   -0.72345141760797   -0.48659855052221
H        -0.71946207649693    0.74888376677294   -1.54061719352736
12
 energy: -21.559881723292 gnorm: 0.004978670648 xtb: 6.2.3 (830e466)
C         1.75599859855356    1.43277442345132   -2.31482278938023
C        -0.30620578092908   -0.07378990018716   -0.99743126792911
C         0.99152754594379   -0.27416754198773   -0.85838982311855
O         0.95395213706929    2.48463142454581   -1.86431964552223
O         1.67398076999312    3.35261099179856   -1.00552936524837
O         2.03212681343169    0.43284468259706   -1.39032942195301
H         1.68103546347324    4.20084723610383   -1.46992317909633
H         2.74067233465976    1.80478687562984   -2.62823124861401
H         1.19017050564405    1.04326865115402   -3.17990683056754
H         1.39340065327172   -1.08034806085323   -0.25846235863235
H        -1.00147439831860   -0.72482812109341   -0.50275241234344
H        -0.71620464279254    0.74095933884106   -1.56569165759484
12
 energy: -21.560118252718 gnorm: 0.004786437318 xtb: 6.2.3 (830e466)
C         1.74805086263222    1.43184501221003   -2.30944016529985
C        -0.30239218046926   -0.07886911184161   -1.01490317673391
C         0.99430181223735   -0.26749646564712   -0.84668323025928
O         0.96958871103183    2.49334864092886   -1.85041221119678
O         1.70530189701847    3.36018743425761   -0.99881502940857
O         2.03472096309718    0.43761739145166   -1.38168482136069
H         1.67695139116195    4.21458580857998   -1.45362985365228
H         2.72802988938548    1.78267155079898   -2.66567634574934
H         1.14453119495507    1.03620405217067   -3.14724890855082
H         1.40148559441091   -1.06100631965699   -0.23307685975245
H        -1.00198169982503   -0.73202406538927   -0.52836571749634
H        -0.70960843563619    0.72252607213714   -1.60585368053970
12
 energy: -21.560240693610 gnorm: 0.004505216773 xtb: 6.2.3 (830e466)
C         1.74063327625353    1.43229178555049   -2.30882500933626
C        -0.29989880432051   -0.08843367961299   -1.03103067034365
C         0.99586257779571   -0.26577170952289   -0.84242985570986
O         0.98126508921454    2.50281393604287   -1.84410597843080
O         1.73435664637773    3.36027401911956   -0.99824807492956
O         2.03346599014852    0.44436530873728   -1.37644748010817
H         1.67272678126753    4.22418718739272   -1.43522755217854
H         2.71610069594866    1.76872161675278   -2.69042921140340
H         1.11807284063502    1.03421014219123   -3.12899787516140
H         1.40332558888579   -1.04238427650357   -0.20726387182680
H        -1.00184118865446   -0.73713121744584   -0.54127644204303
H        -0.70508949355208    0.70644688729829   -1.63150797852855
12
 energy: -21.560339488552 gnorm: 0.005009757565 xtb: 6.2.3 (830e466)
C         1.73314896259768    1.43319477166536   -2.31115132521742
C        -0.29838619260457   -0.09545047153129   -1.03701435376975
C         0.99666760659002   -0.25956553909144   -0.83368688058137
O         0.99175447468630    2.51446735344552   -1.84367038772419
O         1.76564225783006    3.35717850878662   -1.00282110156193
O         2.03040860554197    0.45401303950751   -1.37115202735640
H         1.67058477570825    4.23234420867871   -1.41367750720034
H         2.70447623814643    1.75781194587808   -2.70884002738071
H         1.09818395552635    1.03416900079734   -3.11751043746970
H         1.40169927415664   -1.02644313840838   -0.18792187728019
H        -1.00109151383759   -0.74706887846779   -0.55230956787139
H        -0.70410844434157    0.68493919873967   -1.65603450658663
12
 energy: -21.560405766311 gnorm: 0.004269373816 xtb: 6.2.3 (830e466)
C         1.72833155325412    1.43503876913888   -2.31492156941532
C        -0.29968929949841   -0.10537660933266   -1.04194995758660
C         0.99557911253339   -0.25537238133175   -0.83083161308311
O         0.99846197521313    2.52565121877693   -1.84883613329861
O         1.79006006069341    3.35352157975128   -1.00993231422635
O         2.02613302580973    0.46329498348319   -1.36780707858030
H         1.67301746055731    4.23699286823755   -1.39395451980950
H         2.69833328947554    1.75236399965263   -2.71710214460602
H         1.08765935988606    1.03642596193797   -3.11452328303305
H         1.39939420682365   -1.01130084420571   -0.17206152272713
H        -0.99995640568820   -0.75716871330836   -0.55445759679916
H        -0.70834433905978    0.66551916719994   -1.66941226683486
12
 energy: -21.560444746881 gnorm: 0.003524058767 xtb: 6.2.3 (830e466)
C         1.72543681734669    1.43593469880552   -2.31776971024929
C        -0.30178750025011   -0.11277020485556   -1.04461598053870
C         0.99397920231225   -0.24962004859747   -0.82703835018560
O         1.00504382731215    2.53450649517871   -1.85253999319935
O         1.81279678709615    3.35220471664998   -1.01720023149663
O         2.02298912976289    0.47022636271537   -1.36473852881000
H         1.67276262163835    4.24268944357868   -1.37504254785009
H         2.69589193919680    1.74673021933465   -2.72493778109195
H         1.07695739115909    1.03727484900533   -3.11225744357204
H         1.39810239693355   -0.99834593402380   -0.16089459810256
H        -0.99886493485000   -0.76673998911231   -0.55584075123890
H        -0.71432767765785    0.64749939132079   -1.68291408366490
12
 energy: -21.560471783815 gnorm: 0.002342980305 xtb: 6.2.3 (830e466)
C         1.72510303963685    1.43602305647070   -2.32016477356634
C        -0.30451135063133   -0.11764095410307   -1.04550273465259
C         0.99146474559603   -0.24618745119019   -0.82657798490113
O         1.00989182251830    2.53914588491759   -1.85628820909447
O         1.82852374863229    3.35201726716561   -1.02479700304862
O         2.02014827881965    0.47278379096068   -1.36452990630973
H         1.66867307344918    4.24677060451587   -1.35978286546262
H         2.69661376925794    1.74368551167914   -2.72796192040439
H         1.07482901783427    1.03863173755514   -3.11419033365133
H         1.39690989123164   -0.98934991479010   -0.15460391648137
H        -0.99785907837477   -0.77268460328554   -0.55301708654196
H        -0.72080695797011    0.63639507010405   -1.68837326588547
12
 energy: -21.560493520588 gnorm: 0.006041808127 xtb: 6.2.3 (830e466)
C         1.72522782289253    1.43459995459094   -2.32313401662117
C        -0.30743592752824   -0.12256745357671   -1.04860986724032
C         0.98868819605881   -0.24161065531201   -0.82475223137611
O         1.01979620688816    2.54343294040812   -1.85794848517046
O         1.85580999238492    3.35282062012975   -1.03687650247951
O         2.01780540185756    0.47346360707987   -1.36514346685612
H         1.65190346110324    4.25531134999605   -1.33453427757021
H         2.69734350934194    1.73652197128911   -2.73580046530584
H         1.06911719053004    1.03916127535468   -3.11463526103697
H         1.39532437297551   -0.97718191005720   -0.14460865740198
H        -0.99718311458001   -0.77695922305649   -0.55011146426355
H        -0.72741711192453    0.62259752315375   -1.69963530467778
12
 energy: -21.560538337445 gnorm: 0.003408750635 xtb: 6.2.3 (830e466)
C         1.72892779944652    1.43280539779381   -2.32467825828912
C        -0.31022975890957   -0.12122057800722   -1.04624489269338
C         0.98613612396325   -0.24022675028544   -0.82559636101874
O         1.02403009260382    2.54067515498665   -1.85932421907912
O         1.86570274284391    3.35594607120348   -1.04821429870439
O         2.01714603975968    0.46769867396384   -1.36951781030064
H         1.63411641848313    4.25655021115232   -1.32046422453985
H         2.70269357193047    1.73598074781635   -2.73325766381041
H         1.07660794032141    1.04049059647872   -3.12178998880079
H         1.39367992948396   -0.97603136976160   -0.14674537039303
H        -0.99701561556872   -0.77417959643335   -0.54146924559982
H        -0.73281528435790    0.62110144109233   -1.69848766677072
12
 energy: -21.560585369495 gnorm: 0.006790820732 xtb: 6.2.3 (830e466)
C         1.73280799872916    1.42931966898161   -2.32755497799810
C        -0.31153556761065   -0.11775147229947   -1.04555773125011
C         0.98461167911362   -0.24024770743447   -0.82667525104714
O         1.03294908922183    2.53688279569335   -1.85854654537159
O         1.88692128134682    3.35980962019173   -1.06546517287522
O         2.01817585364923    0.45867085437262   -1.37629503058011
H         1.59846044481413    4.25966253547735   -1.29379320145962
H         2.70735034786032    1.73076173739589   -2.73572668017315
H         1.08053006329415    1.04064353961390   -3.12714899411130
H         1.39108421026516   -0.97226208213036   -0.14208938121979
H        -0.99816731690497   -0.76642783654743   -0.53485737163719
H        -0.73420808377886    0.62052834668513   -1.70207966227668
12
 energy: -21.560675047698 gnorm: 0.005406477982 xtb: 6.2.3 (830e466)
C         1.73970368284580    1.42354650025313   -2.32907361276696
C        -0.30819358859840   -0.10244672778610   -1.04254211556452
C         0.98754478777856   -0.24772860528251   -0.83041000761508
O         1.03790622992912    2.52242758344408   -1.85201731673941
O         1.89310948306697    3.36734995017440   -1.08347841649258
O         2.02564246198552    0.43873281975632   -1.38888298990605
H         1.54411584386560    4.25301445451774   -1.27232694830691
H         2.71415479725695    1.72792881324254   -2.73366884183878
H         1.09174934774891    1.03780482453666   -3.13359427364699
H         1.38894841588381   -0.98234443115338   -0.14393592823968
H        -1.00280948984093   -0.74030792096523   -0.52884991692434
H        -0.72289197192196    0.64161273926225   -1.69700963195873
12
 energy: -21.560714977913 gnorm: 0.003093161471 xtb: 6.2.3 (830e466)
C         1.74211292822695    1.42109439725796   -2.33031915731868
C        -0.30500705016221   -0.09519552075194   -1.04023635598671
C         0.99036935271299   -0.24979995544159   -0.83013097081887
O         1.03669134693696    2.51743172703948   -1.85319442457271
O         1.88768624003269    3.36784736136323   -1.08814486005532
O         2.02923932364237    0.43515750693646   -1.39028721431811
H         1.52664787430846    4.24688161968545   -1.26609883394813
H         2.71611140133413    1.72754826851438   -2.73226763497790
H         1.09663119601044    1.03325730365858   -3.13430399420698
H         1.38760074397288   -0.99091182185157   -0.15091790716028
H        -1.00505932666117   -0.72779907631045   -0.52732642278685
H        -0.71404403035452    0.65407818989991   -1.69256222384947
12
 energy: -21.560526534529 gnorm: 0.022491010535 xtb: 6.2.3 (830e466)
C         1.75186233011355    1.40990221149559   -2.33978370096524
C        -0.29845728829784   -0.07531206108128   -1.03468568724270
C         0.99586290739336   -0.25095418099175   -0.82794814900664
O         1.04676767929370    2.50550677973334   -1.86235891085152
O         1.90814536594497    3.37174767814407   -1.12615342515035
O         2.03851570188758    0.42251296164243   -1.39711421534193
H         1.43674248996362    4.23417182274951   -1.20294316374732
H         2.72558317240261    1.71630824062574   -2.73715476592829
H         1.10861951143947    1.01822311792092   -3.14011759681100
H         1.38058394250414   -1.00344136534154   -0.16072084455198
H        -1.01226265675672   -0.68971011467200   -0.51765894274883
H        -0.69298315588847    0.68063490977489   -1.68915059765420
12
 energy: -21.560780150385 gnorm: 0.002800052713 xtb: 6.2.3 (830e466)
C         1.74584373612363    1.41595930759276   -2.33542718866349
C        -0.30115965949530   -0.08625635596037   -1.03707017323219
C         0.99330869190416   -0.24968428485372   -0.83038744012886
O         1.03777985299173    2.51411004334242   -1.86276587308469
O         1.88785704263395    3.36582511354794   -1.09949248310649
O         2.03308461047784    0.43555410543519   -1.38916386909718
H         1.49689098450848    4.23800086640902   -1.24076245641619
H         2.71982311660326    1.72271606715874   -2.73556587296426
H         1.10006496322584    1.02351147137463   -3.13534490835225
H         1.38616291296645   -0.99602929790177   -0.15548925408705
H        -1.00778358934799   -0.71411166539086   -0.52811186388280
H        -0.70289266259210    0.66999462924592   -1.68620861698457
12
 energy: -21.560814513812 gnorm: 0.002223682082 xtb: 6.2.3 (830e466)
C         1.74712476456513    1.41387701223121   -2.33752227234233
C        -0.30076711398681   -0.08403468058276   -1.03660945936759
C         0.99375568835196   -0.24820564335520   -0.82986813281784
O         1.03957838796243    2.51456163174064   -1.86825487367168
O         1.89170160005958    3.36558712657860   -1.10559139194577
O         2.03386174567476    0.43727400566198   -1.38749277603909
H         1.48544332185353    4.23480617798612   -1.22682766567465
H         2.72114998362472    1.71950961261433   -2.73882394809475
H         1.10032055728456    1.01942716115000   -3.13556835136107
H         1.38647708178322   -0.99566071207954   -0.15557653215553
H        -1.00841874341131   -0.71180080345868   -0.52928498593304
H        -0.70124727376180    0.67424911151321   -1.68436961059669
12
 energy: -21.559772217482 gnorm: 0.043246837479 xtb: 6.2.3 (830e466)
C         1.76255721418642    1.39353855716985   -2.35723671223559
C        -0.29631764030196   -0.05673818863854   -1.02810246418980
C         0.99763527018745   -0.23696285063471   -0.82743738148435
O         1.05736219672042    2.51460422549915   -1.92119862535194
O         1.92549812085808    3.36674803243390   -1.16920928317031
O         2.04220373571813    0.44820897632510   -1.37572256185037
H         1.36283799250186    4.19962788654259   -1.09012917441583
H         2.73729842148603    1.68971984631798   -2.76548555755428
H         1.11113849798781    0.98055975275783   -3.14176776097907
H         1.38721716633753   -0.99798413418608   -0.16218376054873
H        -1.01387031482900   -0.68260672792721   -0.53376352838781
H        -0.68458066085279    0.72087462434007   -1.66355318983191
12
 energy: -21.560878624123 gnorm: 0.002357074366 xtb: 6.2.3 (830e466)
C         1.75304318973422    1.40676204952847   -2.34416144810140
C        -0.29800059101091   -0.07201555467631   -1.03291057750677
C         0.99614094574806   -0.24412187132966   -0.82960740485160
O         1.04142198621904    2.51216107412024   -1.88799141767891
O         1.88862010887245    3.36173529160714   -1.11722026191562
O         2.03812640686011    0.44237961505980   -1.38256960108640
H         1.45151596036477    4.22031248368766   -1.18971467466317
H         2.72713494957927    1.71072214807230   -2.74740031158943
H         1.10613050074963    1.00406496349658   -3.13785912903578
H         1.38788709499045   -0.99920135462855   -0.16217477606523
H        -1.00980229215048   -0.70029821950795   -0.53248742848854
H        -0.69323825995665    0.69708937457021   -1.67169296901716
12
 energy: -21.560900948331 gnorm: 0.001606376002 xtb: 6.2.3 (830e466)
C         1.75298039510372    1.40723428103194   -2.34384570763488
C        -0.29954488410479   -0.07365417210188   -1.03301684090275
C         0.99481583682085   -0.24280325207878   -0.82916418442389
O         1.04379222878559    2.51501705319879   -1.89015911875188
O         1.89593730508331    3.36376890997684   -1.12171052402362
O         2.03654374234491    0.44445850343622   -1.38110421031201
H         1.44972071131760    4.21960875756240   -1.18461132797905
H         2.72727193993947    1.70956856457665   -2.74791868723336
H         1.10591465215230    1.00478890539687   -3.13804524636813
H         1.38769319987567   -0.99748403460241   -0.16167847649470
H        -1.00872533486098   -0.70392732522210   -0.53115919713306
H        -0.69741979245769    0.69301380882538   -1.67337647874268
12
 energy: -21.560934551265 gnorm: 0.001100630276 xtb: 6.2.3 (830e466)
C         1.75393405966414    1.40693142005514   -2.34470959044200
C        -0.30038406340619   -0.07325471285470   -1.03263712420731
C         0.99386748734871   -0.24194173145146   -0.82856651358684
O         1.04749162383915    2.51571165100922   -1.89137608671953
O         1.90401287299098    3.36838472861680   -1.13189847371836
O         2.03598708160009    0.44424996275837   -1.38159232893850
H         1.44097735086360    4.21634626558223   -1.17185627085538
H         2.72837178228832    1.70723945882808   -2.74946927442016
H         1.10643504302657    1.00479537738722   -3.13919776570255
H         1.38615513577473   -0.99523266771534   -0.15956703498698
H        -1.00850728865899   -0.70454094231596   -0.53002684702696
H        -0.69936108533111    0.69090119010034   -1.67489268939545
12
 energy: -21.560538080195 gnorm: 0.029970616487 xtb: 6.2.3 (830e466)
C         1.75911650273038    1.40242079839672   -2.35164441789361
C        -0.30388260277100   -0.07073674405910   -1.03585150370031
C         0.98989286956727   -0.23594347807410   -0.82566007694262
O         1.06842305025496    2.51889502785557   -1.90337346770756
O         1.95939381053468    3.39650171657029   -1.20614518408735
O         2.03486781856043    0.44298235280448   -1.38303303637335
H         1.37506879406702    4.18877802350182   -1.07299698863074
H         2.73462132962217    1.69111482525848   -2.76136966442557
H         1.10878477005497    0.99926482751113   -3.14488698401969
H         1.37800446569637   -0.97829599843063   -0.14284622463243
H        -1.00791974866390   -0.69817191833142   -0.52106947770584
H        -0.70739105965337    0.68278056699667   -1.68691297388094
12
 energy: -21.561020119751 gnorm: 0.005366134522 xtb: 6.2.3 (830e466)
C         1.75624896064304    1.40505640757882   -2.34848820632744
C        -0.30220886734575   -0.07230699064673   -1.03420498867008
C         0.99193399561060   -0.23852635922745   -0.82702194870300
O         1.05737028270157    2.51822805079198   -1.89918612428930
O         1.92875440286300    3.38131937955432   -1.16602668650878
O         2.03516044055506    0.44432866443948   -1.38211498724907
H         1.41149720135255    4.20176845845800   -1.12356586153439
H         2.73146070532599    1.69938176994959   -2.75543062438961
H         1.10797399971700    1.00195291539168   -3.14251881740267
H         1.38258744031971   -0.98632514039320   -0.15124917518884
H        -1.00790383575191   -0.70148494096147   -0.52490452844456
H        -0.70389472599089    0.68619778506488   -1.68107805129227
12
 energy: -21.561043922352 gnorm: 0.003091701184 xtb: 6.2.3 (830e466)
C         1.75638454512240    1.40456822166737   -2.34955607042611
C        -0.30205892149255   -0.07068612039809   -1.03322675735092
C         0.99208459651075   -0.23671994538193   -0.82574247492573
O         1.05760465394887    2.51864389136966   -1.90181902941840
O         1.92930661868814    3.38204106746350   -1.16941864469770
O         2.03535576208258    0.44514771724005   -1.38158401801930
H         1.40929683249088    4.19783346167589   -1.11640664746239
H         2.73166302126825    1.69835024986111   -2.75692146857184
H         1.10795279732192    1.00021008264563   -3.14253344834108
H         1.38276561725273   -0.98539674511077   -0.15082599408304
H        -1.00798166990649   -0.70080811186689   -0.52564760100753
H        -0.70339385328752    0.68640623083440   -1.68210784569597
12
 energy: -21.561103672687 gnorm: 0.001032706946 xtb: 6.2.3 (830e466)
C         1.75785408649263    1.40246009454155   -2.35440718621887
C        -0.30149551167296   -0.06726229694937   -1.03334890822773
C         0.99249413472916   -0.23257744642286   -0.82448979774899
O         1.05967197512207    2.51965241024805   -1.91268355378240
O         1.93346470677972    3.38509824931862   -1.18528250495863
O         2.03608491330893    0.44804714240067   -1.38034934475792
H         1.39578643129910    4.18108760006523   -1.08372207393908
H         2.73337386296848    1.69405365781354   -2.76275894063193
H         1.10934830653550    0.99353417302017   -3.14431442588693
H         1.38258020545872   -0.97861131433356   -0.14593565589437
H        -1.00850459000450   -0.69515552862212   -0.52482269913074
H        -0.70167852101689    0.68926325891999   -1.68367490882243
12
 energy: -21.560073047279 gnorm: 0.042605519209 xtb: 6.2.3 (830e466)
C         1.76474406034121    1.39166765671005   -2.37635474796649
C        -0.29899866937197   -0.04641219018375   -1.02991133968972
C         0.99430543411023   -0.20931362293355   -0.81341385702883
O         1.07150415283222    2.52302507827556   -1.96049175260399
O         1.96198915626498    3.40237247643343   -1.26809513385418
O         2.04004062652851    0.46102471287468   -1.37462279853754
H         1.32340983032328    4.10173292878858   -0.92353436518030
H         2.74067199185676    1.67191531122509   -2.79127982893607
H         1.11459374137771    0.96284117404228   -3.15249934186689
H         1.38098453997141   -0.94966522607089   -0.12570323615687
H        -1.01086937853475   -0.66852123570126   -0.52207756582736
H        -0.69339548569961    0.69892293653970   -1.69780603235178
12
 energy: -21.561183365302 gnorm: 0.007136840421 xtb: 6.2.3 (830e466)
C         1.76152659865346    1.39691602033253   -2.36614679600665
C        -0.29946840642849   -0.05550168107308   -1.03171191769167
C         0.99415524947481   -0.22058900206541   -0.81949336372028
O         1.06403505317115    2.51956921081480   -1.93629227467239
O         1.94180113580047    3.38838111655748   -1.21749014026141
O         2.03880321744292    0.45463487663986   -1.37878913101803
H         1.36176071056844    4.14061143109501   -1.00950690448986
H         2.73691189412714    1.68378023418024   -2.77760779591760
H         1.11258145812728    0.97823993795768   -3.14991297016903
H         1.38246547228380   -0.96325147292642   -0.13595218750016
H        -1.00938011124522   -0.67897762434909   -0.52210669971126
H        -0.69621227197577    0.69577695283630   -1.69077981884169
12
 energy: -21.561207472532 gnorm: 0.004103310930 xtb: 6.2.3 (830e466)
C         1.76170060617798    1.39688602109548   -2.36585473704416
C        -0.29911390951973   -0.05563692774269   -1.03294283185763
C         0.99442774998250   -0.22139212922595   -0.82052254427742
O         1.06333341711349    2.51877128466637   -1.93590168615967
O         1.94136054129524    3.38896069809363   -1.21842682607004
O         2.03919021045318    0.45454091622528   -1.37916264204051
H         1.36047869430638    4.13655162375263   -1.00887910314516
H         2.73687496849740    1.68434176420900   -2.77718654179264
H         1.11321581895288    0.97862317497927   -3.15039243496170
H         1.38239592527927   -0.96258404265783   -0.13530679325654
H        -1.00948975750291   -0.67671856722070   -0.52091916057560
H        -0.69539426503573    0.69724618382543   -1.69029469881896
12
 energy: -21.561228992414 gnorm: 0.000871732326 xtb: 6.2.3 (830e466)
C         1.76242978736058    1.39602874933762   -2.36686880396882
C        -0.29856079484564   -0.05283676605491   -1.03209334700547
C         0.99481798943030   -0.22016466297420   -0.81982575381938
O         1.06310774577755    2.51763145662615   -1.93798750346018
O         1.94020178105226    3.39034089851087   -1.22181062338452
O         2.03994174855484    0.45454756213114   -1.38005102344588
H         1.35596561086706    4.12748797420375   -1.00152939840830
H         2.73743031242617    1.68409180605899   -2.77802880597913
H         1.11476536446293    0.97746699094382   -3.15218889394695
H         1.38236307136956   -0.96151782534878   -0.13482277265118
H        -1.00960031617385   -0.67304349062646   -0.51999978696544
H        -0.69388230028178    0.69955730719193   -1.69058328696474
12
 energy: -21.561256955698 gnorm: 0.002059400347 xtb: 6.2.3 (830e466)
C         1.76448232763728    1.39424915674277   -2.37023932850937
C        -0.29800802236231   -0.04829261269381   -1.03100366241258
C         0.99511098771074   -0.21771034975602   -0.81921851863337
O         1.06403520812051    2.51630341367266   -1.94467310922771
O         1.93928802784697    3.39330195816372   -1.23127340488303
O         2.04090597338485    0.45473133816729   -1.38177736123523
H         1.34510800766153    4.11080025353864   -0.98057004684544
H         2.73973230801055    1.68232310260987   -2.78073881979503
H         1.11842686675625    0.97416870520893   -3.15634043766414
H         1.38197986879584   -0.95751021550860   -0.13229479909712
H        -1.00977614757423   -0.66620946367185   -0.51701678691140
H        -0.69230540598800    0.70343471352632   -1.69064372478559
12
 energy: -21.559535458724 gnorm: 0.051040522295 xtb: 6.2.3 (830e466)
C         1.78032115150856    1.38050005123641   -2.39803551513208
C        -0.29389364917516   -0.01172917591895   -1.02229479060034
C         0.99749402877655   -0.19445989548623   -0.81213519412259
O         1.07102946553208    2.50699543023755   -2.00039111616922
O         1.93690465967959    3.41764963501951   -1.31537791549041
O         2.04854364521797    0.45899583367322   -1.39243189017271
H         1.25756270151738    3.97452576885335   -0.80177437429347
H         2.75775523462732    1.66652154957911   -2.80429950476793
H         1.14569206556016    0.94591523395308   -3.18718544922022
H         1.37928884700031   -0.92373150549795   -0.11194206707635
H        -1.01100397902289   -0.61222712820790   -0.49376523329560
H        -0.68071417122189    0.73063420255871   -1.69615694965910
12
 energy: -21.561295205987 gnorm: 0.003011994845 xtb: 6.2.3 (830e466)
C         1.77169250814454    1.38843573946566   -2.38538035774767
C        -0.29518538819586   -0.02950181485345   -1.02513688827982
C         0.99759734762363   -0.20572567994477   -0.81720221960289
O         1.06315088960956    2.50872065260369   -1.96869834029696
O         1.92346460298378    3.38329159939248   -1.23757008348075
O         2.04540745910448    0.45598149959684   -1.38910000308756
H         1.31590661332949    4.06433189704129   -0.92468058295287
H         2.74828358501620    1.67763842187172   -2.79168566512910
H         1.13169966428966    0.96187104338471   -3.17321893786335
H         1.38273445992966   -0.94243616206638   -0.12619087570508
H        -1.00881546873967   -0.63953833174097   -0.50391645619754
H        -0.68695627309551    0.71652113524909   -1.69300958965644
12
 energy: -21.561314150949 gnorm: 0.001126702567 xtb: 6.2.3 (830e466)
C         1.77062158214173    1.38930910513512   -2.38308717340594
C        -0.29558160579180   -0.03198245534468   -1.02682492442998
C         0.99719544873524   -0.20683242902992   -0.81741836083121
O         1.06341471234431    2.51017256196314   -1.96579115226574
O         1.92914013976960    3.38842287904741   -1.24381434922614
O         2.04499533158152    0.45538627575586   -1.38828349948879
H         1.31656670622820    4.06359418017083   -0.92535154769057
H         2.74712170632566    1.67820463267666   -2.79013306251312
H         1.12983225474706    0.96362458216865   -3.17044333861663
H         1.38233786557958   -0.94277715564007   -0.12541223974349
H        -1.00892068228162   -0.64192667347255   -0.50544860458599
H        -0.68774345937950    0.71439449656946   -1.69378174720243
12
 energy: -21.561329121989 gnorm: 0.003461977843 xtb: 6.2.3 (830e466)
C         1.76917991016833    1.39036476030758   -2.38138704139610
C        -0.29660450400668   -0.03554762675397   -1.02894266837181
C         0.99625125416028   -0.20658483348732   -0.81637715749437
O         1.06528149790840    2.51358533610035   -1.96480758055404
O         1.93886250281274    3.39942964683814   -1.25877544173341
O         2.04390588856577    0.45578429084273   -1.38659637694434
H         1.31660385345394    4.05742542639870   -0.91558479282169
H         2.74566279550151    1.67800753001874   -2.78938888875319
H         1.12723683618932    0.96452913667985   -3.16737653885873
H         1.38155784637294   -0.94100298407001   -0.12256545379967
H        -1.00914418359058   -0.64569538923920   -0.50709048715604
H        -0.68981369753601    0.70929470636433   -1.69689757211664
12
 energy: -21.561337534056 gnorm: 0.003308318000 xtb: 6.2.3 (830e466)
C         1.76944263564755    1.39029652010425   -2.38263542202790
C        -0.29668678385146   -0.03503048029748   -1.02865919200776
C         0.99621499703695   -0.20532705229290   -0.81585833611823
O         1.06550391951366    2.51386359808889   -1.96706183100581
O         1.93832304994267    3.39972633565745   -1.26086474070201
O         2.04377793322541    0.45686039675247   -1.38638545409697
H         1.31641341439168    4.05404573799424   -0.90955465417498
H         2.74600899816631    1.67734654575310   -2.79070845265343
H         1.12757121464796    0.96352584384997   -3.16817149642352
H         1.38157936436375   -0.93908151741371   -0.12136842702678
H        -1.00906950874055   -0.64532602145153   -0.50665538707093
H        -0.69009923434395    0.70869009325516   -1.69786660669170
12
 energy: -21.561362584316 gnorm: 0.005088549974 xtb: 6.2.3 (830e466)
C         1.76996510257961    1.39022692546939   -2.38817780243213
C        -0.29685368390231   -0.03276465403877   -1.02837089202727
C         0.99623169697292   -0.19841543354593   -0.81298845036812
O         1.06578070363765    2.51535195952587   -1.97745438716521
O         1.93749811318574    3.40320556137553   -1.27559687422817
O         2.04332932216560    0.46315713491317   -1.38435110539888
H         1.31632969832751    4.03325361032281   -0.87639085375041
H         2.74663030538730    1.67416541038302   -2.79754063157027
H         1.12809066231439    0.95825267508967   -3.17072124791726
H         1.38170810963239   -0.92815902644526   -0.11432342374837
H        -1.00854172075391   -0.64358369625469   -0.50565102728338
H        -0.69118830954690    0.70489953320509   -1.70422330411054
12
 energy: -21.561374391298 gnorm: 0.003681147135 xtb: 6.2.3 (830e466)
C         1.76958034868742    1.39026713256904   -2.38878918410580
C        -0.29656927264086   -0.03235222359615   -1.02887503703847
C         0.99648720568344   -0.19695979947924   -0.81241966356750
O         1.06503072691190    2.51529075530818   -1.97847125656489
O         1.93690649745331    3.40380838488320   -1.27837632145309
O         2.04352356721342    0.46482765608526   -1.38345503270158
H         1.31788219616981    4.02865672397754   -0.87099348242694
H         2.74591823711286    1.67394638822296   -2.79897278547229
H         1.12755647744019    0.95691168517338   -3.17037526783292
H         1.38182692882973   -0.92588030489081   -0.11287098435914
H        -1.00832533674161   -0.64323686782523   -0.50632660719958
H        -0.69083757611963    0.70431046957178   -1.70586437727783
12
 energy: -21.561407700827 gnorm: 0.004068174653 xtb: 6.2.3 (830e466)
C         1.76745634648306    1.39077058905468   -2.39030731785422
C        -0.29594565426887   -0.03249130016816   -1.03209136788406
C         0.99692705140355   -0.19145633886005   -0.80972986165460
O         1.06331703968704    2.51714247512829   -1.98293473500630
O         1.93990253698164    3.41374884343959   -1.29979353649437
O         2.04367893831132    0.47148507788804   -1.37920377250769
H         1.32291026306194    4.00486356548041   -0.84157860249608
H         2.74244036581465    1.67295288596523   -2.80430706114555
H         1.12459011369796    0.95171228410634   -3.16763025824905
H         1.38167718447560   -0.91572822971696   -0.10497276125386
H        -1.00770232721614   -0.64352661340981   -0.50992479117988
H        -0.69027185843178    0.70011676109231   -1.71331593427435
12
 energy: -21.561442655685 gnorm: 0.002524616559 xtb: 6.2.3 (830e466)
C         1.76446401803815    1.39150674086857   -2.38906679041961
C        -0.29515015167950   -0.03417237121374   -1.03624097045058
C         0.99723312118668   -0.18837398626039   -0.80742204629665
O         1.06114103407679    2.51973629802657   -1.98456950161569
O         1.94337746561095    3.42771094168446   -1.32253275068859
O         2.04380562165843    0.47693958170727   -1.37462679184206
H         1.33059487266147    3.98241909902706   -0.81876625908063
H         2.73762408825613    1.67366429911154   -2.80727932665999
H         1.12094010394367    0.94754934184742   -3.16266290827247
H         1.38119664866046   -0.90887896238571   -0.09836612125073
H        -1.00731532560245   -0.64539420301574   -0.51527994025590
H        -0.68893149681080    0.69688322060260   -1.71897659316710
12
 energy: -21.561455660721 gnorm: 0.006024235298 xtb: 6.2.3 (830e466)
C         1.76342266970180    1.39196779689746   -2.39074575910744
C        -0.29496925591149   -0.03396436556022   -1.03771648459283
C         0.99706697781811   -0.18403953337387   -0.80451838735239
O         1.06009632739865    2.52305744750671   -1.99284859195129
O         1.94268562404949    3.43946365306750   -1.34387027558093
O         2.04318727632309    0.48295964716948   -1.37141602125420
H         1.33561792206092    3.95648103722157   -0.78923925612696
H         2.73601590969543    1.67302257548565   -2.81093415766284
H         1.12057411328989    0.94305578769444   -3.16193240474768
H         1.38103292779253   -0.90115068142158   -0.09206158600387
H        -1.00699814168671   -0.64567075021902   -0.51716802468858
H        -0.68875235053172    0.69440738553179   -1.72333905093103
12
 energy: -21.561504442022 gnorm: 0.002230245713 xtb: 6.2.3 (830e466)
C         1.76310108414473    1.39263542482382   -2.39169989154361
C        -0.29501303704535   -0.03360186594817   -1.03774450490174
C         0.99634651572099   -0.18144464424601   -0.80146095475076
O         1.05859236869963    2.52829648669127   -2.00541100926783
O         1.93546641638300    3.45494968741347   -1.36609774711110
O         2.04165436544749    0.48919642822904   -1.36868574421929
H         1.34420526081808    3.92463650718154   -0.76079203905485
H         2.73580549833897    1.67368365904513   -2.81195880220607
H         1.12307356949561    0.93922847937205   -3.16272602581834
H         1.38110395255534   -0.89646684194613   -0.08767823914923
H        -1.00694815303930   -0.64643650266561   -0.51829341657753
H        -0.68840784151920    0.69491318204950   -1.72324162539967
12
 energy: -21.561511325671 gnorm: 0.007421431662 xtb: 6.2.3 (830e466)
C         1.76415193256077    1.39300007053748   -2.39533593002613
C        -0.29518290888259   -0.02987400562285   -1.03607487775020
C         0.99618091205002   -0.17573655676114   -0.79850626527301
O         1.05612884267872    2.52971867100658   -2.01717213308253
O         1.92771702189276    3.46477997386111   -1.38509810704277
O         2.04083317289662    0.49666540900313   -1.36592133053577
H         1.34847522469842    3.89141579858652   -0.73027258255772
H         2.73768358874502    1.67278493013018   -2.81459367081935
H         1.12620609559333    0.93487835519740   -3.16566947652225
H         1.38220029450926   -0.88952245492693   -0.08444312442164
H        -1.00683647786336   -0.64430319988485   -0.51774397460264
H        -0.68857769887899    0.69578300887326   -1.72495852736602
12
 energy: -21.561547728382 gnorm: 0.002472963478 xtb: 6.2.3 (830e466)
C         1.76507505280019    1.39313651335072   -2.39691558054027
C        -0.29521600305698   -0.02765125140136   -1.03541451091244
C         0.99645123099409   -0.17358838975370   -0.79868663834609
O         1.05455336378122    2.52791610611765   -2.01849412072348
O         1.92362723288668    3.46427877340154   -1.38487621861003
O         2.04117893555651    0.49808760761463   -1.36569960500767
H         1.34888014183305    3.88299158017420   -0.72734770387783
H         2.73909504679761    1.67267876256281   -2.81491332376840
H         1.12809451792074    0.93380892703504   -3.16731334995164
H         1.38275529958974   -0.88747484385653   -0.08464824491345
H        -1.00671451519302   -0.64179473105556   -0.51645463867818
H        -0.68880030390983    0.69720094581045   -1.72502606467055
12
 energy: -21.561560318615 gnorm: 0.000875681127 xtb: 6.2.3 (830e466)
C         1.76614623373158    1.39308364429766   -2.39921323489622
C        -0.29504279730730   -0.02489067004026   -1.03471307320215
C         0.99680385642419   -0.17107669230473   -0.79888448344473
O         1.05320428333647    2.52632115639856   -2.02187208655109
O         1.91891976019703    3.46379772382485   -1.38538462964569
O         2.04171534114659    0.49940619540199   -1.36586417338564
H         1.34793610584602    3.87126550193405   -0.72105076078987
H         2.74062151594473    1.67265175503717   -2.81567366865692
H         1.13077707292718    0.93201057884047   -3.16984079780446
H         1.38306498496216   -0.88429784441275   -0.08394682359330
H        -1.00641580379142   -0.63815290694466   -0.51455178524284
H        -0.68875055341724    0.69947155796756   -1.72479448278710
12
 energy: -21.561579585492 gnorm: 0.002199712248 xtb: 6.2.3 (830e466)
C         1.76808518188684    1.39291262889699   -2.40389715917720
C        -0.29452515132265   -0.01884306255861   -1.03308820860410
C         0.99749929783680   -0.16528081582830   -0.79816982959967
O         1.05071944078906    2.52398945035744   -2.03030905864935
O         1.90958579487520    3.46426054505325   -1.38914050474385
O         2.04290623362719    0.50215915758801   -1.36636749096249
H         1.34607780306812    3.84455221575572   -0.70405188485102
H         2.74330386329747    1.67268704444497   -2.81789670687443
H         1.13596006120046    0.92781389277683   -3.17464276911882
H         1.38330642321048   -0.87734611681247   -0.08153221556508
H        -1.00579297114391   -0.63051556700895   -0.51097307904869
H        -0.68814597732509    0.70320062733502   -1.72572109280532
12
 energy: -21.560846003277 gnorm: 0.035810035429 xtb: 6.2.3 (830e466)
C         1.78076406738407    1.39182634949596   -2.43487828380422
C        -0.29051831600176    0.02028220877110   -1.02475075121602
C         1.00219662051875   -0.12699877453080   -0.79296893385850
O         1.03337931097354    2.51034956499383   -2.09091687004164
O         1.84435587651811    3.47337689207858   -1.42338007131952
O         2.05092982260316    0.52182271290907   -1.36955488245227
H         1.33678378572287    3.65306773286742   -0.57923341879593
H         2.76075371655324    1.67387523255464   -2.83323499951327
H         1.17131975900780    0.89823993175180   -3.20631298155186
H         1.38397088926012   -0.82757077285247   -0.06108739985562
H        -1.00196807260214   -0.57736777542571   -0.48676509426588
H        -0.68298745993777    0.72868669738650   -1.73270631332526
12
 energy: -21.561613564172 gnorm: 0.002934247268 xtb: 6.2.3 (830e466)
C         1.77228093036927    1.39123536634151   -2.41573588699963
C        -0.29210102209614   -0.00488891526158   -1.03045317994291
C         0.99987936943744   -0.15358354716472   -0.79707344808448
O         1.04698727984862    2.52025623276431   -2.05281789550402
O         1.88916464859254    3.45619685376168   -1.38620734416949
O         2.04625930563474    0.50681491193983   -1.37141957531533
H         1.33457101006224    3.78584969737278   -0.66867970252372
H         2.74884528330654    1.67351273592313   -2.82499678043402
H         1.14788051046486    0.91843119248042   -3.18789538481615
H         1.38419365368535   -0.85934664048972   -0.07341263746721
H        -1.00396155886134   -0.60849413416428   -0.49989261605543
H        -0.68501941044414    0.71360624649654   -1.72720554868762
12
 energy: -21.561624285151 gnorm: 0.001849528080 xtb: 6.2.3 (830e466)
C         1.77260795556648    1.39129160281809   -2.41587814778900
C        -0.29211364396924   -0.00306772437479   -1.02925246181996
C         0.99985781203140   -0.15155097714071   -0.79536860466458
O         1.04685661413625    2.52051980449291   -2.05401661207991
O         1.88758961774184    3.45862315590661   -1.38918972102651
O         2.04643351160954    0.50747476439751   -1.37118052337404
H         1.33538770703109    3.77967505129026   -0.66464063694560
H         2.74919126252536    1.67275528844069   -2.82576952221270
H         1.14753912565812    0.91839345379675   -3.18740810879940
H         1.38430771830070   -0.85893740511592   -0.07341238527711
H        -1.00400290573009   -0.60807941852910   -0.50040475186628
H        -0.68467477490146    0.71249240401761   -1.72926852414494
12
 energy: -21.561624290848 gnorm: 0.008582290601 xtb: 6.2.3 (830e466)
C         1.77492806346513    1.39164579851308   -2.41890330558514
C        -0.29154833309424    0.00283671734921   -1.02870699579988
C         1.00017464309412   -0.14347269836264   -0.79130135010058
O         1.04479649252511    2.52173161785999   -2.06576504579409
O         1.87411154726197    3.47186595148294   -1.40640007933401
O         2.04735189780401    0.51252859735166   -1.37045796834768
H         1.34022349134023    3.73334814883701   -0.63444108934382
H         2.75212088852048    1.67000812302990   -2.82975307815965
H         1.14940495826220    0.91612395113031   -3.18850971931926
H         1.38455155023308   -0.84859852039899   -0.06702239855682
H        -1.00422142085610   -0.60007580324864   -0.49835598127622
H        -0.68291377855600    0.71164811645607   -1.73617298838285
12
 energy: -21.561650355490 gnorm: 0.003648068014 xtb: 6.2.3 (830e466)
C         1.77384238849090    1.39149469931263   -2.41804844514186
C        -0.29164776429793    0.00010091866388   -1.02964777667061
C         1.00004324135225   -0.14651863391368   -0.79290039920887
O         1.04545593735332    2.52190652721452   -2.06277460596354
O         1.87840477148279    3.46706440670675   -1.40012215361249
O         2.04682113793328    0.51136465285648   -1.37067800159300
H         1.33952892645967    3.74793892183753   -0.64395845199352
H         2.75079591777512    1.67123796420502   -2.82850119062017
H         1.14885279928347    0.91659399985795   -3.18853538476667
H         1.38446253673474   -0.85085679657777   -0.06797918805163
H        -1.00410042508496   -0.60279528103636   -0.49902636353002
H        -0.68347946748267    0.71205862087294   -1.73361803884764
12
 energy: -21.561659131426 gnorm: 0.002530012863 xtb: 6.2.3 (830e466)
C         1.77335663270347    1.39151413541611   -2.41861733087950
C        -0.29151800298694   -0.00011485035265   -1.03023154087918
C         1.00000995839546   -0.14593886368355   -0.79258490404610
O         1.04493732162107    2.52266662999748   -2.06499611947560
O         1.87723737064247    3.46662067508805   -1.40017436380136
O         2.04651216083771    0.51287459748365   -1.37033506809590
H         1.34170232234129    3.74365416937182   -0.64130862686543
H         2.75023569255027    1.67195894142710   -2.82887811208869
H         1.14935272365274    0.91552267741055   -3.18930278030922
H         1.38449354402548   -0.84857457850697   -0.06619050999176
H        -1.00393776940638   -0.60271580406989   -0.49927629201653
H        -0.68340195437668    0.71212227041820   -1.73389435155074
12
 energy: -21.561682210325 gnorm: 0.001961982421 xtb: 6.2.3 (830e466)
C         1.77204517356838    1.39201556798923   -2.42075734705218
C        -0.29111178746645    0.00023782891534   -1.03223815287517
C         0.99989454575372   -0.14176608805924   -0.79031741728056
O         1.04221950442072    2.52554429565519   -2.07422127550079
O         1.87069084052325    3.46812708716694   -1.40480494699805
O         2.04550778440604    0.51999937617842   -1.36822251695925
H         1.35182155398593    3.71893231249820   -0.62642847489987
H         2.74870751364247    1.67390470037986   -2.83108897444441
H         1.15081035762463    0.91158095459357   -3.19103379153729
H         1.38487398852410   -0.83866341105615   -0.05907728997714
H        -1.00356145890658   -0.60139843031191   -0.50024041619399
H        -0.68291801607625    0.71107580605045   -1.73735939628132
12
 energy: -21.561677071905 gnorm: 0.010551317685 xtb: 6.2.3 (830e466)
C         1.76945896042834    1.39394126346136   -2.42549542447205
C        -0.29035173654582    0.00248082802511   -1.03666699306843
C         0.99948750721053   -0.12894428429185   -0.78331563586340
O         1.03487144264664    2.53255644837247   -2.09649835230095
O         1.85213267486486    3.47762488174183   -1.42268371799723
O         2.04323965575727    0.53913798943869   -1.36148980353959
H         1.38007785072863    3.64832821122862   -0.58509434193616
H         2.74557351132948    1.67718825230609   -2.83735851233215
H         1.15309590267360    0.90241752373833   -3.19279135318457
H         1.38597891058445   -0.81334952088554   -0.04173455062815
H        -1.00291410677744   -0.59827853728469   -0.50375994976196
H        -0.68167057290057    0.70648694414948   -1.74890136491537
12
 energy: -21.561720259013 gnorm: 0.004403579556 xtb: 6.2.3 (830e466)
C         1.76987292711223    1.39389825564907   -2.42282041804208
C        -0.29085418562577    0.00078250153523   -1.03573638862855
C         0.99937568985521   -0.13278277548986   -0.78510229296991
O         1.03693930935384    2.53083291896902   -2.08736484309587
O         1.85895971312928    3.47598373545360   -1.41814359450355
O         2.04357123440124    0.53432669203323   -1.36222531917555
H         1.37446101521855    3.67164230304026   -0.60060896847949
H         2.74589915941644    1.67595125737140   -2.83540845028177
H         1.15060181942258    0.90611047940836   -3.18985439004921
H         1.38582682897162   -0.82172126387166   -0.04765338671610
H        -1.00332025473903   -0.60139722167463   -0.50421747473745
H        -0.68235325651621    0.70596311757589   -1.74665447332048
12
 energy: -21.561737317005 gnorm: 0.003381681470 xtb: 6.2.3 (830e466)
C         1.76934360630965    1.39481255747802   -2.42213653170688
C        -0.29114235240528    0.00010711428862   -1.03634555360438
C         0.99900509546691   -0.13111918520405   -0.78400275692433
O         1.03611229426673    2.53201962016834   -2.08752030819943
O         1.85760927137728    3.47968688820548   -1.42172332792625
O         2.04296931162778    0.53720654933105   -1.35998682038346
H         1.38098349339604    3.66517177971656   -0.59878036918897
H         2.74518000272679    1.67563347081603   -2.83584346231554
H         1.14910810443035    0.90610767765405   -3.18762492707570
H         1.38592105169874   -0.81986515161032   -0.04660520586158
H        -1.00336482117511   -0.60376349757634   -0.50638448196058
H        -0.68274505771992    0.70359217673248   -1.74883625485290
12
 energy: -21.561789141798 gnorm: 0.003952979672 xtb: 6.2.3 (830e466)
C         1.76706009549568    1.39918410226693   -2.42124033073670
C        -0.29231043336586   -0.00202602242447   -1.03929184017737
C         0.99740248406889   -0.12193702977357   -0.77885680568998
O         1.03120359153783    2.53783284740406   -2.09441232653963
O         1.84706234333380    3.49670336627227   -1.43972659199367
O         2.04010270335789    0.55184285820960   -1.35005352806377
H         1.41228440157314    3.62407104153114   -0.58168612395382
H         2.74262171556260    1.67518673096524   -2.83796610893896
H         1.14536476142016    0.90390326977489   -3.18085913760122
H         1.38603277069237   -0.80740633012013   -0.03898632629815
H        -1.00312342957638   -0.61205814293021   -0.51440630979636
H        -0.68472100410015    0.69429330882416   -1.75830457021038
12
 energy: -21.561796312769 gnorm: 0.008947345081 xtb: 6.2.3 (830e466)
C         1.76465695506747    1.40421911979441   -2.42133088522808
C        -0.29369237379470   -0.00465158239004   -1.04208542764535
C         0.99569095256156   -0.11312472489919   -0.77455168023105
O         1.02568713181688    2.54358900066320   -2.10358083741343
O         1.83550750553274    3.51126687659052   -1.45556807775803
O         2.03679921992072    0.56618817630160   -1.34062363162505
H         1.44416096385115    3.58402828949775   -0.56495677736835
H         2.74068966396494    1.67604068950065   -2.83878195606560
H         1.14390564240904    0.90122413147028   -3.17641253328195
H         1.38560526721589   -0.79479985481799   -0.03119016111978
H        -1.00235133834216   -0.62014695320957   -0.52066800098109
H        -0.68767959020356    0.68575683149827   -1.76604003128226
12
 energy: -21.561834935884 gnorm: 0.002271167146 xtb: 6.2.3 (830e466)
C         1.76501432095537    1.40485287955075   -2.42144821906379
C        -0.29419522753186   -0.00551469426662   -1.04112536709540
C         0.99550567581056   -0.11498003801785   -0.77631481936208
O         1.02631345507493    2.54253339989352   -2.10205932626702
O         1.83703208730997    3.50926590459236   -1.45198869534858
O         2.03662406130508    0.56329105840448   -1.34158623128822
H         1.44159864277311    3.59449470627938   -0.57134241662588
H         2.74192143589664    1.67625143793149   -2.83650690892311
H         1.14538641336612    0.90240834239356   -3.17786974963208
H         1.38483888901900   -0.79842056243320   -0.03377519788994
H        -1.00190709162474   -0.62131102067096   -0.51899811215239
H        -0.68915266235422    0.68671858634298   -1.76277495635151
12
 energy: -21.561854742086 gnorm: 0.002442142548 xtb: 6.2.3 (830e466)
C         1.76386002304111    1.40749365196494   -2.42189911161777
C        -0.29480752271063   -0.00671799399293   -1.04219828121964
C         0.99480586011097   -0.11190590144574   -0.77527308363166
O         1.02320575679026    2.54415158310694   -2.10649306689994
O         1.83066575513940    3.51333268365245   -1.45726967200498
O         2.03508408955245    0.56857731979088   -1.33849992984454
H         1.45575275423913    3.57802364957090   -0.56578365632134
H         2.74146909144593    1.67874149220566   -2.83532184695089
H         1.14706732011945    0.90094536782860   -3.17779513645908
H         1.38398132429457   -0.79330584425336   -0.03059157892973
H        -1.00117418146838   -0.62384657891894   -0.51998076170761
H        -0.69093027055431    0.68410057049052   -1.76468387441285
12
 energy: -21.561842732776 gnorm: 0.011045353553 xtb: 6.2.3 (830e466)
C         1.75980939061776    1.41537753883734   -2.42291918996947
C        -0.29604096429533   -0.00893396010097   -1.04599165515317
C         0.99289665505515   -0.10157366387230   -0.77094878344345
O         1.01112083080189    2.54828366884420   -2.12063405635086
O         1.80561680736107    3.52772465292515   -1.47655169633103
O         2.03075686805552    0.58603266000164   -1.32911749154716
H         1.50473481745454    3.51629359067874   -0.54579006545226
H         2.73906185186200    1.68927946270078   -2.83137207659718
H         1.15392353317606    0.89491084212893   -3.17802062693760
H         1.38114060689665   -0.77540467697947   -0.01896235222888
H        -0.99910899985730   -0.62940876052320   -0.52358726624137
H        -0.69493139712803    0.67700864535907   -1.77189473974760
12
 energy: -21.561887735437 gnorm: 0.001914351971 xtb: 6.2.3 (830e466)
C         1.76211950246020    1.41062948615970   -2.42259955607346
C        -0.29487191533688   -0.00653600392121   -1.04370251600427
C         0.99435207540759   -0.10839695202322   -0.77393771464527
O         1.01652375922543    2.54403801814471   -2.11253601247546
O         1.81660758278338    3.51730277833517   -1.46449602753068
O         2.03376000476690    0.57449593054448   -1.33636333636608
H         1.47677091899813    3.54939605258787   -0.55816370003676
H         2.74052765358397    1.68658663524538   -2.83214412397833
H         1.15320614524655    0.89749382589017   -3.18028924540267
H         1.38215267294777   -0.78581160307596   -0.02545099413099
H        -1.00017018368146   -0.62303686271889   -0.51951136520194
H        -0.69199821640164    0.68342869483170   -1.76659540815410
12
 energy: -21.561906288703 gnorm: 0.002249890684 xtb: 6.2.3 (830e466)
C         1.76143353061298    1.41195906494257   -2.42253956884001
C        -0.29476397150503   -0.00554220702581   -1.04431440062288
C         0.99414059430459   -0.10590512803382   -0.77253041664038
O         1.01186922874492    2.54360040045696   -2.11532924262454
O         1.80680746167632    3.52204702044947   -1.47006608169185
O         2.03344809755713    0.57797943894643   -1.33464611875238
H         1.49017031455867    3.53046690872950   -0.55336499391230
H         2.73990153758028    1.69040136614858   -2.83058331530934
H         1.15623561542637    0.89555306774004   -3.18097666571343
H         1.38157859284097   -0.78197373623277   -0.02283193727823
H        -1.00006386489299   -0.62232721311864   -0.52036327724930
H        -0.69177713690424    0.68333101699739   -1.76824398136537
12
 energy: -21.561910597613 gnorm: 0.007428230229 xtb: 6.2.3 (830e466)
C         1.76021968481605    1.41480670410948   -2.42253740062819
C        -0.29441120848669   -0.00242642422543   -1.04553547155453
C         0.99378822495487   -0.09996534138487   -0.76928422978387
O         0.99978356161838    2.54161028911420   -2.12178030945515
O         1.78191397465090    3.53210406633442   -1.48206626990303
O         2.03304960995633    0.58595898062423   -1.33086686095198
H         1.52198418273230    3.48484740848835   -0.54307390704043
H         2.73869012401756    1.70001347459166   -2.82648472474139
H         1.16390962701739    0.89102082232272   -3.18307421430380
H         1.38084464901078   -0.77320386656747   -0.01706510853723
H        -1.00013487129029   -0.61914969429123   -0.52186539928512
H        -0.69065755899762    0.68397358088385   -1.77215610381529
12
 energy: -21.561928526869 gnorm: 0.001898361833 xtb: 6.2.3 (830e466)
C         1.76130253996959    1.41248467463857   -2.42252137572587
C        -0.29415088224988   -0.00235505865355   -1.04447236922518
C         0.99431533286473   -0.10319602861567   -0.77079309023594
O         1.00471495315537    2.54107984170452   -2.11786961482140
O         1.79187602891760    3.52665911743802   -1.47542778188744
O         2.03408921366804    0.58074563421927   -1.33380450172953
H         1.50509065542871    3.50606095338502   -0.54879024276561
H         2.73939643921687    1.69608201114720   -2.82825592973209
H         1.16119411703302    0.89296694673689   -3.18293315032244
H         1.38160377088545   -0.77829619076674   -0.02039415936028
H        -1.00053835489482   -0.61821328659181   -0.52066817119283
H        -0.68991381399471    0.68557138535819   -1.76985961300141
12
 energy: -21.561938481338 gnorm: 0.001532231291 xtb: 6.2.3 (830e466)
C         1.76150581547803    1.41250198901044   -2.42276875217469
C        -0.29370844592578   -0.00002898254821   -1.04438569391605
C         0.99450196660146   -0.10146947920022   -0.76984087196711
O         1.00044602439118    2.53929327360088   -2.11947781122433
O         1.78277231459835    3.52845676954118   -1.47751737414783
O         2.03461748111032    0.58231145746536   -1.33351189065522
H         1.51284831402669    3.49151325766655   -0.54637990299934
H         2.73927350593612    1.69923989757014   -2.82708187762762
H         1.16406674871855    0.89144594194552   -3.18427490782518
H         1.38203590085024   -0.77606423668326   -0.01916430539458
H        -1.00096263396703   -0.61501907640572   -0.52064056645675
H        -0.68841699181816    0.68740918803727   -1.77074604561131
12
 energy: -21.561948251423 gnorm: 0.002607077304 xtb: 6.2.3 (830e466)
C         1.76162030104773    1.41350599831550   -2.42395148965285
C        -0.29320719377009    0.00369810601849   -1.04445745827999
C         0.99459703185881   -0.09673708266363   -0.76788130535721
O         0.99252101439078    2.53709725913697   -2.12460916649432
O         1.76512401451068    3.53122232578678   -1.48070315734532
O         2.03479948396192    0.58769264639363   -1.33177037537655
H         1.53010164908699    3.45972897421763   -0.54084690686704
H         2.73906380723230    1.70496194767346   -2.82528264021396
H         1.16910919653460    0.88838412270380   -3.18656035807985
H         1.38305281641474   -0.76949600415538   -0.01590038492856
H        -1.00144805435171   -0.61021891798723   -0.52083758473762
H        -0.68635406691679    0.68975062455990   -1.77298917266675
12
 energy: -21.561952889321 gnorm: 0.000842830939 xtb: 6.2.3 (830e466)
C         1.76134544872405    1.41406330149226   -2.42400070615571
C        -0.29330782319021    0.00325757482921   -1.04469731892731
C         0.99444117802088   -0.09602241262219   -0.76766028342399
O         0.99255648797300    2.53781489626055   -2.12506670880886
O         1.76516398546197    3.53114128938233   -1.47997161219029
O         2.03436077668775    0.58890358550666   -1.33121579697866
H         1.53184009165335    3.45756437368059   -0.54145844062577
H         2.73889680324616    1.70483937979349   -2.82555998076644
H         1.16861685249965    0.88853742884092   -3.18605460127756
H         1.38296822911198   -0.76821508953736   -0.01522933694008
H        -1.00128051873394   -0.61104092512894   -0.52120818311346
H        -0.68662151145468    0.68874659750239   -1.77366703079190
