12
 energy: -21.505694646364 gnorm: 0.124823877032 xtb: 6.2.3 (830e466)
C         1.62761000000000    0.85647000000000   -2.46807000000000
C         0.86233000000000   -0.07965000000000   -1.89742000000000
C         1.33196000000000   -0.91625000000000   -0.77533000000000
O        -0.26236000000000    3.21562000000000   -1.05163000000000
O         0.73645000000000    4.07226000000000   -1.10568000000000
O         2.45515000000000   -0.78786000000000   -0.31275000000000
H         1.19897000000000    3.86949000000000   -1.95873000000000
H         2.64065000000000    1.04638000000000   -2.12708000000000
H         1.23588000000000    1.44748000000000   -3.28960000000000
H         0.66488000000000   -1.66034000000000   -0.35357000000000
H        -0.14570000000000   -0.23376000000000   -2.26983000000000
H         0.04317000000000    2.50977000000000   -0.42611000000000
12
 energy: -21.513344066849 gnorm: 0.044086580115 xtb: 6.2.3 (830e466)
C         1.61922397640348    0.85800853162345   -2.46410877733384
C         0.86063946124294   -0.07688189797413   -1.89651954671724
C         1.34898860895138   -0.90290251941754   -0.78256810764534
O        -0.27250340316586    3.17968299975474   -1.04527209889219
O         0.75864093803352    4.08425919078415   -1.12280719725705
O         2.45579185502166   -0.78465558581090   -0.30630467168528
H         1.21604521202966    3.89312323917034   -1.96657960234722
H         2.62889840168205    1.03937413424327   -2.12696122541921
H         1.24494126764094    1.44396905491799   -3.28923747849467
H         0.65383061104149   -1.64706708779304   -0.37667278761921
H        -0.14664368272027   -0.24772059150999   -2.25443596692394
H         0.02113675383902    2.50042053201167   -0.40433253966480
12
 energy: -21.514925586657 gnorm: 0.010114824432 xtb: 6.2.3 (830e466)
C         1.61784562750527    0.85218453319185   -2.47435874043466
C         0.85899200650395   -0.07592913887076   -1.89960009180657
C         1.35608385034850   -0.88386650592197   -0.77838519719268
O        -0.26634655625825    3.13897133878568   -1.05409032489572
O         0.76825898977102    4.08485934191156   -1.13188814642165
O         2.45552930327103   -0.78309161081263   -0.29612574829555
H         1.21466129488830    3.90988480190332   -1.97383173738181
H         2.61944714861422    1.03831629333674   -2.12195590890068
H         1.25359939430995    1.45136964295711   -3.29137934839785
H         0.64164595252716   -1.63989353797529   -0.40230973886254
H        -0.14996581045532   -0.26110788482320   -2.24007066442384
H         0.01923879897419    2.50791272631763   -0.37180435298650
12
 energy: -21.515164620575 gnorm: 0.013489095263 xtb: 6.2.3 (830e466)
C         1.60682060736098    0.86570031158627   -2.46874749323323
C         0.85588107515212   -0.07282393147253   -1.90105579929593
C         1.36881260185135   -0.89231081060559   -0.79461778747036
O        -0.25230292942887    3.10424678020514   -1.07101403931948
O         0.77787304550067    4.07640217499886   -1.12895335326674
O         2.44963531016249   -0.76963262065432   -0.27989995594563
H         1.21213634155359    3.92678015326465   -1.97925478188598
H         2.61459454493683    1.03460904698558   -2.12465820518007
H         1.26044323874560    1.45004479857223   -3.30428593609687
H         0.63111389027168   -1.62670020333951   -0.40823797044714
H        -0.15078155176554   -0.27590968317063   -2.23568826547049
H         0.01476382565910    2.51920398362990   -0.33938641238813
12
 energy: -21.515575663718 gnorm: 0.010522640888 xtb: 6.2.3 (830e466)
C         1.60732871477303    0.86129128853001   -2.47852692590278
C         0.85524915255478   -0.07193824655249   -1.90355062990115
C         1.36276098508199   -0.87540655986682   -0.78169504491672
O        -0.24179147413861    3.09249006374066   -1.07689224105641
O         0.79758306897768    4.05852836701584   -1.11514319861029
O         2.44620194851829   -0.76095627437988   -0.27267290258841
H         1.20079267429570    3.94111084464269   -1.98958711314218
H         2.61170470243772    1.03535402614680   -2.12503597228372
H         1.26217771460579    1.45140870725863   -3.31049310217831
H         0.63450711778953   -1.63203495952733   -0.41926089547813
H        -0.15136112106288   -0.28124484256848   -2.23334742359841
H         0.00383651616699    2.52100758556044   -0.32959455034358
12
 energy: -21.515818885020 gnorm: 0.016460586259 xtb: 6.2.3 (830e466)
C         1.60891941941798    0.85367574905231   -2.49341768506245
C         0.85622786095454   -0.07441762352577   -1.91141270920902
C         1.35859703987333   -0.86535493065979   -0.77662808727003
O        -0.22418190993133    3.08353833705036   -1.07844248305167
O         0.83868582904263    4.02255838955648   -1.09048717803933
O         2.43727713726474   -0.73954074163540   -0.25877959645242
H         1.17637554662033    3.96223462558227   -2.00900670763692
H         2.60522126950658    1.04274595012035   -2.12194261097080
H         1.26299671021254    1.45043387024031   -3.31996198799009
H         0.63796825673030   -1.63107356800057   -0.42197902854596
H        -0.15014770003728   -0.28908449791524   -2.23729559814581
H        -0.01894945965435    2.52389444013481   -0.31644632762562
12
 energy: -21.515816795978 gnorm: 0.027454151806 xtb: 6.2.3 (830e466)
C         1.60591766641537    0.85070631939400   -2.50585132669105
C         0.85475426147365   -0.07484367460777   -1.91837469991184
C         1.35330271473731   -0.85408215213427   -0.77250487845632
O        -0.20063033735294    3.05029653602703   -1.10757374954093
O         0.84951442839895    4.00111321546183   -1.08725317411685
O         2.42926480883067   -0.71475340597443   -0.25059548034146
H         1.18723158885528    3.96188911662685   -1.99699715796699
H         2.59850817906182    1.04873120851000   -2.12736406403629
H         1.25921801301195    1.44471474674178   -3.33379057912696
H         0.64821463315744   -1.63500076302511   -0.42636518702083
H        -0.14981770771800   -0.29656715520714   -2.24530075466838
H        -0.04648824887144    2.55740600818740   -0.26382894812223
12
 energy: -21.516228583528 gnorm: 0.006516658395 xtb: 6.2.3 (830e466)
C         1.60286631069280    0.85627628981012   -2.49864176532001
C         0.85343044874998   -0.07383708847019   -1.91633583219166
C         1.35077020983735   -0.85440659060964   -0.77220207347153
O        -0.20318768042624    3.06604031907183   -1.08929103473786
O         0.85699103792666    3.99782996816727   -1.08236145523577
O         2.42505442413663   -0.70522450816853   -0.24742699044529
H         1.17980971829884    3.96040988321552   -1.99158896100339
H         2.60045647782475    1.04652879231843   -2.13274247956689
H         1.25952546869871    1.43351815114910   -3.34046775228474
H         0.65225918455640   -1.63696633029343   -0.42209612155575
H        -0.14717791200734   -0.29874003725425   -2.25488044194630
H        -0.04180768828848    2.54818115106394   -0.28776509224097
12
 energy: -21.516426890522 gnorm: 0.013533384893 xtb: 6.2.3 (830e466)
C         1.59940618640132    0.85459653229695   -2.50527787463289
C         0.85207525061582   -0.07649488529804   -1.92203483346051
C         1.35044124333881   -0.84779554576941   -0.77281728378622
O        -0.18494467269792    3.04636022552112   -1.08973476734080
O         0.88778567147295    3.97159446183826   -1.06496574452077
O         2.41402239719200   -0.67979959831324   -0.23104347080587
H         1.16512680716728    3.99040932439643   -2.00146262059501
H         2.59378739209327    1.05123679590587   -2.13452465820930
H         1.26079248608749    1.42284530803718   -3.35508896014572
H         0.65207122247289   -1.63232918815289   -0.42416527272980
H        -0.14545626447249   -0.31119779025895   -2.26359680506553
H        -0.05611771967133    2.55018435979694   -0.27108770870778
12
 energy: -21.516689423840 gnorm: 0.012939711379 xtb: 6.2.3 (830e466)
C         1.59740924324489    0.84558030568907   -2.52112273302781
C         0.85175352249016   -0.08401640582907   -1.93296585270107
C         1.34960079134434   -0.84064854755871   -0.77524976756979
O        -0.16168009347465    3.01768251575618   -1.09567888930935
O         0.91047763106081    3.94803986898158   -1.05484910205433
O         2.40019479451216   -0.64568121442350   -0.21492352567350
H         1.16609351534397    4.01008127097883   -1.99227062701791
H         2.58260894159329    1.06402755250098   -2.13693056525895
H         1.25664844815687    1.40758724216014   -3.37330504285542
H         0.65468589044065   -1.62524826811442   -0.42089458899963
H        -0.14281413634977   -0.32580705191637   -2.27854421845640
H        -0.07598854836259    2.56801273177557   -0.23906508707609
12
 energy: -21.516917924858 gnorm: 0.012195628848 xtb: 6.2.3 (830e466)
C         1.59411953646210    0.84135123130195   -2.53313930614098
C         0.85088354531358   -0.08872924083434   -1.94194676915090
C         1.34279442127569   -0.82487283707384   -0.77002272254580
O        -0.13686155970222    2.99018632805703   -1.09284628316731
O         0.93457469798688    3.92214584076324   -1.04537811477189
O         2.38256564268934   -0.60938543983092   -0.19957852227502
H         1.16118041243504    4.02911967820900   -1.98090787061020
H         2.57412926217645    1.07385511635508   -2.14548916169717
H         1.25651675359477    1.38305168033255   -3.40073096020095
H         0.65942890351130   -1.62276877700028   -0.41996664508546
H        -0.13577460293890   -0.34443132589678   -2.30158092934070
H        -0.09456701280386    2.59008774561767   -0.20421271501393
12
 energy: -21.517126073683 gnorm: 0.004526423740 xtb: 6.2.3 (830e466)
C         1.59536509390323    0.82986884809246   -2.55087613431643
C         0.85372480261482   -0.09989650132140   -1.95618429316428
C         1.33469777300092   -0.81095599036036   -0.76520650305075
O        -0.11621626856856    2.97325375347302   -1.07268172636866
O         0.95783057954566    3.90060437859360   -1.03684392800336
O         2.36195121023571   -0.57486764101721   -0.18224721327819
H         1.14562886988806    4.05093973124215   -1.97076124734835
H         2.56468588323944    1.08792930158177   -2.15100007797316
H         1.25646201862273    1.35865814150203   -3.42524717080747
H         0.65823160079796   -1.61508928389431   -0.41361235921695
H        -0.12509954066676   -0.36614472994327   -2.32917582121558
H        -0.09827202261301    2.60530999205198   -0.18196352525724
12
 energy: -21.516520919252 gnorm: 0.034679502202 xtb: 6.2.3 (830e466)
C         1.59094558451529    0.81759642702218   -2.58062656442472
C         0.85747125497495   -0.11649991190623   -1.98222775770813
C         1.32033788693582   -0.77978749429887   -0.75446083444822
O        -0.06737374752051    2.93508153186955   -1.04915545381814
O         1.02941276316806    3.83709384446683   -1.00670747000010
O         2.32222814120606   -0.49884517595379   -0.14122883191994
H         1.10774823319084    4.09856150428040   -1.96435337734605
H         2.54602954795605    1.10797608894263   -2.16730443356647
H         1.25910222233230    1.31412728100165   -3.47809184801451
H         0.66159258571614   -1.60543146335916   -0.41256637147692
H        -0.10480350729029   -0.41529535589480   -2.37780726540401
H        -0.13370096518445    2.64503272383022   -0.12126979187336
12
 energy: -21.517259179327 gnorm: 0.005076280183 xtb: 6.2.3 (830e466)
C         1.59147122634023    0.82563523403566   -2.56685124022615
C         0.85761728750598   -0.10985662819768   -1.97197367609799
C         1.32790206038178   -0.79326883398636   -0.76002117496656
O        -0.09556323696379    2.95843095601780   -1.05601886307203
O         0.98799883051602    3.87598300436053   -1.02492579261415
O         2.34131417190957   -0.53532918453100   -0.16119545914377
H         1.13250811161459    4.05968158918143   -1.95860135847646
H         2.55406359663906    1.09693113637577   -2.16403250830140
H         1.26017397030094    1.33334144677779   -3.45749537522940
H         0.65737953166976   -1.60607714748365   -0.41387965181565
H        -0.11031587804980   -0.40065169891003   -2.35621986811695
H        -0.11555967186411    2.63479012636028   -0.14458503193996
12
 energy: -21.517299562391 gnorm: 0.003344927009 xtb: 6.2.3 (830e466)
C         1.59316156867878    0.82274337796502   -2.57047387177409
C         0.85937769505761   -0.11185062363557   -1.97445947506543
C         1.32634512017255   -0.79264493909646   -0.76077480190344
O        -0.09272360681005    2.95543783486307   -1.05108954701037
O         0.99180778876845    3.87233667082311   -1.02312183017154
O         2.33837955296491   -0.53589870701759   -0.16307667858740
H         1.12292830614397    4.06754978407255   -1.96043357430667
H         2.55199165930309    1.10028903877449   -2.16137632917308
H         1.26446606985145    1.32915727365857   -3.46211590288533
H         0.65285786529048   -1.59997133132547   -0.41049480434532
H        -0.10646276915272   -0.40659408594530   -2.35862256327362
H        -0.11313925026829    2.63905570686415   -0.13976062150423
12
 energy: -21.517348428405 gnorm: 0.004133655894 xtb: 6.2.3 (830e466)
C         1.59250904571544    0.81671809035611   -2.58204740098209
C         0.86330679549462   -0.12187285744688   -1.98726218372762
C         1.32212005904054   -0.78644919228034   -0.76106228554252
O        -0.07983318157747    2.94735393090474   -1.03567003357901
O         1.00838460813157    3.86019870198261   -1.01917901619249
O         2.32520106318099   -0.51500353277608   -0.15197980245864
H         1.10800711262518    4.07680600515277   -1.95807888467253
H         2.54291793993786    1.10976861791765   -2.16181649833872
H         1.26871991702590    1.31491687938961   -3.47946186755188
H         0.64773046913605   -1.59173134867803   -0.40842147203622
H        -0.09525470103203   -0.43200232414665   -2.37725583665935
H        -0.11481912767840    2.66090702962510   -0.11356471825950
12
 energy: -21.517382934675 gnorm: 0.005203066010 xtb: 6.2.3 (830e466)
C         1.59157800132518    0.81262202884169   -2.59142189585073
C         0.86720399870446   -0.13127119019404   -1.99954448206506
C         1.31640338044078   -0.77828457523388   -0.75981810817208
O        -0.06830071487777    2.94147993026556   -1.01509477527043
O         1.02392319828548    3.84970233515907   -1.01787127580330
O         2.31209329959940   -0.49617537171686   -0.14396263086949
H         1.09075836535404    4.08315507115421   -1.95621757829442
H         2.53330198316009    1.11888116518389   -2.16180652389868
H         1.27645313086858    1.29709466257874   -3.50049498302201
H         0.64150846055911   -1.58318097957365   -0.40627239333617
H        -0.08131560290602   -0.46087309854934   -2.40017097578394
H        -0.11461750051305    2.68646002208529   -0.08312437763434
12
 energy: -21.517421180815 gnorm: 0.002353658645 xtb: 6.2.3 (830e466)
C         1.59166225770598    0.80867970146130   -2.59772664560796
C         0.87084239208509   -0.14059795919928   -2.01031583224721
C         1.31161499959196   -0.77439905975328   -0.76015468440877
O        -0.06241111129754    2.94071118472617   -0.99499059524733
O         1.03046250141186    3.84748472942151   -1.02134960267828
O         2.30287874614950   -0.48465513113488   -0.13971808675310
H         1.07675618351748    4.08421663907802   -1.95729663573585
H         2.52484806384709    1.12664883686504   -2.15831181694312
H         1.28306996264648    1.28543352120544   -3.51291589491300
H         0.63449989610211   -1.57644604680755   -0.40369799187768
H        -0.06907936696535   -0.48352072523410   -2.41999988437503
H        -0.10615452479439    2.70605430937233   -0.05932232921338
12
 energy: -21.517453861893 gnorm: 0.002675999645 xtb: 6.2.3 (830e466)
C         1.59417843166881    0.80283938040617   -2.60564597322181
C         0.87657173974655   -0.15263306959720   -2.02444739435038
C         1.30402888188091   -0.76985470945563   -0.76175229382890
O        -0.05475128687115    2.93836143714298   -0.96489202938146
O         1.03880166342870    3.84312746359582   -1.02995458329708
O         2.29104433090274   -0.47512566823978   -0.13951816454408
H         1.05155485026567    4.08410454995775   -1.96467823187006
H         2.51292893221272    1.13957165947267   -2.14898676249034
H         1.29576441826557    1.26965922528974   -3.52875456805386
H         0.62202656882100   -1.56455872000256   -0.39851744028898
H        -0.05036544851281   -0.51200596510387   -2.44786910033297
H        -0.09279308180843    2.73612441653471   -0.02078345834086
12
 energy: -21.517484113587 gnorm: 0.004099131304 xtb: 6.2.3 (830e466)
C         1.59703714556763    0.79864826298148   -2.61111228278449
C         0.88400170509488   -0.16784858931291   -2.04210331454585
C         1.29344211193555   -0.76583521779195   -0.76475664406679
O        -0.04748874879903    2.94011822620094   -0.92065009461191
O         1.04767776485566    3.83987170878331   -1.04529989232109
O         2.27544108078146   -0.46376884195528   -0.13691041092202
H         1.01369155469831    4.07815753485656   -1.98215981378923
H         2.49740234654507    1.15498544992951   -2.13486077675529
H         1.31312770700845    1.25340370134446   -3.54478125663026
H         0.60458563564887   -1.55225887223539   -0.39571650935377
H        -0.02508279899246   -0.54810043564192   -2.48585751374332
H        -0.06484550434415    2.77223707284205    0.02840850952312
12
 energy: -21.517515138671 gnorm: 0.004255305540 xtb: 6.2.3 (830e466)
C         1.60017585062405    0.79919576490839   -2.60913179734410
C         0.88812860769700   -0.17343144305645   -2.04888959054073
C         1.28692038852273   -0.76692363580053   -0.76779734183583
O        -0.04740365335617    2.94206231978075   -0.89685314948265
O         1.04108581224058    3.84383805199123   -1.06150682273552
O         2.26993356137443   -0.46779955275072   -0.13952255824730
H         0.99125707589314    4.06446364838258   -1.99909786990875
H         2.48958933753340    1.16377896287830   -2.12206721264322
H         1.32385071248440    1.25152255789979   -3.54568539429038
H         0.59239677795692   -1.54665761349919   -0.39594127121801
H        -0.01154627956226   -0.55890886985554   -2.50404951573553
H        -0.03539819140799    2.78846980912227    0.05474252398103
12
 energy: -21.517578699872 gnorm: 0.001520086219 xtb: 6.2.3 (830e466)
C         1.60150466374895    0.80025471149778   -2.60879319007481
C         0.88937346215373   -0.17257421401689   -2.04924622022890
C         1.28639277021909   -0.76649533469485   -0.76705534131082
O        -0.05828777421931    2.95564880903894   -0.89420979260116
O         1.04991533921624    3.82914728926676   -1.06821154480542
O         2.26639682489799   -0.46697864456382   -0.13407624619579
H         0.97967866693250    4.06842782372844   -2.00107749940314
H         2.48872427462327    1.16790924266992   -2.11868530349278
H         1.32555243875666    1.25280678543956   -3.54576891865045
H         0.58937101393216   -1.54461695790783   -0.39682696721019
H        -0.00996074381509   -0.55874555690058   -2.50582772966474
H        -0.01967093644597    2.77482604644348    0.05397875363721
12
 energy: -21.517220691744 gnorm: 0.029276632679 xtb: 6.2.3 (830e466)
C         1.60329517903083    0.80830731918785   -2.60482773388522
C         0.89223408480007   -0.16681335097354   -2.04838703314109
C         1.27819523523591   -0.75761861809375   -0.75942973811590
O        -0.10265800779650    3.01036724020977   -0.88068811940281
O         1.08793488774227    3.76821037646143   -1.09740981137829
O         2.24991946714222   -0.45991703021893   -0.11275951865566
H         0.93824779288079    4.08347493335118   -2.00904973000283
H         2.48558602108271    1.18330231293498   -2.10813781565275
H         1.33239766059976    1.25662643561387   -3.54627882792387
H         0.58446765170336   -1.54648727971542   -0.40616473504418
H        -0.00144515507356   -0.56073461729862   -2.51276358853637
H         0.04081518265232    2.72089227854212    0.05009665173792
12
 energy: -21.517645042169 gnorm: 0.007889042369 xtb: 6.2.3 (830e466)
C         1.60185588438709    0.80663441064834   -2.60621258400475
C         0.89081307464171   -0.16819347326951   -2.04902095404089
C         1.28086376252581   -0.76084476085733   -0.76293012325680
O        -0.07440136266798    2.97733869851709   -0.88494486155078
O         1.06689529181291    3.79932420308304   -1.08564135211468
O         2.25436576826548   -0.46123488535540   -0.12000365174631
H         0.95632355004763    4.07047206647242   -2.00842750278428
H         2.48564359801211    1.17938555554523   -2.11183960209085
H         1.32929324416779    1.25627024783188   -3.54615257404559
H         0.58530943585465   -1.54517970482093   -0.40332906274169
H        -0.00454082108880   -0.55971902502259   -2.51083391992096
H         0.01656857404178    2.74535666722868    0.05353618829656
12
 energy: -21.517679285817 gnorm: 0.004852346396 xtb: 6.2.3 (830e466)
C         1.60163568988387    0.80878991378587   -2.60530183484820
C         0.89137138665156   -0.16763895068674   -2.04987361981801
C         1.28103179063856   -0.76201915519626   -0.76477643825534
O        -0.07209759721760    2.97420266585253   -0.88043141688740
O         1.06823146847857    3.79514663875256   -1.09070532158518
O         2.24994312759619   -0.45699913349713   -0.11746164898952
H         0.95303145446904    4.06664253232154   -2.01184817722708
H         2.48319469722987    1.18378071876347   -2.10913803792709
H         1.32983270343682    1.25838054033451   -3.54532196193623
H         0.58246599873461   -1.54285624269976   -0.40329365968776
H        -0.00264299826235   -0.56006126163539   -2.51299828539549
H         0.02299227836105    2.74224173390572    0.05535040255628
12
 energy: -21.517738806222 gnorm: 0.003186772476 xtb: 6.2.3 (830e466)
C         1.60234419350060    0.81439317242379   -2.60355852518302
C         0.89178372194817   -0.16377603465751   -2.05154548726602
C         1.27257802227496   -0.75395854494199   -0.76232388971823
O        -0.06407251737492    2.96434277425248   -0.86656910533143
O         1.07221634038092    3.78123707950037   -1.10744972090116
O         2.23478246749445   -0.44333407442851   -0.10780609083975
H         0.93992647446370    4.05407037764264   -2.02353741923263
H         2.47655004195601    1.19697628431332   -2.10082565628609
H         1.33247205297275    1.26457265450156   -3.54361005123856
H         0.57962873925153   -1.54434197892041   -0.41005953667476
H         0.00231706728420   -0.55958459675166   -2.51979892277751
H         0.04846339584780    2.72901288706686    0.06128440544817
12
 energy: -21.517833771521 gnorm: 0.004457719128 xtb: 6.2.3 (830e466)
C         1.59929267018507    0.82805130145734   -2.59672457806172
C         0.89098770497835   -0.15659505493173   -2.05303468908114
C         1.26194140902664   -0.74521711789552   -0.76054456965171
O        -0.05715013428124    2.95629526862891   -0.84692792266014
O         1.08104592561040    3.75662184345440   -1.13342932008981
O         2.20991867634885   -0.42140045723908   -0.09091528613986
H         0.91423695735629    4.04072097164996   -2.04032157219813
H         2.46877768719388    1.21375347281058   -2.08898044030183
H         1.33948005201712    1.27099885993270   -3.54309337521798
H         0.57358319256932   -1.54466890274829   -0.41895086451738
H         0.01159096915724   -0.56154848009673   -2.53262947712435
H         0.09528488983822    2.70259829497843    0.06975209504309
12
 energy: -21.515674805750 gnorm: 0.060209266508 xtb: 6.2.3 (830e466)
C         1.58457360208019    0.89942664419339   -2.56059796978447
C         0.88696856419383   -0.11875613493674   -2.06128822844151
C         1.20387386086388   -0.69801714168608   -0.75048849148771
O        -0.02535579312655    2.92067226442361   -0.74061325670662
O         1.13112445886326    3.61992562923519   -1.27499949035555
O         2.07465238969897   -0.30294756684608    0.00053293231192
H         0.77004981149215    3.97547192440352   -2.12859219271240
H         2.42720628148759    1.30311331365675   -2.02418086837162
H         1.37893974616983    1.30437994771699   -3.54050433593451
H         0.54092967124955   -1.54643675730110   -0.46633905993456
H         0.06153946282226   -0.57193959468510   -2.60196652133770
H         0.35448794420502    2.55471747182676    0.11323748275391
12
 energy: -21.517697694933 gnorm: 0.023670835499 xtb: 6.2.3 (830e466)
C         1.58936842212465    0.87857324141685   -2.57883321979174
C         0.88817646380064   -0.12660007820959   -2.06243192812798
C         1.21368896415191   -0.69821674015513   -0.75000200423071
O         0.01863007536496    2.86484595566663   -0.77809813501267
O         1.09606514964597    3.68439885624603   -1.22467676076949
O         2.10632502013395   -0.32490304122029   -0.02346005882153
H         0.83173719982474    3.95397130752522   -2.11167993805954
H         2.42236554742623    1.30095812409829   -2.03596100546269
H         1.35671048764725    1.30601645706335   -3.53959596774270
H         0.54823219470132   -1.53846116215073   -0.45333179911478
H         0.04660069614570   -0.56612252798955   -2.58277808902659
H         0.27108977903269    2.60514960770995    0.10504890615963
12
 energy: -21.517614101629 gnorm: 0.022308185348 xtb: 6.2.3 (830e466)
C         1.58727606002993    0.85919217191129   -2.58038444714485
C         0.88236412707418   -0.13455999439573   -2.04963015351365
C         1.23765307302249   -0.71899611879587   -0.75321392836676
O        -0.03974615115029    2.93329577487105   -0.83272570548908
O         1.08278310157055    3.71816882686739   -1.16334772378404
O         2.16176098072040   -0.37727765542558   -0.06914405430135
H         0.86569038707968    4.02053834366642   -2.04999501239572
H         2.45836924142144    1.23424151567435   -2.07460761591201
H         1.36009785788073    1.27287650290743   -3.54929091420219
H         0.56391010456273   -1.53098505529406   -0.42267982917059
H         0.02760061429253   -0.56016841169960   -2.55195750392985
H         0.20123060349570    2.62328409971391    0.06117688820911
12
 energy: -21.518061880739 gnorm: 0.004446775108 xtb: 6.2.3 (830e466)
C         1.59236209274680    0.86029383685992   -2.58458294104501
C         0.88718970577978   -0.13591930215595   -2.05783360815687
C         1.23126363902241   -0.71333640859243   -0.75391305078744
O        -0.02437846631676    2.91230438856466   -0.80794015943054
O         1.09573114647314    3.69798836850223   -1.18585384458570
O         2.14349139862166   -0.35692280930443   -0.05244650232720
H         0.84942805547652    3.99991820169615   -2.07073981853577
H         2.44685194323547    1.25592160685278   -2.06227273703387
H         1.35867403142603    1.28501421570261   -3.54589112851182
H         0.55693801999826   -1.53145792673794   -0.43233776281674
H         0.03387086811883   -0.56219762277439   -2.56382579776370
H         0.21756756541791    2.62800345138781    0.08183735099377
12
 energy: -21.518122745111 gnorm: 0.006614241047 xtb: 6.2.3 (830e466)
C         1.59259136836141    0.86591918082144   -2.58518967998516
C         0.88768674509834   -0.13260506225006   -2.06187569703730
C         1.22147566118623   -0.70284514013620   -0.75149759104092
O        -0.01218390020320    2.89747804246419   -0.79110515742756
O         1.09684087631510    3.68793078450283   -1.20235079532103
O         2.12190010072073   -0.33406525351015   -0.03718948814662
H         0.83659397992881    3.98269387709480   -2.08320749578900
H         2.43695280176388    1.27356239874463   -2.05274333181120
H         1.36199320122929    1.28952491716126   -3.54802534890302
H         0.55168601183145   -1.53014208605196   -0.43914915127834
H         0.04034538992139   -0.56522724407503   -2.57478938922257
H         0.25310776384660    2.60738558523528    0.09132312596186
12
 energy: -21.518198911424 gnorm: 0.008539065825 xtb: 6.2.3 (830e466)
C         1.59254490682477    0.87235619265276   -2.58617923446424
C         0.88708389483283   -0.12731700509658   -2.06550051850159
C         1.20907561478307   -0.68817999476525   -0.74778912176658
O         0.00191011282396    2.88092786203795   -0.77423307703418
O         1.10301001824560    3.66896482798213   -1.21810291248116
O         2.09589661393782   -0.30598498420105   -0.02179433616634
H         0.81352582518678    3.97185246029991   -2.09005939294747
H         2.42765029909512    1.28977094204346   -2.04494695079717
H         1.36951434035134    1.29015543449735   -3.55389859950617
H         0.54578183344301   -1.52466957688252   -0.44351859242868
H         0.04802192780574   -0.56840276374645   -2.58661589383329
H         0.29497461266996    2.58013660517935    0.09683862992601
12
 energy: -21.518290411763 gnorm: 0.020075926010 xtb: 6.2.3 (830e466)
C         1.59382847052908    0.88478321693356   -2.59301822245603
C         0.88539260239508   -0.11426089906520   -2.07492085973209
C         1.17800905682762   -0.64782505072954   -0.73806757053982
O         0.03125660870264    2.84442736020497   -0.73500295845711
O         1.11697337465557    3.61947867079011   -1.24896090585438
O         2.03015369154464   -0.23089553748850    0.01333256693354
H         0.75704656055131    3.94925955167815   -2.09357478006887
H         2.40751959772387    1.32365688059719   -2.03357050448976
H         1.39134451962201    1.28539958557066   -3.57375748143154
H         0.53085202506140   -1.50238818722826   -0.44745535653378
H         0.06663572486090   -0.57576968243520   -2.61336951476471
H         0.39997776752579    2.50374409117314    0.10256558739375
12
 energy: -21.518467654032 gnorm: 0.010178055660 xtb: 6.2.3 (830e466)
C         1.59570856121414    0.87813075687392   -2.59762612285998
C         0.88529277950661   -0.11634763806347   -2.07402550594308
C         1.18216129940336   -0.64896702380649   -0.73862763350606
O         0.02538612744504    2.84967423063690   -0.74364072338985
O         1.11380695772349    3.62655185652165   -1.23396929245854
O         2.04026016172448   -0.23770848820572    0.00358969109468
H         0.76767514726372    3.95508052725251   -2.08045602263449
H         2.41330071755858    1.31273868513812   -2.04323912546070
H         1.39097892119186    1.27911720580336   -3.57718805483220
H         0.53390927489576   -1.49830798369231   -0.44078847507500
H         0.06249124164620   -0.57435801643756   -2.60647467531588
H         0.37801881042667    2.51400588798015    0.09664594038027
12
 energy: -21.518739333051 gnorm: 0.006018921740 xtb: 6.2.3 (830e466)
C         1.60109491834973    0.87425128848322   -2.61502984176415
C         0.88588751100952   -0.11266635600959   -2.08418489112112
C         1.16269833700743   -0.61702305140464   -0.73309238357273
O         0.04591967719287    2.82293917643458   -0.72077717555351
O         1.11209985149380    3.60867454418059   -1.23110175576677
O         1.99533545413472   -0.17743433765902    0.02102162004110
H         0.74359473105814    3.93807961021277   -2.06186529334482
H         2.40507889420781    1.32296392043952   -2.05329159979552
H         1.40726231983572    1.26352887826168   -3.60095922977750
H         0.52584987906262   -1.47235162561458   -0.43426516445682
H         0.07273276758988   -0.58157779374783   -2.61915488296890
H         0.43143565905762    2.47022574642434    0.09690059807992
12
 energy: -21.519344816099 gnorm: 0.016680734484 xtb: 6.2.3 (830e466)
C         1.61848140714508    0.86515483014634   -2.65695425140693
C         0.88664352517368   -0.10054555784772   -2.10962709088461
C         1.10676671879384   -0.53417163242857   -0.71925106447299
O         0.10699914890211    2.74846363203707   -0.64823303006095
O         1.11196832909011    3.55787420104378   -1.23876926332672
O         1.87022029221569   -0.02147206264438    0.06733468489059
H         0.65585570236779    3.90225350989837   -2.02385060718179
H         2.38431554144043    1.35281151769056   -2.07172137310938
H         1.45969282136644    1.21991182432842   -3.66325451510964
H         0.50112433972262   -1.41017896904311   -0.42341202163541
H         0.10188126810345   -0.60068431661568   -2.65663212200086
H         0.58504090567847    2.36019302343596    0.10857065429794
12
 energy: -21.519607609809 gnorm: 0.032890067979 xtb: 6.2.3 (830e466)
C         1.64497420125628    0.84759183599408   -2.70189336821654
C         0.88665651137905   -0.08722610763693   -2.13391822532262
C         1.04619918012242   -0.44945262221874   -0.70902249771255
O         0.17523852646141    2.66755125737508   -0.56421272173531
O         1.09828921091234    3.52540076234598   -1.24522491123207
O         1.73749174424017    0.13542265069669    0.10298905460626
H         0.55479181500294    3.86659478349739   -1.98496019040586
H         2.37162782986808    1.37493414668426   -2.09421532245204
H         1.52689357016012    1.16318510694991   -3.72944273787297
H         0.47388910787652   -1.34795746128866   -0.41477512414256
H         0.12972799069781   -0.61924978457626   -2.69104896463763
H         0.74321031202239    2.26281543217827    0.12992500912325
12
 energy: -21.520100325680 gnorm: 0.020916036984 xtb: 6.2.3 (830e466)
C         1.66216764487484    0.82295114383325   -2.71314465458733
C         0.88623660267325   -0.09068297507276   -2.13138657663051
C         1.04566850981910   -0.44948338376896   -0.71713240749722
O         0.17382348449137    2.67404139114269   -0.55534552703895
O         1.08183424418346    3.55512854111315   -1.22544258154105
O         1.73469561282479    0.13439429561718    0.07611035605143
H         0.54341970234406    3.88773291649518   -1.96100009004200
H         2.39237694010106    1.34882698369201   -2.11508774376286
H         1.54884605929630    1.13001002024584   -3.73943946318320
H         0.47499418028210   -1.34513561857865   -0.41118490117154
H         0.12233329938369   -0.62039585344237   -2.67627105018218
H         0.72259371972551    2.29222253872448    0.13352463958480
12
 energy: -21.520677203885 gnorm: 0.017147244045 xtb: 6.2.3 (830e466)
C         1.65880068358132    0.81194130485144   -2.72278238366707
C         0.88442335761730   -0.09718146219039   -2.13595616659857
C         1.03550778234149   -0.42604260427248   -0.71796072910324
O         0.17623998292863    2.68473046135576   -0.55185748521263
O         1.08092561464310    3.55806617765495   -1.19560630177260
O         1.69178821951253    0.20445643911605    0.08094608667528
H         0.54737571856072    3.90417575846090   -1.91339177796859
H         2.39448683459821    1.34135565311933   -2.14179670028309
H         1.55579903481229    1.09082700632980   -3.75781006033613
H         0.48722125691825   -1.34231287165291   -0.41058518942361
H         0.12465016818532   -0.64430091788706   -2.67579761288893
H         0.75177134630035    2.25389505511564    0.10679832057849
12
 energy: -21.520900778266 gnorm: 0.026140810114 xtb: 6.2.3 (830e466)
C         1.67286719062448    0.79788743035259   -2.74310470954934
C         0.88566846815394   -0.09441932320014   -2.14792751302126
C         1.00219832611386   -0.38035015940122   -0.71389763284898
O         0.21528665667864    2.64857950767385   -0.51397665176742
O         1.07271282404301    3.54915198798764   -1.18941740531943
O         1.61814497514719    0.28272074522551    0.08710171103657
H         0.47630435982095    3.92315837598294   -1.86847207019350
H         2.39720266838737    1.34463703424914   -2.16276060508619
H         1.59918220460803    1.03726144013203   -3.79537804833828
H         0.47014630596347   -1.29884268008728   -0.39614239534650
H         0.13747730235753   -0.65709114104869   -2.68858551265964
H         0.84179871810092    2.18691678213463    0.09676083309329
12
 energy: -21.521150164182 gnorm: 0.015540083836 xtb: 6.2.3 (830e466)
C         1.66948478854758    0.79464312581002   -2.74032150371982
C         0.89316285117075   -0.10948696925522   -2.15555186727804
C         1.00395056568360   -0.39361263688065   -0.72009833120952
O         0.22858144985667    2.65049639664844   -0.50505048091458
O         1.06404768752833    3.58015208487750   -1.18913878638254
O         1.60508333238396    0.27991676175438    0.09082086144138
H         0.47443401398871    3.92739074364868   -1.87296226368167
H         2.39419876985968    1.34773450149428   -2.16170118849991
H         1.59221428580725    1.03094945044354   -3.78880932911446
H         0.47188410853346   -1.30875535388422   -0.40167823251009
H         0.14712780458817   -0.67355296840638   -2.69878659846573
H         0.84482034205126    2.21373486375066    0.10747772033438
12
 energy: -21.521010949819 gnorm: 0.025290228717 xtb: 6.2.3 (830e466)
C         1.66221215554884    0.79788012639117   -2.72574336279299
C         0.89459930388169   -0.11547901170199   -2.14530930319927
C         1.01993467321944   -0.42588037310180   -0.72322486992378
O         0.20092434522219    2.69695183207504   -0.51785835636418
O         1.06379912726146    3.60497672352053   -1.19040847250041
O         1.64107848076868    0.21417823511219    0.07337069495894
H         0.49342632094375    3.94907623308321   -1.88010004790419
H         2.39866517195367    1.34617644913809   -2.15596319235439
H         1.57886362766868    1.03084958854948   -3.77227578379241
H         0.47897465825326   -1.33286969889131   -0.40393798129321
H         0.14824735939140   -0.67733397025421   -2.69277697619429
H         0.80826477588641    2.25108386608066    0.09842765135955
12
 energy: -21.521859910589 gnorm: 0.010942483834 xtb: 6.2.3 (830e466)
C         1.65805977759105    0.80226554288761   -2.72585796101090
C         0.89631746392434   -0.11986509427273   -2.14606875746003
C         1.01342938572181   -0.42320476830231   -0.71717462154309
O         0.20202284024576    2.73155171252011   -0.48040061983747
O         1.07994445220848    3.57316426794814   -1.22274353353339
O         1.61338692865550    0.24066684658810    0.09150209104856
H         0.46971655963049    3.98348741444258   -1.85278142775791
H         2.39179189612816    1.34856076487161   -2.15410936080406
H         1.58461894899403    1.03039702053236   -3.77555081564097
H         0.47936581055440   -1.34064063664862   -0.40380298051500
H         0.16631313182268   -0.69362217547664   -2.70027313216759
H         0.83402280452310    2.20684910491071    0.05146111922136
12
 energy: -21.522103805131 gnorm: 0.024504161062 xtb: 6.2.3 (830e466)
C         1.65570432207388    0.80049049672072   -2.72564544012448
C         0.89878558047837   -0.12854070031731   -2.14646840621434
C         0.99698220121330   -0.41675441767018   -0.71098734555218
O         0.22059126157863    2.74655496907996   -0.45989053947046
O         1.09310262414884    3.55718404350211   -1.24509391058447
O         1.56635301923690    0.27483722236962    0.10607842733393
H         0.45432410034440    4.01758799965320   -1.82460485259555
H         2.36951797403702    1.36412228247726   -2.14715790744447
H         1.58609280731971    1.02909471113552   -3.77617362941834
H         0.49429536091166   -1.35675116439142   -0.40503514818913
H         0.18525989839266   -0.71492669783801   -2.70700846810894
H         0.86798085026475    2.16671125527933    0.00618722036808
12
 energy: -21.522323496735 gnorm: 0.022062964355 xtb: 6.2.3 (830e466)
C         1.64408285306851    0.80437252524559   -2.72580320416934
C         0.89682015265544   -0.13439349498017   -2.14634206899094
C         0.98636445737795   -0.41449436424464   -0.70777579908368
O         0.25317798938152    2.72428957088073   -0.47148170768803
O         1.09220233807337    3.57934064348796   -1.23079732772016
O         1.51992736700798    0.30649659792919    0.11690263371052
H         0.46027867223040    4.02688687127194   -1.81397753621793
H         2.34307275482388    1.38239474235517   -2.14406381185002
H         1.58503963136440    1.02299381621051   -3.77975129464145
H         0.50830732637395   -1.37016191381119   -0.40573746434942
H         0.20320368226115   -0.73873352270005   -2.71257229690356
H         0.89651277538174    2.15061852835569   -0.01440012209628
12
 energy: -21.522683429531 gnorm: 0.009402561896 xtb: 6.2.3 (830e466)
C         1.63825158866842    0.80705336121734   -2.72065077475818
C         0.89374706562391   -0.13311190466917   -2.14218347893802
C         0.98666251943688   -0.42061697738903   -0.70824351382985
O         0.25405762121549    2.74121032899684   -0.46551579561234
O         1.09506702803841    3.58425263398188   -1.23777987759215
O         1.51856020021906    0.29319078360454    0.11358764373917
H         0.46158926558460    4.04268254149359   -1.80631334435502
H         2.33126869576645    1.39262706403599   -2.13835973893634
H         1.58999582067955    1.01342108003835   -3.77746954481505
H         0.51371958705414   -1.37473852426513   -0.40578813703484
H         0.20935685064268   -0.74633215140423   -2.71095687387193
H         0.89671375707073    2.13997176435977   -0.03612656399574
12
 energy: -21.522998563482 gnorm: 0.016040552480 xtb: 6.2.3 (830e466)
C         1.62525978304822    0.80640032501067   -2.71461625992602
C         0.89562006568126   -0.14684742282818   -2.14038695054499
C         0.97722891783014   -0.42742120031373   -0.70716253969788
O         0.27207556345504    2.77540944679190   -0.44682962143305
O         1.11609132125273    3.58253543435467   -1.26071433122625
O         1.47136366107267    0.30418955607333    0.11740566441324
H         0.46498183647926    4.09229865271240   -1.77252402674703
H         2.29128140266714    1.42202342089944   -2.12762704753958
H         1.58787162914399    1.00015360499051   -3.77331492291849
H         0.54172657334968   -1.39815372671806   -0.40776191183898
H         0.23637773991288   -0.78266853551633   -2.71640750017515
H         0.90911150610756    2.11169044454400   -0.08586055236598
12
 energy: -21.523280391855 gnorm: 0.012139033937 xtb: 6.2.3 (830e466)
C         1.61359903434888    0.80158093780594   -2.71245407554591
C         0.89993424898935   -0.16516970059102   -2.14218054441939
C         0.97205896227542   -0.43775935689704   -0.70841321287114
O         0.28381555626061    2.79948483142180   -0.44468226151905
O         1.13379172799259    3.59457481227078   -1.26646618674322
O         1.43974026379525    0.30350225119126    0.11719267006765
H         0.48599636237575    4.12708736723183   -1.75307024251860
H         2.25794636339329    1.44120140500733   -2.12432902968955
H         1.57555311074279    0.99320490648890   -3.76980314017056
H         0.57199748026544   -1.42408815176427   -0.41134333635655
H         0.25765926123701   -0.81528437016743   -2.72157172652605
H         0.89689762832422    2.12127506800255   -0.09867891370777
12
 energy: -21.523622332343 gnorm: 0.016899485975 xtb: 6.2.3 (830e466)
C         1.57701997256988    0.80150569968436   -2.71013595158761
C         0.91139203214875   -0.20674288650086   -2.14733203208271
C         0.97494168112350   -0.46548794327187   -0.71141567494674
O         0.30740212261015    2.85906427716917   -0.42886371329294
O         1.17106578742375    3.62037841403813   -1.27045542638421
O         1.34672303669847    0.33200398069642    0.12721106173303
H         0.53613569095561    4.20735664056707   -1.70362492174118
H         2.18966729923171    1.47441421834651   -2.12560162721523
H         1.54796354141579    0.97653307278096   -3.77019489222224
H         0.63201139606405   -1.47437947793466   -0.41449550550292
H         0.31375579002625   -0.89727416549489   -2.73371245195841
H         0.88091164973294    2.11223816992020   -0.14717886479891
12
 energy: -21.523872645396 gnorm: 0.006577060468 xtb: 6.2.3 (830e466)
C         1.57358977411922    0.79252413064740   -2.71630085952791
C         0.91460621384217   -0.21616312266420   -2.14991050666911
C         0.97706493015150   -0.46684857563728   -0.71021962420725
O         0.29592583844134    2.87518471559816   -0.43182909050219
O         1.17558784376755    3.62846868085282   -1.25846832895324
O         1.34958650907059    0.32914388351426    0.12273388615734
H         0.56024874479055    4.23528987210008   -1.68931470138871
H         2.18325739379486    1.46471578577733   -2.13513207150293
H         1.53972932270530    0.96957848937052   -3.77687442792513
H         0.64815554313584   -1.47985508068370   -0.40945174587628
H         0.32219026499904   -0.90901739062494   -2.73285607019846
H         0.84904762118287    2.11658861175013   -0.14817645940621
12
 energy: -21.524002862665 gnorm: 0.019712591077 xtb: 6.2.3 (830e466)
C         1.55462609955266    0.77274461002310   -2.73080442321504
C         0.92526099586120   -0.25007746626817   -2.15897685431504
C         0.98289877177891   -0.47984568653856   -0.71256676486584
O         0.28495965761081    2.93230412010170   -0.41709854994174
O         1.20750834354150    3.63007197756977   -1.25214462267336
O         1.31304565480266    0.33936462983422    0.11295628124468
H         0.62392441336225    4.31939096165927   -1.63586919328235
H         2.12725876503427    1.47840322985349   -2.14849698732552
H         1.51944203103458    0.94226999952212   -3.79478591073224
H         0.69768589104719   -1.50331396078329   -0.40155745396769
H         0.36684408491361   -0.97132118122927   -2.73933697738947
H         0.78553529146134    2.12961876625617   -0.15711854353647
12
 energy: -21.524313377585 gnorm: 0.009841292774 xtb: 6.2.3 (830e466)
C         1.54377134832957    0.75754642050754   -2.74747006635882
C         0.93331220182373   -0.27220216164196   -2.16981135321486
C         0.98840962929933   -0.48522006148329   -0.71804519744092
O         0.27471882356639    2.96518922941391   -0.39746144353756
O         1.21861599238661    3.64231908060433   -1.22589867235520
O         1.28931359744838    0.35287551585944    0.10094592536382
H         0.67705385607551    4.33648752200176   -1.61893577345547
H         2.08566328139818    1.48958916313468   -2.16016455718480
H         1.50842493947017    0.92188012259786   -3.81420089735760
H         0.72176011137279   -1.50795750298421   -0.39690630222004
H         0.39802174338419   -1.01357502161681   -2.74655296435088
H         0.74992447544618    2.15267769360730   -0.14129869788778
12
 energy: -21.524394589494 gnorm: 0.014699484724 xtb: 6.2.3 (830e466)
C         1.51398986995543    0.75706593901918   -2.75596070830926
C         0.93695723475593   -0.29439838926466   -2.17569185151593
C         0.98114167775307   -0.48477351271375   -0.72036922732582
O         0.27725339816573    3.00316589127565   -0.38111005816558
O         1.23939441952865    3.65108177673291   -1.20961866210121
O         1.23731019857438    0.37993969781689    0.09150031621362
H         0.73087022333269    4.38365971312180   -1.57886198319001
H         2.03664014653184    1.50011203525389   -2.17308984597583
H         1.50107499280786    0.89330750191207   -3.82881352734534
H         0.77083683640815   -1.52924467935534   -0.39453399262829
H         0.44315930860858   -1.07354073863660   -2.75232764782476
H         0.72036169357892    2.15323476483846   -0.15692281183166
12
 energy: -21.524512606655 gnorm: 0.016381811701 xtb: 6.2.3 (830e466)
C         1.50591138704477    0.75939945068419   -2.76482668565050
C         0.94241380872352   -0.29706737590390   -2.17933752751965
C         0.98801407126697   -0.48035138163405   -0.72654611273262
O         0.27020718941677    3.00134028882834   -0.37397790570343
O         1.23950211112978    3.63039660037718   -1.20493004553643
O         1.23608910241153    0.38822630730434    0.07686270404764
H         0.74368924802551    4.38616502986035   -1.56003328811947
H         2.02598326209719    1.49577877546712   -2.18650559520964
H         1.50952345901561    0.87817417155697   -3.83882970208093
H         0.76273294209229   -1.50498993906001   -0.38932586374664
H         0.45873146028477   -1.08319239332151   -2.74769304012868
H         0.70619195849259    2.16573046584143   -0.14065693761973
12
 energy: -21.524627405865 gnorm: 0.017185717739 xtb: 6.2.3 (830e466)
C         1.50965367766844    0.73734649963280   -2.77925763865522
C         0.95639583159710   -0.31658973876010   -2.18543339404498
C         0.98739713651635   -0.47961331531823   -0.73047012708589
O         0.26924243497794    3.02730430899651   -0.35616413680398
O         1.24975583774102    3.62524301354017   -1.19911111024285
O         1.21710875178448    0.39689813441149    0.06532443279714
H         0.77274051897039    4.40481706805406   -1.53322586244659
H         1.97837970613380    1.52472613232859   -2.19301534449090
H         1.50489444211405    0.86172068463150   -3.84648625159145
H         0.77088118762891   -1.49737273156662   -0.38291206015205
H         0.48417304524893   -1.10566443479817   -2.74541630061953
H         0.68836742962005    2.16079437884842   -0.14963220666372
12
 energy: -21.524860855485 gnorm: 0.007897377576 xtb: 6.2.3 (830e466)
C         1.50250769602913    0.73882194165149   -2.78222622833658
C         0.95419864713320   -0.31624368401450   -2.18718719180597
C         0.97569380312227   -0.47311202895492   -0.73093224632962
O         0.27832965393866    3.02794052942837   -0.35092777423036
O         1.25334161856584    3.62760502591747   -1.19614531353232
O         1.19162001189703    0.41087227728385    0.06563644894481
H         0.77884936465317    4.39935533532293   -1.52967460118236
H         1.96826482271463    1.52494287822190   -2.19866102689811
H         1.50493437280034    0.85739157853952   -3.85092243409328
H         0.78677125196543   -1.50919842528575   -0.38607297171329
H         0.49908377274183   -1.11999438530449   -2.75075864115455
H         0.69539498443998    2.17122895719453   -0.13792801966841
12
 energy: -21.524913339824 gnorm: 0.016462901494 xtb: 6.2.3 (830e466)
C         1.47738016588663    0.73602032089906   -2.79517231199997
C         0.96540751231305   -0.33948307938845   -2.19405916738368
C         0.98182299000243   -0.48120549719114   -0.73629411259569
O         0.27330947066838    3.06828213295292   -0.33369618967277
O         1.27308806876788    3.63059912538006   -1.18321650255667
O         1.15421782126157    0.42340687796091    0.05533296604398
H         0.83454884722297    4.43870332780602   -1.49429824326101
H         1.92349964156880    1.53261183260827   -2.22149877222463
H         1.49260629376226    0.83457155461010   -3.86822272817879
H         0.81609312725433   -1.51572945357253   -0.37976615127115
H         0.54665166313640   -1.17308262441709   -2.75331121996674
H         0.65036439815692    2.18491548235226   -0.13159756693293
12
 energy: -21.525025861207 gnorm: 0.009963708839 xtb: 6.2.3 (830e466)
C         1.47729155625142    0.73952050395140   -2.79685833332511
C         0.96715616533545   -0.33312009011436   -2.19165374494066
C         0.97782215411163   -0.47526596938679   -0.73649182053696
O         0.27738968775377    3.06211569205345   -0.33191593406806
O         1.26637557859232    3.62689236352746   -1.18413833707028
O         1.15812561138526    0.41864518607574    0.05296598412733
H         0.82869406501285    4.42621908753777   -1.49325509793638
H         1.91880624973635    1.53623510472350   -2.22802158220691
H         1.50270217381912    0.82834987603976   -3.87104279514529
H         0.80411772644522   -1.50418625872802   -0.37829713538526
H         0.55242356680816   -1.16512793096656   -2.74810815853703
H         0.65808546475011    2.17933243528704   -0.12898304497541
12
 energy: -21.525146352185 gnorm: 0.014066212504 xtb: 6.2.3 (830e466)
C         1.47075668386751    0.72131682331046   -2.81344798684220
C         0.98083432797074   -0.35206937985085   -2.19847483721707
C         0.97012586398512   -0.47270523993785   -0.74019841933349
O         0.28673531123816    3.07680514470779   -0.32129746433142
O         1.27579111043967    3.62362825855659   -1.17670221929485
O         1.11987724704353    0.43204275601760    0.04332672640106
H         0.86173816385082    4.45478106992622   -1.45713140168267
H         1.85812254063073    1.56427259356468   -2.24265532590617
H         1.50237556552161    0.80032476305708   -3.88703996419291
H         0.82102808472665   -1.50544411247950   -0.37380379598296
H         0.59450762212830   -1.19686469351055   -2.74879467885881
H         0.64709747859903    2.19352201663862   -0.11958063275850
12
 energy: -21.525300648362 gnorm: 0.011934975937 xtb: 6.2.3 (830e466)
C         1.45951594205610    0.71658529016738   -2.82289327773858
C         0.99240969826418   -0.36513418277166   -2.20433275227267
C         0.96946259117477   -0.47632157525078   -0.74563464583180
O         0.28528828135050    3.11157082956884   -0.29370110248920
O         1.28749996812845    3.61340433508418   -1.18202766963697
O         1.08658376889224    0.43925505984511    0.03696430498017
H         0.89301178613469    4.45679907416230   -1.44341917787755
H         1.82869281190519    1.56639090176088   -2.26069578011523
H         1.49045788295003    0.79570959734505   -3.89326250358315
H         0.83934504040506   -1.51180778887105   -0.37497552657875
H         0.63137516030238   -1.22229881539212   -2.75183626436845
H         0.62534706843830    2.21545727435216   -0.09998560448785
12
 energy: -21.525379820140 gnorm: 0.015598818003 xtb: 6.2.3 (830e466)
C         1.43727700219332    0.71698983849821   -2.83017015485336
C         1.00168591839777   -0.37833934295662   -2.20550137938411
C         0.96909158381961   -0.48085390517274   -0.74739891234896
O         0.29531336268462    3.13001958550765   -0.28990119968258
O         1.29503973869646    3.62585711145263   -1.17088452739548
O         1.05024847627709    0.44591252004975    0.03236226525073
H         0.92995763444188    4.48910491232020   -1.41313974090007
H         1.78443742379708    1.57592448005603   -2.27980588999748
H         1.48116015718689    0.77838919719240   -3.90348602725029
H         0.85293236355412   -1.51250617809669   -0.36931075832286
H         0.68246855409911   -1.26504430657313   -2.75211635193942
H         0.60937778485408    2.21415608772257   -0.10644732317613
12
 energy: -21.525549069707 gnorm: 0.004820186967 xtb: 6.2.3 (830e466)
C         1.43537036982747    0.71856509304269   -2.83064858380107
C         1.00408149235670   -0.37649314157124   -2.20537501264972
C         0.96598525256167   -0.48001393627692   -0.74748928939472
O         0.29702468047247    3.12923694083862   -0.28641847344152
O         1.29272220796428    3.61902852117826   -1.17737758468448
O         1.05104092927705    0.43995014227314    0.03061196649453
H         0.93250649085987    4.48336240262974   -1.41548265883032
H         1.77155850192033    1.58238643426343   -2.28087652695854
H         1.48680660954819    0.77347134337037   -3.90644854830185
H         0.85101672067813   -1.51326491253571   -0.37042305064885
H         0.68859364426398   -1.25816065976202   -2.75061079897739
H         0.61228310027189    2.22154177254992   -0.09526143880605
12
 energy: -21.525654164771 gnorm: 0.011017252952 xtb: 6.2.3 (830e466)
C         1.41725313706944    0.70762992641645   -2.84548555850273
C         1.02452891476493   -0.39695253715571   -2.21227647429887
C         0.95776428409608   -0.48187423302568   -0.75302534290549
O         0.31037519348397    3.15989681303891   -0.26035882281475
O         1.30192109429877    3.60947538652558   -1.18179618027247
O         0.99785381558155    0.44828767482513    0.01822164891683
H         0.97906293658925    4.50179236368647   -1.38242026259914
H         1.69181628361861    1.60837236324251   -2.30151589536847
H         1.48123824352045    0.75057773058024   -3.92003883518098
H         0.87038120733297   -1.51700253905265   -0.36805154652797
H         0.75615448071281   -1.29444768046451   -2.75121389363078
H         0.60064040893337    2.24385473138347   -0.07783883681517
12
 energy: -21.525726426867 gnorm: 0.011602565604 xtb: 6.2.3 (830e466)
C         1.40943465231487    0.70563163902009   -2.84593360188396
C         1.03666570265005   -0.40098373098262   -2.21149396904334
C         0.95547127116498   -0.48694027493954   -0.75367903311786
O         0.32493484092583    3.16365778205382   -0.25664776981010
O         1.29752695587049    3.60870586973593   -1.19305396435871
O         0.96978986978115    0.44648994187733    0.01760556143635
H         0.99252140611423    4.50428997118582   -1.37683826122885
H         1.65899579732390    1.60946172253479   -2.30930088717244
H         1.46934925167975    0.75871157897524   -3.91458553570803
H         0.87038590421710   -1.51836706313109   -0.36788097037579
H         0.79379682074166   -1.29859159288427   -2.74898289129424
H         0.61011752721824    2.24754415655470   -0.07500867744303
12
 energy: -21.525886304973 gnorm: 0.012584467046 xtb: 6.2.3 (830e466)
C         1.37469625440788    0.70997958770980   -2.85293775485692
C         1.04906078046749   -0.40899821232708   -2.21300309273760
C         0.94600894458072   -0.48874249078517   -0.75667342605732
O         0.34222925261779    3.19340406871137   -0.23322379260010
O         1.30441069759172    3.59953519008638   -1.20370635438265
O         0.92148973001205    0.44636878279606    0.00460046809365
H         1.05014095163778    4.52109649214647   -1.35133755756206
H         1.57063353344495    1.62780008355728   -2.32594427170806
H         1.45958146953752    0.74378156974444   -3.92459025659569
H         0.88812767293586   -1.52204205611670   -0.36565432055778
H         0.88313072841980   -1.34511704087798   -2.75195776538677
H         0.59947998434886    2.26254402535529   -0.06137187564870
12
 energy: -21.525897596145 gnorm: 0.015207100139 xtb: 6.2.3 (830e466)
C         1.35474641250101    0.71364490449184   -2.85652191140739
C         1.06507133307867   -0.42549940802882   -2.21646777596170
C         0.94558444169133   -0.49446488467085   -0.75890396887899
O         0.35061145174250    3.20810068151215   -0.22595399826693
O         1.30857807338777    3.60008465195144   -1.20440051812827
O         0.89247949196183    0.44955686217598   -0.00250667941096
H         1.08247230416329    4.53385873405804   -1.33643339385533
H         1.51991714142392    1.64186234235363   -2.33161636050048
H         1.45983626604943    0.72992525611244   -3.93349079269385
H         0.90292839747341   -1.52856285193932   -0.36285568143313
H         0.91610793952893   -1.35631871161129   -2.74694658204117
H         0.59065674700039    2.26742242359491   -0.05970233742177
12
 energy: -21.526113944349 gnorm: 0.005302809688 xtb: 6.2.3 (830e466)
C         1.35976478951518    0.70937999436021   -2.85481837703098
C         1.06646955378998   -0.42221033092214   -2.21598552892534
C         0.94477603374622   -0.49207917592410   -0.75978992570699
O         0.36080344504469    3.21179816852012   -0.21448557559972
O         1.29195986398821    3.59007172529057   -1.22377224729526
O         0.89604743341436    0.45032150302821   -0.00500179079631
H         1.09671589676585    4.53183988575857   -1.32626534461889
H         1.51221685507004    1.63738971830465   -2.32758982435357
H         1.45388064084271    0.73476259649742   -3.92907433225508
H         0.89966773068031   -1.52380638095512   -0.36221860118334
H         0.92643678134669   -1.35329082689911   -2.74671246732281
H         0.58025097579821    2.26543312294082   -0.07008598491170
12
 energy: -21.526162040765 gnorm: 0.004374937921 xtb: 6.2.3 (830e466)
C         1.35007478064808    0.70917332267876   -2.85643276245015
C         1.06719323606145   -0.42121228753402   -2.21592911621350
C         0.94861170114126   -0.49107805506990   -0.75961079429551
O         0.36877725268936    3.21432474207842   -0.20616670829261
O         1.27757385843124    3.58226795102958   -1.24012644971435
O         0.89497173550513    0.45157733484477   -0.00686746602136
H         1.11004941812082    4.53107682152684   -1.31706537456782
H         1.50464889398532    1.63440083608164   -2.32525406736850
H         1.45732741442794    0.73927053073051   -3.92712622618296
H         0.89508867298574   -1.52109756634271   -0.36091681875629
H         0.93851867142182   -1.35451782314288   -2.74570548260466
H         0.57615436458428    2.26542419311907   -0.07459873353227
12
 energy: -21.526198994227 gnorm: 0.004282158204 xtb: 6.2.3 (830e466)
C         1.35066555583380    0.70702332248209   -2.85777714144225
C         1.07172489032614   -0.42365186057146   -2.21612335171919
C         0.94216503922411   -0.49088404117349   -0.76036550519138
O         0.37409542880811    3.21664113861430   -0.20121276312111
O         1.26742549583698    3.57825721106287   -1.25081124673392
O         0.89268523414274    0.45356265772156   -0.00939291012581
H         1.12214818425399    4.53186255630876   -1.30922436660942
H         1.49141004961404    1.63373601964911   -2.32417400332715
H         1.45698569013085    0.74393331587011   -3.92769372015329
H         0.89649550158341   -1.51966874569658   -0.35860506267384
H         0.94782111766452   -1.35821531261941   -2.74529303087459
H         0.57536781258374    2.26701373835219   -0.07512689802804
12
 energy: -21.526228385956 gnorm: 0.002776933564 xtb: 6.2.3 (830e466)
C         1.34978945858596    0.70507096339830   -2.85984535915293
C         1.07794017576124   -0.42774051206527   -2.21649910266167
C         0.94380745189645   -0.49153825865458   -0.76081060001851
O         0.37664665244058    3.21935015384683   -0.19922111924455
O         1.26174114836505    3.57871105167419   -1.25494771321357
O         0.88927389497116    0.45520671693575   -0.01219018694772
H         1.13364954635401    4.53443442720572   -1.30209462969935
H         1.47434071084360    1.63468350558855   -2.32567145185008
H         1.45476317044947    0.74568943969579   -3.93020906602045
H         0.89058836132472   -1.51948473173686   -0.35751778427496
H         0.96037923328137   -1.36449991548158   -2.74383514671210
H         0.57607019572882    2.26972715959320   -0.07295784020410
12
 energy: -21.526264011802 gnorm: 0.003476119995 xtb: 6.2.3 (830e466)
C         1.34107209767467    0.70262111049116   -2.86364116870844
C         1.08477876338426   -0.43420906921273   -2.21800437480680
C         0.94168388148441   -0.49230156918449   -0.76287314314480
O         0.38321541168559    3.22722304677585   -0.19120423312918
O         1.24836088520458    3.57879241174043   -1.26536806495682
O         0.88237921816635    0.45785472676933   -0.01794655152020
H         1.15589342542360    4.54084693203678   -1.28705259961994
H         1.44943562717171    1.63465545296955   -2.32916971916251
H         1.45455830448728    0.74422103831398   -3.93387073505878
H         0.88628563228110   -1.51901231182505   -0.35619178457909
H         0.98589995708458   -1.37592445334392   -2.74150747909863
H         0.57542679595429    2.27484268446916   -0.06897014621478
12
 energy: -21.526293448310 gnorm: 0.003140106125 xtb: 6.2.3 (830e466)
C         1.33005078670998    0.69927786229430   -2.86829266534441
C         1.09209088337855   -0.44085068330380   -2.22029095588869
C         0.93802876621063   -0.49277673014990   -0.76620093739199
O         0.38846020308867    3.23542795125143   -0.18377117200855
O         1.24015247013948    3.58392908605075   -1.26774196679866
O         0.87376003726257    0.46043373369929   -0.02529414272436
H         1.17554768606639    4.54658763574568   -1.27387122095736
H         1.41973458840899    1.63467992907312   -2.33655454866669
H         1.45514799702428    0.73668467309558   -3.93800674360221
H         0.88090000182886   -1.51815885405506   -0.35573840734479
H         1.01639210081982   -1.38768178682515   -2.73906859585204
H         0.57872447906421    2.28205718312383   -0.06096864342023
12
 energy: -21.526268795849 gnorm: 0.010152709080 xtb: 6.2.3 (830e466)
C         1.31641314230530    0.69242952053834   -2.87624038555862
C         1.10812793212290   -0.45067144794075   -2.22350243194575
C         0.93394319801304   -0.49296349384628   -0.77138046474343
O         0.40573174855278    3.25327183834160   -0.15927787532133
O         1.21323077183725    3.58464280769464   -1.28671196850538
O         0.85867188145028    0.46490642254685   -0.03779768133828
H         1.21500323523478    4.55608617373193   -1.24512896767769
H         1.36492965864081    1.63568505551091   -2.35094832681366
H         1.45607037860703    0.72321078187464   -3.94446987207911
H         0.86732280075558   -1.51554866742254   -0.35467056757713
H         1.06995955427478   -1.40467971717976   -2.73459421240457
H         0.57958569820791    2.29324072615049   -0.05107724603503
12
 energy: -21.526329250678 gnorm: 0.001631529416 xtb: 6.2.3 (830e466)
C         1.32345804256239    0.69476778127144   -2.87351351448347
C         1.10182174475320   -0.44493021099769   -2.22205494885593
C         0.93507865795555   -0.49243758245910   -0.76941209112063
O         0.39880794163093    3.24575191868007   -0.16782005604925
O         1.22914238173738    3.58642251006429   -1.27272650631310
O         0.86400021573350    0.46247543333196   -0.03237631802623
H         1.19293835790438    4.54981317216473   -1.26058625860356
H         1.38743075383674    1.63571062458695   -2.34930895282348
H         1.45561799339606    0.72391170473039   -3.94211381207608
H         0.87141760270046   -1.51630769937711   -0.35589091854088
H         1.04824596560257   -1.39453933148834   -2.73621484034207
H         0.58103034218926    2.28897167949247   -0.05378178276530
12
 energy: -21.526344306567 gnorm: 0.000734899035 xtb: 6.2.3 (830e466)
C         1.31766236803696    0.69234731201701   -2.87809479799544
C         1.10830715892308   -0.44726224033724   -2.22242355419157
C         0.93182627999186   -0.49163003745874   -0.77056959880482
O         0.40443656616230    3.25033722808782   -0.16042767368053
O         1.22359150622598    3.58674288356202   -1.27435383230835
O         0.85637014257688    0.46485849050461   -0.03619123306376
H         1.20775387047017    4.55124943708075   -1.24991442547987
H         1.36495230325684    1.63709713335671   -2.35910344233371
H         1.45442967361122    0.71710426650055   -3.94599385006746
H         0.86792311408823   -1.51441303076310   -0.35473276631481
H         1.07109701560707   -1.39955467291538   -2.73335052749320
H         0.58064000105187    2.29273323036506   -0.05064429826643
12
 energy: -21.526350077466 gnorm: 0.004028061644 xtb: 6.2.3 (830e466)
C         1.30311104240014    0.68738560461160   -2.88898213151566
C         1.12519235174366   -0.45221463646143   -2.22286307507700
C         0.92596512962274   -0.48986482499313   -0.77342403084786
O         0.42308234809971    3.26440091005353   -0.13587490730140
O         1.21036614025367    3.58636673768074   -1.27938791515235
O         0.83493765829698    0.46994214886871   -0.04494993994526
H         1.24174621717882    4.55150774193508   -1.22972651911412
H         1.30910585935073    1.64121646324734   -2.38310719429422
H         1.45310602491023    0.70092730035956   -3.95559588446502
H         0.85832041176916   -1.51067710507695   -0.35360042758414
H         1.12703294622259   -1.41020418942141   -2.72580073277612
H         0.57702387015401    2.30082384919645   -0.04248724192683
12
 energy: -21.526361484139 gnorm: 0.001166697153 xtb: 6.2.3 (830e466)
C         1.30466956506508    0.68853811384076   -2.88772945373644
C         1.12270571643709   -0.45022862234109   -2.22206464095378
C         0.92684936530758   -0.48953088144730   -0.77249391511972
O         0.42006189892882    3.26089914797282   -0.14088430688307
O         1.21514611987573    3.58560007904599   -1.27624401535839
O         0.83647262991886    0.46942622195707   -0.04292200355673
H         1.23716764862686    4.54980426984285   -1.23372562321028
H         1.31706886033316    1.64071967138027   -2.38093207444951
H         1.45221077126211    0.70355193546314   -3.95450105982868
H         0.86168316367598   -1.51085128998928   -0.35374679915680
H         1.11924008892828   -1.40694659316032   -2.72595294195469
H         0.57571417164288    2.29862794743516   -0.04460316579188
12
 energy: -21.526365777928 gnorm: 0.000614806842 xtb: 6.2.3 (830e466)
C         1.30148195743023    0.68890575375758   -2.88856030194749
C         1.12440523713000   -0.44959802605392   -2.22151113266226
C         0.92557136617809   -0.48881506681287   -0.77262599190230
O         0.42380876264762    3.26137147370158   -0.13914197960309
O         1.21682387420455    3.58378977902513   -1.27573081118488
O         0.82934792198039    0.46997734067691   -0.04352246844326
H         1.24276062095081    4.54713709793450   -1.23455349816791
H         1.30772755389860    1.64146659330755   -2.38272803725697
H         1.45115602761998    0.70427755433274   -3.95503834527559
H         0.86480967169768   -1.51033395686304   -0.35383131795007
H         1.12782512531260   -1.40688738881108   -2.72422662271901
H         0.57327188095187    2.29831884580497   -0.04432949288714
