12
 energy: -21.521314421506 gnorm: 0.133083443901 xtb: 6.2.3 (830e466)
C         1.42590000000000    1.20590000000000   -2.82530000000000
C         0.16713000000000    0.28950000000000   -0.00980000000000
C         1.33253000000000   -0.29806000000000    0.03237000000000
O         0.46786000000000    2.21811000000000   -2.62300000000000
O         0.89951000000000    2.97314000000000   -1.62907000000000
O         2.40525000000000   -0.82701000000000    0.05348000000000
H         1.17232000000000    3.82361000000000   -2.05817000000000
H         2.31732000000000    1.28483000000000   -2.15776000000000
H         1.78524000000000    1.24621000000000   -3.87131000000000
H         0.95028000000000    0.21990000000000   -2.64756000000000
H        -0.59563000000000   -0.09219000000000   -0.67998000000000
H         0.06130000000000    1.29567000000000    0.38030000000000
12
 energy: -21.532825585424 gnorm: 0.039164262612 xtb: 6.2.3 (830e466)
C         1.43742734596548    1.18176132706879   -2.85656183072105
C         0.19984849350555    0.31540018624701   -0.05578471056224
C         1.33788461180871   -0.28650887875912    0.02445438707898
O         0.48188677516847    2.19690552171916   -2.62641842885970
O         0.88411343099185    3.02427123381219   -1.60197123470685
O         2.36773491629747   -0.83309679147685    0.08291277232098
H         1.17690949817700    3.85173545730259   -2.03510837113504
H         2.29400571747082    1.28757263465589   -2.17948733272843
H         1.79123511833023    1.23742095946170   -3.89345436183245
H         0.97638957585637    0.20405154875813   -2.67876006975494
H        -0.61083920685383   -0.11682397717200   -0.62767325747786
H         0.05241372328188    1.27692077838252    0.41205243837859
12
 energy: -21.533728185722 gnorm: 0.018697868164 xtb: 6.2.3 (830e466)
C         1.45621273589066    1.17553970279746   -2.88767968385146
C         0.17165247275655    0.27542616034380    0.02569933104513
C         1.31362792275531   -0.30976454731975    0.05438093183775
O         0.49363312415222    2.18321544131455   -2.63750871777721
O         0.88144074127988    3.04520305574457   -1.59227198886248
O         2.35572461375246   -0.81511494267285    0.08436729427497
H         1.16568062356704    3.86450508432607   -2.02470483492665
H         2.29725634392408    1.28662881228978   -2.20803074748478
H         1.79892235160271    1.25764489130250   -3.92136227752755
H         0.99909618693006    0.20101226309442   -2.72381386687215
H        -0.60944111677268   -0.09544300165790   -0.59603638824735
H         0.06520400016172    1.27075708043735    0.39116094839177
12
 energy: -21.534737514426 gnorm: 0.007795188322 xtb: 6.2.3 (830e466)
C         1.46887837845239    1.18144323854894   -2.90789948907602
C         0.18305911274153    0.29995871198761    0.00427684158900
C         1.32105915342718   -0.29636945535272    0.06568338655312
O         0.49750658949658    2.17938459174342   -2.64556861677849
O         0.88645159775830    3.04011756203700   -1.59158005922760
O         2.34456695575218   -0.85023513216805    0.10827381834424
H         1.15263244804571    3.86448212390271   -2.02062782675967
H         2.31054599612551    1.28625147244306   -2.22846766025237
H         1.80689706319377    1.28438826446337   -3.94157078857265
H         1.01329833663506    0.20307450098528   -2.75970530495594
H        -0.64225308440556   -0.12792930228510   -0.53629209012591
H         0.04636745277734    1.27504342369450    0.41767778926229
12
 energy: -21.534841743236 gnorm: 0.011597548514 xtb: 6.2.3 (830e466)
C         1.47693692029365    1.18947387761417   -2.92815191586678
C         0.17822170533701    0.29953527619196    0.01029750561020
C         1.30537980037402   -0.32074443488446    0.06528116569111
O         0.49912520531640    2.17763731279821   -2.64856902838966
O         0.89886039025025    3.02744140053510   -1.59107929880582
O         2.34672239454426   -0.84041392377732    0.14360048975521
H         1.13965965228544    3.86247879165701   -2.01827745907418
H         2.32237722856374    1.28592191761567   -2.24917651475434
H         1.81374789233236    1.31105559353050   -3.96173851885801
H         1.02569663117161    0.20500838526621   -2.79405746716102
H        -0.67179823649486   -0.13544262929403   -0.49396795968309
H         0.05408041602610    1.27765843274699    0.43003900153638
12
 energy: -21.535199377995 gnorm: 0.007037637021 xtb: 6.2.3 (830e466)
C         1.48544428317945    1.19754053926169   -2.95012951278097
C         0.16807574438843    0.29513377102424    0.03869457641056
C         1.30330132078564   -0.30915057605645    0.09591014072369
O         0.50072513599919    2.17348927671426   -2.64769252596332
O         0.91596219642480    3.01133625484379   -1.58862964876027
O         2.33005404630578   -0.85983224075630    0.14944057500173
H         1.12135087947720    3.86004498797926   -2.01525153052562
H         2.33551088548945    1.28496058800757   -2.27240268567152
H         1.82015590087720    1.34020435539092   -3.98344357455768
H         1.04071245570498    0.20593298842333   -2.83174108346691
H        -0.67483567368973   -0.14890361248676   -0.45958935446808
H         0.04255282505758    1.28885366765447    0.42903462405838
12
 energy: -21.535382987448 gnorm: 0.006376505192 xtb: 6.2.3 (830e466)
C         1.49537295923729    1.20328185417257   -2.97190041932631
C         0.15842525401163    0.28982345206916    0.06349775771892
C         1.29517929983294   -0.31027218011789    0.11462887073751
O         0.50698333139707    2.16806410511507   -2.64830980111912
O         0.92979545225401    3.00100532035446   -1.58558631315343
O         2.31909227881483   -0.86440493801890    0.16192953939267
H         1.10305241548699    3.85928011917451   -2.00771971840131
H         2.34356507792953    1.28266237832026   -2.29233357600510
H         1.82876354912406    1.36589244875265   -4.00201039506435
H         1.05449056560216    0.20884469452782   -2.87229816149592
H        -0.69036074204277   -0.16239223288937   -0.41461089070266
H         0.04465055835223    1.29782497853968    0.41891310741912
12
 energy: -21.535598238158 gnorm: 0.007066206150 xtb: 6.2.3 (830e466)
C         1.50939811921433    1.21177351679984   -3.00293790806697
C         0.14619584187330    0.28534558626968    0.09351979957706
C         1.28246280710660   -0.31546829945394    0.13670008926785
O         0.51655772248587    2.15901433973062   -2.64850731229918
O         0.94889031432250    2.98611061729596   -1.58246697247138
O         2.30579743173529   -0.86845243753510    0.18515537166748
H         1.07468126231951    3.85696128874480   -1.99491749912488
H         2.35338769750794    1.27474651701442   -2.31781488956428
H         1.84494773288149    1.40740185226901   -4.02611630221346
H         1.07205565527060    0.21378859948264   -2.93696506332832
H        -0.71900386220819   -0.18408093679627   -0.33931777660788
H         0.05363927749073    1.31246935617840    0.39786846316396
12
 energy: -21.535830078522 gnorm: 0.006926325980 xtb: 6.2.3 (830e466)
C         1.52580742491863    1.22340434276886   -3.04258402691365
C         0.13204158611239    0.28106141934370    0.12992167234672
C         1.26658448742553   -0.32410598894206    0.16494736834811
O         0.52619917135660    2.14512238162556   -2.64786724450089
O         0.97051016886269    2.96810903520117   -1.58191884759566
O         2.29095528307856   -0.87434923910125    0.22058375155642
H         1.03854886073226    3.85109906802003   -1.97961519849076
H         2.36292595045105    1.25720887609979   -2.34686610462924
H         1.86992055653926    1.46712302655703   -4.05363109641350
H         1.09043221641344    0.22190232111481   -3.02806707158289
H        -0.75188464345655   -0.20532603575268   -0.24095243123032
H         0.06696893756609    1.32836079306511    0.37024922910562
12
 energy: -21.536093892304 gnorm: 0.005266531190 xtb: 6.2.3 (830e466)
C         1.54121465720240    1.23603147838551   -3.08054954990992
C         0.12074176439396    0.27848393036899    0.16330191362036
C         1.25261105426324   -0.33270924494970    0.19260095551640
O         0.53286518219694    2.12686371748406   -2.64473693033237
O         0.99067091975418    2.95407565126202   -1.58740715157257
O         2.27732143752588   -0.88151330768825    0.25702262286925
H         1.00284347109724    3.84297185034392   -1.97021112662939
H         2.36808143768532    1.23032510990817   -2.37039859943899
H         1.90093076206908    1.53302292638927   -4.07323019964530
H         1.10378986581320    0.23547506475224   -3.12744306962596
H        -0.78136718156188   -0.22028216656522   -0.13830709202434
H         0.07930662956038    1.33686499030906    0.34355822717277
12
 energy: -21.536398951966 gnorm: 0.015294085806 xtb: 6.2.3 (830e466)
C         1.56351503416708    1.25489339320486   -3.12920806600003
C         0.10550035094169    0.27382164364702    0.20987381640034
C         1.23303553047870   -0.34751227736826    0.23313083842514
O         0.53866359187923    2.09227465411118   -2.62508877432420
O         1.03254172780505    2.93988853052407   -1.60066773912083
O         2.25597613830241   -0.89997218633592    0.30576879947918
H         0.93821757652251    3.83874395570134   -1.97130032415918
H         2.37643596670538    1.18171530284619   -2.40154908422782
H         1.94681123299704    1.63501496761679   -4.08989330843797
H         1.12211564715642    0.26091055167080   -3.27121962933725
H        -0.82034967192766   -0.23976672828523    0.01284434950824
H         0.09654687497206    1.34959819266726    0.29150912179428
12
 energy: -21.537063735101 gnorm: 0.016427181248 xtb: 6.2.3 (830e466)
C         1.57188141719238    1.26990145215687   -3.14587989621075
C         0.10281212767488    0.26785373461947    0.23256975544793
C         1.22536282501192   -0.36501121101759    0.25635407540834
O         0.53292774324454    2.05340387561798   -2.59574137478041
O         1.05960979532946    2.95465294550714   -1.63363164721266
O         2.24809081142264   -0.91868127713781    0.33616868694095
H         0.89580628640079    3.83515574887786   -2.00180173867443
H         2.36556063009084    1.12071869792583   -2.40185295639206
H         1.98991353490359    1.71523495490759   -4.06181073774508
H         1.11497674612029    0.30175608403173   -3.37688361724750
H        -0.82585853300952   -0.23033113125125    0.11498685175551
H         0.10792661561811    1.33495612576231    0.24172259871004
12
 energy: -21.536549750452 gnorm: 0.040086471256 xtb: 6.2.3 (830e466)
C         1.57971806286876    1.28472375105097   -3.13681932573789
C         0.10773858217261    0.26073611160830    0.23775680656940
C         1.22528071062347   -0.37941062182907    0.26481355184555
O         0.53306816510984    2.02045298268155   -2.56312334467895
O         1.07558788076340    2.99399175429314   -1.67152253190876
O         2.23905091700265   -0.94961614951171    0.33129221706667
H         0.86773611569534    3.83935942894762   -2.04323530947882
H         2.35181470603905    1.06558276179369   -2.38578049605436
H         2.03419141460688    1.78385751635184   -4.00035019619771
H         1.10330325555404    0.35451144221913   -3.44845837375993
H        -0.85709673791939   -0.27567048009319    0.26618425035484
H         0.12861692748324    1.34109150248787    0.11344275197977
12
 energy: -21.537734180632 gnorm: 0.023667002496 xtb: 6.2.3 (830e466)
C         1.58020363508391    1.27304555318077   -3.12763236123486
C         0.10964738612680    0.26256941076194    0.23047808661963
C         1.22490301438237   -0.37973952463775    0.26591315337464
O         0.54620721253173    2.01574497852619   -2.54181910215217
O         1.10545170798164    3.00273635029371   -1.67153532500221
O         2.23548337523304   -0.95598288069239    0.33093600308183
H         0.82913025567108    3.86449728098125   -2.05821659472164
H         2.36183978725383    1.05431713669158   -2.40010438387193
H         2.01626078683706    1.77802635330649   -3.99214904244628
H         1.10532628823509    0.34795388960833   -3.43622524125873
H        -0.83966966170739   -0.25174870467555    0.23144615594696
H         0.11422621237072    1.32819015665557    0.13310865166456
12
 energy: -21.536870018440 gnorm: 0.041876279825 xtb: 6.2.3 (830e466)
C         1.56234215212995    1.25820958732693   -3.12075064396838
C         0.11683253076079    0.26328385616107    0.23712654291922
C         1.23703087825705   -0.36872864626344    0.27669471577560
O         0.54579746376103    2.03272434767952   -2.55083487328902
O         1.06998927068742    2.99510937490990   -1.65493789227838
O         2.25121703658715   -0.93767672876840    0.33755026969809
H         0.86054959806912    3.84574364205548   -2.04100883896007
H         2.33672642923658    1.03034025423799   -2.38046167861557
H         2.01380386524418    1.78276448645781   -3.98778492478997
H         1.07894122009084    0.32245901197138   -3.45381420291788
H        -0.79713375395078   -0.22606957628049    0.16283917779146
H         0.11291330912656    1.34145039051238    0.13958234863471
12
 energy: -21.538067514151 gnorm: 0.017090441540 xtb: 6.2.3 (830e466)
C         1.56875025396752    1.26195812398550   -3.11151927119682
C         0.12381535631922    0.27345465382166    0.20933046269825
C         1.23827183812782   -0.36663748811715    0.25978534742778
O         0.54222215108121    2.02184347614407   -2.52998315373932
O         1.08133894326450    3.00924730478770   -1.66138155535487
O         2.24781350719420   -0.94336947241308    0.32243222918036
H         0.85392156225243    3.85067764262111   -2.06223041796175
H         2.34549577987413    1.02800447198385   -2.38128730962585
H         2.01258735817503    1.77603893384181   -3.97226214397480
H         1.08901353888314    0.33883823255875   -3.43291685853267
H        -0.81840512113325   -0.24002932303355    0.19209270303333
H         0.10418483199393    1.32958344381947    0.13213996804618
12
 energy: -21.535133161092 gnorm: 0.058349025051 xtb: 6.2.3 (830e466)
C         1.59046813852545    1.28510161749544   -3.14278341212672
C         0.10927820612343    0.26026111310295    0.24663705372473
C         1.21723910106031   -0.39593207892985    0.29218013417447
O         0.54157602434877    1.97339106671852   -2.47462575320740
O         1.14308752775735    3.01806955537528   -1.68387972581519
O         2.22881551495471   -0.96948909821163    0.36729736198379
H         0.77058769506374    3.85647818680724   -2.09337131015311
H         2.35258929804343    0.96578663041408   -2.40141184493411
H         2.05423872466676    1.87438939060733   -3.95913238023966
H         1.09988383779629    0.38892817356798   -3.55949765374848
H        -0.85228151449830   -0.25898766881988    0.34860418721368
H         0.13352744615792    1.34161311187271    0.02418334312777
12
 energy: -21.538486577563 gnorm: 0.008522742683 xtb: 6.2.3 (830e466)
C         1.57800354349923    1.27263608334787   -3.11982094657641
C         0.11976796168321    0.26178436135331    0.22968243593731
C         1.23044118221289   -0.38665705900812    0.27948626365956
O         0.55069150905819    2.00470444486620   -2.51042036221093
O         1.09864525432923    3.02276200869238   -1.68155843442216
O         2.23963719855236   -0.96546194576872    0.34128192212307
H         0.81286115017228    3.85679599274312   -2.08314058223048
H         2.34600536779333    0.99341308486560   -2.39475436083659
H         2.03461034825082    1.81793384857217   -3.94839504960434
H         1.08580914067693    0.37736612139646   -3.48754367804151
H        -0.82597972565569   -0.24503842097463    0.26824857982735
H         0.11851706942708    1.32937147991452    0.07113421237493
12
 energy: -21.536845356803 gnorm: 0.044156014439 xtb: 6.2.3 (830e466)
C         1.58071942906593    1.26589145210007   -3.13483980442568
C         0.12632342492846    0.27768620321091    0.23299768239414
C         1.23394187512096   -0.37213956447540    0.28909207251163
O         0.55355847252767    1.99130135110501   -2.51012719227389
O         1.09233289406495    3.01543435562951   -1.68542688501136
O         2.23894602152029   -0.95593655372472    0.35081317343144
H         0.80839521267987    3.83851086042537   -2.08801628309440
H         2.33229784721431    0.95045856470665   -2.39228771324307
H         2.06603928686491    1.87212699623840   -3.94546849242745
H         1.08048451479288    0.36851407023419   -3.57105978450408
H        -0.82731588242719   -0.22370585495926    0.29994083473532
H         0.10328690364685    1.31146811950942    0.11858239190719
12
 energy: -21.538644278501 gnorm: 0.004150047231 xtb: 6.2.3 (830e466)
C         1.58008099450440    1.27073840647159   -3.12126284834507
C         0.12046292289411    0.26383315415611    0.23156005627869
C         1.23050656414818   -0.38440672304844    0.28228910232579
O         0.55140914148310    1.99674578088418   -2.49772013515232
O         1.10009654257607    3.02573489290539   -1.68341725263804
O         2.23952424061230   -0.96259439105111    0.34100474212704
H         0.80616970158853    3.84972860134756   -2.09414955501619
H         2.34284534449997    0.97250584783918   -2.39743579186180
H         2.04413050824195    1.83767136969715   -3.93825067097313
H         1.08555870721776    0.38248258415104   -3.51334961517422
H        -0.82521831573865   -0.23618759052228    0.28224127763902
H         0.11344364797216    1.32335806716977    0.07269069079002
12
 energy: -21.538705452354 gnorm: 0.006866061257 xtb: 6.2.3 (830e466)
C         1.57934168853629    1.26900506445027   -3.10995272498061
C         0.12449482191711    0.26231550961073    0.22635862690527
C         1.23357831459755   -0.38758006825467    0.27739915181073
O         0.55691874548571    1.99636206782086   -2.49131292900239
O         1.10159729488988    3.03761546602475   -1.69136112369076
O         2.24272366186933   -0.96608465293965    0.33257833488268
H         0.79447816040479    3.85658456385151   -2.10686290004843
H         2.33611645860218    0.95423012650972   -2.38440541202351
H         2.05229860972894    1.83867555740861   -3.91482081005228
H         1.07183857264721    0.39434861975320   -3.51675838795660
H        -0.82346534913895   -0.23715381407389    0.29416232896873
H         0.11908902045982    1.32129155983872    0.04917584518695
12
 energy: -21.538773251177 gnorm: 0.003783972690 xtb: 6.2.3 (830e466)
C         1.57918506405288    1.26854915834826   -3.10675343113899
C         0.12524904207207    0.25913559872643    0.21035801981969
C         1.23380938912860   -0.39080641336763    0.27299329454030
O         0.55289872621556    1.99966936301688   -2.49115581488457
O         1.09421950788078    3.04038194579964   -1.68980725244878
O         2.24583033265866   -0.96429926116330    0.33129875550391
H         0.79497348228516    3.85664911039793   -2.11513591970570
H         2.32623407506949    0.94283354900651   -2.37824461471088
H         2.06426812845452    1.84109730705879   -3.90443944594261
H         1.07244305563814    0.40020053926621   -3.52489206809391
H        -0.82204387746313   -0.23282436387243    0.31601923198179
H         0.12194307400714    1.31902346678286    0.04395924507952
12
 energy: -21.538862836908 gnorm: 0.007614538562 xtb: 6.2.3 (830e466)
C         1.57909278977760    1.26718243027602   -3.09688821083545
C         0.12918146517313    0.25986806728561    0.23156189625899
C         1.23737084899444   -0.39258719911287    0.27122657591324
O         0.54206107450761    2.00833339162605   -2.48988595637634
O         1.07364675643786    3.04938207011672   -1.68692083671206
O         2.24995699378658   -0.96794686091591    0.30773421492506
H         0.79719838573471    3.85738795518990   -2.14186850049799
H         2.29888039849929    0.91149828321505   -2.35941649357498
H         2.09721327775837    1.84934706453391   -3.87322976173851
H         1.07351940047271    0.41723501041811   -3.54766967345105
H        -0.81475125899509   -0.22638846093904    0.35080379248594
H         0.12563986785263    1.30629824830659   -0.00124704639705
12
 energy: -21.538946562288 gnorm: 0.005766626607 xtb: 6.2.3 (830e466)
C         1.57965267602782    1.26680778516819   -3.09417208765418
C         0.13113444189105    0.25876899174586    0.22618953262206
C         1.24217563940973   -0.38921993252601    0.25878165302901
O         0.53975461629130    2.00789405354951   -2.49465416921394
O         1.06662394584319    3.04938360076198   -1.68908134064593
O         2.24852622410745   -0.97364123348311    0.30890425443714
H         0.80157856114114    3.85842307065489   -2.14998668729254
H         2.28993805227457    0.90555476402087   -2.34867797992286
H         2.10605553123404    1.85454804594285   -3.85873333927449
H         1.07184318712855    0.42370416142331   -3.55751497211562
H        -0.81173543887056   -0.22693348634163    0.37624113688110
H         0.12346256352157    1.30432017908343   -0.01309600084993
12
 energy: -21.538900399518 gnorm: 0.011134665965 xtb: 6.2.3 (830e466)
C         1.58127997968445    1.26670338250772   -3.08897063427612
C         0.13115305080145    0.25010622688399    0.20850571794013
C         1.23648675835054   -0.40514058769014    0.26636392377194
O         0.53663012494405    2.00349719121168   -2.50672445975169
O         1.05355977009532    3.04800345221638   -1.69698276595796
O         2.25957501606212   -0.96192881382430    0.28860727373545
H         0.81356029250731    3.86159046766409   -2.16626120937019
H         2.27357427600197    0.89779183376765   -2.32552911443507
H         2.12094656863159    1.86603723167541   -3.82725938539930
H         1.06829895971810    0.43688037956316   -3.57676829149508
H        -0.81744743233283   -0.21923660945735    0.42828980751113
H         0.13139263553577    1.29530584548185   -0.03907086227342
12
 energy: -21.539081034626 gnorm: 0.003303931054 xtb: 6.2.3 (830e466)
C         1.57981754741093    1.26745379163937   -3.08805034932314
C         0.13293753104710    0.25387983116016    0.22488835373351
C         1.24218030145899   -0.39691508512249    0.25834225046506
O         0.53334098531550    2.00663568785522   -2.50579186225809
O         1.04997307270154    3.05031039723101   -1.69561226421329
O         2.25515426577954   -0.97082718821515    0.29033432194022
H         0.81308390841440    3.86207783784625   -2.16876708077420
H         2.26843910619496    0.89110479816601   -2.32697643563865
H         2.12721178070871    1.86386415935365   -3.82618820186081
H         1.07059244066985    0.43847674531271   -3.57748004880249
H        -0.80958652072527   -0.22123515240125    0.42021460685909
H         0.12586558102360    1.29478417717465   -0.04071329012740
12
 energy: -21.539134129114 gnorm: 0.003701686671 xtb: 6.2.3 (830e466)
C         1.57933394057938    1.26836087179516   -3.08377023227461
C         0.13471317143679    0.25271647421408    0.22960382262645
C         1.24476749156509   -0.39737150304436    0.25249848511242
O         0.52763026665265    2.00926470621635   -2.51176458541650
O         1.03719690075559    3.05291917167088   -1.69751030314608
O         2.25684610840180   -0.97366397537427    0.27941418582044
H         0.81840100886953    3.86426176828271   -2.18099990891699
H         2.25248056940561    0.87771090249097   -2.31574208445339
H         2.14520318151157    1.86737348397403   -3.80707916523524
H         1.07299486469611    0.44780702761700   -3.58980155288423
H        -0.80466962930066   -0.21791877965741    0.44736401859877
H         0.12411212542637    1.28814985181496   -0.05801267983120
12
 energy: -21.539234091310 gnorm: 0.003847073230 xtb: 6.2.3 (830e466)
C         1.57817032965552    1.27036874135886   -3.07544857337967
C         0.13806264932072    0.24979464719707    0.23805975007245
C         1.24835478601318   -0.40036458413957    0.24266986746237
O         0.51611860035529    2.01449101488751   -2.53003621697932
O         1.00866592496486    3.05666206577305   -1.70349415357406
O         2.26181347074374   -0.97585820212009    0.25147542049615
H         0.83106682467289    3.86870442815570   -2.20331860574608
H         2.21617777612403    0.85034051885519   -2.29179323347402
H         2.18407350158619    1.87259884648798   -3.76411307046680
H         1.08078257391607    0.46771367688770   -3.61754007425644
H        -0.79330382991239   -0.20797141673020    0.50605391656451
H         0.11902739255972    1.27313026338690   -0.08831502671923
12
 energy: -21.539305291704 gnorm: 0.004466771681 xtb: 6.2.3 (830e466)
C         1.57821139300197    1.27156055499519   -3.06877498871254
C         0.14081572144988    0.24778490654013    0.24329269683893
C         1.25048556768309   -0.40310270969931    0.23315697539779
O         0.50697145186263    2.01973193774897   -2.55116654710162
O         0.98170283813362    3.05720458872414   -1.70813527814035
O         2.26566452920317   -0.97588493123640    0.22298831718068
H         0.84203752690522    3.87040524673734   -2.21749298117948
H         2.18177833254328    0.82681316409530   -2.27077453774232
H         2.21939786024927    1.87591761723917   -3.72341595932394
H         1.09164010810240    0.48574233635472   -3.64501461588006
H        -0.78160751176834   -0.19585026083927    0.56769692123635
H         0.11191218263362    1.25928754934011   -0.11816000257358
12
 energy: -21.539368610389 gnorm: 0.004304426532 xtb: 6.2.3 (830e466)
C         1.57842585071683    1.27157294383340   -3.06605093952665
C         0.14313499116655    0.24902525883307    0.24924058956767
C         1.25140734557696   -0.40330207083357    0.22608429223207
O         0.50028855029579    2.02458880997231   -2.57733478452000
O         0.95735821470479    3.05136941656143   -1.71060470022063
O         2.26807568495166   -0.97277453392890    0.19614166119369
H         0.85201773362278    3.86819699463744   -2.21773417561980
H         2.15039685723246    0.81006380278191   -2.25696619872809
H         2.24703249867754    1.87374598210489   -3.69016428825772
H         1.10646385948534    0.49867542495999   -3.66877151343962
H        -0.76681805561771   -0.18118565463254    0.61149470459846
H         0.10122646918680    1.24963362571063   -0.13113464727949
12
 energy: -21.539338063687 gnorm: 0.011154056549 xtb: 6.2.3 (830e466)
C         1.58041001034664    1.27172579606379   -3.06028910922942
C         0.14785309604471    0.24999497770410    0.25910327739828
C         1.25509081942121   -0.40327282696623    0.21024281355471
O         0.48566418172217    2.03449165226546   -2.62234083521349
O         0.90869727049973    3.03967255047428   -1.71014296204800
O         2.27173305196164   -0.97075071194169    0.15093087368399
H         0.87513597368060    3.86353459999214   -2.22670322460444
H         2.09160644727999    0.77675388461797   -2.22546163911378
H         2.30165621195181    1.87883600577002   -3.62603967012910
H         1.12938088527778    0.52615112842774   -3.71788354019519
H        -0.74134354411236   -0.15777729137395    0.71440597764797
H         0.08312559592582    1.23025023496644   -0.18162196175159
12
 energy: -21.539431086830 gnorm: 0.003643287551 xtb: 6.2.3 (830e466)
C         1.58131043554956    1.27041352480270   -3.06718738370396
C         0.14494152064358    0.25255405638727    0.25422485467933
C         1.25279950904401   -0.39990539103968    0.21776932679733
O         0.49595504362290    2.02903476256070   -2.60095055831610
O         0.93646686172801    3.03933109694680   -1.70714128638572
O         2.26681543182783   -0.97141700325138    0.17721593726686
H         0.86040771886005    3.86109653173827   -2.21024692309057
H         2.12483765657501    0.79809784502657   -2.24656004012999
H         2.26905568775007    1.87648392064147   -3.66444727401209
H         1.11998625121118    0.50907006138360   -3.69210949341052
H        -0.75277150325064   -0.16876691522580    0.66136882125392
H         0.08920538643819    1.24361751002956   -0.15773598094857
12
 energy: -21.539452465694 gnorm: 0.002940556161 xtb: 6.2.3 (830e466)
C         1.58205348470648    1.26954955653576   -3.06956314006864
C         0.14594542796444    0.25537603919097    0.25636481610764
C         1.25365990618201   -0.39706990216907    0.21539697577426
O         0.49201805286173    2.03059632471293   -2.61403120237764
O         0.92480112093082    3.03055976805595   -1.70444442823269
O         2.26791095252091   -0.96859880763274    0.16903878980644
H         0.86560129158154    3.85721500529664   -2.20607919420705
H         2.11234830226057    0.79142001596107   -2.24176827254622
H         2.28111021475397    1.87714162956028   -3.65542571180643
H         1.12484470187463    0.51262319314949   -3.70408643195870
H        -0.74666323241092   -0.16347573690965    0.67059480610278
H         0.08537977677358    1.24427291424846   -0.15179700659383
12
 energy: -21.539495128330 gnorm: 0.003815072419 xtb: 6.2.3 (830e466)
C         1.58629344259819    1.26838527707842   -3.07439243201646
C         0.14645106481763    0.26181937242707    0.26222587119643
C         1.25378609999587   -0.39065349918240    0.20667170325838
O         0.48743949992833    2.03305927420325   -2.64139137463692
O         0.90202185160108    3.01199380561435   -1.69969881285989
O         2.26691546546346   -0.96400289409815    0.14582046588055
H         0.87151017851821    3.84723165145929   -2.18928601967578
H         2.08684746474213    0.77785912773036   -2.23461292182495
H         2.30727041021059    1.87880945890948   -3.63225511688207
H         1.14176797267767    0.52212245583320   -3.73088321184585
H        -0.73257508508560   -0.14841054148309    0.72009315346634
H         0.07128163453221    1.24139651150830   -0.16809130405985
12
 energy: -21.539522045566 gnorm: 0.004629710617 xtb: 6.2.3 (830e466)
C         1.59043287484462    1.26760839123677   -3.08097841252200
C         0.14593747786311    0.26905235899330    0.26841581899007
C         1.25288920939710   -0.38293592877934    0.20170759519620
O         0.48609659707253    2.03272061540257   -2.66126887623772
O         0.88462685919220    2.99163947987325   -1.69185480772567
O         2.26418664302223   -0.95841860726675    0.13092028369043
H         0.87675597845622    3.83625702986009   -2.16857264298413
H         2.07207790966535    0.77002108308373   -2.23599832569833
H         2.32218292103249    1.88052799287917   -3.61915789911751
H         1.15649231872945    0.52806505980907   -3.75191576975238
H        -0.72100459679359   -0.13640360410167    0.75516140791544
H         0.05833580751803    1.24147612900987   -0.18225837175445
12
 energy: -21.539555419661 gnorm: 0.003453069552 xtb: 6.2.3 (830e466)
C         1.59554783805063    1.26650566483095   -3.08937065017104
C         0.14426693717360    0.27709802260481    0.27274122732458
C         1.25062678444112   -0.37468632496050    0.19906065154218
O         0.48909885811116    2.02918765513037   -2.67200720556786
O         0.87661659447443    2.97303920628515   -1.68639358948901
O         2.26016150752171   -0.95228352323339    0.12179363335066
H         0.87045052597289    3.82419821247850   -2.14428573375194
H         2.06774759350985    0.76191168324999   -2.24429484532923
H         2.33196105649805    1.88304781461711   -3.61530776674712
H         1.16739656435350    0.53161338427029   -3.76942503456926
H        -0.71446346448533   -0.12606043763193    0.77487117724842
H         0.04959920437810    1.24603864235873   -0.18318186384042
12
 energy: -21.539593350157 gnorm: 0.002786434209 xtb: 6.2.3 (830e466)
C         1.60363552899516    1.26559615047866   -3.10309096071144
C         0.14228176982666    0.29041902376652    0.28344500360459
C         1.24766391714734   -0.36126715032234    0.19386482716979
O         0.48926346472790    2.02521556373757   -2.70056641784707
O         0.85057681001411    2.93755806374129   -1.67469468676585
O         2.25477478932334   -0.94108343676390    0.10036727091652
H         0.86942327354103    3.80386752145235   -2.10786584084581
H         2.05326161007433    0.74560888113144   -2.25469354629508
H         2.35542866882018    1.88625155730151   -3.60209863113448
H         1.18926961483477    0.54152740072635   -3.80355437403591
H        -0.70099442953891   -0.10635049951258    0.81278815689080
H         0.03442498223380    1.25226692426321   -0.17970080094608
12
 energy: -21.539621589072 gnorm: 0.002719806348 xtb: 6.2.3 (830e466)
C         1.61084463899747    1.26591713477648   -3.11228045698617
C         0.13951013412150    0.29887653309752    0.29538414334663
C         1.24363551564824   -0.35337721187870    0.19193950415714
O         0.49192243877300    2.02081293147678   -2.71604177870046
O         0.83324963342124    2.91402795315513   -1.66874606408486
O         2.24950205308544   -0.93324917926173    0.08311677629619
H         0.86389741300971    3.78769052819749   -2.08709266093221
H         2.04848988242790    0.73088925717558   -2.26666989778494
H         2.37169255773362    1.89136305564478   -3.59188709551192
H         1.20512931870568    0.55278372787315   -3.82920248925365
H        -0.69390412024236   -0.09151775598268    0.84223472587556
H         0.02504053431824    1.25539302572630   -0.17655470642130
12
 energy: -21.539644349126 gnorm: 0.004272320778 xtb: 6.2.3 (830e466)
C         1.62279696956920    1.26738834274130   -3.12653243624338
C         0.13529878311128    0.30928812945442    0.31300099641153
C         1.23624602707242   -0.34439620874230    0.18887578588976
O         0.49571833946444    2.01442901844407   -2.74144859176988
O         0.80592151901192    2.88009240585766   -1.66258765182541
O         2.23935434987693   -0.92383465971750    0.05729186793054
H         0.85426192401141    3.76307444371852   -2.05971100644628
H         2.04060314772273    0.70847352199935   -2.28517195456118
H         2.39817333289641    1.90145383450852   -3.57343275807075
H         1.23213400051400    0.57357592304280   -3.87108527338110
H        -0.68313008472997   -0.06670386399642    0.89846954613452
H         0.01163169147889    1.25676911268968   -0.17346852406834
12
 energy: -21.539613802831 gnorm: 0.007436619395 xtb: 6.2.3 (830e466)
C         1.63289683794987    1.27151003524913   -3.13871698057940
C         0.12975194055792    0.31188359054718    0.33236995829005
C         1.22641635146945   -0.34482973660369    0.19716798836058
O         0.50310097679853    2.00536059771078   -2.74476438633795
O         0.79819771727514    2.86198831916531   -1.66293160828427
O         2.22746030577771   -0.92167211757187    0.05255732214662
H         0.83905317833254    3.74572248549458   -2.05201320136746
H         2.05912627213380    0.70135375563312   -2.31330196219027
H         2.40030732378969    1.91382951381164   -3.57693662078191
H         1.24762925683464    0.58995059189541   -3.89159126157727
H        -0.68731359538948   -0.05458143887078    0.91658473089127
H         0.01238343446984    1.25909440353930   -0.15422397856995
12
 energy: -21.539665323245 gnorm: 0.004892758359 xtb: 6.2.3 (830e466)
C         1.63735072225760    1.27097817556135   -3.14729185002458
C         0.12979176937296    0.31806061354582    0.34722601800800
C         1.22495353432429   -0.34031629773041    0.19706413158718
O         0.50091171095494    2.00409725235052   -2.76690407188906
O         0.78243445115200    2.84419493403781   -1.66172798741796
O         2.22456586179630   -0.91888757688740    0.03830574208947
H         0.83852174528956    3.73500972807068   -2.03585597665301
H         2.04186553494857    0.68868174363570   -2.31407912671857
H         2.42040678447929    1.91995793068286   -3.56077989839842
H         1.26216484746490    0.60047140589115   -3.92133164292751
H        -0.67741280590982   -0.04194549509606    0.94725164099043
H         0.00345584386904    1.25930758593810   -0.15767697864593
12
 energy: -21.539672721586 gnorm: 0.004192846061 xtb: 6.2.3 (830e466)
C         1.63569621566119    1.27105857660470   -3.14640210675679
C         0.13014523494626    0.31612918221745    0.33823758396622
C         1.22554579102813   -0.34236145776892    0.19456163445315
O         0.49815773749839    2.00598395838883   -2.76729167468993
O         0.78560496084445    2.84770688038019   -1.66191029516559
O         2.22556889496089   -0.92221045914958    0.04142063440990
H         0.84483311382983    3.74001161367333   -2.03780632454909
H         2.04112257677832    0.70040845040318   -2.30920476109145
H         2.41437253421704    1.91676937396556   -3.56639464727087
H         1.26314181346381    0.59202827265399   -3.91053202442137
H        -0.67823522552006   -0.04544693381464    0.94516163883837
H         0.00305635229139    1.25953254244603   -0.15563965772251
12
 energy: -21.539692423063 gnorm: 0.002177578652 xtb: 6.2.3 (830e466)
C         1.63603013344759    1.27254407585704   -3.14647355713726
C         0.13019965591136    0.31347042237038    0.34295033197960
C         1.22439489706906   -0.34626498761965    0.19795663724441
O         0.49841169477345    2.00495604333547   -2.76418757306135
O         0.78769066385850    2.85204844215488   -1.66765206686248
O         2.22368468437037   -0.92588208157872    0.04452618242317
H         0.84176188903105    3.74056464067303   -2.04763265790279
H         2.04243279479641    0.69753105159067   -2.31115638956676
H         2.41443184795809    1.92200793489438   -3.56358785789805
H         1.26354140895524    0.59720706158465   -3.91505091952215
H        -0.67960813832585   -0.04609081718159    0.94606927092018
H         0.00603846815436    1.25751821391957   -0.15156140061647
12
 energy: -21.539687695576 gnorm: 0.001850486428 xtb: 6.2.3 (830e466)
C         1.63637354579831    1.27256130748654   -3.14742361659604
C         0.13201906113063    0.31535268826951    0.34952158545094
C         1.21978213883823   -0.35270619139681    0.19332784721836
O         0.49768117304403    2.00357172150585   -2.76477062370554
O         0.78838588328144    2.85321554586342   -1.66947901469086
O         2.22449713951512   -0.92498052563870    0.04642378478774
H         0.84006233588782    3.74153249683897   -2.05110677280779
H         2.04143778170008    0.69588668281899   -2.31304580603311
H         2.41468914575383    1.92369489224424   -3.56024793915548
H         1.26664026978397    0.59934281251893   -3.91838490607633
H        -0.67960540099181   -0.04620661161157    0.94769474296229
H         0.00704692625799    1.25834518110074   -0.14830928135413
12
 energy: -21.539694546032 gnorm: 0.004342245647 xtb: 6.2.3 (830e466)
C         1.63787281373290    1.27267509053141   -3.15040648630455
C         0.13152447600595    0.31419888505974    0.35561568498883
C         1.22308025322593   -0.34901023348545    0.20468316076841
O         0.49532128650950    1.99871358490947   -2.76691267712501
O         0.79002857530759    2.85689325934771   -1.67584837484004
O         2.21536839869311   -0.93866258570476    0.03962513093919
H         0.83350203019718    3.74442721689746   -2.06302463774401
H         2.03824667526095    0.69023129633002   -2.31902822491592
H         2.41600926930233    1.92966580320344   -3.54878242775370
H         1.27742347816013    0.60661574740888   -3.92968955147369
H        -0.67653708601054   -0.04930890746229    0.95347022572122
H         0.00716982961463    1.26317084296448   -0.13550182226067
12
 energy: -21.539701567061 gnorm: 0.002378539921 xtb: 6.2.3 (830e466)
C         1.63850028300749    1.27296713233646   -3.15017143628684
C         0.12780820859695    0.30969946598533    0.34692680638965
C         1.22149035571674   -0.35095028998306    0.20132317334736
O         0.49593219080169    1.99900127047960   -2.76747566303113
O         0.78855691611462    2.85592518080489   -1.67617801726700
O         2.21650596472409   -0.93690955971273    0.04278225506082
H         0.83196583467884    3.74313760753761   -2.06285646575227
H         2.03786545432148    0.68880835563227   -2.31872820366134
H         2.41761795793114    1.93029837012018   -3.54853809400282
H         1.27702198046693    0.60779643754012   -3.93080746876973
H        -0.67497671179105   -0.04571208068906    0.95865503380119
H         0.01072156543075    1.26554810994847   -0.13073191982782
12
 energy: -21.539709180479 gnorm: 0.003029523004 xtb: 6.2.3 (830e466)
C         1.63958539090207    1.27354720006291   -3.14932811429132
C         0.13438370652373    0.31770307613010    0.35757694730998
C         1.22005108945779   -0.35297979373393    0.19863066257347
O         0.49750932439875    2.00024368716577   -2.76839130798085
O         0.78526390233995    2.85348628264835   -1.67591641609240
O         2.21598139713281   -0.93637777899425    0.04102497383755
H         0.82936218561603    3.74029377770494   -2.06073645723677
H         2.03738031639450    0.68658192137091   -2.31754038235526
H         2.42089739243135    1.93063317566124   -3.54909092053454
H         1.27512422149728    0.60944828005897   -3.93176556003304
H        -0.67820031841906   -0.04470189626115    0.95611838609767
H         0.01167139172444    1.26173206818625   -0.13638181129443
12
 energy: -21.539722886327 gnorm: 0.000398263132 xtb: 6.2.3 (830e466)
C         1.64015861665870    1.27350054823640   -3.15083344391811
C         0.13314994761991    0.31613146380683    0.35829239079733
C         1.21938737247243   -0.35404670362109    0.20038078136995
O         0.49644533462727    1.99806973209146   -2.76952131761026
O         0.78545140498327    2.85481808061989   -1.67825892822938
O         2.21352427414586   -0.94081282321368    0.04003333021186
H         0.82613876717297    3.74176027644086   -2.06488531719683
H         2.03636395693336    0.68474530587486   -2.32058848190837
H         2.42142589391637    1.93248898991148   -3.54413029188314
H         1.28030044314230    0.61221764325155   -3.93639682875591
H        -0.67597061979831   -0.04425929911142    0.96006308958756
H         0.01263460812554    1.26499678571298   -0.12995498246465
12
 energy: -21.539728617145 gnorm: 0.000735732182 xtb: 6.2.3 (830e466)
C         1.64207493868132    1.27393249465682   -3.15239408324562
C         0.13407884180284    0.31720140179602    0.36171651725552
C         1.21808746761649   -0.35602232260471    0.20134965787224
O         0.49621848129694    1.99599904619012   -2.77272212034621
O         0.78207249357506    2.85393659569460   -1.68134044251453
O         2.20908985122751   -0.94741374041848    0.03763787842915
H         0.81879401334703    3.74104129039515   -2.06821343841409
H         2.03421200025816    0.68017209434748   -2.32389434103025
H         2.42522018051033    1.93543227011211   -3.53721303270265
H         1.28668989450847    0.61767818519947   -3.94405593080272
H        -0.67381501603816   -0.04090038441401    0.96621949118583
H         0.01628685321367    1.26855306904556   -0.12289015568659
12
 energy: -21.539743488656 gnorm: 0.001496120638 xtb: 6.2.3 (830e466)
C         1.65061420569150    1.27601718920962   -3.15866220367733
C         0.14121719075219    0.32576967559565    0.37945772848574
C         1.21196622327510   -0.36523326863660    0.20325476398698
O         0.49598944284855    1.98856451339783   -2.78819949041249
O         0.76470476464772    2.84694898988630   -1.69285712972660
O         2.19019356322273   -0.97457859151911    0.02666479058019
H         0.78672799099368    3.73566349805928   -2.07729310139641
H         2.02451989385634    0.66135835153046   -2.33634362147062
H         2.44270078135490    1.94706726054915   -3.50912658980681
H         1.31305144443681    0.64010943773402   -3.97545215478519
H        -0.66525303772753   -0.02362600780345    0.99139198807778
H         0.03257753664772    1.28154895199698   -0.09863497985515
12
 energy: -21.539753116011 gnorm: 0.000954734501 xtb: 6.2.3 (830e466)
C         1.65577094845603    1.27755477299659   -3.16225033299102
C         0.14633449054232    0.33169579333355    0.38823865809646
C         1.20821883870999   -0.37025605681653    0.20339928730697
O         0.49640360345794    1.98601867041620   -2.79981123296776
O         0.75190481609654    2.83957223373968   -1.69772258715305
O         2.17828177907897   -0.99006642761537    0.01989974997575
H         0.76764867667440    3.73056937235638   -2.07662255818789
H         2.01885466031878    0.65297133007189   -2.34262468253642
H         2.45269248024353    1.95184862163637   -3.49463414068789
H         1.32881916805351    0.65165791711239   -3.99080330414174
H        -0.65892370294424   -0.00974321227024    1.00681540962755
H         0.04300424131197    1.28778698503925   -0.08968426634083
12
 energy: -21.539771824410 gnorm: 0.001637665169 xtb: 6.2.3 (830e466)
C         1.66691694844653    1.28102524751674   -3.17019395611204
C         0.15836863593929    0.34598429154162    0.40639292701769
C         1.19975630920803   -0.38168464975726    0.20206521462177
O         0.49754869579030    1.98276710055910   -2.82819615744602
O         0.72236465235983    2.81973198579850   -1.70582255247271
O         2.15252259889254   -1.02372126459398    0.00383973210527
H         0.72660374739731    3.71784078924652   -2.06790772365625
H         2.00586654631710    0.63985782606611   -2.35302271818480
H         2.47358352313664    1.96087085661674   -3.46574718680499
H         1.36367282984551    0.67228466343969   -4.02012501080434
H        -0.64325821179122    0.02513100982647    1.04122805959034
H         0.06506372445791    1.29952214373990   -0.07831062785375
12
 energy: -21.539787037537 gnorm: 0.002373562215 xtb: 6.2.3 (830e466)
C         1.67705595545171    1.28515963962581   -3.17720804458872
C         0.17013183296396    0.35846123317565    0.41771325909139
C         1.19149546234947   -0.39162010830954    0.19978947418368
O         0.50016878176815    1.98569324739791   -2.86004945419275
O         0.69192654476917    2.79529984434459   -1.71008812443667
O         2.12727622738835   -1.05327541195013   -0.01099985807633
H         0.68903113411158    3.70279738351584   -2.04802245309044
H         1.99215415267806    0.63445763479262   -2.35851254839236
H         2.49225948818391    1.96539315086014   -3.44338985353378
H         1.39587956690776    0.68664835535178   -4.04051835844654
H        -0.62364020932158    0.06534772244907    1.07702361050842
H         0.08527106274927    1.30524730874643   -0.08153764902572
12
 energy: -21.539792701234 gnorm: 0.002044853105 xtb: 6.2.3 (830e466)
C         1.68159914554234    1.28701308524936   -3.18034020762570
C         0.17525997561355    0.36335575502482    0.42635613487493
C         1.18732756993099   -0.39778214309710    0.19994274395901
O         0.50107060924680    1.98607337506888   -2.87279393797701
O         0.68072125343968    2.78827650644226   -1.71554769383288
O         2.11539725084525   -1.06873563395925   -0.01848636309738
H         0.67095206115885    3.69829389001258   -2.04680224307264
H         1.98451232042350    0.62947941894088   -2.36167322691453
H         2.50148017738210    1.96976245912822   -3.42948982592650
H         1.41177632886645    0.69518626107523   -4.05326946208869
H        -0.61438829489070    0.08033951188240    1.09395716152642
H         0.09330160244103    1.30834751423190   -0.07765307982482
12
 energy: -21.539798077966 gnorm: 0.002156091151 xtb: 6.2.3 (830e466)
C         1.68243651065672    1.28840223923047   -3.18011549543692
C         0.17674287402609    0.36244736758269    0.43014441885111
C         1.18484544605895   -0.40246392757748    0.20046921894090
O         0.50285885774950    1.99040349537464   -2.87669536357382
O         0.68096606136412    2.78973819637698   -1.72016537558848
O         2.11071983554186   -1.07435364638334   -0.02181061891641
H         0.66550893247575    3.69939730340618   -2.05021301585066
H         1.98039535559722    0.63191484279553   -2.35950670242000
H         2.50317160849995    1.97042914428459   -3.42558388892180
H         1.41677681480573    0.69516473387646   -4.05311829845409
H        -0.60709350390463    0.08484323409043    1.10228305083866
H         0.09168120712859    1.30368701694304   -0.08148792946830
12
 energy: -21.539806105932 gnorm: 0.001330458266 xtb: 6.2.3 (830e466)
C         1.68652789621627    1.29028787505179   -3.18172070603542
C         0.17967652236062    0.36415069086453    0.43380682741997
C         1.18146781531477   -0.40800478450201    0.19996580231273
O         0.50443062681838    1.99236989108793   -2.88726612239052
O         0.67156067884194    2.78580454865947   -1.72452370658971
O         2.10109770122268   -1.08711820999664   -0.02825695823917
H         0.65091768376819    3.69749626691719   -2.04885497448958
H         1.97529070652204    0.62954931708938   -2.36077727812766
H         2.51102883190328    1.97218632867970   -3.41624224429133
H         1.42860704611481    0.70113616617092   -4.06010995039811
H        -0.59778134719367    0.09893553341757    1.12081925388116
H         0.09618583811056    1.30281637656035   -0.08263994305215
12
 energy: -21.539807962877 gnorm: 0.003089994916 xtb: 6.2.3 (830e466)
C         1.69581929626994    1.29478707126342   -3.18454645813298
C         0.18677564342517    0.36688473930595    0.44363933639888
C         1.17301564851934   -0.42242375312399    0.19896198577724
O         0.50929937635987    1.99976998078928   -2.91247264711222
O         0.65130556783354    2.78011594815999   -1.73578918443754
O         2.07829358702169   -1.11637244055830   -0.04364431427761
H         0.61788177493892    3.69609785803473   -2.04747793258276
H         1.96276289635059    0.62627980543834   -2.36186943419710
H         2.52907086272117    1.97412373608628   -3.39542951031335
H         1.45495807320255    0.71348208386182   -4.07293268545638
H        -0.57279352169202    0.13053493329843    1.16507448593485
H         0.10262079504914    1.29633003744423   -0.08931364160079
12
 energy: -21.539814629199 gnorm: 0.001607688123 xtb: 6.2.3 (830e466)
C         1.69272373234915    1.29339408690496   -3.18236134539178
C         0.18366380468058    0.36359715340504    0.43905598232093
C         1.17580854031679   -0.41856809675561    0.19938550076120
O         0.50875852082173    1.99959854246887   -2.90412400753189
O         0.65913512351756    2.78612783821730   -1.73306156427667
O         2.08593128501302   -1.10654888596101   -0.03890560958545
H         0.62965769287394    3.70002982379707   -2.05026292583558
H         1.96678356132461    0.62865758186083   -2.35972036768832
H         2.52353434984812    1.97128839195574   -3.40324538188990
H         1.44452606475491    0.70843449737920   -4.06542596538236
H        -0.57817789165129    0.11935964188974    1.15332774156429
H         0.09666521615075    1.29423942483804   -0.09046205706425
12
 energy: -21.539818070211 gnorm: 0.001329915071 xtb: 6.2.3 (830e466)
C         1.69423207233566    1.29399107673789   -3.18237730101866
C         0.18656613726522    0.36546764566728    0.44461101629378
C         1.17376524306154   -0.42214156903522    0.19950204738202
O         0.50967350475372    2.00019635359631   -2.90815012116399
O         0.65681405905603    2.78695241287640   -1.73688760942278
O         2.08017250985507   -1.11372608998973   -0.04300955526190
H         0.62203585090446    3.70062672722084   -2.05450501604322
H         1.96290123955741    0.62682725001380   -2.36004506077592
H         2.52691073367117    1.97252139856418   -3.39580506204564
H         1.45069168791316    0.71195974023282   -4.06932097433719
H        -0.57186542272717    0.12335549291574    1.15960432077184
H         0.09711238435363    1.29357956119987   -0.08941668437814
12
 energy: -21.539822556483 gnorm: 0.000500546256 xtb: 6.2.3 (830e466)
C         1.69685392805440    1.29540622206362   -3.18161919225653
C         0.18859063659124    0.36500356843413    0.44617503850609
C         1.17088493201234   -0.42729330432942    0.19837646850537
O         0.51192347045855    2.00330795954141   -2.91468654307493
O         0.65217839680631    2.78804338210329   -1.74111028900989
O         2.07242646249934   -1.12323576380109   -0.04856127044807
H         0.61181847682607    3.70185669950805   -2.05715978477042
H         1.95821577726201    0.62598462427673   -2.35888034898505
H         2.53232795023866    1.97264383531596   -3.38766220797632
H         1.45835649505190    0.71572207120334   -4.07141961839423
H        -0.56006231696540    0.13393002034553    1.17632301952010
H         0.09549579116448    1.28824068533863   -0.09557527161590
