12
 energy: -21.496564809358 gnorm: 0.118974768790 xtb: 6.2.3 (830e466)
C         0.81377000000000    1.40997000000000   -2.16487000000000
C        -0.22756000000000    0.73330000000000   -1.27906000000000
C         2.75047000000000   -1.24282000000000   -0.73842000000000
O         0.41820000000000    2.72233000000000   -2.48138000000000
O         0.74101000000000    3.47575000000000   -1.44553000000000
O         3.20713000000000   -0.81043000000000    0.19852000000000
H         1.47170000000000    4.05932000000000   -1.77482000000000
H         1.81919000000000    1.39097000000000   -1.68402000000000
H         0.90579000000000    0.83738000000000   -3.11190000000000
H         0.07147000000000   -0.31579000000000   -1.07669000000000
H        -1.21412000000000    0.72982000000000   -1.78832000000000
H        -0.31707000000000    1.27084000000000   -0.31173000000000
12
 energy: -21.505504869117 gnorm: 0.041634198204 xtb: 6.2.3 (830e466)
C         0.80591222508253    1.38182144118501   -2.17417000120811
C        -0.22419436354585    0.71524243558643   -1.27250544699369
C         2.74127057875147   -1.23344545537274   -0.73750389985852
O         0.44366600948590    2.70463472599076   -2.50579883862211
O         0.73310014766318    3.53382068940653   -1.44361243580378
O         3.20848768820595   -0.81486829526929    0.19944165559871
H         1.48299736896046    4.08614718115417   -1.74602013015289
H         1.79747527388674    1.38462560852526   -1.68994594149240
H         0.89530913664681    0.83774003808154   -3.12453903968852
H         0.06610047720676   -0.31702007414032   -1.06556940072715
H        -1.19648067224794    0.72220000437607   -1.76869409479282
H        -0.31366387009602    1.25974170047653   -0.32930242625874
12
 energy: -21.507139737910 gnorm: 0.007742228916 xtb: 6.2.3 (830e466)
C         0.81412518973444    1.36576603513106   -2.16763784101332
C        -0.22381498538366    0.70812134597356   -1.26876877397634
C         2.71872513060406   -1.21779123116935   -0.74135052903668
O         0.47607832537726    2.69015744536554   -2.52779390167019
O         0.71527231113305    3.56909521241526   -1.44849813336492
O         3.21276469102520   -0.83085437964787    0.19698113033108
H         1.46704099921048    4.11035694427127   -1.73399767468836
H         1.80147807869776    1.36298685698159   -1.68730826792133
H         0.88606557437673    0.84567962356944   -3.12531103066405
H         0.06768460182756   -0.31611754054711   -1.06193644674235
H        -1.19290863400918    0.71630571136882   -1.75736708125415
H        -0.30253128259368    1.25693397628789   -0.33523144999936
12
 energy: -21.507326464553 gnorm: 0.006942309516 xtb: 6.2.3 (830e466)
C         0.81925103525074    1.36018200277484   -2.17067235377590
C        -0.21889272957567    0.70888743870760   -1.26650535520795
C         2.70062541079984   -1.20076383701092   -0.74075358231301
O         0.49356011507757    2.68592625013254   -2.53602992714376
O         0.70513327177794    3.57256623305921   -1.44638102527115
O         3.21279293757212   -0.83922991945123    0.19835643616567
H         1.45155268039473    4.12086659956858   -1.72486873794607
H         1.80713886932357    1.34387783009325   -1.69280594232742
H         0.87934946622146    0.84767169288811   -3.13355925856085
H         0.07287720701378   -0.31625262989258   -1.05872066700335
H        -1.18946219754426    0.71693965441639   -1.75324181852294
H        -0.29394606631178    1.25996868471439   -0.33303776809322
12
 energy: -21.507502737118 gnorm: 0.007789738538 xtb: 6.2.3 (830e466)
C         0.82650641629810    1.35326733041962   -2.17904423443703
C        -0.20963562380332    0.71079224545341   -1.26562620135915
C         2.67428266058023   -1.17310007585369   -0.73662189554800
O         0.51701408839070    2.68164788734384   -2.54127108439147
O         0.69568400021926    3.56530018738429   -1.43639978762820
O         3.20430156872204   -0.84408306211679    0.20397859404325
H         1.42601946031484    4.13547131278931   -1.70966144030365
H         1.81995598269416    1.31418240302740   -1.71225442917586
H         0.86485022696604    0.84888477809624   -3.14860488007891
H         0.08228980553254   -0.31554608665814   -1.05539415265134
H        -1.18505904704030    0.71836466000135   -1.74504348344894
H        -0.27622953887421    1.26545842011352   -0.33227700502064
12
 energy: -21.507681289858 gnorm: 0.014203602606 xtb: 6.2.3 (830e466)
C         0.83539166290562    1.34327203044776   -2.19526262696433
C        -0.19386231254535    0.71260681933808   -1.26580680924312
C         2.63110592320439   -1.12231768640364   -0.72827607541691
O         0.54771764913460    2.67712419175608   -2.54186509541286
O         0.69074380610243    3.54272352236588   -1.41501113489830
O         3.18869870061654   -0.85085919727347    0.21818282307033
H         1.38562379328476    4.15814756880723   -1.68828865038704
H         1.83967397009246    1.27071023817405   -1.75067674313458
H         0.84009521884479    0.84952613423131   -3.17296583601479
H         0.09702007299291   -0.31467012331287   -1.05226507341781
H        -1.17666531993059    0.72101925846804   -1.73205553062747
H        -0.24556316470239    1.27335724340237   -0.33392924755297
12
 energy: -21.507321132240 gnorm: 0.046112588516 xtb: 6.2.3 (830e466)
C         0.84792806502236    1.32778240597200   -2.22112390991171
C        -0.16862842533090    0.71495518745584   -1.26586207749345
C         2.59519664893520   -1.08669656825898   -0.71435782341291
O         0.59451616022455    2.67212266298346   -2.53583952448321
O         0.69330395250966    3.50005377790501   -1.37520510932262
O         3.12428948659067   -0.81411750642979    0.22948767167361
H         1.32242371991110    4.19415500874046   -1.65550387443684
H         1.86958983208215    1.20253610180487   -1.81447571711860
H         0.79942814654455    0.85092126810373   -3.21011819438422
H         0.11946116243152   -0.31337599385214   -1.04835963058375
H        -1.16303247978449    0.72717942291623   -1.70986829722100
H        -0.19449626913605    1.28512423266095   -0.33699351330504
12
 energy: -21.507869123879 gnorm: 0.005699645489 xtb: 6.2.3 (830e466)
C         0.84075564165485    1.33356076079581   -2.21250904293571
C        -0.17778674016570    0.71215434964201   -1.26642382165391
C         2.60762298723975   -1.07709552355924   -0.72705923117676
O         0.57170867513436    2.67503237861848   -2.53396678835229
O         0.70073241158792    3.51077576505074   -1.38886713657472
O         3.14694749381572   -0.84140015009645    0.23629221759088
H         1.34753641770233    4.17543901006008   -1.67213670997036
H         1.85457437927955    1.23357984516493   -1.79380826744202
H         0.81556220255197    0.84956592778449   -3.19376582174486
H         0.11077037650775   -0.31455041382938   -1.05105067942347
H        -1.16742529571996    0.72449751174144   -1.71690228230082
H        -0.21101854958790    1.27908053862993   -0.33802243601542
12
 energy: -21.507904827446 gnorm: 0.003336025059 xtb: 6.2.3 (830e466)
C         0.84094185292787    1.33152321526225   -2.21464736585254
C        -0.17660862066719    0.71138554551300   -1.26680821425260
C         2.60704205733987   -1.06927954186450   -0.72886152912313
O         0.57310654814032    2.67482027283372   -2.53278344571700
O         0.70641940721536    3.50445767991223   -1.38527383223323
O         3.13971634625502   -0.83796345044499    0.23879515511426
H         1.34368935926465    4.17545807973092   -1.67031257615060
H         1.85438014703277    1.23223186038740   -1.79786076519394
H         0.81380293500521    0.84834330917730   -3.19486488663744
H         0.11024264835230   -0.31503276226182   -1.05199600022708
H        -1.16691655349504    0.72594719703748   -1.71429402826388
H        -0.20583612737041    1.27874859472031   -0.33931251146222
12
 energy: -21.507947282681 gnorm: 0.012346944561 xtb: 6.2.3 (830e466)
C         0.84551740504746    1.31906048329275   -2.22881774130251
C        -0.16622158835270    0.70914453806042   -1.26771280420109
C         2.59262591523151   -1.01892642450043   -0.73453270290742
O         0.58964875710682    2.67134095972071   -2.52829376531883
O         0.72761070019622    3.47282759058553   -1.36289342977186
O         3.10330057231630   -0.82964232841882    0.25713927131698
H         1.31211045650273    4.18948057541134   -1.65735972925743
H         1.86281875882446    1.20753942493564   -1.82757793221423
H         0.79610143505061    0.84395526566822   -3.21048917237275
H         0.11288117408706   -0.31808325324687   -1.05523996273326
H        -1.16222284042474    0.73433864477669   -1.69971217665787
H        -0.17419074558443    1.27960452372058   -0.34272985457862
12
 energy: -21.507994328241 gnorm: 0.007154059156 xtb: 6.2.3 (830e466)
C         0.84550511134023    1.31534580251700   -2.23232108844129
C        -0.16504238315323    0.70709542764139   -1.26893049026731
C         2.59010685547084   -1.01519346540804   -0.73014139708262
O         0.59022012917689    2.67098929791809   -2.52562138086194
O         0.74131627718926    3.46327859703139   -1.35532267049753
O         3.09405598560581   -0.80950935356079    0.25623146035714
H         1.30753628303678    4.18925380242043   -1.65341010536084
H         1.86284552604359    1.20351080029240   -1.83343454070215
H         0.79179490935918    0.84329511466109   -3.21470384832264
H         0.10918091757649   -0.32230683204964   -1.06133898914273
H        -1.16249491511129    0.73999972571189   -1.69659296409327
H        -0.16504469653338    1.27488108282988   -0.34263398558385
12
 energy: -21.508034662406 gnorm: 0.003554926907 xtb: 6.2.3 (830e466)
C         0.84452707234466    1.31337624471771   -2.23510000334278
C        -0.16340184817241    0.70544938551391   -1.26896688115632
C         2.59721261580351   -1.00152460985387   -0.73404283080538
O         0.59118325035571    2.67055068551577   -2.52301909378008
O         0.75207596704065    3.45875252588905   -1.35021766055104
O         3.07857585647506   -0.80613543525405    0.26724207580681
H         1.30327142626878    4.19190284015176   -1.65405377636506
H         1.86421113883685    1.19628132437486   -1.84161491929516
H         0.78469650272750    0.84485509287431   -3.21958901328982
H         0.10766359448649   -0.32645862273297   -1.06610887279462
H        -1.16285497219571    0.74391403903928   -1.69256845019791
H        -0.15718060396957    1.26967652977079   -0.34018057422739
12
 energy: -21.507617653523 gnorm: 0.047642102732 xtb: 6.2.3 (830e466)
C         0.84157536244462    1.29881288672256   -2.25470488891702
C        -0.15013920330438    0.69448097599888   -1.27044965023220
C         2.62043281179100   -0.92497283033129   -0.74681298159094
O         0.60462634178393    2.66671833851237   -2.50458870197707
O         0.82306531177116    3.42252916851925   -1.31217638652087
O         2.98725679399732   -0.77613293884293    0.32493523442593
H         1.26256572615336    4.22387213346905   -1.65793928736644
H         1.87396465028925    1.14802510412956   -1.89621309801232
H         0.74155640785390    0.85367274792362   -3.25062932687615
H         0.10091605983808   -0.35106114160450   -1.09623514061355
H        -1.16246303029952    0.76647546720439   -1.66540987952574
H        -0.10337723231554    1.23822008831265   -0.32799589279098
12
 energy: -21.508109288055 gnorm: 0.004617998425 xtb: 6.2.3 (830e466)
C         0.84208126113971    1.30767059626701   -2.24491909116736
C        -0.15699618211065    0.69811788936490   -1.27153557664321
C         2.58914037637873   -0.96837813892769   -0.72373883363319
O         0.59803731046553    2.66936044300462   -2.51261240276201
O         0.78803533424047    3.44428565075839   -1.33064300821725
O         3.05153440043333   -0.78048655334010    0.28705966547165
H         1.28716409706530    4.20654948704538   -1.65382885576012
H         1.86912142002445    1.17017292616132   -1.87050210276549
H         0.76179269812557    0.85314132121076   -3.23696332721047
H         0.10392805435668   -0.34183930868375   -1.08725658684990
H        -1.16322738752481    0.75462299231811   -1.68031010461579
H        -0.13063138259270    1.24742269482809   -0.33296977584556
12
 energy: -21.508142892805 gnorm: 0.002482149684 xtb: 6.2.3 (830e466)
C         0.83836548677332    1.30926999334332   -2.24312975775989
C        -0.16037200075908    0.69569196772997   -1.27222394658110
C         2.60218477531995   -0.96966527452665   -0.72576952716355
O         0.59384697383696    2.66993284926858   -2.51026640805631
O         0.80050078000374    3.44721767628660   -1.33203731925409
O         3.04826081241021   -0.77825389628038    0.29261737626924
H         1.29280061477208    4.20836283283332   -1.66147422886462
H         1.86340742912522    1.17410536289714   -1.86739797774513
H         0.76111758981800    0.85549574704347   -3.23435508065854
H         0.09915202782688   -0.34551174393556   -1.09460741403973
H        -1.16656374946313    0.75540366649580   -1.67928523384417
H        -0.13272073966237    1.23859081885210   -0.33029048230066
12
 energy: -21.508203650613 gnorm: 0.008868090938 xtb: 6.2.3 (830e466)
C         0.82940441478580    1.30731709416731   -2.24736290255287
C        -0.16387221611661    0.68501694326173   -1.27660980525153
C         2.61960224089432   -0.94972661478292   -0.71898723249300
O         0.59258947017662    2.67091285927986   -2.49556282129943
O         0.85822790349420    3.43751931403762   -1.31758279805448
O         3.02761503030038   -0.75559775633514    0.31681564782295
H         1.28674425345495    4.22966337622013   -1.67879085074754
H         1.85430840338142    1.16284559202512   -1.88151466657287
H         0.74190081070142    0.86525829543136   -3.24170544887815
H         0.08629717096959   -0.36256856399753   -1.12513892843456
H        -1.17425592164812    0.76373626354137   -1.66883522972964
H        -0.11858156039192    1.20626319715987   -0.32294496380724
12
 energy: -21.508238697416 gnorm: 0.005825369266 xtb: 6.2.3 (830e466)
C         0.82752481633753    1.30646871915798   -2.25037585188955
C        -0.16439084964463    0.68335422955675   -1.27782908727551
C         2.62142988030812   -0.94195068070881   -0.71470568672348
O         0.59471332017198    2.67209744010647   -2.49350323463793
O         0.86546599246180    3.43464116769691   -1.31413182796506
O         3.02436982036511   -0.74634737686590    0.32226731991762
H         1.28845544465559    4.22713508946599   -1.67388487682405
H         1.85520976886249    1.15590537911878   -1.88941233003375
H         0.73321871285104    0.86740484824507   -3.24720219521668
H         0.08448329888449   -0.36493494168221   -1.13117343661930
H        -1.17652498540537    0.76547448829564   -1.66572453038420
H        -0.11397521984614    1.20139163762194   -0.32254426234650
12
 energy: -21.508296010132 gnorm: 0.006121526260 xtb: 6.2.3 (830e466)
C         0.81989923130555    1.30026900248061   -2.26316117200840
C        -0.16535188113914    0.67519893256685   -1.28290312454445
C         2.62728595545039   -0.90619027482890   -0.69965653055573
O         0.60431177970034    2.67385313413917   -2.48240877406536
O         0.91074486303324    3.41495368353929   -1.29597042693366
O         3.00556709738345   -0.70781775654599    0.34523531869920
H         1.28356695864879    4.22994887001611   -1.66177026568724
H         1.85360221934154    1.12808391587051   -1.92072554336150
H         0.70183182827594    0.87603204105076   -3.26656727662112
H         0.07326052162218   -0.37800678953879   -1.15847488238374
H        -1.18380146949067    0.77674641868455   -1.65159408253863
H        -0.09093710412968    1.17756882257417   -0.32022323999787
12
 energy: -21.508370112041 gnorm: 0.004904224065 xtb: 6.2.3 (830e466)
C         0.81395037453016    1.29272057455441   -2.27549391901229
C        -0.16704763810699    0.67111967926106   -1.28692953771669
C         2.63557244551823   -0.87382119283256   -0.68982932969022
O         0.61751985826198    2.67282720065799   -2.47645833538360
O         0.94326307131076    3.39250095796629   -1.28393495560777
O         2.99114904235086   -0.66990824447695    0.36088638289139
H         1.28046991794374    4.22442719683584   -1.63865394011365
H         1.85014375222100    1.10190729661703   -1.94781785224005
H         0.67625979901615    0.88099859937979   -3.28173150083454
H         0.06009754419530   -0.38514267158754   -1.17671945720524
H        -1.18918027974143    0.78903603128923   -1.63954762168182
H        -0.07221788749789    1.16397457234337   -0.32198993340417
12
 energy: -21.508320326943 gnorm: 0.025313052560 xtb: 6.2.3 (830e466)
C         0.79595219612295    1.27610154719341   -2.30130952828151
C        -0.17421943131721    0.65792551415687   -1.29817667707699
C         2.67640340069849   -0.79922822743529   -0.67039015192003
O         0.64164215201235    2.66848438395485   -2.45565900077691
O         1.04681528102723    3.33999132102920   -1.25372188732167
O         2.94535681085193   -0.57468902619668    0.40883314156067
H         1.27208447542776    4.22273325799191   -1.60097796600347
H         1.83553938469392    1.04196579078879   -2.00930841134353
H         0.61310080798929    0.89765671829817   -3.31451700091942
H         0.01898232939689   -0.41052565959820   -1.23217849102137
H        -1.20515054787492    0.82428024899626   -1.61045063714300
H        -0.02652685902668    1.11594413082913   -0.32036338975145
12
 energy: -21.508533369777 gnorm: 0.002822055359 xtb: 6.2.3 (830e466)
C         0.80272870875972    1.27804372904239   -2.29337944366093
C        -0.17359156450835    0.66663922669569   -1.29575569326445
C         2.66557162851140   -0.82085868754315   -0.67708802009173
O         0.63998769919901    2.66324856921503   -2.46499641567772
O         1.01077218108576    3.34646105385517   -1.26734690782503
O         2.96864136938528   -0.59425893120792    0.38547084076958
H         1.27378054726899    4.21445562061506   -1.59759878709970
H         1.83578716227025    1.05550088827274   -1.98945872821547
H         0.63505726791705    0.89148778063031   -3.30067577168903
H         0.02168152797043   -0.39867823870565   -1.20896521583717
H        -1.19786401243197    0.82127414772433   -1.62299014339242
H        -0.04257251542585    1.13732484141325   -0.32543571401481
12
 energy: -21.508557476436 gnorm: 0.001598184275 xtb: 6.2.3 (830e466)
C         0.80210858674415    1.27747765781107   -2.29449342911325
C        -0.17411384145858    0.66670130355506   -1.29684546405491
C         2.67380458242364   -0.82799920909884   -0.67553948431666
O         0.64023587539405    2.66324812681763   -2.46304064206169
O         1.01783730964893    3.34422527239716   -1.26473230567953
O         2.96412916188073   -0.58309650895372    0.38718190461866
H         1.27074129335085    4.21535945920707   -1.59531706032144
H         1.83541989398108    1.05128620154370   -1.99376898111402
H         0.63122634590967    0.89282622114446   -3.30261150468945
H         0.01950520137005   -0.39890135279490   -1.20997507526660
H        -1.19850294485518    0.82352244806519   -1.62376828845370
H        -0.04241146438767    1.13599038031335   -0.32530966954628
12
 energy: -21.508576175380 gnorm: 0.011103586188 xtb: 6.2.3 (830e466)
C         0.79881565280130    1.27283521306580   -2.29964160288372
C        -0.17755110484222    0.66536449287494   -1.30145211510580
C         2.70229190807418   -0.83624952842703   -0.66922867522705
O         0.64733616993882    2.66133203226884   -2.45457663980203
O         1.05328276642303    3.33071813730864   -1.25383075733622
O         2.94836627050707   -0.54042591974947    0.39455808629764
H         1.25645763448930    4.21781462182902   -1.58270102032761
H         1.83273605902109    1.03044427516228   -2.01267364269919
H         0.61419209798015    0.89848650676613   -3.31115804127256
H         0.00650737044657   -0.40210720974202   -1.21595540354821
H        -1.20202426469215    0.83325073758723   -1.62519603663149
H        -0.04043056014538    1.12917664106287   -0.32636415146261
12
 energy: -21.508612962849 gnorm: 0.004197709308 xtb: 6.2.3 (830e466)
C         0.79832379003768    1.27136663931957   -2.30063984826323
C        -0.17871440239401    0.66510142824783   -1.30238310438904
C         2.69850798161925   -0.82204976226111   -0.66710748545703
O         0.65032446255115    2.66029800999776   -2.45424404014613
O         1.05790205009440    3.32782464356558   -1.25293442059135
O         2.95453213732241   -0.54362075120257    0.39614924507845
H         1.25487588409327    4.21674513890143   -1.57990383271853
H         1.83183201806501    1.02618310109869   -2.01458043718062
H         0.61224196508888    0.89858120833670   -3.31246005159663
H         0.00347459432878   -0.40272732914291   -1.21753524126689
H        -1.20307521193863    0.83483840759404   -1.62547843090759
H        -0.04024526886644    1.12809926555225   -0.32710235256026
12
 energy: -21.508650527715 gnorm: 0.003065336161 xtb: 6.2.3 (830e466)
C         0.79612454634928    1.26798179920440   -2.30335870397034
C        -0.18186177642840    0.66438535433801   -1.30404267380959
C         2.70302694540722   -0.80528307090199   -0.66534072479684
O         0.65926060529157    2.65810794795810   -2.45334484565144
O         1.06979036759131    3.31948402584359   -1.25069181713383
O         2.95551415496743   -0.53296496887235    0.39937498844573
H         1.25216885340579    4.21302380195365   -1.57043913637273
H         1.82844060409261    1.01634384482678   -2.01950929194299
H         0.60625502129440    0.89988322471652   -3.31557996906491
H        -0.00446464866459   -0.40447254807374   -1.22250743214234
H        -1.20614008573458    0.83893387231153   -1.62366474865518
H        -0.03813458757024    1.12521671670275   -0.32911564490434
12
 energy: -21.508736847305 gnorm: 0.007039249359 xtb: 6.2.3 (830e466)
C         0.78871201128300    1.25446576423266   -2.31437087400873
C        -0.19329794463064    0.66243090579956   -1.31116477329697
C         2.72888949638325   -0.74845211893220   -0.65902629699329
O         0.68943949271052    2.64952737404172   -2.44730410792541
O         1.12326611107649    3.28522148235423   -1.23951966253231
O         2.95153132007195   -0.48377917826501    0.41337011603427
H         1.23684724069845    4.20163790480379   -1.53387157084342
H         1.81734806651827    0.97445326212891   -2.04208492016784
H         0.58023267205012    0.90482814035542   -3.32884896047327
H        -0.03560266367991   -0.41055514519109   -1.24158434274989
H        -1.21740360811138    0.85785634278559   -1.61851120890357
H        -0.02998219436824    1.11300526589368   -0.33530339813828
12
 energy: -21.508810095662 gnorm: 0.011116749094 xtb: 6.2.3 (830e466)
C         0.77803743859703    1.23639087292153   -2.32874481728418
C        -0.20987785472391    0.66070277309948   -1.32032878650374
C         2.77603755349107   -0.66947749340193   -0.65667945955840
O         0.72808499955292    2.63736374411376   -2.44135973217238
O         1.18436975406032    3.23905691214571   -1.22542006889651
O         2.93817892073388   -0.41110987032161    0.43183683961539
H         1.23047590843010    4.17575567947465   -1.48128716803521
H         1.80064839247387    0.91884851935233   -2.06943250916975
H         0.54646421238820    0.90978416537211   -3.34533952037151
H        -0.07932594826094   -0.41763412926948   -1.26774275812205
H        -1.23326713892898    0.88539351576720   -1.61110526141933
H        -0.01984623781157    1.09556531075350   -0.34261675808093
12
 energy: -21.508888584358 gnorm: 0.007895494796 xtb: 6.2.3 (830e466)
C         0.77383858489120    1.22989734142638   -2.33352629200370
C        -0.21823131830413    0.66085932853999   -1.32499975978038
C         2.78767054778696   -0.64325332793057   -0.65307911606966
O         0.74012461911379    2.63179644420721   -2.44053492865051
O         1.19392864825605    3.22060471454136   -1.21955601112688
O         2.94541973697908   -0.36818977987087    0.43182028576219
H         1.24598165762174    4.15258439397027   -1.45635148717118
H         1.79250751142412    0.89954918810834   -2.07520670756538
H         0.53717548995823    0.91089973430163   -3.35032935300857
H        -0.09908034476485   -0.41905529511235   -1.28019485230658
H        -1.24003177632577    0.89817890030463   -1.61070976019070
H        -0.01932335663439    1.08676835752125   -0.34555201788715
12
 energy: -21.509022750356 gnorm: 0.003325690639 xtb: 6.2.3 (830e466)
C         0.76723549639778    1.21788164350325   -2.34352784164955
C        -0.23101176830370    0.66029581390263   -1.33545244139467
C         2.80796949781955   -0.60673965540721   -0.63790538971748
O         0.75770344621852    2.62168913183880   -2.43228222077068
O         1.23917259822139    3.18404200633214   -1.20523966530898
O         2.95878556422683   -0.29126564374189    0.43536978012291
H         1.24836611970927    4.12650192326267   -1.41500511766452
H         1.78074370765080    0.86124261048012   -2.09659286262412
H         0.51529145981661    0.91554256936844   -3.36305699009594
H        -0.13582018275430   -0.42250647135260   -1.29967156699029
H        -1.24936301435133    0.92382843419779   -1.61414142831316
H        -0.01909292464928    1.07012763762312   -0.35071425559190
12
 energy: -21.508977809176 gnorm: 0.028787955661 xtb: 6.2.3 (830e466)
C         0.75140228892753    1.18944938653459   -2.36234531362892
C        -0.26295192941185    0.65760205598442   -1.35713688999014
C         2.86955593371156   -0.51657372142894   -0.61654922078692
O         0.80137303655649    2.59605882678036   -2.41338881304384
O         1.33761524941193    3.10142862993794   -1.17610576903612
O         2.97574921072165   -0.11542327919271    0.44072679744210
H         1.26220223180451    4.06329092225455   -1.32240633295658
H         1.75154111921496    0.77838368112397   -2.13821172026439
H         0.47073877227989    0.92362250861867   -3.38703380290503
H        -0.22400489037635   -0.43108586724424   -1.34265929064963
H        -1.27126550623338    0.98123994160311   -1.62027214550339
H        -0.02197551660456    1.03264691503559   -0.36283749867524
12
 energy: -21.509213046726 gnorm: 0.006154028520 xtb: 6.2.3 (830e466)
C         0.75542154826468    1.19388873809853   -2.35445061585553
C        -0.26082646554336    0.65758776535521   -1.35459075871331
C         2.84499205205645   -0.52245566434842   -0.62133748000934
O         0.78864216892742    2.59682197103114   -2.41413062039687
O         1.31473865753326    3.11502537163339   -1.18162870312276
O         2.99527364194476   -0.14688035632366    0.43099426618698
H         1.27242343990680    4.06709970485928   -1.34090970023938
H         1.75568968493724    0.79790416803152   -2.12252499122168
H         0.48782903027772    0.91909235071788   -3.37831762420745
H        -0.21538331233452   -0.42822070796271   -1.33363964537807
H        -1.26638681428715    0.97320615963103   -1.62658589142169
H        -0.03243363168094    1.03757049928412   -0.36109823561904
12
 energy: -21.509314755734 gnorm: 0.004576371142 xtb: 6.2.3 (830e466)
C         0.75016288047875    1.18406210867677   -2.35627939022070
C        -0.27580942016291    0.65617206835005   -1.36157136731341
C         2.86203230067002   -0.49276123288706   -0.61778512375790
O         0.80571468944546    2.58686843012361   -2.40724922885880
O         1.33916739663862    3.08985305915078   -1.17316039482909
O         3.01246794216185   -0.08314681905722    0.42381981184844
H         1.28775366613639    4.04275771968386   -1.31256001956089
H         1.74418644934725    0.77182723991834   -2.12537587607972
H         0.48041858314053    0.91949260563831   -3.38223004089752
H        -0.24970763353031   -0.43045259698824   -1.34927853398257
H        -1.27531578348698    0.99167450233923   -1.63166761539461
H        -0.04109107083621    1.02429291505887   -0.36488222095125
12
 energy: -21.509413696724 gnorm: 0.025961081834 xtb: 6.2.3 (830e466)
C         0.72918010666298    1.14487221471140   -2.36517070259192
C        -0.33365654213786    0.65196017461783   -1.38740164857845
C         2.92792570437985   -0.35495019638848   -0.60726032268512
O         0.87640592480250    2.54832285409704   -2.38302112664255
O         1.44284485529245    2.98963362792381   -1.14298307975517
O         3.07637823526262    0.14047308515113    0.40419313244301
H         1.33500051666457    3.95343926989154   -1.20302353502093
H         1.69922771633537    0.66721469071423   -2.13675636088261
H         0.44929370202569    0.92070783223957   -3.39881881626152
H        -0.37908883174671   -0.43775685466080   -1.41066345316349
H        -1.31154605273764    1.06094527627977   -1.64741618679141
H        -0.07198533480102    0.97577802543029   -0.37989790006744
12
 energy: -21.509617767939 gnorm: 0.005244643475 xtb: 6.2.3 (830e466)
C         0.72784189810320    1.14619362104092   -2.36040332764149
C        -0.33600835934841    0.65302085765397   -1.38452698991532
C         2.94281542247226   -0.33838052441863   -0.62199255914086
O         0.87138424813405    2.54750517520494   -2.38251762509412
O         1.43805472217045    2.99343771152695   -1.14672431286603
O         3.06689277257688    0.11276360176034    0.40638979174610
H         1.34387239777913    3.95242996882609   -1.21578057589992
H         1.69734662624089    0.67539352526135   -2.12495126868025
H         0.45595282423950    0.91850897040492   -3.39431256353680
H        -0.37386436766651   -0.43325443450896   -1.40664440085490
H        -1.31228525222186    1.05291844306858   -1.64836813032588
H        -0.08202293247683    0.98010308418688   -0.37838803778817
12
 energy: -21.509780703620 gnorm: 0.009142860787 xtb: 6.2.3 (830e466)
C         0.71612683089831    1.12950483059694   -2.35807709229382
C        -0.36751840467495    0.65362643339129   -1.39641479810145
C         2.99525994334156   -0.26372027870142   -0.62934547178285
O         0.88578615826809    2.52380611667212   -2.36526878419904
O         1.49012953890493    2.94059951875130   -1.13334570276517
O         3.09365425493704    0.20745470362974    0.39419110724877
H         1.38446168384928    3.89641885637152   -1.17629413307877
H         1.67209623886994    0.64184521999315   -2.11823294422325
H         0.45157178398389    0.91745774738552   -3.39641544085245
H        -0.43553070806774   -0.42867051359829   -1.43045461574773
H        -1.32836408424178    1.08333148224599   -1.66457593203950
H        -0.11769323606567    0.95898588326950   -0.38398619216222
12
 energy: -21.509957327754 gnorm: 0.011382255995 xtb: 6.2.3 (830e466)
C         0.69437853063140    1.09400244823580   -2.35929446414153
C        -0.42668980482617    0.65510211973610   -1.41941491808011
C         3.09514186543739   -0.10075829451689   -0.64084647829657
O         0.93645258111349    2.48120177597225   -2.33999823653298
O         1.58453600457121    2.84105293242494   -1.10879892921013
O         3.14280411441042    0.37921593702498    0.38210052395497
H         1.44517556448673    3.79913865486439   -1.08834761773479
H         1.62530824180461    0.55576754262089   -2.11366555427485
H         0.43121054065248    0.91347400741507   -3.40481362367798
H        -0.55863725345022   -0.42516099142488   -1.48380544828758
H        -1.36282397854555    1.14961090892594   -1.68588716658184
H        -0.16687640628259    0.91799295872879   -0.39544808713371
12
 energy: -21.510068915695 gnorm: 0.007355283244 xtb: 6.2.3 (830e466)
C         0.69071027995801    1.08511127362389   -2.35389753558605
C        -0.44432536838682    0.66040358072122   -1.42413873336912
C         3.12351947162699   -0.06727969605696   -0.65202557537261
O         0.95341022079541    2.46781729779584   -2.33462544882889
O         1.59479512607969    2.81695636981144   -1.10522836131272
O         3.16098366500950    0.41793075964862    0.36845807796626
H         1.46322537238835    3.77408495282579   -1.06929861291363
H         1.61312254255489    0.53533456858176   -2.09971424434534
H         0.43456661298117    0.90626302915261   -3.40057590941468
H        -0.58802003806662   -0.41527769825140   -1.49419207404903
H        -1.37088718894194    1.16366239355868   -1.69484113430946
H        -0.19112069599537    0.91563316859591   -0.39814044846174
12
 energy: -21.510139496070 gnorm: 0.002430317500 xtb: 6.2.3 (830e466)
C         0.68171427841833    1.07193262560279   -2.35220307370621
C        -0.46644537073214    0.66514113110327   -1.43408110160695
C         3.16268050084406   -0.00706181471369   -0.65693670279403
O         0.96729004582600    2.44864968938182   -2.32266568558652
O         1.62214908807053    2.77432228579046   -1.09374836768107
O         3.18784977002224    0.48204717918822    0.36003014953428
H         1.49384646616724    3.72898140414761   -1.03590131537031
H         1.59276070786943    0.50642232573317   -2.09545149902522
H         0.42927050184690    0.89931214992608   -3.40128619326522
H        -0.63352211912532   -0.40621829634022   -1.51381213610441
H        -1.37938447397934    1.19072789748225   -1.70904235381972
H        -0.21822939522457    0.90638342270565   -0.40312172057150
12
 energy: -21.510151573988 gnorm: 0.005326767297 xtb: 6.2.3 (830e466)
C         0.67326263631089    1.05938261691019   -2.35230428285010
C        -0.48646927055379    0.66991827574811   -1.44243830767814
C         3.20287949632867    0.04698123231382   -0.66286768450789
O         0.98304588877771    2.43171091299232   -2.31305408475803
O         1.64856058706592    2.73365223955287   -1.08261311885494
O         3.20497780173138    0.54020079782687    0.35373440494978
H         1.51777111783451    3.68796284600028   -1.00360538049377
H         1.57361383891634    0.47862420526393   -2.09418828720725
H         0.42379461534950    0.89474915198944   -3.40393835603491
H        -0.67289723230068   -0.39644785684138   -1.52873954836850
H        -1.38723883339657    1.21272750012868   -1.71925896691781
H        -0.24132064606041    0.90117807812230   -0.40894638727520
12
 energy: -21.510160270549 gnorm: 0.002974466578 xtb: 6.2.3 (830e466)
C         0.67517974494939    1.06159491616028   -2.35285799179812
C        -0.48058500893757    0.67209870308990   -1.44130004706921
C         3.19735608403786    0.03515803697769   -0.66034580833955
O         0.97824181605257    2.43336170965287   -2.31479919122252
O         1.63552482070940    2.73724623056015   -1.08212881086487
O         3.20381052978838    0.52322703110890    0.35660078222456
H         1.51104278086482    3.69075951951950   -1.00997756165412
H         1.57622065478521    0.48549360449865   -2.09745383057342
H         0.42563978118118    0.89422197143786   -3.40415120500685
H        -0.66522000691115   -0.39374378365302   -1.52482028906947
H        -1.38135503917365    1.21323070000012   -1.71817976139773
H        -0.23587615734299    0.90799136065452   -0.40880628522547
12
 energy: -21.510169027341 gnorm: 0.003317976153 xtb: 6.2.3 (830e466)
C         0.67493404297905    1.05901350317347   -2.35324599891739
C        -0.48409487038587    0.67175602956644   -1.44249774386917
C         3.20376991121170    0.04528995045819   -0.66065575558511
O         0.98427996700074    2.43093435309760   -2.31404811417760
O         1.63746502618828    2.73322041210748   -1.07981284701635
O         3.20685741882675    0.53240302617398    0.35689378471168
H         1.51226198162297    3.68608429174587   -1.00623163824568
H         1.57435401771126    0.47744145900453   -2.09772258734547
H         0.42446726042732    0.89553446011871   -3.40511341275842
H        -0.67565200226207   -0.39520395743003   -1.52878800279307
H        -1.38358333344013    1.22045746425238   -1.71806039631171
H        -0.23507941987654    0.90370900773879   -0.40893728768847
12
 energy: -21.510177026607 gnorm: 0.001667922611 xtb: 6.2.3 (830e466)
C         0.67527422140731    1.06003239138543   -2.35526184910336
C        -0.48173614368243    0.67197118830839   -1.44182567877911
C         3.20204572630205    0.04106608778758   -0.65962536120224
O         0.98457577089975    2.43270291086171   -2.31587427515098
O         1.63506980240414    2.73583102502905   -1.07953824797924
O         3.20244487716582    0.52549181931877    0.35969365346202
H         1.50801752104462    3.68982911406485   -1.00741888276869
H         1.57536754854493    0.47799663394306   -2.10090341131003
H         0.42290496000306    0.89720112220472   -3.40650683095223
H        -0.67035519083807   -0.39444555988561   -1.52533076347358
H        -1.38216721644971    1.21692509476701   -1.71612654557435
H        -0.23146187679802    0.90603817222246   -0.40950180716497
12
 energy: -21.510185818192 gnorm: 0.003011574560 xtb: 6.2.3 (830e466)
C         0.67580277030537    1.05844678310830   -2.35810575062657
C        -0.48027738016766    0.67424629550740   -1.44204043819374
C         3.20879376732746    0.04449480396053   -0.65933520900181
O         0.98755914638015    2.42989882176276   -2.31693502229457
O         1.62964245797522    2.73123440968634   -1.07544411268928
O         3.19805897306106    0.52291831352852    0.36350339780768
H         1.50362215075572    3.68580323509988   -1.00537315578660
H         1.57423288543686    0.47473711161959   -2.10672894613740
H         0.42098140385022    0.89859050745635   -3.40884452774982
H        -0.67304591673391   -0.39106340833732   -1.52374776184912
H        -1.37865076851521    1.22253875727039   -1.71444839041015
H        -0.22673948967183    0.90879436934469   -0.41072008306539
12
 energy: -21.510200186188 gnorm: 0.000799110943 xtb: 6.2.3 (830e466)
C         0.67608434731128    1.05769658737115   -2.35758094575263
C        -0.48055812922137    0.67382733122001   -1.44198921105534
C         3.21116033027713    0.04541773202547   -0.66005510785788
O         0.99120648534166    2.42811446756930   -2.31628419040538
O         1.62432357445634    2.73208062122561   -1.07046908646356
O         3.19596447164992    0.52480310911604    0.36125383519216
H         1.50651017227052    3.68839394859026   -1.00885791314934
H         1.57338383239773    0.47190876361297   -2.10626416008388
H         0.42114664584527    0.89933292131398   -3.40846393378518
H        -0.67525615741134   -0.39115663485388   -1.52570713969676
H        -1.37803078591385    1.22444065378000   -1.71336846648128
H        -0.22595478699983    0.90578049903651   -0.41043368045770
12
 energy: -21.510221005381 gnorm: 0.004664913356 xtb: 6.2.3 (830e466)
C         0.67879909852083    1.05331192790081   -2.35461406524574
C        -0.48126214074016    0.67261886460453   -1.44171865405898
C         3.21796947312218    0.05261623359193   -0.66633244076323
O         1.00465395731567    2.42008867398262   -2.31285013379051
O         1.59860712519605    2.73455570258819   -1.04820003590750
O         3.18867697241718    0.53209978475137    0.35362570098839
H         1.52052083269015    3.69880810346914   -1.02538144464122
H         1.57137313607699    0.45837204250051   -2.10443879784504
H         0.42326465151964    0.90216094312071   -3.40626859501833
H        -0.68534340208917   -0.39027946261650   -1.53550957668648
H        -1.37427088809493    1.23387062900424   -1.70789783731697
H        -0.22300881593098    0.89241655710989   -0.40863411971117
12
 energy: -21.510230007554 gnorm: 0.002233010486 xtb: 6.2.3 (830e466)
C         0.67909487519320    1.05301786851404   -2.35438183385484
C        -0.48106280301213    0.67260748924500   -1.44165860494662
C         3.21888523938101    0.05426002253166   -0.66711854617372
O         1.00287155056230    2.42025839373272   -2.31248412435341
O         1.59825113012801    2.73442133562891   -1.04907435840059
O         3.18747095836578    0.53154890888041    0.35443561351244
H         1.52153982167678    3.69757399395878   -1.02551442698679
H         1.57185285809397    0.45847795808924   -2.10439387518233
H         0.42368697295036    0.90173908956195   -3.40611833948829
H        -0.68608154291011   -0.38985712187326   -1.53607616502098
H        -1.37344174880983    1.23465206829531   -1.70742588866666
H        -0.22308731161591    0.89193999344266   -0.40840945043499
12
 energy: -21.510239251036 gnorm: 0.001028134799 xtb: 6.2.3 (830e466)
C         0.67998505841596    1.05167836553566   -2.35313965090707
C        -0.48108749068239    0.67180075274040   -1.44164634562397
C         3.22048279459491    0.06175773649901   -0.67096009108174
O         1.00082044663932    2.41946789601725   -2.31094536587700
O         1.59161270832235    2.73420783396075   -1.04627210646934
O         3.18477762298911    0.53006068713909    0.35548024636775
H         1.52915673210458    3.69741548006007   -1.02990793123233
H         1.57267593653248    0.45743548766017   -2.10286002088107
H         0.42567213339751    0.90052428778669   -3.40531884078853
H        -0.69007860958190   -0.38929401554568   -1.53944215080696
H        -1.37105479656887    1.23796180402767   -1.70555351183957
H        -0.22298253615962    0.88762368412633   -0.40765423085694
12
 energy: -21.510246645240 gnorm: 0.002868406413 xtb: 6.2.3 (830e466)
C         0.68040808495263    1.04996456433528   -2.35115810890071
C        -0.48222796310453    0.66983720736500   -1.44202717998595
C         3.22434823007679    0.07314543660677   -0.67609491758022
O         0.99836802790567    2.41829491363521   -2.30823634621714
O         1.57966010741391    2.73410367808546   -1.03973204772761
O         3.18137647850264    0.52864036775846    0.35644657135955
H         1.54528740679883    3.69913775312439   -1.03868007116080
H         1.57326853939832    0.45678957320467   -2.09925586519741
H         0.42857076473858    0.89855673941488   -3.40404400907496
H        -0.69692728574157   -0.38936529203718   -1.54590509880418
H        -1.36880158828228    1.24252780567520   -1.70274903922670
H        -0.22335080265554    0.87900725283928   -0.40678388748063
12
 energy: -21.510253019196 gnorm: 0.001965033355 xtb: 6.2.3 (830e466)
C         0.67973625870005    1.04954499764216   -2.34974709747411
C        -0.48397642328114    0.66780591076888   -1.44271730496267
C         3.22642629610334    0.07997017913725   -0.67793003843207
O         0.99534554169088    2.41848734648404   -2.30615705619221
O         1.57270248611545    2.73433725963742   -1.03582891580554
O         3.18131411217121    0.52888085241160    0.35704310909580
H         1.55976554749380    3.70024721163411   -1.04495348192667
H         1.57346515829760    0.45846538656376   -2.09574804876937
H         0.43035819137894    0.89705835869297   -3.40307422239603
H        -0.70157597207873   -0.39031220143181   -1.55135659385736
H        -1.36876391298648    1.24430469541561   -1.70125177712173
H        -0.22481728360146    0.87185000305145   -0.40649857215480
12
 energy: -21.510259497922 gnorm: 0.002493466853 xtb: 6.2.3 (830e466)
C         0.67602107614777    1.05017901479613   -2.34667747997398
C        -0.48961916447367    0.66234152871093   -1.44463552858621
C         3.23653017435821    0.09658946141292   -0.68018981617090
O         0.98560696467693    2.42085273486920   -2.30149732198352
O         1.56211829626712    2.73539785238497   -1.03019629820604
O         3.18018116459508    0.52786086533009    0.36136939788380
H         1.59724250603139    3.70157761283725   -1.05926171690868
H         1.57272039227861    0.46563365448478   -2.08707853701637
H         0.43277526822477    0.89411881875901   -3.40081889708963
H        -0.71114422796382   -0.39390684714720   -1.56448030970830
H        -1.37176567640173    1.24523913557934   -1.69861338569771
H        -0.23068677373719    0.85475616799000   -0.40614010653922
12
 energy: -21.510262888694 gnorm: 0.001258300809 xtb: 6.2.3 (830e466)
C         0.67489958406905    1.05134456978551   -2.34688083690532
C        -0.49033324071789    0.66207252654219   -1.44480716309346
C         3.23586044078136    0.09759404571296   -0.67882578526210
O         0.98350353458865    2.42237027771243   -2.30187123066325
O         1.56817033953593    2.73557399190555   -1.03395467462661
O         3.18179954901297    0.52601632199701    0.36360976583991
H         1.59750616184956    3.69971760947021   -1.05769797137158
H         1.57241760231714    0.46817099693516   -2.08700374508121
H         0.43171396848567    0.89442686654749   -3.40081921306485
H        -0.70928725966367   -0.39476593092066   -1.56391554930966
H        -1.37387459248902    1.24243962129592   -1.69963047759530
H        -0.23239608776630    0.85567910302365   -0.40642311886333
12
 energy: -21.510267192885 gnorm: 0.001424288804 xtb: 6.2.3 (830e466)
C         0.67418605252782    1.05145937091522   -2.34620138192956
C        -0.49128504299999    0.66152450396268   -1.44475565664080
C         3.24039691613626    0.10389488942411   -0.68011370330438
O         0.98362208538303    2.42189486892760   -2.30049316837861
O         1.56795198143950    2.73563844420274   -1.03199090038456
O         3.17860206254455    0.52372844339481    0.36610593990374
H         1.60408158572242    3.69985564598523   -1.06181191299862
H         1.57093833925833    0.46651661034625   -2.08761505795168
H         0.43042398777126    0.89682531704707   -3.40026489050405
H        -0.70876705302623   -0.39553027386601   -1.56540671001996
H        -1.37560774644567    1.24056713097162   -1.69961784131956
H        -0.23456316830781    0.85426504869610   -0.40605471646872
12
 energy: -21.510270981343 gnorm: 0.001075986492 xtb: 6.2.3 (830e466)
C         0.67211290806037    1.05237101690442   -2.34506693770526
C        -0.49356416622080    0.65910501200734   -1.44537499255201
C         3.24254731757267    0.11456532647900   -0.68021590224971
O         0.98065598727669    2.42246313476440   -2.29685964934669
O         1.56879793288866    2.73502745450396   -1.02936986440123
O         3.17765209482679    0.52282071149549    0.37010903969597
H         1.62123186181413    3.69872249726395   -1.06845246593126
H         1.56870647993875    0.46647642329820   -2.08828866274995
H         0.42827188983868    0.90094265631454   -3.39963001547089
H        -0.70786982105547   -0.39840125747855   -1.56843183449670
H        -1.37926675607127    1.23569854681204   -1.70061182102697
H        -0.23929572886572    0.85084847764264   -0.40602689376205
12
 energy: -21.510273882162 gnorm: 0.002903875423 xtb: 6.2.3 (830e466)
C         0.66819271609298    1.05419303253464   -2.34485226436807
C        -0.49665174916503    0.65554342077429   -1.44638101578935
C         3.24814957003087    0.13050439760776   -0.67992931475978
O         0.97491829228089    2.42436254307628   -2.29278869674518
O         1.57283927627535    2.73299461853958   -1.02875626233197
O         3.17360353817921    0.51960248481658    0.37772053497556
H         1.64400820812499    3.69500251861316   -1.07420879891146
H         1.56574825587684    0.46920263019648   -2.09006684531483
H         0.42429486421458    0.90529610649406   -3.39992345851951
H        -0.70629618686788   -0.40289182798451   -1.56974533682316
H        -1.38450336411610    1.22852179843675   -1.70251958850949
H        -0.24432342092321    0.84830827690237   -0.40676895289951
12
 energy: -21.510277277827 gnorm: 0.000917001701 xtb: 6.2.3 (830e466)
C         0.66602824779594    1.05534941143131   -2.34601083046070
C        -0.49750018704033    0.65406547695707   -1.44697061088580
C         3.24845699995595    0.13541876128182   -0.67738153371016
O         0.97257400752069    2.42538983622653   -2.29063190340948
O         1.57628674404864    2.73007180994435   -1.02842128519157
O         3.17173138371131    0.52191493228485    0.38037815729078
H         1.65386942361302    3.69111703351478   -1.07430853608919
H         1.56405499272286    0.47019461663849   -2.09382925275862
H         0.42085318569435    0.90895577665712   -3.40125163352563
H        -0.70332222382140   -0.40539426029420   -1.56776440635967
H        -1.38740050835948    1.22345620187783   -1.70428023246019
H        -0.24565206583805    0.85010040348751   -0.40774793243652
