Directly take xyz_files ready for GSM...
pyGSM-xTB for pp_10_0 finished
pyGSM-xTB for pp_11_0 finished
pyGSM-xTB for pp_12_0 finished
pyGSM-xTB for pp_13_0 finished
pyGSM-xTB for pp_1_0 finished
pyGSM-xTB for pp_3_0 finished
pyGSM-xTB for pp_4_0 finished
pyGSM-xTB for pp_7_0 finished
pyGSM-xTB for pp_7_1 finished
pyGSM-xTB for pp_9_0 finished
TS for reaction payway to pp_10_0 is found with Energy barrier 89.3043899999
TS for reaction payway to pp_11_0 is found with Energy barrier 61.1610299999
TS for reaction payway to pp_12_0 is found with Energy barrier 22.0600799999
TS for reaction payway to pp_13_0 is found with Energy barrier 82.9936800002
TS for reaction payway to pp_1_0 is found with Energy barrier 48.9875399997
TS for reaction payway to pp_3_0 is found with Energy barrier 63.9147599999
TS for reaction payway to pp_4_0 is found with Energy barrier 82.1501099999
TS for reaction payway to pp_7_0 fails (either no imag freq or geo-opt fails)
TS for reaction payway to pp_7_1 is found with Energy barrier 74.0483100001
TS for reaction payway to pp_9_0 is found with Energy barrier 81.7462800002
Total number of gradient calls is 243
