Directly take xyz_files ready for GSM...
pyGSM-xTB for pp_10_0 finished
pyGSM-xTB for pp_11_0 failed
pyGSM-xTB for pp_11_1 finished
pyGSM-xTB for pp_12_0 finished
pyGSM-xTB for pp_13_0 finished
pyGSM-xTB for pp_13_1 finished
pyGSM-xTB for pp_14_0 finished
pyGSM-xTB for pp_15_0 finished
pyGSM-xTB for pp_16_0 finished
pyGSM-xTB for pp_17_0 finished
pyGSM-xTB for pp_18_0 finished
pyGSM-xTB for pp_1_0 finished
pyGSM-xTB for pp_2_0 finished
pyGSM-xTB for pp_3_0 finished
pyGSM-xTB for pp_5_0 finished
pyGSM-xTB for pp_6_0 failed
pyGSM-xTB for pp_8_0 finished
pyGSM-xTB for pp_9_0 finished

TS for reaction payway to pp_1_0 is found with Energy barrier 48.035
TS for reaction payway to pp_3_0 is found with Energy barrier 59.319
TS for reaction payway to pp_8_0 is found with Energy barrier 58.739
TS for reaction payway to pp_9_0 is found with Energy barrier 92.548
TS for reaction payway to pp_13_1 is found with Energy barrier 80.508
TS for reaction payway to pp_15_0 is found with Energy barrier 70.005
TS for reaction payway to pp_16_0 is found with Energy barrier 17.985
TS for reaction payway to pp_17_0 is found with Energy barrier 71.276
TS for reaction payway to pp_18_0 is found with Energy barrier 12.34

# Unintended
TS for reaction payway to pp_2_0 fails (either no imag freq or geo-opt fails)
TS for reaction payway to pp_5_0 fails (either no imag freq or geo-opt fails)
TS for reaction payway to pp_10_0 fails (either no imag freq or geo-opt fails)
TS for reaction payway to pp_11_1 is found with Energy barrier 98.06517
TS for reaction payway to pp_12_0 is found with Energy barrier 104.4981
TS for reaction payway to pp_13_0 is found with Energy barrier 108.16281
TS for reaction payway to pp_14_0 is found with Energy barrier 103.5783
Total number of gradient calls is 272

IRC for reaction payway to pp_11_1 is finished
IRC for reaction payway to pp_12_0 is finished
IRC for reaction payway to pp_13_0 is finished
IRC for reaction payway to pp_13_1 is finished
IRC for reaction payway to pp_14_0 is finished
IRC for reaction payway to pp_15_0 is finished
IRC for reaction payway to pp_16_0 is finished
IRC for reaction payway to pp_17_0 is finished
IRC for reaction payway to pp_18_0 is finished
IRC for reaction payway to pp_1_0 is finished
IRC for reaction payway to pp_3_0 is finished
IRC for reaction payway to pp_8_0 is finished
IRC for reaction payway to pp_9_0 is finished
